#
# There is insufficient memory for the Java Runtime Environment to continue.
# Native memory allocation (malloc) failed to allocate 1071328 bytes for Chunk::new
# Possible reasons:
#   The system is out of physical RAM or swap space
#   The process is running with CompressedOops enabled, and the Java Heap may be blocking the growth of the native heap
# Possible solutions:
#   Reduce memory load on the system
#   Increase physical memory or swap space
#   Check if swap backing store is full
#   Decrease Java heap size (-Xmx/-Xms)
#   Decrease number of Java threads
#   Decrease Java thread stack sizes (-Xss)
#   Set larger code cache with -XX:ReservedCodeCacheSize=
#   JVM is running with Unscaled Compressed Oops mode in which the Java heap is
#     placed in the first 4GB address space. The Java Heap base address is the
#     maximum limit for the native heap growth. Please use -XX:HeapBaseMinAddress
#     to set the Java Heap base and to place the Java Heap above 4GB virtual address.
# This output file may be truncated or incomplete.
#
#  Out of Memory Error (arena.cpp:195), pid=3212, tid=7872
#
# JRE version: OpenJDK Runtime Environment (16.0.1+9) (build 16.0.1+9-24)
# Java VM: OpenJDK 64-Bit Server VM (16.0.1+9-24, mixed mode, sharing, tiered, compressed oops, compressed class ptrs, g1 gc, windows-amd64)
# No core dump will be written. Minidumps are not enabled by default on client versions of Windows
#

---------------  S U M M A R Y ------------

Command Line: -XX:MaxMetaspaceSize=256m -XX:+HeapDumpOnOutOfMemoryError --add-opens=java.base/java.util=ALL-UNNAMED --add-opens=java.base/java.lang=ALL-UNNAMED --add-opens=java.base/java.lang.invoke=ALL-UNNAMED --add-opens=java.base/java.util=ALL-UNNAMED --add-opens=java.prefs/java.util.prefs=ALL-UNNAMED --add-opens=java.prefs/java.util.prefs=ALL-UNNAMED --add-opens=java.base/java.nio.charset=ALL-UNNAMED --add-opens=java.base/java.net=ALL-UNNAMED --add-opens=java.base/java.util.concurrent.atomic=ALL-UNNAMED -Xms256m -Xmx512m -Dfile.encoding=windows-1252 -Duser.country=US -Duser.language=en -Duser.variant org.gradle.launcher.daemon.bootstrap.GradleDaemon 7.0.2

Host: Intel(R) Core(TM) i5-7500 CPU @ 3.40GHz, 4 cores, 7G,  Windows 10 , 64 bit Build 19041 (10.0.19041.1023)
Time: Wed Jul  7 04:26:41 2021 Bangladesh Standard Time elapsed time: 3.590588 seconds (0d 0h 0m 3s)

---------------  T H R E A D  ---------------

Current thread (0x00000196f9a4bf00):  JavaThread "C2 CompilerThread1" daemon [_thread_in_native, id=7872, stack(0x0000000d9af00000,0x0000000d9b000000)]


Current CompileTask:
C2:   3590 4042       4       org.objectweb.asm.SymbolTable::addConstantMemberReference (147 bytes)

Stack: [0x0000000d9af00000,0x0000000d9b000000]
Native frames: (J=compiled Java code, j=interpreted, Vv=VM code, C=native code)
V  [jvm.dll+0x6687ca]
V  [jvm.dll+0x7ca3c9]
V  [jvm.dll+0x7cbb53]
V  [jvm.dll+0x7cc1b3]
V  [jvm.dll+0x242ea5]
V  [jvm.dll+0xadeca]
V  [jvm.dll+0xae5ac]
V  [jvm.dll+0x35af27]
V  [jvm.dll+0x1b9d3a]
V  [jvm.dll+0x216066]
V  [jvm.dll+0x215350]
V  [jvm.dll+0x1a1d9b]
V  [jvm.dll+0x2253a8]
V  [jvm.dll+0x2233ec]
V  [jvm.dll+0x780002]
V  [jvm.dll+0x779b4a]
V  [jvm.dll+0x667666]
C  [ucrtbase.dll+0x21bb2]
C  [KERNEL32.DLL+0x17034]
C  [ntdll.dll+0x52651]


---------------  P R O C E S S  ---------------

Threads class SMR info:
_java_thread_list=0x00000196fbc6eb30, length=38, elements={
0x00000196ee03b3c0, 0x00000196f8f55770, 0x00000196f8f5a560, 0x00000196f8f6c190,
0x00000196f8f6fc20, 0x00000196f8f70530, 0x00000196f8f70e40, 0x00000196f8f75f90,
0x00000196f8f7f9b0, 0x00000196f8f80300, 0x00000196f99cf570, 0x00000196f99d26c0,
0x00000196f9a4bf00, 0x00000196fb18c6c0, 0x00000196fb3e2be0, 0x00000196fadcabe0,
0x00000196facf5890, 0x00000196fa5d86b0, 0x00000196fb6cdbf0, 0x00000196fb6ce140,
0x00000196fb6ce690, 0x00000196fb6cebe0, 0x00000196fb6cd6a0, 0x00000196fb86ece0,
0x00000196fb871760, 0x00000196fb86d250, 0x00000196fb86ad20, 0x00000196fb86f230,
0x00000196fb871cb0, 0x00000196fb86c260, 0x00000196fb86c7b0, 0x00000196fb870220,
0x00000196fb86b270, 0x00000196fb86d7a0, 0x00000196fb86b7c0, 0x00000196fb870770,
0x00000196fb86bd10, 0x00000196fb86fcd0
}

Java Threads: ( => current thread )
  0x00000196ee03b3c0 JavaThread "main" [_thread_blocked, id=8992, stack(0x0000000d99c00000,0x0000000d99d00000)]
  0x00000196f8f55770 JavaThread "Reference Handler" daemon [_thread_blocked, id=4376, stack(0x0000000d9a300000,0x0000000d9a400000)]
  0x00000196f8f5a560 JavaThread "Finalizer" daemon [_thread_blocked, id=11140, stack(0x0000000d9a400000,0x0000000d9a500000)]
  0x00000196f8f6c190 JavaThread "Signal Dispatcher" daemon [_thread_blocked, id=10996, stack(0x0000000d9a500000,0x0000000d9a600000)]
  0x00000196f8f6fc20 JavaThread "Attach Listener" daemon [_thread_blocked, id=11224, stack(0x0000000d9a600000,0x0000000d9a700000)]
  0x00000196f8f70530 JavaThread "Service Thread" daemon [_thread_blocked, id=10732, stack(0x0000000d9a700000,0x0000000d9a800000)]
  0x00000196f8f70e40 JavaThread "Monitor Deflation Thread" daemon [_thread_blocked, id=5560, stack(0x0000000d9a800000,0x0000000d9a900000)]
  0x00000196f8f75f90 JavaThread "C2 CompilerThread0" daemon [_thread_in_native, id=6496, stack(0x0000000d9a900000,0x0000000d9aa00000)]
  0x00000196f8f7f9b0 JavaThread "C1 CompilerThread0" daemon [_thread_blocked, id=11756, stack(0x0000000d9aa00000,0x0000000d9ab00000)]
  0x00000196f8f80300 JavaThread "Sweeper thread" daemon [_thread_blocked, id=10156, stack(0x0000000d9ab00000,0x0000000d9ac00000)]
  0x00000196f99cf570 JavaThread "Common-Cleaner" daemon [_thread_blocked, id=9096, stack(0x0000000d9ac00000,0x0000000d9ad00000)]
  0x00000196f99d26c0 JavaThread "Notification Thread" daemon [_thread_blocked, id=10984, stack(0x0000000d9ad00000,0x0000000d9ae00000)]
=>0x00000196f9a4bf00 JavaThread "C2 CompilerThread1" daemon [_thread_in_native, id=7872, stack(0x0000000d9af00000,0x0000000d9b000000)]
  0x00000196fb18c6c0 JavaThread "Daemon health stats" [_thread_blocked, id=6440, stack(0x0000000d9b300000,0x0000000d9b400000)]
  0x00000196fb3e2be0 JavaThread "Incoming local TCP Connector on port 61148" [_thread_in_native, id=8808, stack(0x0000000d9b400000,0x0000000d9b500000)]
  0x00000196fadcabe0 JavaThread "Daemon periodic checks" [_thread_blocked, id=6928, stack(0x0000000d9b500000,0x0000000d9b600000)]
  0x00000196facf5890 JavaThread "Daemon" [_thread_blocked, id=9936, stack(0x0000000d9b600000,0x0000000d9b700000)]
  0x00000196fa5d86b0 JavaThread "Handler for socket connection from /127.0.0.1:61148 to /127.0.0.1:61149" [_thread_in_native, id=12204, stack(0x0000000d9b700000,0x0000000d9b800000)]
  0x00000196fb6cdbf0 JavaThread "Cancel handler" [_thread_blocked, id=9240, stack(0x0000000d9b800000,0x0000000d9b900000)]
  0x00000196fb6ce140 JavaThread "Daemon worker" [_thread_blocked, id=6896, stack(0x0000000d9b900000,0x0000000d9ba00000)]
  0x00000196fb6ce690 JavaThread "Asynchronous log dispatcher for DefaultDaemonConnection: socket connection from /127.0.0.1:61148 to /127.0.0.1:61149" [_thread_blocked, id=8940, stack(0x0000000d9ba00000,0x0000000d9bb00000)]
  0x00000196fb6cebe0 JavaThread "Stdin handler" [_thread_blocked, id=2232, stack(0x0000000d9bb00000,0x0000000d9bc00000)]
  0x00000196fb6cd6a0 JavaThread "Daemon client event forwarder" [_thread_blocked, id=7212, stack(0x0000000d9bc00000,0x0000000d9bd00000)]
  0x00000196fb86ece0 JavaThread "Cache worker for file hash cache (C:\Users\Alif\.gradle\caches\7.0.2\fileHashes)" [_thread_blocked, id=8332, stack(0x0000000d9bd00000,0x0000000d9be00000)]
  0x00000196fb871760 JavaThread "File lock request listener" [_thread_in_native, id=4064, stack(0x0000000d9be00000,0x0000000d9bf00000)]
  0x00000196fb86d250 JavaThread "Cache worker for journal cache (C:\Users\Alif\.gradle\caches\journal-1)" [_thread_blocked, id=7096, stack(0x0000000d9bf00000,0x0000000d9c000000)]
  0x00000196fb86ad20 JavaThread "Cache worker for file hash cache (D:\spring-data-jpa-practice\.gradle\7.0.2\fileHashes)" [_thread_blocked, id=5696, stack(0x0000000d9c000000,0x0000000d9c100000)]
  0x00000196fb86f230 JavaThread "File watcher server" daemon [_thread_in_native, id=1908, stack(0x0000000d9c100000,0x0000000d9c200000)]
  0x00000196fb871cb0 JavaThread "File watcher consumer" daemon [_thread_blocked, id=6588, stack(0x0000000d9c200000,0x0000000d9c300000)]
  0x00000196fb86c260 JavaThread "jar transforms" [_thread_in_Java, id=9008, stack(0x0000000d9c300000,0x0000000d9c400000)]
  0x00000196fb86c7b0 JavaThread "jar transforms Thread 2" [_thread_blocked, id=6828, stack(0x0000000d9c400000,0x0000000d9c500000)]
  0x00000196fb870220 JavaThread "jar transforms Thread 3" [_thread_in_native, id=2316, stack(0x0000000d9c500000,0x0000000d9c600000)]
  0x00000196fb86b270 JavaThread "jar transforms Thread 4" [_thread_blocked, id=9684, stack(0x0000000d9c600000,0x0000000d9c700000)]
  0x00000196fb86d7a0 JavaThread "Cache worker for checksums cache (D:\spring-data-jpa-practice\.gradle\checksums)" [_thread_blocked, id=11364, stack(0x0000000d9c700000,0x0000000d9c800000)]
  0x00000196fb86b7c0 JavaThread "Cache worker for cache directory md-supplier (C:\Users\Alif\.gradle\caches\7.0.2\md-supplier)" [_thread_blocked, id=4416, stack(0x0000000d9c800000,0x0000000d9c900000)]
  0x00000196fb870770 JavaThread "Cache worker for cache directory md-rule (C:\Users\Alif\.gradle\caches\7.0.2\md-rule)" [_thread_blocked, id=6680, stack(0x0000000d9c900000,0x0000000d9ca00000)]
  0x00000196fb86bd10 JavaThread "Cache worker for execution history cache (C:\Users\Alif\.gradle\caches\7.0.2\executionHistory)" [_thread_blocked, id=9868, stack(0x0000000d9ca00000,0x0000000d9cb00000)]
  0x00000196fb86fcd0 JavaThread "Cache worker for file content cache (C:\Users\Alif\.gradle\caches\7.0.2\fileContent)" [_thread_blocked, id=9368, stack(0x0000000d9cb00000,0x0000000d9cc00000)]

Other Threads:
  0x00000196f8f4dc00 VMThread "VM Thread" [stack: 0x0000000d9a200000,0x0000000d9a300000] [id=6700]
  0x00000196f99d4400 WatcherThread [stack: 0x0000000d9ae00000,0x0000000d9af00000] [id=10272]
  0x00000196ee064220 GCTaskThread "GC Thread#0" [stack: 0x0000000d99d00000,0x0000000d99e00000] [id=7184]
  0x00000196f9f0c080 GCTaskThread "GC Thread#1" [stack: 0x0000000d9b000000,0x0000000d9b100000] [id=6512]
  0x00000196fa208870 GCTaskThread "GC Thread#2" [stack: 0x0000000d9b100000,0x0000000d9b200000] [id=3260]
  0x00000196fa498fb0 GCTaskThread "GC Thread#3" [stack: 0x0000000d9b200000,0x0000000d9b300000] [id=4100]
  0x00000196ee069270 ConcurrentGCThread "G1 Main Marker" [stack: 0x0000000d99e00000,0x0000000d99f00000] [id=4020]
  0x00000196ee069c70 ConcurrentGCThread "G1 Conc#0" [stack: 0x0000000d99f00000,0x0000000d9a000000] [id=11016]
  0x00000196ee116a20 ConcurrentGCThread "G1 Refine#0" [stack: 0x0000000d9a000000,0x0000000d9a100000] [id=7632]
  0x00000196ff238920 ConcurrentGCThread "G1 Refine#1" [stack: 0x0000000d9cc00000,0x0000000d9cd00000] [id=11704]
  0x00000196ee117430 ConcurrentGCThread "G1 Service" [stack: 0x0000000d9a100000,0x0000000d9a200000] [id=4148]

Threads with active compile tasks:
C2 CompilerThread0     3608 3906 %     4       org.objectweb.asm.ClassReader::readCode @ 92 (5109 bytes)
C2 CompilerThread1     3608 4042       4       org.objectweb.asm.SymbolTable::addConstantMemberReference (147 bytes)

VM state: not at safepoint (normal execution)

VM Mutex/Monitor currently owned by a thread: None

Heap address: 0x00000000e0000000, size: 512 MB, Compressed Oops mode: 32-bit

CDS archive(s) mapped at: [0x0000000800000000-0x0000000800bb0000-0x0000000800bb0000), size 12255232, SharedBaseAddress: 0x0000000800000000, ArchiveRelocationMode: 0.
Compressed class space mapped at: 0x0000000800c00000-0x000000080dc00000, reserved size: 218103808
Narrow klass base: 0x0000000800000000, Narrow klass shift: 3, Narrow klass range: 0x100000000

GC Precious Log:
 CPUs: 4 total, 4 available
 Memory: 8083M
 Large Page Support: Disabled
 NUMA Support: Disabled
 Compressed Oops: Enabled (32-bit)
 Heap Region Size: 1M
 Heap Min Capacity: 256M
 Heap Initial Capacity: 256M
 Heap Max Capacity: 512M
 Pre-touch: Disabled
 Parallel Workers: 4
 Concurrent Workers: 1
 Concurrent Refinement Workers: 4
 Periodic GC: Disabled

Heap:
 garbage-first heap   total 262144K, used 48344K [0x00000000e0000000, 0x0000000100000000)
  region size 1024K, 19 young (19456K), 8 survivors (8192K)
 Metaspace       used 33008K, committed 33408K, reserved 245760K
  class space    used 4487K, committed 4672K, reserved 212992K

Heap Regions: E=young(eden), S=young(survivor), O=old, HS=humongous(starts), HC=humongous(continues), CS=collection set, F=free, OA=open archive, CA=closed archive, TAMS=top-at-mark-start (previous, next)
|   0|0x00000000e0000000, 0x00000000e0100000, 0x00000000e0100000|100%|HS|  |TAMS 0x00000000e0100000, 0x00000000e0000000| Complete 
|   1|0x00000000e0100000, 0x00000000e0200000, 0x00000000e0200000|100%|HC|  |TAMS 0x00000000e0200000, 0x00000000e0100000| Complete 
|   2|0x00000000e0200000, 0x00000000e0300000, 0x00000000e0300000|100%|HC|  |TAMS 0x00000000e0300000, 0x00000000e0200000| Complete 
|   3|0x00000000e0300000, 0x00000000e0400000, 0x00000000e0400000|100%| O|  |TAMS 0x00000000e0400000, 0x00000000e0300000| Untracked 
|   4|0x00000000e0400000, 0x00000000e0500000, 0x00000000e0500000|100%| O|  |TAMS 0x00000000e0500000, 0x00000000e0400000| Untracked 
|   5|0x00000000e0500000, 0x00000000e0600000, 0x00000000e0600000|100%| O|  |TAMS 0x00000000e0600000, 0x00000000e0500000| Untracked 
|   6|0x00000000e0600000, 0x00000000e0700000, 0x00000000e0700000|100%| O|  |TAMS 0x00000000e0700000, 0x00000000e0600000| Untracked 
|   7|0x00000000e0700000, 0x00000000e0800000, 0x00000000e0800000|100%| O|  |TAMS 0x00000000e0800000, 0x00000000e0700000| Untracked 
|   8|0x00000000e0800000, 0x00000000e0800000, 0x00000000e0900000|  0%| F|  |TAMS 0x00000000e0800000, 0x00000000e0800000| Untracked 
|   9|0x00000000e0900000, 0x00000000e0a00000, 0x00000000e0a00000|100%| O|  |TAMS 0x00000000e09e5800, 0x00000000e0900000| Untracked 
|  10|0x00000000e0a00000, 0x00000000e0b00000, 0x00000000e0b00000|100%|HS|  |TAMS 0x00000000e0b00000, 0x00000000e0a00000| Complete 
|  11|0x00000000e0b00000, 0x00000000e0c00000, 0x00000000e0c00000|100%|HC|  |TAMS 0x00000000e0c00000, 0x00000000e0b00000| Complete 
|  12|0x00000000e0c00000, 0x00000000e0d00000, 0x00000000e0d00000|100%|HS|  |TAMS 0x00000000e0d00000, 0x00000000e0c00000| Complete 
|  13|0x00000000e0d00000, 0x00000000e0e00000, 0x00000000e0e00000|100%|HC|  |TAMS 0x00000000e0e00000, 0x00000000e0d00000| Complete 
|  14|0x00000000e0e00000, 0x00000000e0f00000, 0x00000000e0f00000|100%|HC|  |TAMS 0x00000000e0f00000, 0x00000000e0e00000| Complete 
|  15|0x00000000e0f00000, 0x00000000e1000000, 0x00000000e1000000|100%|HS|  |TAMS 0x00000000e1000000, 0x00000000e0f00000| Complete 
|  16|0x00000000e1000000, 0x00000000e1100000, 0x00000000e1100000|100%|HC|  |TAMS 0x00000000e1100000, 0x00000000e1000000| Complete 
|  17|0x00000000e1100000, 0x00000000e1100000, 0x00000000e1200000|  0%| F|  |TAMS 0x00000000e1100000, 0x00000000e1100000| Untracked 
|  18|0x00000000e1200000, 0x00000000e1200000, 0x00000000e1300000|  0%| F|  |TAMS 0x00000000e1200000, 0x00000000e1200000| Untracked 
|  19|0x00000000e1300000, 0x00000000e1300000, 0x00000000e1400000|  0%| F|  |TAMS 0x00000000e1300000, 0x00000000e1300000| Untracked 
|  20|0x00000000e1400000, 0x00000000e1400000, 0x00000000e1500000|  0%| F|  |TAMS 0x00000000e1400000, 0x00000000e1400000| Untracked 
|  21|0x00000000e1500000, 0x00000000e1600000, 0x00000000e1600000|100%|HS|  |TAMS 0x00000000e1500000, 0x00000000e1500000| Complete 
|  22|0x00000000e1600000, 0x00000000e1700000, 0x00000000e1700000|100%|HC|  |TAMS 0x00000000e1600000, 0x00000000e1600000| Complete 
|  23|0x00000000e1700000, 0x00000000e1700000, 0x00000000e1800000|  0%| F|  |TAMS 0x00000000e1700000, 0x00000000e1700000| Untracked 
|  24|0x00000000e1800000, 0x00000000e1800000, 0x00000000e1900000|  0%| F|  |TAMS 0x00000000e1800000, 0x00000000e1800000| Untracked 
|  25|0x00000000e1900000, 0x00000000e1a00000, 0x00000000e1a00000|100%| O|  |TAMS 0x00000000e1900000, 0x00000000e1900000| Untracked 
|  26|0x00000000e1a00000, 0x00000000e1b00000, 0x00000000e1b00000|100%| O|  |TAMS 0x00000000e1a00000, 0x00000000e1a00000| Untracked 
|  27|0x00000000e1b00000, 0x00000000e1c00000, 0x00000000e1c00000|100%| O|  |TAMS 0x00000000e1b00000, 0x00000000e1b00000| Untracked 
|  28|0x00000000e1c00000, 0x00000000e1d00000, 0x00000000e1d00000|100%| O|  |TAMS 0x00000000e1c00000, 0x00000000e1c00000| Untracked 
|  29|0x00000000e1d00000, 0x00000000e1e00000, 0x00000000e1e00000|100%| O|  |TAMS 0x00000000e1d00000, 0x00000000e1d00000| Untracked 
|  30|0x00000000e1e00000, 0x00000000e1f00000, 0x00000000e1f00000|100%| O|  |TAMS 0x00000000e1e00000, 0x00000000e1e00000| Untracked 
|  31|0x00000000e1f00000, 0x00000000e2000000, 0x00000000e2000000|100%| O|  |TAMS 0x00000000e1f00000, 0x00000000e1f00000| Untracked 
|  32|0x00000000e2000000, 0x00000000e2100000, 0x00000000e2100000|100%| O|  |TAMS 0x00000000e2000000, 0x00000000e2000000| Untracked 
|  33|0x00000000e2100000, 0x00000000e2200000, 0x00000000e2200000|100%| O|  |TAMS 0x00000000e2100000, 0x00000000e2100000| Untracked 
|  34|0x00000000e2200000, 0x00000000e2300000, 0x00000000e2300000|100%| O|  |TAMS 0x00000000e2200000, 0x00000000e2200000| Untracked 
|  35|0x00000000e2300000, 0x00000000e2400000, 0x00000000e2400000|100%| O|  |TAMS 0x00000000e2300000, 0x00000000e2300000| Untracked 
|  36|0x00000000e2400000, 0x00000000e24c1400, 0x00000000e2500000| 75%| O|  |TAMS 0x00000000e2400000, 0x00000000e2400000| Untracked 
|  37|0x00000000e2500000, 0x00000000e2500000, 0x00000000e2600000|  0%| F|  |TAMS 0x00000000e2500000, 0x00000000e2500000| Untracked 
|  38|0x00000000e2600000, 0x00000000e2600000, 0x00000000e2700000|  0%| F|  |TAMS 0x00000000e2600000, 0x00000000e2600000| Untracked 
|  39|0x00000000e2700000, 0x00000000e2700000, 0x00000000e2800000|  0%| F|  |TAMS 0x00000000e2700000, 0x00000000e2700000| Untracked 
|  40|0x00000000e2800000, 0x00000000e2800000, 0x00000000e2900000|  0%| F|  |TAMS 0x00000000e2800000, 0x00000000e2800000| Untracked 
|  41|0x00000000e2900000, 0x00000000e2900000, 0x00000000e2a00000|  0%| F|  |TAMS 0x00000000e2900000, 0x00000000e2900000| Untracked 
|  42|0x00000000e2a00000, 0x00000000e2a00000, 0x00000000e2b00000|  0%| F|  |TAMS 0x00000000e2a00000, 0x00000000e2a00000| Untracked 
|  43|0x00000000e2b00000, 0x00000000e2b00000, 0x00000000e2c00000|  0%| F|  |TAMS 0x00000000e2b00000, 0x00000000e2b00000| Untracked 
|  44|0x00000000e2c00000, 0x00000000e2c00000, 0x00000000e2d00000|  0%| F|  |TAMS 0x00000000e2c00000, 0x00000000e2c00000| Untracked 
|  45|0x00000000e2d00000, 0x00000000e2d00000, 0x00000000e2e00000|  0%| F|  |TAMS 0x00000000e2d00000, 0x00000000e2d00000| Untracked 
|  46|0x00000000e2e00000, 0x00000000e2e00000, 0x00000000e2f00000|  0%| F|  |TAMS 0x00000000e2e00000, 0x00000000e2e00000| Untracked 
|  47|0x00000000e2f00000, 0x00000000e2f00000, 0x00000000e3000000|  0%| F|  |TAMS 0x00000000e2f00000, 0x00000000e2f00000| Untracked 
|  48|0x00000000e3000000, 0x00000000e3000000, 0x00000000e3100000|  0%| F|  |TAMS 0x00000000e3000000, 0x00000000e3000000| Untracked 
|  49|0x00000000e3100000, 0x00000000e3100000, 0x00000000e3200000|  0%| F|  |TAMS 0x00000000e3100000, 0x00000000e3100000| Untracked 
|  50|0x00000000e3200000, 0x00000000e3200000, 0x00000000e3300000|  0%| F|  |TAMS 0x00000000e3200000, 0x00000000e3200000| Untracked 
|  51|0x00000000e3300000, 0x00000000e3300000, 0x00000000e3400000|  0%| F|  |TAMS 0x00000000e3300000, 0x00000000e3300000| Untracked 
|  52|0x00000000e3400000, 0x00000000e3400000, 0x00000000e3500000|  0%| F|  |TAMS 0x00000000e3400000, 0x00000000e3400000| Untracked 
|  53|0x00000000e3500000, 0x00000000e3500000, 0x00000000e3600000|  0%| F|  |TAMS 0x00000000e3500000, 0x00000000e3500000| Untracked 
|  54|0x00000000e3600000, 0x00000000e3600000, 0x00000000e3700000|  0%| F|  |TAMS 0x00000000e3600000, 0x00000000e3600000| Untracked 
|  55|0x00000000e3700000, 0x00000000e3700000, 0x00000000e3800000|  0%| F|  |TAMS 0x00000000e3700000, 0x00000000e3700000| Untracked 
|  56|0x00000000e3800000, 0x00000000e3800000, 0x00000000e3900000|  0%| F|  |TAMS 0x00000000e3800000, 0x00000000e3800000| Untracked 
|  57|0x00000000e3900000, 0x00000000e3900000, 0x00000000e3a00000|  0%| F|  |TAMS 0x00000000e3900000, 0x00000000e3900000| Untracked 
|  58|0x00000000e3a00000, 0x00000000e3a00000, 0x00000000e3b00000|  0%| F|  |TAMS 0x00000000e3a00000, 0x00000000e3a00000| Untracked 
|  59|0x00000000e3b00000, 0x00000000e3b00000, 0x00000000e3c00000|  0%| F|  |TAMS 0x00000000e3b00000, 0x00000000e3b00000| Untracked 
|  60|0x00000000e3c00000, 0x00000000e3c00000, 0x00000000e3d00000|  0%| F|  |TAMS 0x00000000e3c00000, 0x00000000e3c00000| Untracked 
|  61|0x00000000e3d00000, 0x00000000e3d00000, 0x00000000e3e00000|  0%| F|  |TAMS 0x00000000e3d00000, 0x00000000e3d00000| Untracked 
|  62|0x00000000e3e00000, 0x00000000e3e00000, 0x00000000e3f00000|  0%| F|  |TAMS 0x00000000e3e00000, 0x00000000e3e00000| Untracked 
|  63|0x00000000e3f00000, 0x00000000e3f00000, 0x00000000e4000000|  0%| F|  |TAMS 0x00000000e3f00000, 0x00000000e3f00000| Untracked 
|  64|0x00000000e4000000, 0x00000000e4000000, 0x00000000e4100000|  0%| F|  |TAMS 0x00000000e4000000, 0x00000000e4000000| Untracked 
|  65|0x00000000e4100000, 0x00000000e4100000, 0x00000000e4200000|  0%| F|  |TAMS 0x00000000e4100000, 0x00000000e4100000| Untracked 
|  66|0x00000000e4200000, 0x00000000e4200000, 0x00000000e4300000|  0%| F|  |TAMS 0x00000000e4200000, 0x00000000e4200000| Untracked 
|  67|0x00000000e4300000, 0x00000000e4300000, 0x00000000e4400000|  0%| F|  |TAMS 0x00000000e4300000, 0x00000000e4300000| Untracked 
|  68|0x00000000e4400000, 0x00000000e4400000, 0x00000000e4500000|  0%| F|  |TAMS 0x00000000e4400000, 0x00000000e4400000| Untracked 
|  69|0x00000000e4500000, 0x00000000e4500000, 0x00000000e4600000|  0%| F|  |TAMS 0x00000000e4500000, 0x00000000e4500000| Untracked 
|  70|0x00000000e4600000, 0x00000000e4600000, 0x00000000e4700000|  0%| F|  |TAMS 0x00000000e4600000, 0x00000000e4600000| Untracked 
|  71|0x00000000e4700000, 0x00000000e4700000, 0x00000000e4800000|  0%| F|  |TAMS 0x00000000e4700000, 0x00000000e4700000| Untracked 
|  72|0x00000000e4800000, 0x00000000e4800000, 0x00000000e4900000|  0%| F|  |TAMS 0x00000000e4800000, 0x00000000e4800000| Untracked 
|  73|0x00000000e4900000, 0x00000000e4900000, 0x00000000e4a00000|  0%| F|  |TAMS 0x00000000e4900000, 0x00000000e4900000| Untracked 
|  74|0x00000000e4a00000, 0x00000000e4a00000, 0x00000000e4b00000|  0%| F|  |TAMS 0x00000000e4a00000, 0x00000000e4a00000| Untracked 
|  75|0x00000000e4b00000, 0x00000000e4b00000, 0x00000000e4c00000|  0%| F|  |TAMS 0x00000000e4b00000, 0x00000000e4b00000| Untracked 
|  76|0x00000000e4c00000, 0x00000000e4c00000, 0x00000000e4d00000|  0%| F|  |TAMS 0x00000000e4c00000, 0x00000000e4c00000| Untracked 
|  77|0x00000000e4d00000, 0x00000000e4d00000, 0x00000000e4e00000|  0%| F|  |TAMS 0x00000000e4d00000, 0x00000000e4d00000| Untracked 
|  78|0x00000000e4e00000, 0x00000000e4e00000, 0x00000000e4f00000|  0%| F|  |TAMS 0x00000000e4e00000, 0x00000000e4e00000| Untracked 
|  79|0x00000000e4f00000, 0x00000000e4f00000, 0x00000000e5000000|  0%| F|  |TAMS 0x00000000e4f00000, 0x00000000e4f00000| Untracked 
|  80|0x00000000e5000000, 0x00000000e5000000, 0x00000000e5100000|  0%| F|  |TAMS 0x00000000e5000000, 0x00000000e5000000| Untracked 
|  81|0x00000000e5100000, 0x00000000e5100000, 0x00000000e5200000|  0%| F|  |TAMS 0x00000000e5100000, 0x00000000e5100000| Untracked 
|  82|0x00000000e5200000, 0x00000000e5200000, 0x00000000e5300000|  0%| F|  |TAMS 0x00000000e5200000, 0x00000000e5200000| Untracked 
|  83|0x00000000e5300000, 0x00000000e5300000, 0x00000000e5400000|  0%| F|  |TAMS 0x00000000e5300000, 0x00000000e5300000| Untracked 
|  84|0x00000000e5400000, 0x00000000e5400000, 0x00000000e5500000|  0%| F|  |TAMS 0x00000000e5400000, 0x00000000e5400000| Untracked 
|  85|0x00000000e5500000, 0x00000000e5500000, 0x00000000e5600000|  0%| F|  |TAMS 0x00000000e5500000, 0x00000000e5500000| Untracked 
|  86|0x00000000e5600000, 0x00000000e5600000, 0x00000000e5700000|  0%| F|  |TAMS 0x00000000e5600000, 0x00000000e5600000| Untracked 
|  87|0x00000000e5700000, 0x00000000e5700000, 0x00000000e5800000|  0%| F|  |TAMS 0x00000000e5700000, 0x00000000e5700000| Untracked 
|  88|0x00000000e5800000, 0x00000000e5800000, 0x00000000e5900000|  0%| F|  |TAMS 0x00000000e5800000, 0x00000000e5800000| Untracked 
|  89|0x00000000e5900000, 0x00000000e5900000, 0x00000000e5a00000|  0%| F|  |TAMS 0x00000000e5900000, 0x00000000e5900000| Untracked 
|  90|0x00000000e5a00000, 0x00000000e5a00000, 0x00000000e5b00000|  0%| F|  |TAMS 0x00000000e5a00000, 0x00000000e5a00000| Untracked 
|  91|0x00000000e5b00000, 0x00000000e5b00000, 0x00000000e5c00000|  0%| F|  |TAMS 0x00000000e5b00000, 0x00000000e5b00000| Untracked 
|  92|0x00000000e5c00000, 0x00000000e5c00000, 0x00000000e5d00000|  0%| F|  |TAMS 0x00000000e5c00000, 0x00000000e5c00000| Untracked 
|  93|0x00000000e5d00000, 0x00000000e5d00000, 0x00000000e5e00000|  0%| F|  |TAMS 0x00000000e5d00000, 0x00000000e5d00000| Untracked 
|  94|0x00000000e5e00000, 0x00000000e5e00000, 0x00000000e5f00000|  0%| F|  |TAMS 0x00000000e5e00000, 0x00000000e5e00000| Untracked 
|  95|0x00000000e5f00000, 0x00000000e5f74c88, 0x00000000e6000000| 45%| S|CS|TAMS 0x00000000e5f00000, 0x00000000e5f00000| Complete 
|  96|0x00000000e6000000, 0x00000000e6100000, 0x00000000e6100000|100%| S|CS|TAMS 0x00000000e6000000, 0x00000000e6000000| Complete 
|  97|0x00000000e6100000, 0x00000000e6200000, 0x00000000e6200000|100%| S|CS|TAMS 0x00000000e6100000, 0x00000000e6100000| Complete 
|  98|0x00000000e6200000, 0x00000000e6300000, 0x00000000e6300000|100%| S|CS|TAMS 0x00000000e6200000, 0x00000000e6200000| Complete 
|  99|0x00000000e6300000, 0x00000000e6400000, 0x00000000e6400000|100%| S|CS|TAMS 0x00000000e6300000, 0x00000000e6300000| Complete 
| 100|0x00000000e6400000, 0x00000000e6500000, 0x00000000e6500000|100%| S|CS|TAMS 0x00000000e6400000, 0x00000000e6400000| Complete 
| 101|0x00000000e6500000, 0x00000000e6600000, 0x00000000e6600000|100%| S|CS|TAMS 0x00000000e6500000, 0x00000000e6500000| Complete 
| 102|0x00000000e6600000, 0x00000000e6700000, 0x00000000e6700000|100%| S|CS|TAMS 0x00000000e6600000, 0x00000000e6600000| Complete 
| 103|0x00000000e6700000, 0x00000000e6700000, 0x00000000e6800000|  0%| F|  |TAMS 0x00000000e6700000, 0x00000000e6700000| Untracked 
| 104|0x00000000e6800000, 0x00000000e6800000, 0x00000000e6900000|  0%| F|  |TAMS 0x00000000e6800000, 0x00000000e6800000| Untracked 
| 105|0x00000000e6900000, 0x00000000e6900000, 0x00000000e6a00000|  0%| F|  |TAMS 0x00000000e6900000, 0x00000000e6900000| Untracked 
| 106|0x00000000e6a00000, 0x00000000e6a00000, 0x00000000e6b00000|  0%| F|  |TAMS 0x00000000e6a00000, 0x00000000e6a00000| Untracked 
| 107|0x00000000e6b00000, 0x00000000e6b00000, 0x00000000e6c00000|  0%| F|  |TAMS 0x00000000e6b00000, 0x00000000e6b00000| Untracked 
| 108|0x00000000e6c00000, 0x00000000e6c00000, 0x00000000e6d00000|  0%| F|  |TAMS 0x00000000e6c00000, 0x00000000e6c00000| Untracked 
| 109|0x00000000e6d00000, 0x00000000e6d00000, 0x00000000e6e00000|  0%| F|  |TAMS 0x00000000e6d00000, 0x00000000e6d00000| Untracked 
| 110|0x00000000e6e00000, 0x00000000e6e00000, 0x00000000e6f00000|  0%| F|  |TAMS 0x00000000e6e00000, 0x00000000e6e00000| Untracked 
| 111|0x00000000e6f00000, 0x00000000e6f00000, 0x00000000e7000000|  0%| F|  |TAMS 0x00000000e6f00000, 0x00000000e6f00000| Untracked 
| 112|0x00000000e7000000, 0x00000000e7000000, 0x00000000e7100000|  0%| F|  |TAMS 0x00000000e7000000, 0x00000000e7000000| Untracked 
| 113|0x00000000e7100000, 0x00000000e7100000, 0x00000000e7200000|  0%| F|  |TAMS 0x00000000e7100000, 0x00000000e7100000| Untracked 
| 114|0x00000000e7200000, 0x00000000e7200000, 0x00000000e7300000|  0%| F|  |TAMS 0x00000000e7200000, 0x00000000e7200000| Untracked 
| 115|0x00000000e7300000, 0x00000000e7300000, 0x00000000e7400000|  0%| F|  |TAMS 0x00000000e7300000, 0x00000000e7300000| Untracked 
| 116|0x00000000e7400000, 0x00000000e7400000, 0x00000000e7500000|  0%| F|  |TAMS 0x00000000e7400000, 0x00000000e7400000| Untracked 
| 117|0x00000000e7500000, 0x00000000e7500000, 0x00000000e7600000|  0%| F|  |TAMS 0x00000000e7500000, 0x00000000e7500000| Untracked 
| 118|0x00000000e7600000, 0x00000000e7600000, 0x00000000e7700000|  0%| F|  |TAMS 0x00000000e7600000, 0x00000000e7600000| Untracked 
| 119|0x00000000e7700000, 0x00000000e7700000, 0x00000000e7800000|  0%| F|  |TAMS 0x00000000e7700000, 0x00000000e7700000| Untracked 
| 120|0x00000000e7800000, 0x00000000e7800000, 0x00000000e7900000|  0%| F|  |TAMS 0x00000000e7800000, 0x00000000e7800000| Untracked 
| 121|0x00000000e7900000, 0x00000000e7900000, 0x00000000e7a00000|  0%| F|  |TAMS 0x00000000e7900000, 0x00000000e7900000| Untracked 
| 122|0x00000000e7a00000, 0x00000000e7a00000, 0x00000000e7b00000|  0%| F|  |TAMS 0x00000000e7a00000, 0x00000000e7a00000| Untracked 
| 123|0x00000000e7b00000, 0x00000000e7b00000, 0x00000000e7c00000|  0%| F|  |TAMS 0x00000000e7b00000, 0x00000000e7b00000| Untracked 
| 124|0x00000000e7c00000, 0x00000000e7c00000, 0x00000000e7d00000|  0%| F|  |TAMS 0x00000000e7c00000, 0x00000000e7c00000| Untracked 
| 125|0x00000000e7d00000, 0x00000000e7d00000, 0x00000000e7e00000|  0%| F|  |TAMS 0x00000000e7d00000, 0x00000000e7d00000| Untracked 
| 126|0x00000000e7e00000, 0x00000000e7e00000, 0x00000000e7f00000|  0%| F|  |TAMS 0x00000000e7e00000, 0x00000000e7e00000| Untracked 
| 127|0x00000000e7f00000, 0x00000000e7f00000, 0x00000000e8000000|  0%| F|  |TAMS 0x00000000e7f00000, 0x00000000e7f00000| Untracked 
| 128|0x00000000e8000000, 0x00000000e8000000, 0x00000000e8100000|  0%| F|  |TAMS 0x00000000e8000000, 0x00000000e8000000| Untracked 
| 129|0x00000000e8100000, 0x00000000e8100000, 0x00000000e8200000|  0%| F|  |TAMS 0x00000000e8100000, 0x00000000e8100000| Untracked 
| 130|0x00000000e8200000, 0x00000000e8200000, 0x00000000e8300000|  0%| F|  |TAMS 0x00000000e8200000, 0x00000000e8200000| Untracked 
| 131|0x00000000e8300000, 0x00000000e8300000, 0x00000000e8400000|  0%| F|  |TAMS 0x00000000e8300000, 0x00000000e8300000| Untracked 
| 132|0x00000000e8400000, 0x00000000e8400000, 0x00000000e8500000|  0%| F|  |TAMS 0x00000000e8400000, 0x00000000e8400000| Untracked 
| 133|0x00000000e8500000, 0x00000000e8500000, 0x00000000e8600000|  0%| F|  |TAMS 0x00000000e8500000, 0x00000000e8500000| Untracked 
| 134|0x00000000e8600000, 0x00000000e8600000, 0x00000000e8700000|  0%| F|  |TAMS 0x00000000e8600000, 0x00000000e8600000| Untracked 
| 135|0x00000000e8700000, 0x00000000e8700000, 0x00000000e8800000|  0%| F|  |TAMS 0x00000000e8700000, 0x00000000e8700000| Untracked 
| 136|0x00000000e8800000, 0x00000000e8800000, 0x00000000e8900000|  0%| F|  |TAMS 0x00000000e8800000, 0x00000000e8800000| Untracked 
| 137|0x00000000e8900000, 0x00000000e8900000, 0x00000000e8a00000|  0%| F|  |TAMS 0x00000000e8900000, 0x00000000e8900000| Untracked 
| 138|0x00000000e8a00000, 0x00000000e8a00000, 0x00000000e8b00000|  0%| F|  |TAMS 0x00000000e8a00000, 0x00000000e8a00000| Untracked 
| 139|0x00000000e8b00000, 0x00000000e8b00000, 0x00000000e8c00000|  0%| F|  |TAMS 0x00000000e8b00000, 0x00000000e8b00000| Untracked 
| 140|0x00000000e8c00000, 0x00000000e8c00000, 0x00000000e8d00000|  0%| F|  |TAMS 0x00000000e8c00000, 0x00000000e8c00000| Untracked 
| 141|0x00000000e8d00000, 0x00000000e8d00000, 0x00000000e8e00000|  0%| F|  |TAMS 0x00000000e8d00000, 0x00000000e8d00000| Untracked 
| 142|0x00000000e8e00000, 0x00000000e8e00000, 0x00000000e8f00000|  0%| F|  |TAMS 0x00000000e8e00000, 0x00000000e8e00000| Untracked 
| 143|0x00000000e8f00000, 0x00000000e8f00000, 0x00000000e9000000|  0%| F|  |TAMS 0x00000000e8f00000, 0x00000000e8f00000| Untracked 
| 144|0x00000000e9000000, 0x00000000e9000000, 0x00000000e9100000|  0%| F|  |TAMS 0x00000000e9000000, 0x00000000e9000000| Untracked 
| 145|0x00000000e9100000, 0x00000000e9100000, 0x00000000e9200000|  0%| F|  |TAMS 0x00000000e9100000, 0x00000000e9100000| Untracked 
| 146|0x00000000e9200000, 0x00000000e9200000, 0x00000000e9300000|  0%| F|  |TAMS 0x00000000e9200000, 0x00000000e9200000| Untracked 
| 147|0x00000000e9300000, 0x00000000e9300000, 0x00000000e9400000|  0%| F|  |TAMS 0x00000000e9300000, 0x00000000e9300000| Untracked 
| 148|0x00000000e9400000, 0x00000000e9400000, 0x00000000e9500000|  0%| F|  |TAMS 0x00000000e9400000, 0x00000000e9400000| Untracked 
| 149|0x00000000e9500000, 0x00000000e9500000, 0x00000000e9600000|  0%| F|  |TAMS 0x00000000e9500000, 0x00000000e9500000| Untracked 
| 150|0x00000000e9600000, 0x00000000e9600000, 0x00000000e9700000|  0%| F|  |TAMS 0x00000000e9600000, 0x00000000e9600000| Untracked 
| 151|0x00000000e9700000, 0x00000000e9700000, 0x00000000e9800000|  0%| F|  |TAMS 0x00000000e9700000, 0x00000000e9700000| Untracked 
| 152|0x00000000e9800000, 0x00000000e9800000, 0x00000000e9900000|  0%| F|  |TAMS 0x00000000e9800000, 0x00000000e9800000| Untracked 
| 153|0x00000000e9900000, 0x00000000e9900000, 0x00000000e9a00000|  0%| F|  |TAMS 0x00000000e9900000, 0x00000000e9900000| Untracked 
| 154|0x00000000e9a00000, 0x00000000e9a00000, 0x00000000e9b00000|  0%| F|  |TAMS 0x00000000e9a00000, 0x00000000e9a00000| Untracked 
| 155|0x00000000e9b00000, 0x00000000e9b00000, 0x00000000e9c00000|  0%| F|  |TAMS 0x00000000e9b00000, 0x00000000e9b00000| Untracked 
| 156|0x00000000e9c00000, 0x00000000e9c00000, 0x00000000e9d00000|  0%| F|  |TAMS 0x00000000e9c00000, 0x00000000e9c00000| Untracked 
| 157|0x00000000e9d00000, 0x00000000e9d00000, 0x00000000e9e00000|  0%| F|  |TAMS 0x00000000e9d00000, 0x00000000e9d00000| Untracked 
| 158|0x00000000e9e00000, 0x00000000e9e00000, 0x00000000e9f00000|  0%| F|  |TAMS 0x00000000e9e00000, 0x00000000e9e00000| Untracked 
| 159|0x00000000e9f00000, 0x00000000e9f00000, 0x00000000ea000000|  0%| F|  |TAMS 0x00000000e9f00000, 0x00000000e9f00000| Untracked 
| 160|0x00000000ea000000, 0x00000000ea000000, 0x00000000ea100000|  0%| F|  |TAMS 0x00000000ea000000, 0x00000000ea000000| Untracked 
| 161|0x00000000ea100000, 0x00000000ea100000, 0x00000000ea200000|  0%| F|  |TAMS 0x00000000ea100000, 0x00000000ea100000| Untracked 
| 162|0x00000000ea200000, 0x00000000ea200000, 0x00000000ea300000|  0%| F|  |TAMS 0x00000000ea200000, 0x00000000ea200000| Untracked 
| 163|0x00000000ea300000, 0x00000000ea300000, 0x00000000ea400000|  0%| F|  |TAMS 0x00000000ea300000, 0x00000000ea300000| Untracked 
| 164|0x00000000ea400000, 0x00000000ea400000, 0x00000000ea500000|  0%| F|  |TAMS 0x00000000ea400000, 0x00000000ea400000| Untracked 
| 165|0x00000000ea500000, 0x00000000ea500000, 0x00000000ea600000|  0%| F|  |TAMS 0x00000000ea500000, 0x00000000ea500000| Untracked 
| 166|0x00000000ea600000, 0x00000000ea600000, 0x00000000ea700000|  0%| F|  |TAMS 0x00000000ea600000, 0x00000000ea600000| Untracked 
| 167|0x00000000ea700000, 0x00000000ea700000, 0x00000000ea800000|  0%| F|  |TAMS 0x00000000ea700000, 0x00000000ea700000| Untracked 
| 168|0x00000000ea800000, 0x00000000ea800000, 0x00000000ea900000|  0%| F|  |TAMS 0x00000000ea800000, 0x00000000ea800000| Untracked 
| 169|0x00000000ea900000, 0x00000000ea900000, 0x00000000eaa00000|  0%| F|  |TAMS 0x00000000ea900000, 0x00000000ea900000| Untracked 
| 170|0x00000000eaa00000, 0x00000000eaa00000, 0x00000000eab00000|  0%| F|  |TAMS 0x00000000eaa00000, 0x00000000eaa00000| Untracked 
| 171|0x00000000eab00000, 0x00000000eab00000, 0x00000000eac00000|  0%| F|  |TAMS 0x00000000eab00000, 0x00000000eab00000| Untracked 
| 172|0x00000000eac00000, 0x00000000eac00000, 0x00000000ead00000|  0%| F|  |TAMS 0x00000000eac00000, 0x00000000eac00000| Untracked 
| 173|0x00000000ead00000, 0x00000000ead00000, 0x00000000eae00000|  0%| F|  |TAMS 0x00000000ead00000, 0x00000000ead00000| Untracked 
| 174|0x00000000eae00000, 0x00000000eae00000, 0x00000000eaf00000|  0%| F|  |TAMS 0x00000000eae00000, 0x00000000eae00000| Untracked 
| 175|0x00000000eaf00000, 0x00000000eaf00000, 0x00000000eb000000|  0%| F|  |TAMS 0x00000000eaf00000, 0x00000000eaf00000| Untracked 
| 176|0x00000000eb000000, 0x00000000eb000000, 0x00000000eb100000|  0%| F|  |TAMS 0x00000000eb000000, 0x00000000eb000000| Untracked 
| 177|0x00000000eb100000, 0x00000000eb100000, 0x00000000eb200000|  0%| F|  |TAMS 0x00000000eb100000, 0x00000000eb100000| Untracked 
| 178|0x00000000eb200000, 0x00000000eb200000, 0x00000000eb300000|  0%| F|  |TAMS 0x00000000eb200000, 0x00000000eb200000| Untracked 
| 179|0x00000000eb300000, 0x00000000eb300000, 0x00000000eb400000|  0%| F|  |TAMS 0x00000000eb300000, 0x00000000eb300000| Untracked 
| 180|0x00000000eb400000, 0x00000000eb400000, 0x00000000eb500000|  0%| F|  |TAMS 0x00000000eb400000, 0x00000000eb400000| Untracked 
| 181|0x00000000eb500000, 0x00000000eb500000, 0x00000000eb600000|  0%| F|  |TAMS 0x00000000eb500000, 0x00000000eb500000| Untracked 
| 182|0x00000000eb600000, 0x00000000eb600000, 0x00000000eb700000|  0%| F|  |TAMS 0x00000000eb600000, 0x00000000eb600000| Untracked 
| 183|0x00000000eb700000, 0x00000000eb700000, 0x00000000eb800000|  0%| F|  |TAMS 0x00000000eb700000, 0x00000000eb700000| Untracked 
| 184|0x00000000eb800000, 0x00000000eb800000, 0x00000000eb900000|  0%| F|  |TAMS 0x00000000eb800000, 0x00000000eb800000| Untracked 
| 185|0x00000000eb900000, 0x00000000eb900000, 0x00000000eba00000|  0%| F|  |TAMS 0x00000000eb900000, 0x00000000eb900000| Untracked 
| 186|0x00000000eba00000, 0x00000000eba00000, 0x00000000ebb00000|  0%| F|  |TAMS 0x00000000eba00000, 0x00000000eba00000| Untracked 
| 187|0x00000000ebb00000, 0x00000000ebb00000, 0x00000000ebc00000|  0%| F|  |TAMS 0x00000000ebb00000, 0x00000000ebb00000| Untracked 
| 188|0x00000000ebc00000, 0x00000000ebc00000, 0x00000000ebd00000|  0%| F|  |TAMS 0x00000000ebc00000, 0x00000000ebc00000| Untracked 
| 189|0x00000000ebd00000, 0x00000000ebd00000, 0x00000000ebe00000|  0%| F|  |TAMS 0x00000000ebd00000, 0x00000000ebd00000| Untracked 
| 190|0x00000000ebe00000, 0x00000000ebe00000, 0x00000000ebf00000|  0%| F|  |TAMS 0x00000000ebe00000, 0x00000000ebe00000| Untracked 
| 191|0x00000000ebf00000, 0x00000000ebf00000, 0x00000000ec000000|  0%| F|  |TAMS 0x00000000ebf00000, 0x00000000ebf00000| Untracked 
| 192|0x00000000ec000000, 0x00000000ec000000, 0x00000000ec100000|  0%| F|  |TAMS 0x00000000ec000000, 0x00000000ec000000| Untracked 
| 193|0x00000000ec100000, 0x00000000ec100000, 0x00000000ec200000|  0%| F|  |TAMS 0x00000000ec100000, 0x00000000ec100000| Untracked 
| 194|0x00000000ec200000, 0x00000000ec200000, 0x00000000ec300000|  0%| F|  |TAMS 0x00000000ec200000, 0x00000000ec200000| Untracked 
| 195|0x00000000ec300000, 0x00000000ec300000, 0x00000000ec400000|  0%| F|  |TAMS 0x00000000ec300000, 0x00000000ec300000| Untracked 
| 196|0x00000000ec400000, 0x00000000ec400000, 0x00000000ec500000|  0%| F|  |TAMS 0x00000000ec400000, 0x00000000ec400000| Untracked 
| 197|0x00000000ec500000, 0x00000000ec500000, 0x00000000ec600000|  0%| F|  |TAMS 0x00000000ec500000, 0x00000000ec500000| Untracked 
| 198|0x00000000ec600000, 0x00000000ec600000, 0x00000000ec700000|  0%| F|  |TAMS 0x00000000ec600000, 0x00000000ec600000| Untracked 
| 199|0x00000000ec700000, 0x00000000ec700000, 0x00000000ec800000|  0%| F|  |TAMS 0x00000000ec700000, 0x00000000ec700000| Untracked 
| 200|0x00000000ec800000, 0x00000000ec800000, 0x00000000ec900000|  0%| F|  |TAMS 0x00000000ec800000, 0x00000000ec800000| Untracked 
| 201|0x00000000ec900000, 0x00000000ec900000, 0x00000000eca00000|  0%| F|  |TAMS 0x00000000ec900000, 0x00000000ec900000| Untracked 
| 202|0x00000000eca00000, 0x00000000eca00000, 0x00000000ecb00000|  0%| F|  |TAMS 0x00000000eca00000, 0x00000000eca00000| Untracked 
| 203|0x00000000ecb00000, 0x00000000ecb00000, 0x00000000ecc00000|  0%| F|  |TAMS 0x00000000ecb00000, 0x00000000ecb00000| Untracked 
| 204|0x00000000ecc00000, 0x00000000ecc00000, 0x00000000ecd00000|  0%| F|  |TAMS 0x00000000ecc00000, 0x00000000ecc00000| Untracked 
| 205|0x00000000ecd00000, 0x00000000ecd00000, 0x00000000ece00000|  0%| F|  |TAMS 0x00000000ecd00000, 0x00000000ecd00000| Untracked 
| 206|0x00000000ece00000, 0x00000000ece00000, 0x00000000ecf00000|  0%| F|  |TAMS 0x00000000ece00000, 0x00000000ece00000| Untracked 
| 207|0x00000000ecf00000, 0x00000000ecf00000, 0x00000000ed000000|  0%| F|  |TAMS 0x00000000ecf00000, 0x00000000ecf00000| Untracked 
| 208|0x00000000ed000000, 0x00000000ed000000, 0x00000000ed100000|  0%| F|  |TAMS 0x00000000ed000000, 0x00000000ed000000| Untracked 
| 209|0x00000000ed100000, 0x00000000ed100000, 0x00000000ed200000|  0%| F|  |TAMS 0x00000000ed100000, 0x00000000ed100000| Untracked 
| 210|0x00000000ed200000, 0x00000000ed200000, 0x00000000ed300000|  0%| F|  |TAMS 0x00000000ed200000, 0x00000000ed200000| Untracked 
| 211|0x00000000ed300000, 0x00000000ed300000, 0x00000000ed400000|  0%| F|  |TAMS 0x00000000ed300000, 0x00000000ed300000| Untracked 
| 212|0x00000000ed400000, 0x00000000ed400000, 0x00000000ed500000|  0%| F|  |TAMS 0x00000000ed400000, 0x00000000ed400000| Untracked 
| 213|0x00000000ed500000, 0x00000000ed500000, 0x00000000ed600000|  0%| F|  |TAMS 0x00000000ed500000, 0x00000000ed500000| Untracked 
| 214|0x00000000ed600000, 0x00000000ed600000, 0x00000000ed700000|  0%| F|  |TAMS 0x00000000ed600000, 0x00000000ed600000| Untracked 
| 215|0x00000000ed700000, 0x00000000ed700000, 0x00000000ed800000|  0%| F|  |TAMS 0x00000000ed700000, 0x00000000ed700000| Untracked 
| 216|0x00000000ed800000, 0x00000000ed800000, 0x00000000ed900000|  0%| F|  |TAMS 0x00000000ed800000, 0x00000000ed800000| Untracked 
| 217|0x00000000ed900000, 0x00000000ed900000, 0x00000000eda00000|  0%| F|  |TAMS 0x00000000ed900000, 0x00000000ed900000| Untracked 
| 218|0x00000000eda00000, 0x00000000eda00000, 0x00000000edb00000|  0%| F|  |TAMS 0x00000000eda00000, 0x00000000eda00000| Untracked 
| 219|0x00000000edb00000, 0x00000000edb00000, 0x00000000edc00000|  0%| F|  |TAMS 0x00000000edb00000, 0x00000000edb00000| Untracked 
| 220|0x00000000edc00000, 0x00000000edc00000, 0x00000000edd00000|  0%| F|  |TAMS 0x00000000edc00000, 0x00000000edc00000| Untracked 
| 221|0x00000000edd00000, 0x00000000edd00000, 0x00000000ede00000|  0%| F|  |TAMS 0x00000000edd00000, 0x00000000edd00000| Untracked 
| 222|0x00000000ede00000, 0x00000000ede00000, 0x00000000edf00000|  0%| F|  |TAMS 0x00000000ede00000, 0x00000000ede00000| Untracked 
| 223|0x00000000edf00000, 0x00000000edf00000, 0x00000000ee000000|  0%| F|  |TAMS 0x00000000edf00000, 0x00000000edf00000| Untracked 
| 224|0x00000000ee000000, 0x00000000ee000000, 0x00000000ee100000|  0%| F|  |TAMS 0x00000000ee000000, 0x00000000ee000000| Untracked 
| 225|0x00000000ee100000, 0x00000000ee100000, 0x00000000ee200000|  0%| F|  |TAMS 0x00000000ee100000, 0x00000000ee100000| Untracked 
| 226|0x00000000ee200000, 0x00000000ee200000, 0x00000000ee300000|  0%| F|  |TAMS 0x00000000ee200000, 0x00000000ee200000| Untracked 
| 227|0x00000000ee300000, 0x00000000ee300000, 0x00000000ee400000|  0%| F|  |TAMS 0x00000000ee300000, 0x00000000ee300000| Untracked 
| 228|0x00000000ee400000, 0x00000000ee400000, 0x00000000ee500000|  0%| F|  |TAMS 0x00000000ee400000, 0x00000000ee400000| Untracked 
| 229|0x00000000ee500000, 0x00000000ee500000, 0x00000000ee600000|  0%| F|  |TAMS 0x00000000ee500000, 0x00000000ee500000| Untracked 
| 230|0x00000000ee600000, 0x00000000ee600000, 0x00000000ee700000|  0%| F|  |TAMS 0x00000000ee600000, 0x00000000ee600000| Untracked 
| 231|0x00000000ee700000, 0x00000000ee700000, 0x00000000ee800000|  0%| F|  |TAMS 0x00000000ee700000, 0x00000000ee700000| Untracked 
| 232|0x00000000ee800000, 0x00000000ee800000, 0x00000000ee900000|  0%| F|  |TAMS 0x00000000ee800000, 0x00000000ee800000| Untracked 
| 233|0x00000000ee900000, 0x00000000ee900000, 0x00000000eea00000|  0%| F|  |TAMS 0x00000000ee900000, 0x00000000ee900000| Untracked 
| 234|0x00000000eea00000, 0x00000000eea00000, 0x00000000eeb00000|  0%| F|  |TAMS 0x00000000eea00000, 0x00000000eea00000| Untracked 
| 235|0x00000000eeb00000, 0x00000000eeb00000, 0x00000000eec00000|  0%| F|  |TAMS 0x00000000eeb00000, 0x00000000eeb00000| Untracked 
| 236|0x00000000eec00000, 0x00000000eec00000, 0x00000000eed00000|  0%| F|  |TAMS 0x00000000eec00000, 0x00000000eec00000| Untracked 
| 237|0x00000000eed00000, 0x00000000eed00000, 0x00000000eee00000|  0%| F|  |TAMS 0x00000000eed00000, 0x00000000eed00000| Untracked 
| 238|0x00000000eee00000, 0x00000000eee00000, 0x00000000eef00000|  0%| F|  |TAMS 0x00000000eee00000, 0x00000000eee00000| Untracked 
| 239|0x00000000eef00000, 0x00000000eef00000, 0x00000000ef000000|  0%| F|  |TAMS 0x00000000eef00000, 0x00000000eef00000| Untracked 
| 240|0x00000000ef000000, 0x00000000ef000000, 0x00000000ef100000|  0%| F|  |TAMS 0x00000000ef000000, 0x00000000ef000000| Untracked 
| 241|0x00000000ef100000, 0x00000000ef100000, 0x00000000ef200000|  0%| F|  |TAMS 0x00000000ef100000, 0x00000000ef100000| Untracked 
| 242|0x00000000ef200000, 0x00000000ef261130, 0x00000000ef300000| 37%| E|  |TAMS 0x00000000ef200000, 0x00000000ef200000| Complete 
| 243|0x00000000ef300000, 0x00000000ef400000, 0x00000000ef400000|100%| E|CS|TAMS 0x00000000ef300000, 0x00000000ef300000| Complete 
| 244|0x00000000ef400000, 0x00000000ef500000, 0x00000000ef500000|100%| E|CS|TAMS 0x00000000ef400000, 0x00000000ef400000| Complete 
| 245|0x00000000ef500000, 0x00000000ef600000, 0x00000000ef600000|100%| E|CS|TAMS 0x00000000ef500000, 0x00000000ef500000| Complete 
| 246|0x00000000ef600000, 0x00000000ef700000, 0x00000000ef700000|100%| E|CS|TAMS 0x00000000ef600000, 0x00000000ef600000| Complete 
| 247|0x00000000ef700000, 0x00000000ef800000, 0x00000000ef800000|100%| E|CS|TAMS 0x00000000ef700000, 0x00000000ef700000| Complete 
| 248|0x00000000ef800000, 0x00000000ef900000, 0x00000000ef900000|100%| E|CS|TAMS 0x00000000ef800000, 0x00000000ef800000| Complete 
| 249|0x00000000ef900000, 0x00000000efa00000, 0x00000000efa00000|100%| E|CS|TAMS 0x00000000ef900000, 0x00000000ef900000| Complete 
| 250|0x00000000efa00000, 0x00000000efb00000, 0x00000000efb00000|100%| E|CS|TAMS 0x00000000efa00000, 0x00000000efa00000| Complete 
| 251|0x00000000efb00000, 0x00000000efc00000, 0x00000000efc00000|100%| E|CS|TAMS 0x00000000efb00000, 0x00000000efb00000| Complete 
| 252|0x00000000efc00000, 0x00000000efd00000, 0x00000000efd00000|100%| E|CS|TAMS 0x00000000efc00000, 0x00000000efc00000| Complete 
| 253|0x00000000efd00000, 0x00000000efe00000, 0x00000000efe00000|100%| E|CS|TAMS 0x00000000efd00000, 0x00000000efd00000| Complete 
| 254|0x00000000efe00000, 0x00000000eff00000, 0x00000000eff00000|100%| E|CS|TAMS 0x00000000efe00000, 0x00000000efe00000| Complete 
| 255|0x00000000eff00000, 0x00000000f0000000, 0x00000000f0000000|100%| E|CS|TAMS 0x00000000eff00000, 0x00000000eff00000| Complete 

Card table byte_map: [0x00000196f57b0000,0x00000196f58b0000] _byte_map_base: 0x00000196f50b0000

Marking Bits (Prev, Next): (CMBitMap*) 0x00000196ee064860, (CMBitMap*) 0x00000196ee064820
 Prev Bits: [0x00000196f61b0000, 0x00000196f69b0000)
 Next Bits: [0x00000196f59b0000, 0x00000196f61b0000)

Polling page: 0x00000196ebfc0000

Metaspace:

Usage:
  Non-class:     27.85 MB used.
      Class:      4.38 MB used.
       Both:     32.23 MB used.

Virtual space:
  Non-class space:       32.00 MB reserved,      28.06 MB ( 88%) committed,  4 nodes.
      Class space:      208.00 MB reserved,       4.56 MB (  2%) committed,  1 nodes.
              Both:      240.00 MB reserved,      32.62 MB ( 14%) committed. 

Chunk freelists:
   Non-Class:  3.36 MB
       Class:  3.44 MB
        Both:  6.80 MB

MaxMetaspaceSize: 256.00 MB
CompressedClassSpaceSize: 208.00 MB
 - commit_granule_bytes: 65536.
 - commit_granule_words: 8192.
 - virtual_space_node_default_size: 1048576.
 - enlarge_chunks_in_place: 1.
 - new_chunks_are_fully_committed: 0.
 - uncommit_free_chunks: 1.
 - use_allocation_guard: 0.
 - handle_deallocations: 1.


Internal statistics:

num_allocs_failed_limit: 3.
num_arena_births: 384.
num_arena_deaths: 0.
num_vsnodes_births: 5.
num_vsnodes_deaths: 0.
num_space_committed: 522.
num_space_uncommitted: 0.
num_chunks_returned_to_freelist: 3.
num_chunks_taken_from_freelist: 1580.
num_chunk_merges: 3.
num_chunk_splits: 1032.
num_chunks_enlarged: 708.
num_purges: 0.

CodeHeap 'non-profiled nmethods': size=120000Kb used=2095Kb max_used=2095Kb free=117904Kb
 bounds [0x0000019687ad0000, 0x0000019687d40000, 0x000001968f000000]
CodeHeap 'profiled nmethods': size=120000Kb used=8742Kb max_used=8742Kb free=111257Kb
 bounds [0x00000196805a0000, 0x0000019680e30000, 0x0000019687ad0000]
CodeHeap 'non-nmethods': size=5760Kb used=2305Kb max_used=2390Kb free=3454Kb
 bounds [0x0000019680000000, 0x0000019680270000, 0x00000196805a0000]
 total_blobs=4894 nmethods=4088 adapters=718
 compilation: enabled
              stopped_count=0, restarted_count=0
 full_count=0

Compilation events (20 events):
Event: 3.568 Thread 0x00000196f8f7f9b0 4120       3       org.objectweb.asm.AnnotationWriter::computeAnnotationsSize (42 bytes)
Event: 3.569 Thread 0x00000196f8f7f9b0 nmethod 4120 0x0000019680e25290 code [0x0000019680e25440, 0x0000019680e25688]
Event: 3.570 Thread 0x00000196f8f7f9b0 4121       2       org.objectweb.asm.Type::getMethodType (16 bytes)
Event: 3.583 Thread 0x00000196f8f7f9b0 nmethod 4121 0x0000019680e25810 code [0x0000019680e259c0, 0x0000019680e25b98]
Event: 3.583 Thread 0x00000196f8f7f9b0 4122       2       org.gradle.internal.classpath.InstrumentingBackwardsCompatibilityVisitor::fixHandleForBackwardsCompatibility (38 bytes)
Event: 3.583 Thread 0x00000196f8f7f9b0 nmethod 4122 0x0000019680e25c90 code [0x0000019680e25e40, 0x0000019680e26118]
Event: 3.583 Thread 0x00000196f8f7f9b0 4124       2       org.objectweb.asm.SymbolTable::addConstantMethodHandle (197 bytes)
Event: 3.584 Thread 0x00000196f8f7f9b0 nmethod 4124 0x0000019680e26210 code [0x0000019680e26460, 0x0000019680e26a98]
Event: 3.584 Thread 0x00000196f8f7f9b0 4123       2       org.objectweb.asm.MethodVisitor::visitInvokeDynamicInsn (39 bytes)
Event: 3.584 Thread 0x00000196f8f7f9b0 nmethod 4123 0x0000019680e27010 code [0x0000019680e271c0, 0x0000019680e273d8]
Event: 3.585 Thread 0x00000196f8f7f9b0 4125       2       jdk.internal.misc.InnocuousThread::eraseThreadLocals (23 bytes)
Event: 3.585 Thread 0x00000196f8f7f9b0 nmethod 4125 0x0000019680e27510 code [0x0000019680e276c0, 0x0000019680e278b8]
Event: 3.585 Thread 0x00000196f8f7f9b0 4126       2       java.lang.invoke.MethodHandleNatives$CallSiteContext::run (5 bytes)
Event: 3.585 Thread 0x00000196f8f7f9b0 nmethod 4126 0x0000019680e27990 code [0x0000019680e27b40, 0x0000019680e27c68]
Event: 3.586 Thread 0x00000196f8f7f9b0 4129       2       org.objectweb.asm.FieldWriter::visitAnnotation (40 bytes)
Event: 3.586 Thread 0x00000196f8f7f9b0 nmethod 4129 0x0000019680e27d10 code [0x0000019680e27ec0, 0x0000019680e28118]
Event: 3.587 Thread 0x00000196f8f7f9b0 4130       2       org.objectweb.asm.ClassWriter::visitOuterClass (37 bytes)
Event: 3.587 Thread 0x00000196f8f7f9b0 nmethod 4130 0x0000019680e28210 code [0x0000019680e283c0, 0x0000019680e28578]
Event: 3.589 Thread 0x00000196f8f7f9b0 4133       2       org.objectweb.asm.AnnotationWriter::visitEnum (63 bytes)
Event: 3.589 Thread 0x00000196f8f7f9b0 nmethod 4133 0x0000019680e28710 code [0x0000019680e28900, 0x0000019680e28b58]

GC Heap History (10 events):
Event: 0.263 GC heap before
{Heap before GC invocations=0 (full 0):
 garbage-first heap   total 262144K, used 15360K [0x00000000e0000000, 0x0000000100000000)
  region size 1024K, 13 young (13312K), 0 survivors (0K)
 Metaspace       used 1037K, committed 1216K, reserved 221184K
  class space    used 73K, committed 128K, reserved 212992K
}
Event: 0.265 GC heap after
{Heap after GC invocations=1 (full 0):
 garbage-first heap   total 262144K, used 4177K [0x00000000e0000000, 0x0000000100000000)
  region size 1024K, 2 young (2048K), 2 survivors (2048K)
 Metaspace       used 1037K, committed 1216K, reserved 221184K
  class space    used 73K, committed 128K, reserved 212992K
}
Event: 0.513 GC heap before
{Heap before GC invocations=1 (full 0):
 garbage-first heap   total 262144K, used 21585K [0x00000000e0000000, 0x0000000100000000)
  region size 1024K, 16 young (16384K), 2 survivors (2048K)
 Metaspace       used 3754K, committed 3968K, reserved 221184K
  class space    used 457K, committed 576K, reserved 212992K
}
Event: 0.515 GC heap after
{Heap after GC invocations=2 (full 0):
 garbage-first heap   total 262144K, used 9183K [0x00000000e0000000, 0x0000000100000000)
  region size 1024K, 2 young (2048K), 2 survivors (2048K)
 Metaspace       used 3754K, committed 3968K, reserved 221184K
  class space    used 457K, committed 576K, reserved 212992K
}
Event: 0.716 GC heap before
{Heap before GC invocations=2 (full 0):
 garbage-first heap   total 262144K, used 30687K [0x00000000e0000000, 0x0000000100000000)
  region size 1024K, 23 young (23552K), 2 survivors (2048K)
 Metaspace       used 3980K, committed 4160K, reserved 221184K
  class space    used 470K, committed 576K, reserved 212992K
}
Event: 0.718 GC heap after
{Heap after GC invocations=3 (full 0):
 garbage-first heap   total 262144K, used 11914K [0x00000000e0000000, 0x0000000100000000)
  region size 1024K, 2 young (2048K), 2 survivors (2048K)
 Metaspace       used 3980K, committed 4160K, reserved 221184K
  class space    used 470K, committed 576K, reserved 212992K
}
Event: 2.302 GC heap before
{Heap before GC invocations=3 (full 0):
 garbage-first heap   total 262144K, used 129674K [0x00000000e0000000, 0x0000000100000000)
  region size 1024K, 112 young (114688K), 2 survivors (2048K)
 Metaspace       used 20899K, committed 21248K, reserved 237568K
  class space    used 3082K, committed 3264K, reserved 212992K
}
Event: 2.310 GC heap after
{Heap after GC invocations=4 (full 0):
 garbage-first heap   total 262144K, used 28626K [0x00000000e0000000, 0x0000000100000000)
  region size 1024K, 13 young (13312K), 13 survivors (13312K)
 Metaspace       used 20899K, committed 21248K, reserved 237568K
  class space    used 3082K, committed 3264K, reserved 212992K
}
Event: 3.570 GC heap before
{Heap before GC invocations=5 (full 0):
 garbage-first heap   total 262144K, used 180178K [0x00000000e0000000, 0x0000000100000000)
  region size 1024K, 153 young (156672K), 13 survivors (13312K)
 Metaspace       used 33003K, committed 33408K, reserved 245760K
  class space    used 4487K, committed 4672K, reserved 212992K
}
Event: 3.583 GC heap after
{Heap after GC invocations=6 (full 0):
 garbage-first heap   total 262144K, used 38104K [0x00000000e0000000, 0x0000000100000000)
  region size 1024K, 8 young (8192K), 8 survivors (8192K)
 Metaspace       used 33003K, committed 33408K, reserved 245760K
  class space    used 4487K, committed 4672K, reserved 212992K
}

Deoptimization events (20 events):
Event: 3.321 Thread 0x00000196fb86c260 DEOPT PACKING pc=0x0000019680d215fe sp=0x0000000d9c3fe050
Event: 3.321 Thread 0x00000196fb86c260 DEOPT UNPACKING pc=0x000001968004dece sp=0x0000000d9c3fd4c0 mode 0
Event: 3.323 Thread 0x00000196fb86c260 DEOPT PACKING pc=0x0000019680d215fe sp=0x0000000d9c3fe3f0
Event: 3.323 Thread 0x00000196fb86c260 DEOPT UNPACKING pc=0x000001968004dece sp=0x0000000d9c3fd860 mode 0
Event: 3.327 Thread 0x00000196fb870220 DEOPT PACKING pc=0x0000019680a564e4 sp=0x0000000d9c5fdfd0
Event: 3.327 Thread 0x00000196fb870220 DEOPT UNPACKING pc=0x000001968004dece sp=0x0000000d9c5fd580 mode 0
Event: 3.340 Thread 0x00000196fb86c260 DEOPT PACKING pc=0x0000019680d33c40 sp=0x0000000d9c3fe2a0
Event: 3.340 Thread 0x00000196fb86c260 DEOPT UNPACKING pc=0x000001968004dece sp=0x0000000d9c3fd9d0 mode 0
Event: 3.343 Thread 0x00000196fb86c260 DEOPT PACKING pc=0x0000019680d33c40 sp=0x0000000d9c3fe2a0
Event: 3.343 Thread 0x00000196fb86c260 DEOPT UNPACKING pc=0x000001968004dece sp=0x0000000d9c3fd9d0 mode 0
Event: 3.396 Thread 0x00000196fb86c260 Uncommon trap: trap_request=0xffffff45 fr.pc=0x0000019687cc5840 relative=0x0000000000000ea0
Event: 3.396 Thread 0x00000196fb86c260 Uncommon trap: reason=unstable_if action=reinterpret pc=0x0000019687cc5840 method=org.objectweb.asm.SymbolTable.addConstantUtf8(Ljava/lang/String;)I @ 40 c2
Event: 3.396 Thread 0x00000196fb86c260 DEOPT PACKING pc=0x0000019687cc5840 sp=0x0000000d9c3fdec0
Event: 3.396 Thread 0x00000196fb86c260 DEOPT UNPACKING pc=0x000001968004d72e sp=0x0000000d9c3fdeb0 mode 2
Event: 3.449 Thread 0x00000196fb870220 DEOPT PACKING pc=0x0000019680dac7b7 sp=0x0000000d9c5fe450
Event: 3.449 Thread 0x00000196fb870220 DEOPT UNPACKING pc=0x000001968004dece sp=0x0000000d9c5fd930 mode 0
Event: 3.472 Thread 0x00000196fb86c260 DEOPT PACKING pc=0x0000019680d8aa9e sp=0x0000000d9c3fe480
Event: 3.472 Thread 0x00000196fb86c260 DEOPT UNPACKING pc=0x000001968004dece sp=0x0000000d9c3fda30 mode 0
Event: 3.550 Thread 0x00000196fb86c260 DEOPT PACKING pc=0x0000019680daf86f sp=0x0000000d9c3fe610
Event: 3.550 Thread 0x00000196fb86c260 DEOPT UNPACKING pc=0x000001968004dece sp=0x0000000d9c3fdad0 mode 0

Classes unloaded (0 events):
No events

Classes redefined (0 events):
No events

Internal exceptions (20 events):
Event: 2.933 Thread 0x00000196fb6ce140 Exception <a 'java/lang/ClassNotFoundException'{0x00000000ec862da8}: groovy/lang/Closure$1Customizer> (0x00000000ec862da8) 
thrown [t:\workspace\open\src\hotspot\share\classfile\systemDictionary.cpp, line 256]
Event: 3.002 Thread 0x00000196fb6ce140 Exception <a 'java/lang/ClassNotFoundException'{0x00000000ec535010}: org/gradle/internal/metaobject/ConfigureDelegateBeanInfo> (0x00000000ec535010) 
thrown [t:\workspace\open\src\hotspot\share\classfile\systemDictionary.cpp, line 256]
Event: 3.003 Thread 0x00000196fb6ce140 Exception <a 'java/lang/ClassNotFoundException'{0x00000000ec542140}: org/gradle/internal/metaobject/ConfigureDelegateCustomizer> (0x00000000ec542140) 
thrown [t:\workspace\open\src\hotspot\share\classfile\systemDictionary.cpp, line 256]
Event: 3.007 Thread 0x00000196fb6ce140 Exception <a 'java/lang/ClassNotFoundException'{0x00000000ec586d08}: org/gradle/api/internal/initialization/DefaultScriptHandlerBeanInfo> (0x00000000ec586d08) 
thrown [t:\workspace\open\src\hotspot\share\classfile\systemDictionary.cpp, line 256]
Event: 3.008 Thread 0x00000196fb6ce140 Exception <a 'java/lang/ClassNotFoundException'{0x00000000ec595440}: org/gradle/api/internal/initialization/DefaultScriptHandlerCustomizer> (0x00000000ec595440) 
thrown [t:\workspace\open\src\hotspot\share\classfile\systemDictionary.cpp, line 256]
Event: 3.087 Thread 0x00000196fb6ce140 Exception <a 'java/lang/ClassNotFoundException'{0x00000000ebfa5890}: org/gradle/api/internal/artifacts/dsl/dependencies/DefaultDependencyHandler_DecoratedBeanInfo> (0x00000000ebfa5890) 
thrown [t:\workspace\open\src\hotspot\share\classfile\systemDictionary.cpp, line 256]
Event: 3.088 Thread 0x00000196fb6ce140 Exception <a 'java/lang/ClassNotFoundException'{0x00000000ebfb88e8}: org/gradle/api/internal/artifacts/dsl/dependencies/DefaultDependencyHandlerBeanInfo> (0x00000000ebfb88e8) 
thrown [t:\workspace\open\src\hotspot\share\classfile\systemDictionary.cpp, line 256]
Event: 3.088 Thread 0x00000196fb6ce140 Exception <a 'java/lang/ClassNotFoundException'{0x00000000ebfcb6f0}: org/gradle/api/internal/artifacts/dsl/dependencies/DefaultDependencyHandlerCustomizer> (0x00000000ebfcb6f0) 
thrown [t:\workspace\open\src\hotspot\share\classfile\systemDictionary.cpp, line 256]
Event: 3.091 Thread 0x00000196fb6ce140 Exception <a 'java/lang/ClassNotFoundException'{0x00000000ebe07d70}: org/gradle/api/internal/artifacts/dsl/dependencies/DefaultDependencyHandler_DecoratedCustomizer> (0x00000000ebe07d70) 
thrown [t:\workspace\open\src\hotspot\share\classfile\systemDictionary.cpp, line 256]
Event: 3.112 Thread 0x00000196fb6ce140 Exception <a 'java/lang/NoSuchMethodError'{0x00000000ebed9ef8}: 'int java.lang.invoke.DirectMethodHandle$Holder.invokeVirtual(java.lang.Object, java.lang.Object)'> (0x00000000ebed9ef8) 
thrown [t:\workspace\open\src\hotspot\share\interpreter\linkResolver.cpp, line 790]
Event: 3.127 Thread 0x00000196fb6ce140 Exception <a 'java/lang/NoSuchMethodError'{0x00000000ebdf6880}: 'java.lang.Object java.lang.invoke.DirectMethodHandle$Holder.newInvokeSpecial(java.lang.Object, java.lang.Object, int, java.lang.Object)'> (0x00000000ebdf6880) 
thrown [t:\workspace\open\src\hotspot\share\interpreter\linkResolver.cpp, line 790]
Event: 3.128 Thread 0x00000196fb6ce140 Exception <a 'java/lang/NoSuchMethodError'{0x00000000ebdfafb0}: 'java.lang.Object java.lang.invoke.DirectMethodHandle$Holder.invokeSpecial(java.lang.Object, java.lang.Object, java.lang.Object, int, java.lang.Object)'> (0x00000000ebdfafb0) 
thrown [t:\workspace\open\src\hotspot\share\interpreter\linkResolver.cpp, line 790]
Event: 3.160 Thread 0x00000196fb6ce140 Exception <a 'java/lang/NoSuchMethodError'{0x00000000ebaea3f8}: 'java.lang.Object java.lang.invoke.DirectMethodHandle$Holder.newInvokeSpecial(java.lang.Object, int, java.lang.Object)'> (0x00000000ebaea3f8) 
thrown [t:\workspace\open\src\hotspot\share\interpreter\linkResolver.cpp, line 790]
Event: 3.231 Thread 0x00000196fb6ce140 Exception <a 'java/lang/IncompatibleClassChangeError'{0x00000000eb545598}: Found class java.lang.Object, but interface was expected> (0x00000000eb545598) 
thrown [t:\workspace\open\src\hotspot\share\interpreter\linkResolver.cpp, line 857]
Event: 3.232 Thread 0x00000196fb6ce140 Exception <a 'java/lang/NoSuchMethodError'{0x00000000eb54d0f8}: 'int java.lang.invoke.DirectMethodHandle$Holder.invokeSpecialIFC(java.lang.Object, java.lang.Object, java.lang.Object, java.lang.Object, java.lang.Object)'> (0x00000000eb54d0f8) 
thrown [t:\workspace\open\src\hotspot\share\interpreter\linkResolver.cpp, line 790]
Event: 3.246 Thread 0x00000196fb6ce140 Exception <a 'java/lang/NoSuchMethodError'{0x00000000eb43a6e0}: 'java.lang.Object java.lang.invoke.DirectMethodHandle$Holder.newInvokeSpecial(java.lang.Object, java.lang.Object, int)'> (0x00000000eb43a6e0) 
thrown [t:\workspace\open\src\hotspot\share\interpreter\linkResolver.cpp, line 790]
Event: 3.278 Thread 0x00000196fb6ce140 Exception <a 'java/lang/NoSuchMethodError'{0x00000000eb248210}: 'int java.lang.invoke.DirectMethodHandle$Holder.invokeStatic(java.lang.Object)'> (0x00000000eb248210) 
thrown [t:\workspace\open\src\hotspot\share\interpreter\linkResolver.cpp, line 790]
Event: 3.279 Thread 0x00000196fb6ce140 Exception <a 'java/lang/NoSuchMethodError'{0x00000000eb24c558}: 'int java.lang.invoke.DirectMethodHandle$Holder.invokeStaticInit(java.lang.Object)'> (0x00000000eb24c558) 
thrown [t:\workspace\open\src\hotspot\share\interpreter\linkResolver.cpp, line 790]
Event: 3.290 Thread 0x00000196fb86c260 Exception <a 'sun/nio/fs/WindowsException'{0x00000000eb194db0}> (0x00000000eb194db0) 
thrown [t:\workspace\open\src\hotspot\share\prims\jni.cpp, line 579]
Event: 3.300 Thread 0x00000196fb870220 Exception <a 'sun/nio/fs/WindowsException'{0x00000000eadeea80}> (0x00000000eadeea80) 
thrown [t:\workspace\open\src\hotspot\share\prims\jni.cpp, line 579]

Events (20 events):
Event: 3.003 Executing  VM operation: ICBufferFull
Event: 3.003 Executing  VM operation: ICBufferFull done
Event: 3.053 Executing  VM operation: HandshakeAllThreads
Event: 3.053 Executing  VM operation: HandshakeAllThreads done
Event: 3.092 loading class jdk/internal/reflect/UnsafeObjectFieldAccessorImpl
Event: 3.092 loading class jdk/internal/reflect/UnsafeObjectFieldAccessorImpl done
Event: 3.138 loading class java/io/DeleteOnExitHook
Event: 3.138 loading class java/io/DeleteOnExitHook done
Event: 3.138 loading class java/io/DeleteOnExitHook$1
Event: 3.138 loading class java/io/DeleteOnExitHook$1 done
Event: 3.231 loading class java/util/Collections$ReverseComparator
Event: 3.231 loading class java/util/Collections$ReverseComparator done
Event: 3.231 loading class java/util/Comparators$NaturalOrderComparator
Event: 3.231 loading class java/util/Comparators$NaturalOrderComparator done
Event: 3.231 loading class java/util/Collections$ReverseComparator2
Event: 3.231 loading class java/util/Collections$ReverseComparator2 done
Event: 3.389 Executing  VM operation: ICBufferFull
Event: 3.389 Executing  VM operation: ICBufferFull done
Event: 3.570 Executing  VM operation: G1CollectForAllocation
Event: 3.583 Executing  VM operation: G1CollectForAllocation done


Dynamic libraries:
0x00007ff729530000 - 0x00007ff72953e000 	D:\JDK\bin\java.exe
0x00007ffbeb7f0000 - 0x00007ffbeb9e5000 	C:\Windows\SYSTEM32\ntdll.dll
0x00007ffbeb6f0000 - 0x00007ffbeb7ad000 	C:\Windows\System32\KERNEL32.DLL
0x00007ffbe9340000 - 0x00007ffbe9608000 	C:\Windows\System32\KERNELBASE.dll
0x00007ffbe9150000 - 0x00007ffbe9250000 	C:\Windows\System32\ucrtbase.dll
0x00007ffbcc210000 - 0x00007ffbcc228000 	D:\JDK\bin\jli.dll
0x00007ffbcc110000 - 0x00007ffbcc129000 	D:\JDK\bin\VCRUNTIME140.dll
0x00007ffbea9c0000 - 0x00007ffbeab60000 	C:\Windows\System32\USER32.dll
0x00007ffbe8fc0000 - 0x00007ffbe8fe2000 	C:\Windows\System32\win32u.dll
0x00007ffbd8730000 - 0x00007ffbd89ca000 	C:\Windows\WinSxS\amd64_microsoft.windows.common-controls_6595b64144ccf1df_6.0.19041.1052_none_60b8f8fd71f5e8cb\COMCTL32.dll
0x00007ffbea6c0000 - 0x00007ffbea6ea000 	C:\Windows\System32\GDI32.dll
0x00007ffbe9640000 - 0x00007ffbe974b000 	C:\Windows\System32\gdi32full.dll
0x00007ffbe9aa0000 - 0x00007ffbe9b3e000 	C:\Windows\System32\msvcrt.dll
0x00007ffbe92a0000 - 0x00007ffbe933d000 	C:\Windows\System32\msvcp_win.dll
0x00007ffbe9980000 - 0x00007ffbe99b0000 	C:\Windows\System32\IMM32.DLL
0x00007ffbe4990000 - 0x00007ffbe499c000 	D:\JDK\bin\vcruntime140_1.dll
0x00007ffbc01d0000 - 0x00007ffbc0261000 	D:\JDK\bin\msvcp140.dll
0x00007ffbb33a0000 - 0x00007ffbb3f4b000 	D:\JDK\bin\server\jvm.dll
0x00007ffbeb1b0000 - 0x00007ffbeb25c000 	C:\Windows\System32\ADVAPI32.dll
0x00007ffbe9cd0000 - 0x00007ffbe9d6b000 	C:\Windows\System32\sechost.dll
0x00007ffbeafd0000 - 0x00007ffbeb0fb000 	C:\Windows\System32\RPCRT4.dll
0x00007ffbeb380000 - 0x00007ffbeb388000 	C:\Windows\System32\PSAPI.DLL
0x00007ffbe5850000 - 0x00007ffbe5859000 	C:\Windows\SYSTEM32\WSOCK32.dll
0x00007ffbdc600000 - 0x00007ffbdc627000 	C:\Windows\SYSTEM32\WINMM.dll
0x00007ffbe40e0000 - 0x00007ffbe40ea000 	C:\Windows\SYSTEM32\VERSION.dll
0x00007ffbea8f0000 - 0x00007ffbea95b000 	C:\Windows\System32\WS2_32.dll
0x00007ffbe6dc0000 - 0x00007ffbe6dd2000 	C:\Windows\SYSTEM32\kernel.appcore.dll
0x00007ffbcf0f0000 - 0x00007ffbcf0fa000 	D:\JDK\bin\jimage.dll
0x00007ffbda880000 - 0x00007ffbdaa64000 	C:\Windows\SYSTEM32\DBGHELP.DLL
0x00007ffbccd00000 - 0x00007ffbccd2c000 	C:\Windows\SYSTEM32\dbgcore.DLL
0x00007ffbe8f30000 - 0x00007ffbe8fb3000 	C:\Windows\System32\bcryptPrimitives.dll
0x00007ffbcc0e0000 - 0x00007ffbcc105000 	D:\JDK\bin\java.dll
0x00007ffbe9d70000 - 0x00007ffbea4af000 	C:\Windows\System32\SHELL32.dll
0x00007ffbe70a0000 - 0x00007ffbe7830000 	C:\Windows\SYSTEM32\windows.storage.dll
0x00007ffbeb390000 - 0x00007ffbeb6e5000 	C:\Windows\System32\combase.dll
0x00007ffbe89a0000 - 0x00007ffbe89cc000 	C:\Windows\SYSTEM32\Wldp.dll
0x00007ffbe9b40000 - 0x00007ffbe9bee000 	C:\Windows\System32\SHCORE.dll
0x00007ffbea890000 - 0x00007ffbea8e5000 	C:\Windows\System32\shlwapi.dll
0x00007ffbe8e70000 - 0x00007ffbe8e8f000 	C:\Windows\SYSTEM32\profapi.dll
0x00007ffbcc0c0000 - 0x00007ffbcc0d9000 	D:\JDK\bin\net.dll
0x00007ffbdb940000 - 0x00007ffbdba4b000 	C:\Windows\SYSTEM32\WINHTTP.dll
0x00007ffbe8710000 - 0x00007ffbe877a000 	C:\Windows\system32\mswsock.dll
0x00007ffbcbec0000 - 0x00007ffbcbed3000 	D:\JDK\bin\nio.dll
0x00007ffbc2490000 - 0x00007ffbc24a8000 	D:\JDK\bin\zip.dll
0x00007ffbcf0c0000 - 0x00007ffbcf0d0000 	D:\JDK\bin\verify.dll
0x00007ffbc1e50000 - 0x00007ffbc1e77000 	C:\Users\Alif\.gradle\native\8bec1ad78214c89d9ad589b4d07fe93259594b29d510b10fafb7a158f7737e5d\windows-amd64\native-platform.dll
0x00007ffbb6fa0000 - 0x00007ffbb70dd000 	C:\Users\Alif\.gradle\native\53dbd7edfb1c66fb8903c78663c9afc45aea4f116125fa6feffd364cf09443e8\windows-amd64\native-platform-file-events.dll
0x00007ffbcbf40000 - 0x00007ffbcbf49000 	D:\JDK\bin\management.dll
0x00007ffbcba10000 - 0x00007ffbcba1b000 	D:\JDK\bin\management_ext.dll
0x00007ffbe88f0000 - 0x00007ffbe8908000 	C:\Windows\SYSTEM32\CRYPTSP.dll
0x00007ffbe8040000 - 0x00007ffbe8074000 	C:\Windows\system32\rsaenh.dll
0x00007ffbe9610000 - 0x00007ffbe9637000 	C:\Windows\System32\bcrypt.dll
0x00007ffbe8e30000 - 0x00007ffbe8e5e000 	C:\Windows\SYSTEM32\USERENV.dll
0x00007ffbe88e0000 - 0x00007ffbe88ec000 	C:\Windows\SYSTEM32\CRYPTBASE.dll
0x00007ffbe83b0000 - 0x00007ffbe83eb000 	C:\Windows\SYSTEM32\IPHLPAPI.DLL
0x00007ffbeb370000 - 0x00007ffbeb378000 	C:\Windows\System32\NSI.dll
0x00007ffbdc480000 - 0x00007ffbdc497000 	C:\Windows\SYSTEM32\dhcpcsvc6.DLL
0x00007ffbdc460000 - 0x00007ffbdc47d000 	C:\Windows\SYSTEM32\dhcpcsvc.DLL
0x00007ffbe83f0000 - 0x00007ffbe84bc000 	C:\Windows\SYSTEM32\DNSAPI.dll
0x00007ffbcb8b0000 - 0x00007ffbcb8be000 	D:\JDK\bin\sunmscapi.dll
0x00007ffbe8ff0000 - 0x00007ffbe914f000 	C:\Windows\System32\CRYPT32.dll
0x00007ffbe8a10000 - 0x00007ffbe8a37000 	C:\Windows\SYSTEM32\ncrypt.dll
0x00007ffbe89d0000 - 0x00007ffbe8a0b000 	C:\Windows\SYSTEM32\NTASN1.dll
0x00007ffbcb7b0000 - 0x00007ffbcb7b7000 	C:\Windows\system32\wshunix.dll

dbghelp: loaded successfully - version: 4.0.5 - missing functions: none
symbol engine: initialized successfully - sym options: 0x614 - pdb path: .;D:\JDK\bin;C:\Windows\SYSTEM32;C:\Windows\WinSxS\amd64_microsoft.windows.common-controls_6595b64144ccf1df_6.0.19041.1052_none_60b8f8fd71f5e8cb;D:\JDK\bin\server;C:\Users\Alif\.gradle\native\8bec1ad78214c89d9ad589b4d07fe93259594b29d510b10fafb7a158f7737e5d\windows-amd64;C:\Users\Alif\.gradle\native\53dbd7edfb1c66fb8903c78663c9afc45aea4f116125fa6feffd364cf09443e8\windows-amd64

VM Arguments:
jvm_args: -XX:MaxMetaspaceSize=256m -XX:+HeapDumpOnOutOfMemoryError --add-opens=java.base/java.util=ALL-UNNAMED --add-opens=java.base/java.lang=ALL-UNNAMED --add-opens=java.base/java.lang.invoke=ALL-UNNAMED --add-opens=java.base/java.util=ALL-UNNAMED --add-opens=java.prefs/java.util.prefs=ALL-UNNAMED --add-opens=java.prefs/java.util.prefs=ALL-UNNAMED --add-opens=java.base/java.nio.charset=ALL-UNNAMED --add-opens=java.base/java.net=ALL-UNNAMED --add-opens=java.base/java.util.concurrent.atomic=ALL-UNNAMED -Xms256m -Xmx512m -Dfile.encoding=windows-1252 -Duser.country=US -Duser.language=en -Duser.variant 
java_command: org.gradle.launcher.daemon.bootstrap.GradleDaemon 7.0.2
java_class_path (initial): C:\Users\Alif\.gradle\wrapper\dists\gradle-7.0.2-bin\857tjihv64xamwrf0h14cai3r\gradle-7.0.2\lib\gradle-launcher-7.0.2.jar
Launcher Type: SUN_STANDARD

[Global flags]
     intx CICompilerCount                          = 3                                         {product} {ergonomic}
   size_t CompressedClassSpaceSize                 = 218103808                                 {product} {ergonomic}
     uint ConcGCThreads                            = 1                                         {product} {ergonomic}
     uint G1ConcRefinementThreads                  = 4                                         {product} {ergonomic}
   size_t G1HeapRegionSize                         = 1048576                                   {product} {ergonomic}
    uintx GCDrainStackTargetSize                   = 64                                        {product} {ergonomic}
     bool HeapDumpOnOutOfMemoryError               = true                                   {manageable} {command line}
   size_t InitialHeapSize                          = 268435456                                 {product} {command line}
   size_t MarkStackSize                            = 4194304                                   {product} {ergonomic}
   size_t MaxHeapSize                              = 536870912                                 {product} {command line}
   size_t MaxMetaspaceSize                         = 268435456                                 {product} {command line}
   size_t MaxNewSize                               = 321912832                                 {product} {ergonomic}
   size_t MinHeapDeltaBytes                        = 1048576                                   {product} {ergonomic}
   size_t MinHeapSize                              = 268435456                                 {product} {command line}
    uintx NonNMethodCodeHeapSize                   = 5832780                                {pd product} {ergonomic}
    uintx NonProfiledCodeHeapSize                  = 122912730                              {pd product} {ergonomic}
    uintx ProfiledCodeHeapSize                     = 122912730                              {pd product} {ergonomic}
    uintx ReservedCodeCacheSize                    = 251658240                              {pd product} {ergonomic}
     bool SegmentedCodeCache                       = true                                      {product} {ergonomic}
   size_t SoftMaxHeapSize                          = 536870912                              {manageable} {ergonomic}
     bool UseCompressedClassPointers               = true                           {product lp64_product} {ergonomic}
     bool UseCompressedOops                        = true                           {product lp64_product} {ergonomic}
     bool UseG1GC                                  = true                                      {product} {ergonomic}
     bool UseLargePagesIndividualAllocation        = false                                  {pd product} {ergonomic}

Logging:
Log output configuration:
 #0: stdout all=warning uptime,level,tags
 #1: stderr all=off uptime,level,tags

Environment Variables:
PATH=C:\Program Files\Common Files\Oracle\Java\javapath;C:\Windows\system32;C:\Windows;C:\Windows\System32\Wbem;C:\Windows\System32\WindowsPowerShell\v1.0\;C:\Windows\System32\OpenSSH\;C:\Program Files\Microsoft SQL Server\130\Tools\Binn\;C:\Program Files\Microsoft SQL Server\Client SDK\ODBC\170\Tools\Binn\;C:\Program Files (x86)\Microsoft SQL Server\150\Tools\Binn\;C:\Program Files\Microsoft SQL Server\150\Tools\Binn\;C:\Program Files (x86)\Microsoft SQL Server\150\DTS\Binn\;C:\Program Files\Microsoft SQL Server\150\DTS\Binn\;C:\Program Files\Git\cmd;C:\Program Files\dotnet\;C:\Program Files\nodejs\;C:\Program Files\TortoiseGit\bin;C:\Users\Alif\AppData\Local\Microsoft\WindowsApps;C:\Users\Alif\AppData\Local\Programs\Microsoft VS Code\bin;C:\Users\Alif\.dotnet\tools;C:\Users\Alif\AppData\Roaming\npm;D:\JDK\bin;
USERNAME=Alif
OS=Windows_NT
PROCESSOR_IDENTIFIER=Intel64 Family 6 Model 158 Stepping 9, GenuineIntel



---------------  S Y S T E M  ---------------

OS:
 Windows 10 , 64 bit Build 19041 (10.0.19041.1023)
OS uptime: 1 days 14:22 hours

CPU: total 4 (initial active 4) (4 cores per cpu, 1 threads per core) family 6 model 158 stepping 9 microcode 0xb4, cx8, cmov, fxsr, mmx, 3dnowpref, sse, sse2, sse3, ssse3, sse4.1, sse4.2, popcnt, lzcnt, tsc, tscinvbit, avx, avx2, aes, erms, clmul, bmi1, bmi2, rtm, adx, fma, vzeroupper, clflush, clflushopt

Memory: 4k page, system-wide physical 8083M (732M free)
TotalPageFile size 9989M (AvailPageFile size 9M)
current process WorkingSet (physical memory assigned to process): 352M, peak: 356M
current process commit charge ("private bytes"): 452M, peak: 457M

vm_info: OpenJDK 64-Bit Server VM (16.0.1+9-24) for windows-amd64 JRE (16.0.1+9-24), built on Mar 26 2021 19:30:07 by "mach5one" with MS VC++ 16.7 (VS2019)

END.
