#
# There is insufficient memory for the Java Runtime Environment to continue.
# Native memory allocation (malloc) failed to allocate 1370528 bytes for Chunk::new
# Possible reasons:
#   The system is out of physical RAM or swap space
#   The process is running with CompressedOops enabled, and the Java Heap may be blocking the growth of the native heap
# Possible solutions:
#   Reduce memory load on the system
#   Increase physical memory or swap space
#   Check if swap backing store is full
#   Decrease Java heap size (-Xmx/-Xms)
#   Decrease number of Java threads
#   Decrease Java thread stack sizes (-Xss)
#   Set larger code cache with -XX:ReservedCodeCacheSize=
#   JVM is running with Unscaled Compressed Oops mode in which the Java heap is
#     placed in the first 4GB address space. The Java Heap base address is the
#     maximum limit for the native heap growth. Please use -XX:HeapBaseMinAddress
#     to set the Java Heap base and to place the Java Heap above 4GB virtual address.
# This output file may be truncated or incomplete.
#
#  Out of Memory Error (arena.cpp:195), pid=10388, tid=10572
#
# JRE version: OpenJDK Runtime Environment (16.0.1+9) (build 16.0.1+9-24)
# Java VM: OpenJDK 64-Bit Server VM (16.0.1+9-24, mixed mode, sharing, tiered, compressed oops, compressed class ptrs, g1 gc, windows-amd64)
# No core dump will be written. Minidumps are not enabled by default on client versions of Windows
#

---------------  S U M M A R Y ------------

Command Line: -XX:MaxMetaspaceSize=256m -XX:+HeapDumpOnOutOfMemoryError --add-opens=java.base/java.util=ALL-UNNAMED --add-opens=java.base/java.lang=ALL-UNNAMED --add-opens=java.base/java.lang.invoke=ALL-UNNAMED --add-opens=java.base/java.util=ALL-UNNAMED --add-opens=java.prefs/java.util.prefs=ALL-UNNAMED --add-opens=java.prefs/java.util.prefs=ALL-UNNAMED --add-opens=java.base/java.nio.charset=ALL-UNNAMED --add-opens=java.base/java.net=ALL-UNNAMED --add-opens=java.base/java.util.concurrent.atomic=ALL-UNNAMED -Xms256m -Xmx512m -Dfile.encoding=windows-1252 -Duser.country=US -Duser.language=en -Duser.variant org.gradle.launcher.daemon.bootstrap.GradleDaemon 7.0.2

Host: Intel(R) Core(TM) i5-7500 CPU @ 3.40GHz, 4 cores, 7G,  Windows 10 , 64 bit Build 19041 (10.0.19041.1023)
Time: Wed Jul  7 04:25:04 2021 Bangladesh Standard Time elapsed time: 8.408338 seconds (0d 0h 0m 8s)

---------------  T H R E A D  ---------------

Current thread (0x00000285739b6ff0):  JavaThread "C2 CompilerThread1" daemon [_thread_in_native, id=10572, stack(0x000000dcb1d00000,0x000000dcb1e00000)]


Current CompileTask:
C2:   8408 2862  s!   4       jdk.internal.loader.URLClassPath::getLoader (194 bytes)

Stack: [0x000000dcb1d00000,0x000000dcb1e00000]
Native frames: (J=compiled Java code, j=interpreted, Vv=VM code, C=native code)
V  [jvm.dll+0x6687ca]
V  [jvm.dll+0x7ca3c9]
V  [jvm.dll+0x7cbb53]
V  [jvm.dll+0x7cc1b3]
V  [jvm.dll+0x242ea5]
V  [jvm.dll+0xadeca]
V  [jvm.dll+0xae5ac]
V  [jvm.dll+0x35af27]
V  [jvm.dll+0x3253d1]
V  [jvm.dll+0x32487a]
V  [jvm.dll+0x215f3c]
V  [jvm.dll+0x215350]
V  [jvm.dll+0x1a1d9b]
V  [jvm.dll+0x2253a8]
V  [jvm.dll+0x2233ec]
V  [jvm.dll+0x780002]
V  [jvm.dll+0x779b4a]
V  [jvm.dll+0x667666]
C  [ucrtbase.dll+0x21bb2]
C  [KERNEL32.DLL+0x17034]
C  [ntdll.dll+0x52651]


---------------  P R O C E S S  ---------------

Threads class SMR info:
_java_thread_list=0x0000028571ee02e0, length=37, elements={
0x0000028554f42550, 0x0000028570d9b1d0, 0x0000028570da0760, 0x0000028570db4f00,
0x0000028570db6980, 0x0000028570db7290, 0x0000028570db8340, 0x0000028570dba2d0,
0x0000028570dc29d0, 0x0000028570dc0850, 0x0000028571903280, 0x0000028571905bb0,
0x0000028573e62a90, 0x00000285741e5820, 0x000002857385e9e0, 0x0000028573b89390,
0x000002857257c8b0, 0x000002857257a8d0, 0x000002857257be10, 0x000002857257c360,
0x00000285725798e0, 0x000002857257a380, 0x000002857257ce00, 0x0000028572579e30,
0x000002857257b370, 0x00000285741cd4f0, 0x00000285741cef80, 0x00000285741d3f30,
0x00000285741d24a0, 0x00000285741d2f40, 0x00000285741d04c0, 0x00000285741d4480,
0x00000285741d0a10, 0x00000285741d14b0, 0x00000285741cca50, 0x00000285741cf4d0,
0x00000285739b6ff0
}

Java Threads: ( => current thread )
  0x0000028554f42550 JavaThread "main" [_thread_blocked, id=6040, stack(0x000000dcaef00000,0x000000dcaf000000)]
  0x0000028570d9b1d0 JavaThread "Reference Handler" daemon [_thread_blocked, id=3792, stack(0x000000dcaf600000,0x000000dcaf700000)]
  0x0000028570da0760 JavaThread "Finalizer" daemon [_thread_blocked, id=11160, stack(0x000000dcaf700000,0x000000dcaf800000)]
  0x0000028570db4f00 JavaThread "Signal Dispatcher" daemon [_thread_blocked, id=8980, stack(0x000000dcaf800000,0x000000dcaf900000)]
  0x0000028570db6980 JavaThread "Attach Listener" daemon [_thread_blocked, id=6316, stack(0x000000dcaf900000,0x000000dcafa00000)]
  0x0000028570db7290 JavaThread "Service Thread" daemon [_thread_blocked, id=9856, stack(0x000000dcafa00000,0x000000dcafb00000)]
  0x0000028570db8340 JavaThread "Monitor Deflation Thread" daemon [_thread_blocked, id=2816, stack(0x000000dcafb00000,0x000000dcafc00000)]
  0x0000028570dba2d0 JavaThread "C2 CompilerThread0" daemon [_thread_blocked, id=2536, stack(0x000000dcafc00000,0x000000dcafd00000)]
  0x0000028570dc29d0 JavaThread "C1 CompilerThread0" daemon [_thread_blocked, id=6640, stack(0x000000dcafd00000,0x000000dcafe00000)]
  0x0000028570dc0850 JavaThread "Sweeper thread" daemon [_thread_blocked, id=10740, stack(0x000000dcafe00000,0x000000dcaff00000)]
  0x0000028571903280 JavaThread "Common-Cleaner" daemon [_thread_blocked, id=9156, stack(0x000000dcaff00000,0x000000dcb0000000)]
  0x0000028571905bb0 JavaThread "Notification Thread" daemon [_thread_blocked, id=6488, stack(0x000000dcb0000000,0x000000dcb0100000)]
  0x0000028573e62a90 JavaThread "Daemon health stats" [_thread_blocked, id=8276, stack(0x000000dcb0600000,0x000000dcb0700000)]
  0x00000285741e5820 JavaThread "Incoming local TCP Connector on port 61114" [_thread_in_native, id=4292, stack(0x000000dcb0700000,0x000000dcb0800000)]
  0x000002857385e9e0 JavaThread "Daemon periodic checks" [_thread_blocked, id=11752, stack(0x000000dcb0800000,0x000000dcb0900000)]
  0x0000028573b89390 JavaThread "Daemon" [_thread_blocked, id=7576, stack(0x000000dcb0900000,0x000000dcb0a00000)]
  0x000002857257c8b0 JavaThread "Handler for socket connection from /127.0.0.1:61114 to /127.0.0.1:61115" [_thread_in_native, id=8700, stack(0x000000dcb0a00000,0x000000dcb0b00000)]
  0x000002857257a8d0 JavaThread "Cancel handler" [_thread_blocked, id=11776, stack(0x000000dcb0b00000,0x000000dcb0c00000)]
  0x000002857257be10 JavaThread "Daemon worker" [_thread_in_vm, id=1376, stack(0x000000dcb0c00000,0x000000dcb0d00000)]
  0x000002857257c360 JavaThread "Asynchronous log dispatcher for DefaultDaemonConnection: socket connection from /127.0.0.1:61114 to /127.0.0.1:61115" [_thread_blocked, id=11304, stack(0x000000dcb0d00000,0x000000dcb0e00000)]
  0x00000285725798e0 JavaThread "Stdin handler" [_thread_blocked, id=6332, stack(0x000000dcb0e00000,0x000000dcb0f00000)]
  0x000002857257a380 JavaThread "Daemon client event forwarder" [_thread_blocked, id=11480, stack(0x000000dcb0f00000,0x000000dcb1000000)]
  0x000002857257ce00 JavaThread "Cache worker for file hash cache (C:\Users\Alif\.gradle\caches\7.0.2\fileHashes)" [_thread_blocked, id=9536, stack(0x000000dcb0200000,0x000000dcb0300000)]
  0x0000028572579e30 JavaThread "File lock request listener" [_thread_in_native, id=408, stack(0x000000dcb1000000,0x000000dcb1100000)]
  0x000002857257b370 JavaThread "Cache worker for journal cache (C:\Users\Alif\.gradle\caches\journal-1)" [_thread_blocked, id=9256, stack(0x000000dcb1100000,0x000000dcb1200000)]
  0x00000285741cd4f0 JavaThread "Cache worker for file hash cache (D:\spring-data-jpa-practice\.gradle\7.0.2\fileHashes)" [_thread_blocked, id=10688, stack(0x000000dcb1300000,0x000000dcb1400000)]
  0x00000285741cef80 JavaThread "File watcher server" daemon [_thread_in_native, id=10448, stack(0x000000dcb1400000,0x000000dcb1500000)]
  0x00000285741d3f30 JavaThread "File watcher consumer" daemon [_thread_blocked, id=10552, stack(0x000000dcb1500000,0x000000dcb1600000)]
  0x00000285741d24a0 JavaThread "jar transforms" [_thread_blocked, id=8016, stack(0x000000dcb1200000,0x000000dcb1300000)]
  0x00000285741d2f40 JavaThread "jar transforms Thread 2" [_thread_blocked, id=9068, stack(0x000000dcb1600000,0x000000dcb1700000)]
  0x00000285741d04c0 JavaThread "jar transforms Thread 3" [_thread_blocked, id=11744, stack(0x000000dcb1700000,0x000000dcb1800000)]
  0x00000285741d4480 JavaThread "jar transforms Thread 4" [_thread_blocked, id=3128, stack(0x000000dcb1800000,0x000000dcb1900000)]
  0x00000285741d0a10 JavaThread "Cache worker for checksums cache (D:\spring-data-jpa-practice\.gradle\checksums)" [_thread_blocked, id=9384, stack(0x000000dcb1900000,0x000000dcb1a00000)]
  0x00000285741d14b0 JavaThread "Cache worker for cache directory md-supplier (C:\Users\Alif\.gradle\caches\7.0.2\md-supplier)" [_thread_blocked, id=11856, stack(0x000000dcb1a00000,0x000000dcb1b00000)]
  0x00000285741cca50 JavaThread "Cache worker for cache directory md-rule (C:\Users\Alif\.gradle\caches\7.0.2\md-rule)" [_thread_blocked, id=10456, stack(0x000000dcb1b00000,0x000000dcb1c00000)]
  0x00000285741cf4d0 JavaThread "Cache worker for execution history cache (C:\Users\Alif\.gradle\caches\7.0.2\executionHistory)" [_thread_blocked, id=8000, stack(0x000000dcb1c00000,0x000000dcb1d00000)]
=>0x00000285739b6ff0 JavaThread "C2 CompilerThread1" daemon [_thread_in_native, id=10572, stack(0x000000dcb1d00000,0x000000dcb1e00000)]

Other Threads:
  0x0000028570d92ec0 VMThread "VM Thread" [stack: 0x000000dcaf500000,0x000000dcaf600000] [id=10320]
  0x00000285719060d0 WatcherThread [stack: 0x000000dcb0100000,0x000000dcb0200000] [id=11624]
  0x0000028554f638c0 GCTaskThread "GC Thread#0" [stack: 0x000000dcaf000000,0x000000dcaf100000] [id=10112]
  0x0000028571d53b50 GCTaskThread "GC Thread#1" [stack: 0x000000dcb0300000,0x000000dcb0400000] [id=5268]
  0x0000028571d53e60 GCTaskThread "GC Thread#2" [stack: 0x000000dcb0400000,0x000000dcb0500000] [id=1000]
  0x0000028571d54170 GCTaskThread "GC Thread#3" [stack: 0x000000dcb0500000,0x000000dcb0600000] [id=8616]
  0x0000028554f68910 ConcurrentGCThread "G1 Main Marker" [stack: 0x000000dcaf100000,0x000000dcaf200000] [id=12104]
  0x0000028554f69310 ConcurrentGCThread "G1 Conc#0" [stack: 0x000000dcaf200000,0x000000dcaf300000] [id=9456]
  0x000002855501ddd0 ConcurrentGCThread "G1 Refine#0" [stack: 0x000000dcaf300000,0x000000dcaf400000] [id=6348]
  0x000002855501e7e0 ConcurrentGCThread "G1 Service" [stack: 0x000000dcaf400000,0x000000dcaf500000] [id=11200]

Threads with active compile tasks:
C2 CompilerThread1     8710 2862  s!   4       jdk.internal.loader.URLClassPath::getLoader (194 bytes)

VM state: not at safepoint (normal execution)

VM Mutex/Monitor currently owned by a thread: None

Heap address: 0x00000000e0000000, size: 512 MB, Compressed Oops mode: 32-bit

CDS archive(s) mapped at: [0x0000000800000000-0x0000000800bb0000-0x0000000800bb0000), size 12255232, SharedBaseAddress: 0x0000000800000000, ArchiveRelocationMode: 0.
Compressed class space mapped at: 0x0000000800c00000-0x000000080dc00000, reserved size: 218103808
Narrow klass base: 0x0000000800000000, Narrow klass shift: 3, Narrow klass range: 0x100000000

GC Precious Log:
 CPUs: 4 total, 4 available
 Memory: 8083M
 Large Page Support: Disabled
 NUMA Support: Disabled
 Compressed Oops: Enabled (32-bit)
 Heap Region Size: 1M
 Heap Min Capacity: 256M
 Heap Initial Capacity: 256M
 Heap Max Capacity: 512M
 Pre-touch: Disabled
 Parallel Workers: 4
 Concurrent Workers: 1
 Concurrent Refinement Workers: 4
 Periodic GC: Disabled

Heap:
 garbage-first heap   total 262144K, used 32252K [0x00000000e0000000, 0x0000000100000000)
  region size 1024K, 6 young (6144K), 4 survivors (4096K)
 Metaspace       used 27897K, committed 28288K, reserved 245760K
  class space    used 3931K, committed 4096K, reserved 212992K

Heap Regions: E=young(eden), S=young(survivor), O=old, HS=humongous(starts), HC=humongous(continues), CS=collection set, F=free, OA=open archive, CA=closed archive, TAMS=top-at-mark-start (previous, next)
|   0|0x00000000e0000000, 0x00000000e0100000, 0x00000000e0100000|100%|HS|  |TAMS 0x00000000e0100000, 0x00000000e0000000| Complete 
|   1|0x00000000e0100000, 0x00000000e0200000, 0x00000000e0200000|100%|HC|  |TAMS 0x00000000e0200000, 0x00000000e0100000| Complete 
|   2|0x00000000e0200000, 0x00000000e0300000, 0x00000000e0300000|100%|HC|  |TAMS 0x00000000e0300000, 0x00000000e0200000| Complete 
|   3|0x00000000e0300000, 0x00000000e0400000, 0x00000000e0400000|100%| O|  |TAMS 0x00000000e0400000, 0x00000000e0300000| Untracked 
|   4|0x00000000e0400000, 0x00000000e0500000, 0x00000000e0500000|100%| O|  |TAMS 0x00000000e0500000, 0x00000000e0400000| Untracked 
|   5|0x00000000e0500000, 0x00000000e0600000, 0x00000000e0600000|100%| O|  |TAMS 0x00000000e0600000, 0x00000000e0500000| Untracked 
|   6|0x00000000e0600000, 0x00000000e0700000, 0x00000000e0700000|100%| O|  |TAMS 0x00000000e0700000, 0x00000000e0600000| Untracked 
|   7|0x00000000e0700000, 0x00000000e0800000, 0x00000000e0800000|100%| O|  |TAMS 0x00000000e0800000, 0x00000000e0700000| Untracked 
|   8|0x00000000e0800000, 0x00000000e0900000, 0x00000000e0900000|100%| O|  |TAMS 0x00000000e0800000, 0x00000000e0800000| Untracked 
|   9|0x00000000e0900000, 0x00000000e0a00000, 0x00000000e0a00000|100%| O|  |TAMS 0x00000000e09f2400, 0x00000000e0900000| Untracked 
|  10|0x00000000e0a00000, 0x00000000e0b00000, 0x00000000e0b00000|100%|HS|  |TAMS 0x00000000e0b00000, 0x00000000e0a00000| Complete 
|  11|0x00000000e0b00000, 0x00000000e0c00000, 0x00000000e0c00000|100%|HC|  |TAMS 0x00000000e0c00000, 0x00000000e0b00000| Complete 
|  12|0x00000000e0c00000, 0x00000000e0d00000, 0x00000000e0d00000|100%|HS|  |TAMS 0x00000000e0d00000, 0x00000000e0c00000| Complete 
|  13|0x00000000e0d00000, 0x00000000e0e00000, 0x00000000e0e00000|100%|HC|  |TAMS 0x00000000e0e00000, 0x00000000e0d00000| Complete 
|  14|0x00000000e0e00000, 0x00000000e0f00000, 0x00000000e0f00000|100%|HC|  |TAMS 0x00000000e0f00000, 0x00000000e0e00000| Complete 
|  15|0x00000000e0f00000, 0x00000000e1000000, 0x00000000e1000000|100%|HS|  |TAMS 0x00000000e1000000, 0x00000000e0f00000| Complete 
|  16|0x00000000e1000000, 0x00000000e1100000, 0x00000000e1100000|100%|HC|  |TAMS 0x00000000e1100000, 0x00000000e1000000| Complete 
|  17|0x00000000e1100000, 0x00000000e1200000, 0x00000000e1200000|100%| O|  |TAMS 0x00000000e1100000, 0x00000000e1100000| Untracked 
|  18|0x00000000e1200000, 0x00000000e1300000, 0x00000000e1300000|100%| O|  |TAMS 0x00000000e1200000, 0x00000000e1200000| Untracked 
|  19|0x00000000e1300000, 0x00000000e1400000, 0x00000000e1400000|100%| O|  |TAMS 0x00000000e1300000, 0x00000000e1300000| Untracked 
|  20|0x00000000e1400000, 0x00000000e1500000, 0x00000000e1500000|100%| O|  |TAMS 0x00000000e1400000, 0x00000000e1400000| Untracked 
|  21|0x00000000e1500000, 0x00000000e1600000, 0x00000000e1600000|100%| O|  |TAMS 0x00000000e1500000, 0x00000000e1500000| Untracked 
|  22|0x00000000e1600000, 0x00000000e1700000, 0x00000000e1700000|100%| O|  |TAMS 0x00000000e1600000, 0x00000000e1600000| Untracked 
|  23|0x00000000e1700000, 0x00000000e1800000, 0x00000000e1800000|100%| O|  |TAMS 0x00000000e1700000, 0x00000000e1700000| Untracked 
|  24|0x00000000e1800000, 0x00000000e1900000, 0x00000000e1900000|100%| O|  |TAMS 0x00000000e1800000, 0x00000000e1800000| Untracked 
|  25|0x00000000e1900000, 0x00000000e1a00000, 0x00000000e1a00000|100%| O|  |TAMS 0x00000000e1900000, 0x00000000e1900000| Untracked 
|  26|0x00000000e1a00000, 0x00000000e1b00000, 0x00000000e1b00000|100%| O|  |TAMS 0x00000000e1a00000, 0x00000000e1a00000| Untracked 
|  27|0x00000000e1b00000, 0x00000000e1c00000, 0x00000000e1c00000|100%| O|  |TAMS 0x00000000e1b00000, 0x00000000e1b00000| Untracked 
|  28|0x00000000e1c00000, 0x00000000e1c32c00, 0x00000000e1d00000| 19%| O|  |TAMS 0x00000000e1c00000, 0x00000000e1c00000| Untracked 
|  29|0x00000000e1d00000, 0x00000000e1d00000, 0x00000000e1e00000|  0%| F|  |TAMS 0x00000000e1d00000, 0x00000000e1d00000| Untracked 
|  30|0x00000000e1e00000, 0x00000000e1e00000, 0x00000000e1f00000|  0%| F|  |TAMS 0x00000000e1e00000, 0x00000000e1e00000| Untracked 
|  31|0x00000000e1f00000, 0x00000000e1f00000, 0x00000000e2000000|  0%| F|  |TAMS 0x00000000e1f00000, 0x00000000e1f00000| Untracked 
|  32|0x00000000e2000000, 0x00000000e2000000, 0x00000000e2100000|  0%| F|  |TAMS 0x00000000e2000000, 0x00000000e2000000| Untracked 
|  33|0x00000000e2100000, 0x00000000e2100000, 0x00000000e2200000|  0%| F|  |TAMS 0x00000000e2100000, 0x00000000e2100000| Untracked 
|  34|0x00000000e2200000, 0x00000000e2200000, 0x00000000e2300000|  0%| F|  |TAMS 0x00000000e2200000, 0x00000000e2200000| Untracked 
|  35|0x00000000e2300000, 0x00000000e2300000, 0x00000000e2400000|  0%| F|  |TAMS 0x00000000e2300000, 0x00000000e2300000| Untracked 
|  36|0x00000000e2400000, 0x00000000e2400000, 0x00000000e2500000|  0%| F|  |TAMS 0x00000000e2400000, 0x00000000e2400000| Untracked 
|  37|0x00000000e2500000, 0x00000000e2500000, 0x00000000e2600000|  0%| F|  |TAMS 0x00000000e2500000, 0x00000000e2500000| Untracked 
|  38|0x00000000e2600000, 0x00000000e2600000, 0x00000000e2700000|  0%| F|  |TAMS 0x00000000e2600000, 0x00000000e2600000| Untracked 
|  39|0x00000000e2700000, 0x00000000e2700000, 0x00000000e2800000|  0%| F|  |TAMS 0x00000000e2700000, 0x00000000e2700000| Untracked 
|  40|0x00000000e2800000, 0x00000000e2800000, 0x00000000e2900000|  0%| F|  |TAMS 0x00000000e2800000, 0x00000000e2800000| Untracked 
|  41|0x00000000e2900000, 0x00000000e2900000, 0x00000000e2a00000|  0%| F|  |TAMS 0x00000000e2900000, 0x00000000e2900000| Untracked 
|  42|0x00000000e2a00000, 0x00000000e2a00000, 0x00000000e2b00000|  0%| F|  |TAMS 0x00000000e2a00000, 0x00000000e2a00000| Untracked 
|  43|0x00000000e2b00000, 0x00000000e2b00000, 0x00000000e2c00000|  0%| F|  |TAMS 0x00000000e2b00000, 0x00000000e2b00000| Untracked 
|  44|0x00000000e2c00000, 0x00000000e2c00000, 0x00000000e2d00000|  0%| F|  |TAMS 0x00000000e2c00000, 0x00000000e2c00000| Untracked 
|  45|0x00000000e2d00000, 0x00000000e2d00000, 0x00000000e2e00000|  0%| F|  |TAMS 0x00000000e2d00000, 0x00000000e2d00000| Untracked 
|  46|0x00000000e2e00000, 0x00000000e2e00000, 0x00000000e2f00000|  0%| F|  |TAMS 0x00000000e2e00000, 0x00000000e2e00000| Untracked 
|  47|0x00000000e2f00000, 0x00000000e2f00000, 0x00000000e3000000|  0%| F|  |TAMS 0x00000000e2f00000, 0x00000000e2f00000| Untracked 
|  48|0x00000000e3000000, 0x00000000e3000000, 0x00000000e3100000|  0%| F|  |TAMS 0x00000000e3000000, 0x00000000e3000000| Untracked 
|  49|0x00000000e3100000, 0x00000000e3100000, 0x00000000e3200000|  0%| F|  |TAMS 0x00000000e3100000, 0x00000000e3100000| Untracked 
|  50|0x00000000e3200000, 0x00000000e3200000, 0x00000000e3300000|  0%| F|  |TAMS 0x00000000e3200000, 0x00000000e3200000| Untracked 
|  51|0x00000000e3300000, 0x00000000e3300000, 0x00000000e3400000|  0%| F|  |TAMS 0x00000000e3300000, 0x00000000e3300000| Untracked 
|  52|0x00000000e3400000, 0x00000000e3400000, 0x00000000e3500000|  0%| F|  |TAMS 0x00000000e3400000, 0x00000000e3400000| Untracked 
|  53|0x00000000e3500000, 0x00000000e3500000, 0x00000000e3600000|  0%| F|  |TAMS 0x00000000e3500000, 0x00000000e3500000| Untracked 
|  54|0x00000000e3600000, 0x00000000e3600000, 0x00000000e3700000|  0%| F|  |TAMS 0x00000000e3600000, 0x00000000e3600000| Untracked 
|  55|0x00000000e3700000, 0x00000000e3700000, 0x00000000e3800000|  0%| F|  |TAMS 0x00000000e3700000, 0x00000000e3700000| Untracked 
|  56|0x00000000e3800000, 0x00000000e3800000, 0x00000000e3900000|  0%| F|  |TAMS 0x00000000e3800000, 0x00000000e3800000| Untracked 
|  57|0x00000000e3900000, 0x00000000e3900000, 0x00000000e3a00000|  0%| F|  |TAMS 0x00000000e3900000, 0x00000000e3900000| Untracked 
|  58|0x00000000e3a00000, 0x00000000e3a00000, 0x00000000e3b00000|  0%| F|  |TAMS 0x00000000e3a00000, 0x00000000e3a00000| Untracked 
|  59|0x00000000e3b00000, 0x00000000e3b00000, 0x00000000e3c00000|  0%| F|  |TAMS 0x00000000e3b00000, 0x00000000e3b00000| Untracked 
|  60|0x00000000e3c00000, 0x00000000e3c00000, 0x00000000e3d00000|  0%| F|  |TAMS 0x00000000e3c00000, 0x00000000e3c00000| Untracked 
|  61|0x00000000e3d00000, 0x00000000e3d00000, 0x00000000e3e00000|  0%| F|  |TAMS 0x00000000e3d00000, 0x00000000e3d00000| Untracked 
|  62|0x00000000e3e00000, 0x00000000e3e00000, 0x00000000e3f00000|  0%| F|  |TAMS 0x00000000e3e00000, 0x00000000e3e00000| Untracked 
|  63|0x00000000e3f00000, 0x00000000e3f00000, 0x00000000e4000000|  0%| F|  |TAMS 0x00000000e3f00000, 0x00000000e3f00000| Untracked 
|  64|0x00000000e4000000, 0x00000000e4000000, 0x00000000e4100000|  0%| F|  |TAMS 0x00000000e4000000, 0x00000000e4000000| Untracked 
|  65|0x00000000e4100000, 0x00000000e4100000, 0x00000000e4200000|  0%| F|  |TAMS 0x00000000e4100000, 0x00000000e4100000| Untracked 
|  66|0x00000000e4200000, 0x00000000e4200000, 0x00000000e4300000|  0%| F|  |TAMS 0x00000000e4200000, 0x00000000e4200000| Untracked 
|  67|0x00000000e4300000, 0x00000000e4300000, 0x00000000e4400000|  0%| F|  |TAMS 0x00000000e4300000, 0x00000000e4300000| Untracked 
|  68|0x00000000e4400000, 0x00000000e4400000, 0x00000000e4500000|  0%| F|  |TAMS 0x00000000e4400000, 0x00000000e4400000| Untracked 
|  69|0x00000000e4500000, 0x00000000e4500000, 0x00000000e4600000|  0%| F|  |TAMS 0x00000000e4500000, 0x00000000e4500000| Untracked 
|  70|0x00000000e4600000, 0x00000000e4600000, 0x00000000e4700000|  0%| F|  |TAMS 0x00000000e4600000, 0x00000000e4600000| Untracked 
|  71|0x00000000e4700000, 0x00000000e4700000, 0x00000000e4800000|  0%| F|  |TAMS 0x00000000e4700000, 0x00000000e4700000| Untracked 
|  72|0x00000000e4800000, 0x00000000e4800000, 0x00000000e4900000|  0%| F|  |TAMS 0x00000000e4800000, 0x00000000e4800000| Untracked 
|  73|0x00000000e4900000, 0x00000000e4900000, 0x00000000e4a00000|  0%| F|  |TAMS 0x00000000e4900000, 0x00000000e4900000| Untracked 
|  74|0x00000000e4a00000, 0x00000000e4a00000, 0x00000000e4b00000|  0%| F|  |TAMS 0x00000000e4a00000, 0x00000000e4a00000| Untracked 
|  75|0x00000000e4b00000, 0x00000000e4b00000, 0x00000000e4c00000|  0%| F|  |TAMS 0x00000000e4b00000, 0x00000000e4b00000| Untracked 
|  76|0x00000000e4c00000, 0x00000000e4c00000, 0x00000000e4d00000|  0%| F|  |TAMS 0x00000000e4c00000, 0x00000000e4c00000| Untracked 
|  77|0x00000000e4d00000, 0x00000000e4d00000, 0x00000000e4e00000|  0%| F|  |TAMS 0x00000000e4d00000, 0x00000000e4d00000| Untracked 
|  78|0x00000000e4e00000, 0x00000000e4e00000, 0x00000000e4f00000|  0%| F|  |TAMS 0x00000000e4e00000, 0x00000000e4e00000| Untracked 
|  79|0x00000000e4f00000, 0x00000000e4f00000, 0x00000000e5000000|  0%| F|  |TAMS 0x00000000e4f00000, 0x00000000e4f00000| Untracked 
|  80|0x00000000e5000000, 0x00000000e5000000, 0x00000000e5100000|  0%| F|  |TAMS 0x00000000e5000000, 0x00000000e5000000| Untracked 
|  81|0x00000000e5100000, 0x00000000e5100000, 0x00000000e5200000|  0%| F|  |TAMS 0x00000000e5100000, 0x00000000e5100000| Untracked 
|  82|0x00000000e5200000, 0x00000000e5200000, 0x00000000e5300000|  0%| F|  |TAMS 0x00000000e5200000, 0x00000000e5200000| Untracked 
|  83|0x00000000e5300000, 0x00000000e5300000, 0x00000000e5400000|  0%| F|  |TAMS 0x00000000e5300000, 0x00000000e5300000| Untracked 
|  84|0x00000000e5400000, 0x00000000e5400000, 0x00000000e5500000|  0%| F|  |TAMS 0x00000000e5400000, 0x00000000e5400000| Untracked 
|  85|0x00000000e5500000, 0x00000000e5500000, 0x00000000e5600000|  0%| F|  |TAMS 0x00000000e5500000, 0x00000000e5500000| Untracked 
|  86|0x00000000e5600000, 0x00000000e5600000, 0x00000000e5700000|  0%| F|  |TAMS 0x00000000e5600000, 0x00000000e5600000| Untracked 
|  87|0x00000000e5700000, 0x00000000e5700000, 0x00000000e5800000|  0%| F|  |TAMS 0x00000000e5700000, 0x00000000e5700000| Untracked 
|  88|0x00000000e5800000, 0x00000000e5800000, 0x00000000e5900000|  0%| F|  |TAMS 0x00000000e5800000, 0x00000000e5800000| Untracked 
|  89|0x00000000e5900000, 0x00000000e5900000, 0x00000000e5a00000|  0%| F|  |TAMS 0x00000000e5900000, 0x00000000e5900000| Untracked 
|  90|0x00000000e5a00000, 0x00000000e5a00000, 0x00000000e5b00000|  0%| F|  |TAMS 0x00000000e5a00000, 0x00000000e5a00000| Untracked 
|  91|0x00000000e5b00000, 0x00000000e5b00000, 0x00000000e5c00000|  0%| F|  |TAMS 0x00000000e5b00000, 0x00000000e5b00000| Untracked 
|  92|0x00000000e5c00000, 0x00000000e5c00000, 0x00000000e5d00000|  0%| F|  |TAMS 0x00000000e5c00000, 0x00000000e5c00000| Untracked 
|  93|0x00000000e5d00000, 0x00000000e5d00000, 0x00000000e5e00000|  0%| F|  |TAMS 0x00000000e5d00000, 0x00000000e5d00000| Untracked 
|  94|0x00000000e5e00000, 0x00000000e5e00000, 0x00000000e5f00000|  0%| F|  |TAMS 0x00000000e5e00000, 0x00000000e5e00000| Untracked 
|  95|0x00000000e5f00000, 0x00000000e5f00000, 0x00000000e6000000|  0%| F|  |TAMS 0x00000000e5f00000, 0x00000000e5f00000| Untracked 
|  96|0x00000000e6000000, 0x00000000e6000000, 0x00000000e6100000|  0%| F|  |TAMS 0x00000000e6000000, 0x00000000e6000000| Untracked 
|  97|0x00000000e6100000, 0x00000000e6100000, 0x00000000e6200000|  0%| F|  |TAMS 0x00000000e6100000, 0x00000000e6100000| Untracked 
|  98|0x00000000e6200000, 0x00000000e6200000, 0x00000000e6300000|  0%| F|  |TAMS 0x00000000e6200000, 0x00000000e6200000| Untracked 
|  99|0x00000000e6300000, 0x00000000e6300000, 0x00000000e6400000|  0%| F|  |TAMS 0x00000000e6300000, 0x00000000e6300000| Untracked 
| 100|0x00000000e6400000, 0x00000000e6400000, 0x00000000e6500000|  0%| F|  |TAMS 0x00000000e6400000, 0x00000000e6400000| Untracked 
| 101|0x00000000e6500000, 0x00000000e6500000, 0x00000000e6600000|  0%| F|  |TAMS 0x00000000e6500000, 0x00000000e6500000| Untracked 
| 102|0x00000000e6600000, 0x00000000e6600000, 0x00000000e6700000|  0%| F|  |TAMS 0x00000000e6600000, 0x00000000e6600000| Untracked 
| 103|0x00000000e6700000, 0x00000000e6700000, 0x00000000e6800000|  0%| F|  |TAMS 0x00000000e6700000, 0x00000000e6700000| Untracked 
| 104|0x00000000e6800000, 0x00000000e6800000, 0x00000000e6900000|  0%| F|  |TAMS 0x00000000e6800000, 0x00000000e6800000| Untracked 
| 105|0x00000000e6900000, 0x00000000e6900000, 0x00000000e6a00000|  0%| F|  |TAMS 0x00000000e6900000, 0x00000000e6900000| Untracked 
| 106|0x00000000e6a00000, 0x00000000e6a00000, 0x00000000e6b00000|  0%| F|  |TAMS 0x00000000e6a00000, 0x00000000e6a00000| Untracked 
| 107|0x00000000e6b00000, 0x00000000e6b00000, 0x00000000e6c00000|  0%| F|  |TAMS 0x00000000e6b00000, 0x00000000e6b00000| Untracked 
| 108|0x00000000e6c00000, 0x00000000e6c00000, 0x00000000e6d00000|  0%| F|  |TAMS 0x00000000e6c00000, 0x00000000e6c00000| Untracked 
| 109|0x00000000e6d00000, 0x00000000e6d00000, 0x00000000e6e00000|  0%| F|  |TAMS 0x00000000e6d00000, 0x00000000e6d00000| Untracked 
| 110|0x00000000e6e00000, 0x00000000e6e00000, 0x00000000e6f00000|  0%| F|  |TAMS 0x00000000e6e00000, 0x00000000e6e00000| Untracked 
| 111|0x00000000e6f00000, 0x00000000e6f00000, 0x00000000e7000000|  0%| F|  |TAMS 0x00000000e6f00000, 0x00000000e6f00000| Untracked 
| 112|0x00000000e7000000, 0x00000000e7000000, 0x00000000e7100000|  0%| F|  |TAMS 0x00000000e7000000, 0x00000000e7000000| Untracked 
| 113|0x00000000e7100000, 0x00000000e7100000, 0x00000000e7200000|  0%| F|  |TAMS 0x00000000e7100000, 0x00000000e7100000| Untracked 
| 114|0x00000000e7200000, 0x00000000e7200000, 0x00000000e7300000|  0%| F|  |TAMS 0x00000000e7200000, 0x00000000e7200000| Untracked 
| 115|0x00000000e7300000, 0x00000000e7300000, 0x00000000e7400000|  0%| F|  |TAMS 0x00000000e7300000, 0x00000000e7300000| Untracked 
| 116|0x00000000e7400000, 0x00000000e7400000, 0x00000000e7500000|  0%| F|  |TAMS 0x00000000e7400000, 0x00000000e7400000| Untracked 
| 117|0x00000000e7500000, 0x00000000e7500000, 0x00000000e7600000|  0%| F|  |TAMS 0x00000000e7500000, 0x00000000e7500000| Untracked 
| 118|0x00000000e7600000, 0x00000000e7600000, 0x00000000e7700000|  0%| F|  |TAMS 0x00000000e7600000, 0x00000000e7600000| Untracked 
| 119|0x00000000e7700000, 0x00000000e7700000, 0x00000000e7800000|  0%| F|  |TAMS 0x00000000e7700000, 0x00000000e7700000| Untracked 
| 120|0x00000000e7800000, 0x00000000e7800000, 0x00000000e7900000|  0%| F|  |TAMS 0x00000000e7800000, 0x00000000e7800000| Untracked 
| 121|0x00000000e7900000, 0x00000000e7900000, 0x00000000e7a00000|  0%| F|  |TAMS 0x00000000e7900000, 0x00000000e7900000| Untracked 
| 122|0x00000000e7a00000, 0x00000000e7a00000, 0x00000000e7b00000|  0%| F|  |TAMS 0x00000000e7a00000, 0x00000000e7a00000| Untracked 
| 123|0x00000000e7b00000, 0x00000000e7b00000, 0x00000000e7c00000|  0%| F|  |TAMS 0x00000000e7b00000, 0x00000000e7b00000| Untracked 
| 124|0x00000000e7c00000, 0x00000000e7c00000, 0x00000000e7d00000|  0%| F|  |TAMS 0x00000000e7c00000, 0x00000000e7c00000| Untracked 
| 125|0x00000000e7d00000, 0x00000000e7d00000, 0x00000000e7e00000|  0%| F|  |TAMS 0x00000000e7d00000, 0x00000000e7d00000| Untracked 
| 126|0x00000000e7e00000, 0x00000000e7e00000, 0x00000000e7f00000|  0%| F|  |TAMS 0x00000000e7e00000, 0x00000000e7e00000| Untracked 
| 127|0x00000000e7f00000, 0x00000000e7f00000, 0x00000000e8000000|  0%| F|  |TAMS 0x00000000e7f00000, 0x00000000e7f00000| Untracked 
| 128|0x00000000e8000000, 0x00000000e8000000, 0x00000000e8100000|  0%| F|  |TAMS 0x00000000e8000000, 0x00000000e8000000| Untracked 
| 129|0x00000000e8100000, 0x00000000e8100000, 0x00000000e8200000|  0%| F|  |TAMS 0x00000000e8100000, 0x00000000e8100000| Untracked 
| 130|0x00000000e8200000, 0x00000000e8200000, 0x00000000e8300000|  0%| F|  |TAMS 0x00000000e8200000, 0x00000000e8200000| Untracked 
| 131|0x00000000e8300000, 0x00000000e8300000, 0x00000000e8400000|  0%| F|  |TAMS 0x00000000e8300000, 0x00000000e8300000| Untracked 
| 132|0x00000000e8400000, 0x00000000e8400000, 0x00000000e8500000|  0%| F|  |TAMS 0x00000000e8400000, 0x00000000e8400000| Untracked 
| 133|0x00000000e8500000, 0x00000000e8500000, 0x00000000e8600000|  0%| F|  |TAMS 0x00000000e8500000, 0x00000000e8500000| Untracked 
| 134|0x00000000e8600000, 0x00000000e8600000, 0x00000000e8700000|  0%| F|  |TAMS 0x00000000e8600000, 0x00000000e8600000| Untracked 
| 135|0x00000000e8700000, 0x00000000e8700000, 0x00000000e8800000|  0%| F|  |TAMS 0x00000000e8700000, 0x00000000e8700000| Untracked 
| 136|0x00000000e8800000, 0x00000000e8800000, 0x00000000e8900000|  0%| F|  |TAMS 0x00000000e8800000, 0x00000000e8800000| Untracked 
| 137|0x00000000e8900000, 0x00000000e8900000, 0x00000000e8a00000|  0%| F|  |TAMS 0x00000000e8900000, 0x00000000e8900000| Untracked 
| 138|0x00000000e8a00000, 0x00000000e8a00000, 0x00000000e8b00000|  0%| F|  |TAMS 0x00000000e8a00000, 0x00000000e8a00000| Untracked 
| 139|0x00000000e8b00000, 0x00000000e8b00000, 0x00000000e8c00000|  0%| F|  |TAMS 0x00000000e8b00000, 0x00000000e8b00000| Untracked 
| 140|0x00000000e8c00000, 0x00000000e8c00000, 0x00000000e8d00000|  0%| F|  |TAMS 0x00000000e8c00000, 0x00000000e8c00000| Untracked 
| 141|0x00000000e8d00000, 0x00000000e8d00000, 0x00000000e8e00000|  0%| F|  |TAMS 0x00000000e8d00000, 0x00000000e8d00000| Untracked 
| 142|0x00000000e8e00000, 0x00000000e8e00000, 0x00000000e8f00000|  0%| F|  |TAMS 0x00000000e8e00000, 0x00000000e8e00000| Untracked 
| 143|0x00000000e8f00000, 0x00000000e8f00000, 0x00000000e9000000|  0%| F|  |TAMS 0x00000000e8f00000, 0x00000000e8f00000| Untracked 
| 144|0x00000000e9000000, 0x00000000e9000000, 0x00000000e9100000|  0%| F|  |TAMS 0x00000000e9000000, 0x00000000e9000000| Untracked 
| 145|0x00000000e9100000, 0x00000000e9100000, 0x00000000e9200000|  0%| F|  |TAMS 0x00000000e9100000, 0x00000000e9100000| Untracked 
| 146|0x00000000e9200000, 0x00000000e9200000, 0x00000000e9300000|  0%| F|  |TAMS 0x00000000e9200000, 0x00000000e9200000| Untracked 
| 147|0x00000000e9300000, 0x00000000e9300000, 0x00000000e9400000|  0%| F|  |TAMS 0x00000000e9300000, 0x00000000e9300000| Untracked 
| 148|0x00000000e9400000, 0x00000000e9400000, 0x00000000e9500000|  0%| F|  |TAMS 0x00000000e9400000, 0x00000000e9400000| Untracked 
| 149|0x00000000e9500000, 0x00000000e9500000, 0x00000000e9600000|  0%| F|  |TAMS 0x00000000e9500000, 0x00000000e9500000| Untracked 
| 150|0x00000000e9600000, 0x00000000e9600000, 0x00000000e9700000|  0%| F|  |TAMS 0x00000000e9600000, 0x00000000e9600000| Untracked 
| 151|0x00000000e9700000, 0x00000000e9700000, 0x00000000e9800000|  0%| F|  |TAMS 0x00000000e9700000, 0x00000000e9700000| Untracked 
| 152|0x00000000e9800000, 0x00000000e9800000, 0x00000000e9900000|  0%| F|  |TAMS 0x00000000e9800000, 0x00000000e9800000| Untracked 
| 153|0x00000000e9900000, 0x00000000e9900000, 0x00000000e9a00000|  0%| F|  |TAMS 0x00000000e9900000, 0x00000000e9900000| Untracked 
| 154|0x00000000e9a00000, 0x00000000e9a00000, 0x00000000e9b00000|  0%| F|  |TAMS 0x00000000e9a00000, 0x00000000e9a00000| Untracked 
| 155|0x00000000e9b00000, 0x00000000e9b00000, 0x00000000e9c00000|  0%| F|  |TAMS 0x00000000e9b00000, 0x00000000e9b00000| Untracked 
| 156|0x00000000e9c00000, 0x00000000e9c00000, 0x00000000e9d00000|  0%| F|  |TAMS 0x00000000e9c00000, 0x00000000e9c00000| Untracked 
| 157|0x00000000e9d00000, 0x00000000e9d00000, 0x00000000e9e00000|  0%| F|  |TAMS 0x00000000e9d00000, 0x00000000e9d00000| Untracked 
| 158|0x00000000e9e00000, 0x00000000e9e00000, 0x00000000e9f00000|  0%| F|  |TAMS 0x00000000e9e00000, 0x00000000e9e00000| Untracked 
| 159|0x00000000e9f00000, 0x00000000e9f00000, 0x00000000ea000000|  0%| F|  |TAMS 0x00000000e9f00000, 0x00000000e9f00000| Untracked 
| 160|0x00000000ea000000, 0x00000000ea000000, 0x00000000ea100000|  0%| F|  |TAMS 0x00000000ea000000, 0x00000000ea000000| Untracked 
| 161|0x00000000ea100000, 0x00000000ea100000, 0x00000000ea200000|  0%| F|  |TAMS 0x00000000ea100000, 0x00000000ea100000| Untracked 
| 162|0x00000000ea200000, 0x00000000ea200000, 0x00000000ea300000|  0%| F|  |TAMS 0x00000000ea200000, 0x00000000ea200000| Untracked 
| 163|0x00000000ea300000, 0x00000000ea300000, 0x00000000ea400000|  0%| F|  |TAMS 0x00000000ea300000, 0x00000000ea300000| Untracked 
| 164|0x00000000ea400000, 0x00000000ea400000, 0x00000000ea500000|  0%| F|  |TAMS 0x00000000ea400000, 0x00000000ea400000| Untracked 
| 165|0x00000000ea500000, 0x00000000ea500000, 0x00000000ea600000|  0%| F|  |TAMS 0x00000000ea500000, 0x00000000ea500000| Untracked 
| 166|0x00000000ea600000, 0x00000000ea600000, 0x00000000ea700000|  0%| F|  |TAMS 0x00000000ea600000, 0x00000000ea600000| Untracked 
| 167|0x00000000ea700000, 0x00000000ea700000, 0x00000000ea800000|  0%| F|  |TAMS 0x00000000ea700000, 0x00000000ea700000| Untracked 
| 168|0x00000000ea800000, 0x00000000ea800000, 0x00000000ea900000|  0%| F|  |TAMS 0x00000000ea800000, 0x00000000ea800000| Untracked 
| 169|0x00000000ea900000, 0x00000000ea900000, 0x00000000eaa00000|  0%| F|  |TAMS 0x00000000ea900000, 0x00000000ea900000| Untracked 
| 170|0x00000000eaa00000, 0x00000000eaa00000, 0x00000000eab00000|  0%| F|  |TAMS 0x00000000eaa00000, 0x00000000eaa00000| Untracked 
| 171|0x00000000eab00000, 0x00000000eab00000, 0x00000000eac00000|  0%| F|  |TAMS 0x00000000eab00000, 0x00000000eab00000| Untracked 
| 172|0x00000000eac00000, 0x00000000eac00000, 0x00000000ead00000|  0%| F|  |TAMS 0x00000000eac00000, 0x00000000eac00000| Untracked 
| 173|0x00000000ead00000, 0x00000000ead00000, 0x00000000eae00000|  0%| F|  |TAMS 0x00000000ead00000, 0x00000000ead00000| Untracked 
| 174|0x00000000eae00000, 0x00000000eae00000, 0x00000000eaf00000|  0%| F|  |TAMS 0x00000000eae00000, 0x00000000eae00000| Untracked 
| 175|0x00000000eaf00000, 0x00000000eaf00000, 0x00000000eb000000|  0%| F|  |TAMS 0x00000000eaf00000, 0x00000000eaf00000| Untracked 
| 176|0x00000000eb000000, 0x00000000eb000000, 0x00000000eb100000|  0%| F|  |TAMS 0x00000000eb000000, 0x00000000eb000000| Untracked 
| 177|0x00000000eb100000, 0x00000000eb100000, 0x00000000eb200000|  0%| F|  |TAMS 0x00000000eb100000, 0x00000000eb100000| Untracked 
| 178|0x00000000eb200000, 0x00000000eb200000, 0x00000000eb300000|  0%| F|  |TAMS 0x00000000eb200000, 0x00000000eb200000| Untracked 
| 179|0x00000000eb300000, 0x00000000eb300000, 0x00000000eb400000|  0%| F|  |TAMS 0x00000000eb300000, 0x00000000eb300000| Untracked 
| 180|0x00000000eb400000, 0x00000000eb400000, 0x00000000eb500000|  0%| F|  |TAMS 0x00000000eb400000, 0x00000000eb400000| Untracked 
| 181|0x00000000eb500000, 0x00000000eb500000, 0x00000000eb600000|  0%| F|  |TAMS 0x00000000eb500000, 0x00000000eb500000| Untracked 
| 182|0x00000000eb600000, 0x00000000eb600000, 0x00000000eb700000|  0%| F|  |TAMS 0x00000000eb600000, 0x00000000eb600000| Untracked 
| 183|0x00000000eb700000, 0x00000000eb700000, 0x00000000eb800000|  0%| F|  |TAMS 0x00000000eb700000, 0x00000000eb700000| Untracked 
| 184|0x00000000eb800000, 0x00000000eb800000, 0x00000000eb900000|  0%| F|  |TAMS 0x00000000eb800000, 0x00000000eb800000| Untracked 
| 185|0x00000000eb900000, 0x00000000eb900000, 0x00000000eba00000|  0%| F|  |TAMS 0x00000000eb900000, 0x00000000eb900000| Untracked 
| 186|0x00000000eba00000, 0x00000000eba00000, 0x00000000ebb00000|  0%| F|  |TAMS 0x00000000eba00000, 0x00000000eba00000| Untracked 
| 187|0x00000000ebb00000, 0x00000000ebb00000, 0x00000000ebc00000|  0%| F|  |TAMS 0x00000000ebb00000, 0x00000000ebb00000| Untracked 
| 188|0x00000000ebc00000, 0x00000000ebc00000, 0x00000000ebd00000|  0%| F|  |TAMS 0x00000000ebc00000, 0x00000000ebc00000| Untracked 
| 189|0x00000000ebd00000, 0x00000000ebd00000, 0x00000000ebe00000|  0%| F|  |TAMS 0x00000000ebd00000, 0x00000000ebd00000| Untracked 
| 190|0x00000000ebe00000, 0x00000000ebe00000, 0x00000000ebf00000|  0%| F|  |TAMS 0x00000000ebe00000, 0x00000000ebe00000| Untracked 
| 191|0x00000000ebf00000, 0x00000000ebf00000, 0x00000000ec000000|  0%| F|  |TAMS 0x00000000ebf00000, 0x00000000ebf00000| Untracked 
| 192|0x00000000ec000000, 0x00000000ec000000, 0x00000000ec100000|  0%| F|  |TAMS 0x00000000ec000000, 0x00000000ec000000| Untracked 
| 193|0x00000000ec100000, 0x00000000ec100000, 0x00000000ec200000|  0%| F|  |TAMS 0x00000000ec100000, 0x00000000ec100000| Untracked 
| 194|0x00000000ec200000, 0x00000000ec200000, 0x00000000ec300000|  0%| F|  |TAMS 0x00000000ec200000, 0x00000000ec200000| Untracked 
| 195|0x00000000ec300000, 0x00000000ec300000, 0x00000000ec400000|  0%| F|  |TAMS 0x00000000ec300000, 0x00000000ec300000| Untracked 
| 196|0x00000000ec400000, 0x00000000ec400000, 0x00000000ec500000|  0%| F|  |TAMS 0x00000000ec400000, 0x00000000ec400000| Untracked 
| 197|0x00000000ec500000, 0x00000000ec500000, 0x00000000ec600000|  0%| F|  |TAMS 0x00000000ec500000, 0x00000000ec500000| Untracked 
| 198|0x00000000ec600000, 0x00000000ec600000, 0x00000000ec700000|  0%| F|  |TAMS 0x00000000ec600000, 0x00000000ec600000| Untracked 
| 199|0x00000000ec700000, 0x00000000ec700000, 0x00000000ec800000|  0%| F|  |TAMS 0x00000000ec700000, 0x00000000ec700000| Untracked 
| 200|0x00000000ec800000, 0x00000000ec800000, 0x00000000ec900000|  0%| F|  |TAMS 0x00000000ec800000, 0x00000000ec800000| Untracked 
| 201|0x00000000ec900000, 0x00000000ec900000, 0x00000000eca00000|  0%| F|  |TAMS 0x00000000ec900000, 0x00000000ec900000| Untracked 
| 202|0x00000000eca00000, 0x00000000eca00000, 0x00000000ecb00000|  0%| F|  |TAMS 0x00000000eca00000, 0x00000000eca00000| Untracked 
| 203|0x00000000ecb00000, 0x00000000ecb00000, 0x00000000ecc00000|  0%| F|  |TAMS 0x00000000ecb00000, 0x00000000ecb00000| Untracked 
| 204|0x00000000ecc00000, 0x00000000ecc00000, 0x00000000ecd00000|  0%| F|  |TAMS 0x00000000ecc00000, 0x00000000ecc00000| Untracked 
| 205|0x00000000ecd00000, 0x00000000ecd00000, 0x00000000ece00000|  0%| F|  |TAMS 0x00000000ecd00000, 0x00000000ecd00000| Untracked 
| 206|0x00000000ece00000, 0x00000000ece00000, 0x00000000ecf00000|  0%| F|  |TAMS 0x00000000ece00000, 0x00000000ece00000| Untracked 
| 207|0x00000000ecf00000, 0x00000000ecf00000, 0x00000000ed000000|  0%| F|  |TAMS 0x00000000ecf00000, 0x00000000ecf00000| Untracked 
| 208|0x00000000ed000000, 0x00000000ed000000, 0x00000000ed100000|  0%| F|  |TAMS 0x00000000ed000000, 0x00000000ed000000| Untracked 
| 209|0x00000000ed100000, 0x00000000ed100000, 0x00000000ed200000|  0%| F|  |TAMS 0x00000000ed100000, 0x00000000ed100000| Untracked 
| 210|0x00000000ed200000, 0x00000000ed200000, 0x00000000ed300000|  0%| F|  |TAMS 0x00000000ed200000, 0x00000000ed200000| Untracked 
| 211|0x00000000ed300000, 0x00000000ed300000, 0x00000000ed400000|  0%| F|  |TAMS 0x00000000ed300000, 0x00000000ed300000| Untracked 
| 212|0x00000000ed400000, 0x00000000ed400000, 0x00000000ed500000|  0%| F|  |TAMS 0x00000000ed400000, 0x00000000ed400000| Untracked 
| 213|0x00000000ed500000, 0x00000000ed500000, 0x00000000ed600000|  0%| F|  |TAMS 0x00000000ed500000, 0x00000000ed500000| Untracked 
| 214|0x00000000ed600000, 0x00000000ed600000, 0x00000000ed700000|  0%| F|  |TAMS 0x00000000ed600000, 0x00000000ed600000| Untracked 
| 215|0x00000000ed700000, 0x00000000ed700000, 0x00000000ed800000|  0%| F|  |TAMS 0x00000000ed700000, 0x00000000ed700000| Untracked 
| 216|0x00000000ed800000, 0x00000000ed800000, 0x00000000ed900000|  0%| F|  |TAMS 0x00000000ed800000, 0x00000000ed800000| Untracked 
| 217|0x00000000ed900000, 0x00000000ed900000, 0x00000000eda00000|  0%| F|  |TAMS 0x00000000ed900000, 0x00000000ed900000| Untracked 
| 218|0x00000000eda00000, 0x00000000eda00000, 0x00000000edb00000|  0%| F|  |TAMS 0x00000000eda00000, 0x00000000eda00000| Untracked 
| 219|0x00000000edb00000, 0x00000000edb00000, 0x00000000edc00000|  0%| F|  |TAMS 0x00000000edb00000, 0x00000000edb00000| Untracked 
| 220|0x00000000edc00000, 0x00000000edc00000, 0x00000000edd00000|  0%| F|  |TAMS 0x00000000edc00000, 0x00000000edc00000| Untracked 
| 221|0x00000000edd00000, 0x00000000edd00000, 0x00000000ede00000|  0%| F|  |TAMS 0x00000000edd00000, 0x00000000edd00000| Untracked 
| 222|0x00000000ede00000, 0x00000000ede00000, 0x00000000edf00000|  0%| F|  |TAMS 0x00000000ede00000, 0x00000000ede00000| Untracked 
| 223|0x00000000edf00000, 0x00000000edf00000, 0x00000000ee000000|  0%| F|  |TAMS 0x00000000edf00000, 0x00000000edf00000| Untracked 
| 224|0x00000000ee000000, 0x00000000ee000000, 0x00000000ee100000|  0%| F|  |TAMS 0x00000000ee000000, 0x00000000ee000000| Untracked 
| 225|0x00000000ee100000, 0x00000000ee100000, 0x00000000ee200000|  0%| F|  |TAMS 0x00000000ee100000, 0x00000000ee100000| Untracked 
| 226|0x00000000ee200000, 0x00000000ee24c470, 0x00000000ee300000| 29%| S|CS|TAMS 0x00000000ee200000, 0x00000000ee200000| Complete 
| 227|0x00000000ee300000, 0x00000000ee400000, 0x00000000ee400000|100%| S|CS|TAMS 0x00000000ee300000, 0x00000000ee300000| Complete 
| 228|0x00000000ee400000, 0x00000000ee500000, 0x00000000ee500000|100%| S|CS|TAMS 0x00000000ee400000, 0x00000000ee400000| Complete 
| 229|0x00000000ee500000, 0x00000000ee600000, 0x00000000ee600000|100%| S|CS|TAMS 0x00000000ee500000, 0x00000000ee500000| Complete 
| 230|0x00000000ee600000, 0x00000000ee600000, 0x00000000ee700000|  0%| F|  |TAMS 0x00000000ee600000, 0x00000000ee600000| Untracked 
| 231|0x00000000ee700000, 0x00000000ee700000, 0x00000000ee800000|  0%| F|  |TAMS 0x00000000ee700000, 0x00000000ee700000| Untracked 
| 232|0x00000000ee800000, 0x00000000ee800000, 0x00000000ee900000|  0%| F|  |TAMS 0x00000000ee800000, 0x00000000ee800000| Untracked 
| 233|0x00000000ee900000, 0x00000000ee900000, 0x00000000eea00000|  0%| F|  |TAMS 0x00000000ee900000, 0x00000000ee900000| Untracked 
| 234|0x00000000eea00000, 0x00000000eea00000, 0x00000000eeb00000|  0%| F|  |TAMS 0x00000000eea00000, 0x00000000eea00000| Untracked 
| 235|0x00000000eeb00000, 0x00000000eeb00000, 0x00000000eec00000|  0%| F|  |TAMS 0x00000000eeb00000, 0x00000000eeb00000| Untracked 
| 236|0x00000000eec00000, 0x00000000eec00000, 0x00000000eed00000|  0%| F|  |TAMS 0x00000000eec00000, 0x00000000eec00000| Untracked 
| 237|0x00000000eed00000, 0x00000000eed00000, 0x00000000eee00000|  0%| F|  |TAMS 0x00000000eed00000, 0x00000000eed00000| Untracked 
| 238|0x00000000eee00000, 0x00000000eee00000, 0x00000000eef00000|  0%| F|  |TAMS 0x00000000eee00000, 0x00000000eee00000| Untracked 
| 239|0x00000000eef00000, 0x00000000eef00000, 0x00000000ef000000|  0%| F|  |TAMS 0x00000000eef00000, 0x00000000eef00000| Untracked 
| 240|0x00000000ef000000, 0x00000000ef000000, 0x00000000ef100000|  0%| F|  |TAMS 0x00000000ef000000, 0x00000000ef000000| Untracked 
| 241|0x00000000ef100000, 0x00000000ef100000, 0x00000000ef200000|  0%| F|  |TAMS 0x00000000ef100000, 0x00000000ef100000| Untracked 
| 242|0x00000000ef200000, 0x00000000ef200000, 0x00000000ef300000|  0%| F|  |TAMS 0x00000000ef200000, 0x00000000ef200000| Untracked 
| 243|0x00000000ef300000, 0x00000000ef300000, 0x00000000ef400000|  0%| F|  |TAMS 0x00000000ef300000, 0x00000000ef300000| Untracked 
| 244|0x00000000ef400000, 0x00000000ef400000, 0x00000000ef500000|  0%| F|  |TAMS 0x00000000ef400000, 0x00000000ef400000| Untracked 
| 245|0x00000000ef500000, 0x00000000ef500000, 0x00000000ef600000|  0%| F|  |TAMS 0x00000000ef500000, 0x00000000ef500000| Untracked 
| 246|0x00000000ef600000, 0x00000000ef600000, 0x00000000ef700000|  0%| F|  |TAMS 0x00000000ef600000, 0x00000000ef600000| Untracked 
| 247|0x00000000ef700000, 0x00000000ef700000, 0x00000000ef800000|  0%| F|  |TAMS 0x00000000ef700000, 0x00000000ef700000| Untracked 
| 248|0x00000000ef800000, 0x00000000ef800000, 0x00000000ef900000|  0%| F|  |TAMS 0x00000000ef800000, 0x00000000ef800000| Untracked 
| 249|0x00000000ef900000, 0x00000000ef900000, 0x00000000efa00000|  0%| F|  |TAMS 0x00000000ef900000, 0x00000000ef900000| Untracked 
| 250|0x00000000efa00000, 0x00000000efa00000, 0x00000000efb00000|  0%| F|  |TAMS 0x00000000efa00000, 0x00000000efa00000| Untracked 
| 251|0x00000000efb00000, 0x00000000efb00000, 0x00000000efc00000|  0%| F|  |TAMS 0x00000000efb00000, 0x00000000efb00000| Untracked 
| 252|0x00000000efc00000, 0x00000000efc00000, 0x00000000efd00000|  0%| F|  |TAMS 0x00000000efc00000, 0x00000000efc00000| Untracked 
| 253|0x00000000efd00000, 0x00000000efd00000, 0x00000000efe00000|  0%| F|  |TAMS 0x00000000efd00000, 0x00000000efd00000| Untracked 
| 254|0x00000000efe00000, 0x00000000efef2f98, 0x00000000eff00000| 94%| E|  |TAMS 0x00000000efe00000, 0x00000000efe00000| Complete 
| 255|0x00000000eff00000, 0x00000000f0000000, 0x00000000f0000000|100%| E|  |TAMS 0x00000000eff00000, 0x00000000eff00000| Complete 

Card table byte_map: [0x000002856d5a0000,0x000002856d6a0000] _byte_map_base: 0x000002856cea0000

Marking Bits (Prev, Next): (CMBitMap*) 0x0000028554f63f00, (CMBitMap*) 0x0000028554f63ec0
 Prev Bits: [0x000002856dfa0000, 0x000002856e7a0000)
 Next Bits: [0x000002856d7a0000, 0x000002856dfa0000)

Polling page: 0x0000028554e10000

Metaspace:

Usage:
  Non-class:     23.50 MB used.
      Class:      3.85 MB used.
       Both:     27.34 MB used.

Virtual space:
  Non-class space:       32.00 MB reserved,      23.69 MB ( 74%) committed,  4 nodes.
      Class space:      208.00 MB reserved,       4.00 MB (  2%) committed,  1 nodes.
              Both:      240.00 MB reserved,      27.69 MB ( 12%) committed. 

Chunk freelists:
   Non-Class:  3.92 MB
       Class:  3.95 MB
        Both:  7.88 MB

MaxMetaspaceSize: 256.00 MB
CompressedClassSpaceSize: 208.00 MB
 - commit_granule_bytes: 65536.
 - commit_granule_words: 8192.
 - virtual_space_node_default_size: 1048576.
 - enlarge_chunks_in_place: 1.
 - new_chunks_are_fully_committed: 0.
 - uncommit_free_chunks: 1.
 - use_allocation_guard: 0.
 - handle_deallocations: 1.


Internal statistics:

num_allocs_failed_limit: 3.
num_arena_births: 352.
num_arena_deaths: 0.
num_vsnodes_births: 5.
num_vsnodes_deaths: 0.
num_space_committed: 443.
num_space_uncommitted: 0.
num_chunks_returned_to_freelist: 3.
num_chunks_taken_from_freelist: 1339.
num_chunk_merges: 3.
num_chunk_splits: 875.
num_chunks_enlarged: 603.
num_purges: 0.

CodeHeap 'non-profiled nmethods': size=120000Kb used=1770Kb max_used=1770Kb free=118229Kb
 bounds [0x0000028565940000, 0x0000028565bb0000, 0x000002856ce70000]
CodeHeap 'profiled nmethods': size=120000Kb used=6425Kb max_used=6425Kb free=113575Kb
 bounds [0x000002855e410000, 0x000002855ea60000, 0x0000028565940000]
CodeHeap 'non-nmethods': size=5760Kb used=1595Kb max_used=1595Kb free=4164Kb
 bounds [0x000002855de70000, 0x000002855e0e0000, 0x000002855e410000]
 total_blobs=3789 nmethods=3134 adapters=567
 compilation: enabled
              stopped_count=0, restarted_count=0
 full_count=0

Compilation events (20 events):
Event: 8.264 Thread 0x0000028570dba2d0 2911       4       java.util.ImmutableCollections$SetN$SetNIterator::next (90 bytes)
Event: 8.265 Thread 0x0000028570dba2d0 nmethod 2911 0x0000028565ae7510 code [0x0000028565ae76a0, 0x0000028565ae77b8]
Event: 8.265 Thread 0x0000028570dba2d0 2850       4       java.util.Arrays::hashCode (56 bytes)
Event: 8.266 Thread 0x0000028570dba2d0 nmethod 2850 0x0000028565ae7910 code [0x0000028565ae7aa0, 0x0000028565ae7c18]
Event: 8.266 Thread 0x0000028570dba2d0 2912       4       java.util.ImmutableCollections$SetN$SetNIterator::hasNext (13 bytes)
Event: 8.266 Thread 0x0000028570dba2d0 nmethod 2912 0x0000028565ae7d90 code [0x0000028565ae7f00, 0x0000028565ae7f98]
Event: 8.266 Thread 0x0000028570dba2d0 2920       4       java.util.Spliterators$IteratorSpliterator::tryAdvance (77 bytes)
Event: 8.271 Thread 0x0000028570dba2d0 nmethod 2920 0x0000028565ae8090 code [0x0000028565ae8260, 0x0000028565ae87f8]
Event: 8.271 Thread 0x0000028570dba2d0 2923       4       java.util.stream.MatchOps$1MatchSink::accept (44 bytes)
Event: 8.272 Thread 0x0000028570dba2d0 nmethod 2923 0x0000028565ae8c90 code [0x0000028565ae8e20, 0x0000028565ae9138]
Event: 8.272 Thread 0x0000028570dba2d0 2924       4       org.codehaus.groovy.vmplugin.v9.Java9$$Lambda$303/0x0000000800f9ac88::test (12 bytes)
Event: 8.273 Thread 0x0000028570dba2d0 nmethod 2924 0x0000028565ae9390 code [0x0000028565ae9520, 0x0000028565ae9758]
Event: 8.273 Thread 0x0000028570dba2d0 2930       4       org.codehaus.groovy.vmplugin.v9.Java9::lambda$isExported$11 (24 bytes)
Event: 8.274 Thread 0x0000028570dba2d0 nmethod 2930 0x0000028565ae9910 code [0x0000028565ae9aa0, 0x0000028565ae9c98]
Event: 8.274 Thread 0x0000028570dba2d0 2899       4       java.util.stream.AbstractPipeline::isParallel (8 bytes)
Event: 8.274 Thread 0x0000028570dba2d0 nmethod 2899 0x0000028565ae9e10 code [0x0000028565ae9fa0, 0x0000028565aea038]
Event: 8.274 Thread 0x0000028570dba2d0 2970       4       java.util.HashMap::afterNodeAccess (1 bytes)
Event: 8.274 Thread 0x0000028570dba2d0 nmethod 2970 0x0000028565aea110 code [0x0000028565aea280, 0x0000028565aea2f8]
Event: 8.274 Thread 0x0000028570dba2d0 2871       4       java.util.Set::of (4 bytes)
Event: 8.275 Thread 0x0000028570dba2d0 nmethod 2871 0x0000028565aea410 code [0x0000028565aea580, 0x0000028565aea5d8]

GC Heap History (8 events):
Event: 0.616 GC heap before
{Heap before GC invocations=0 (full 0):
 garbage-first heap   total 262144K, used 15360K [0x00000000e0000000, 0x0000000100000000)
  region size 1024K, 13 young (13312K), 0 survivors (0K)
 Metaspace       used 1035K, committed 1216K, reserved 221184K
  class space    used 73K, committed 128K, reserved 212992K
}
Event: 0.618 GC heap after
{Heap after GC invocations=1 (full 0):
 garbage-first heap   total 262144K, used 4536K [0x00000000e0000000, 0x0000000100000000)
  region size 1024K, 2 young (2048K), 2 survivors (2048K)
 Metaspace       used 1035K, committed 1216K, reserved 221184K
  class space    used 73K, committed 128K, reserved 212992K
}
Event: 0.860 GC heap before
{Heap before GC invocations=1 (full 0):
 garbage-first heap   total 262144K, used 20920K [0x00000000e0000000, 0x0000000100000000)
  region size 1024K, 16 young (16384K), 2 survivors (2048K)
 Metaspace       used 3753K, committed 3968K, reserved 221184K
  class space    used 457K, committed 576K, reserved 212992K
}
Event: 0.862 GC heap after
{Heap after GC invocations=2 (full 0):
 garbage-first heap   total 262144K, used 9004K [0x00000000e0000000, 0x0000000100000000)
  region size 1024K, 2 young (2048K), 2 survivors (2048K)
 Metaspace       used 3753K, committed 3968K, reserved 221184K
  class space    used 457K, committed 576K, reserved 212992K
}
Event: 1.068 GC heap before
{Heap before GC invocations=2 (full 0):
 garbage-first heap   total 262144K, used 30508K [0x00000000e0000000, 0x0000000100000000)
  region size 1024K, 23 young (23552K), 2 survivors (2048K)
 Metaspace       used 3969K, committed 4160K, reserved 221184K
  class space    used 470K, committed 576K, reserved 212992K
}
Event: 1.070 GC heap after
{Heap after GC invocations=3 (full 0):
 garbage-first heap   total 262144K, used 11819K [0x00000000e0000000, 0x0000000100000000)
  region size 1024K, 2 young (2048K), 2 survivors (2048K)
 Metaspace       used 3969K, committed 4160K, reserved 221184K
  class space    used 470K, committed 576K, reserved 212992K
}
Event: 6.398 GC heap before
{Heap before GC invocations=3 (full 0):
 garbage-first heap   total 262144K, used 129579K [0x00000000e0000000, 0x0000000100000000)
  region size 1024K, 112 young (114688K), 2 survivors (2048K)
 Metaspace       used 20942K, committed 21248K, reserved 237568K
  class space    used 3087K, committed 3264K, reserved 212992K
}
Event: 6.672 GC heap after
{Heap after GC invocations=4 (full 0):
 garbage-first heap   total 262144K, used 28647K [0x00000000e0000000, 0x0000000100000000)
  region size 1024K, 13 young (13312K), 13 survivors (13312K)
 Metaspace       used 20942K, committed 21248K, reserved 237568K
  class space    used 3087K, committed 3264K, reserved 212992K
}

Deoptimization events (20 events):
Event: 6.265 Thread 0x000002857257be10 Uncommon trap: trap_request=0xffffffc6 fr.pc=0x0000028565a8f9d8 relative=0x0000000000000918
Event: 6.265 Thread 0x000002857257be10 Uncommon trap: reason=bimorphic_or_optimized_type_check action=maybe_recompile pc=0x0000028565a8f9d8 method=java.io.DataOutputStream.writeLong(J)V @ 108 c2
Event: 6.265 Thread 0x000002857257be10 DEOPT PACKING pc=0x0000028565a8f9d8 sp=0x000000dcb0cf9d00
Event: 6.265 Thread 0x000002857257be10 DEOPT UNPACKING pc=0x000002855debd72e sp=0x000000dcb0cf9ce8 mode 2
Event: 6.938 Thread 0x000002857257be10 Uncommon trap: trap_request=0xffffffc6 fr.pc=0x0000028565a8f9d8 relative=0x0000000000000918
Event: 6.938 Thread 0x000002857257be10 Uncommon trap: reason=bimorphic_or_optimized_type_check action=maybe_recompile pc=0x0000028565a8f9d8 method=java.io.DataOutputStream.writeLong(J)V @ 108 c2
Event: 6.938 Thread 0x000002857257be10 DEOPT PACKING pc=0x0000028565a8f9d8 sp=0x000000dcb0cf9c60
Event: 6.938 Thread 0x000002857257be10 DEOPT UNPACKING pc=0x000002855debd72e sp=0x000000dcb0cf9c48 mode 2
Event: 7.759 Thread 0x000002857257be10 Uncommon trap: trap_request=0xffffff45 fr.pc=0x0000028565abeddc relative=0x00000000000065fc
Event: 7.759 Thread 0x000002857257be10 Uncommon trap: reason=unstable_if action=reinterpret pc=0x0000028565abeddc method=java.lang.ClassLoader.getClassLoadingLock(Ljava/lang/String;)Ljava/lang/Object; @ 6 c2
Event: 7.760 Thread 0x000002857257be10 DEOPT PACKING pc=0x0000028565abeddc sp=0x000000dcb0cf9620
Event: 7.760 Thread 0x000002857257be10 DEOPT UNPACKING pc=0x000002855debd72e sp=0x000000dcb0cf9620 mode 2
Event: 7.763 Thread 0x000002857257be10 Uncommon trap: trap_request=0xffffff45 fr.pc=0x0000028565a2e10c relative=0x00000000000000ec
Event: 7.763 Thread 0x000002857257be10 Uncommon trap: reason=unstable_if action=reinterpret pc=0x0000028565a2e10c method=java.lang.ClassLoader.getClassLoadingLock(Ljava/lang/String;)Ljava/lang/Object; @ 6 c2
Event: 7.763 Thread 0x000002857257be10 DEOPT PACKING pc=0x0000028565a2e10c sp=0x000000dcb0cf98e0
Event: 7.763 Thread 0x000002857257be10 DEOPT UNPACKING pc=0x000002855debd72e sp=0x000000dcb0cf9880 mode 2
Event: 7.764 Thread 0x000002857257be10 Uncommon trap: trap_request=0xffffff45 fr.pc=0x0000028565a8865c relative=0x000000000000077c
Event: 7.764 Thread 0x000002857257be10 Uncommon trap: reason=unstable_if action=reinterpret pc=0x0000028565a8865c method=java.lang.Class.getPackageName()Ljava/lang/String; @ 55 c2
Event: 7.764 Thread 0x000002857257be10 DEOPT PACKING pc=0x0000028565a8865c sp=0x000000dcb0cfae70
Event: 7.764 Thread 0x000002857257be10 DEOPT UNPACKING pc=0x000002855debd72e sp=0x000000dcb0cfae30 mode 2

Classes unloaded (0 events):
No events

Classes redefined (0 events):
No events

Internal exceptions (20 events):
Event: 5.340 Thread 0x000002857257be10 Exception <a 'java/lang/NoSuchMethodError'{0x00000000ea32e7a0}: static Lorg/gradle/tooling/internal/consumer/versioning/VersionDetails$R28VersionDetails;.<clinit>()V> (0x00000000ea32e7a0) 
thrown [t:\workspace\open\src\hotspot\share\prims\jni.cpp, line 1210]
Event: 5.340 Thread 0x000002857257be10 Exception <a 'java/lang/NoSuchMethodError'{0x00000000ea32fda8}: static Lorg/gradle/tooling/internal/consumer/versioning/VersionDetails$R35VersionDetails;.<clinit>()V> (0x00000000ea32fda8) 
thrown [t:\workspace\open\src\hotspot\share\prims\jni.cpp, line 1210]
Event: 5.340 Thread 0x000002857257be10 Exception <a 'java/lang/NoSuchMethodError'{0x00000000ea331578}: static Lorg/gradle/tooling/internal/consumer/versioning/VersionDetails$R44VersionDetails;.<clinit>()V> (0x00000000ea331578) 
thrown [t:\workspace\open\src\hotspot\share\prims\jni.cpp, line 1210]
Event: 5.340 Thread 0x000002857257be10 Exception <a 'java/lang/NoSuchMethodError'{0x00000000ea332c80}: static Lorg/gradle/tooling/internal/consumer/versioning/VersionDetails$R48VersionDetails;.<clinit>()V> (0x00000000ea332c80) 
thrown [t:\workspace\open\src\hotspot\share\prims\jni.cpp, line 1210]
Event: 5.340 Thread 0x000002857257be10 Exception <a 'java/lang/NoSuchMethodError'{0x00000000ea334228}: static Lorg/gradle/tooling/internal/consumer/versioning/VersionDetails$R51VersionDetails;.<clinit>()V> (0x00000000ea334228) 
thrown [t:\workspace\open\src\hotspot\share\prims\jni.cpp, line 1210]
Event: 5.550 Thread 0x000002857257be10 Exception <a 'java/lang/NoSuchMethodError'{0x00000000e9d575e0}: 'java.lang.Object java.lang.invoke.DirectMethodHandle$Holder.invokeSpecialIFC(java.lang.Object, java.lang.Object, java.lang.Object, java.lang.Object)'> (0x00000000e9d575e0) 
thrown [t:\workspace\open\src\hotspot\share\interpreter\linkResolver.cpp, line 790]
Event: 5.556 Thread 0x000002857257be10 Exception <a 'java/lang/NoSuchMethodError'{0x00000000e9c4d9d8}: 'java.lang.Object java.lang.invoke.DirectMethodHandle$Holder.invokeSpecial(java.lang.Object, java.lang.Object, java.lang.Object, java.lang.Object, java.lang.Object, java.lang.Object, java.lang.Object, java.lang.Object, java.lang.Object, java.lang.Object, java.lang.Object, java.lang.Object, java.lang.Object)'> (0x00000000e9c4d9d8) 
thrown [t:\workspace\open\src\hotspot\share\interpreter\linkResolver.cpp, line 790]
Event: 5.557 Thread 0x000002857257be10 Exception <a 'java/lang/NoSuchMethodError'{0x00000000e9c60e68}: 'java.lang.Object java.lang.invoke.DirectMethodHandle$Holder.newInvokeSpecial(java.lang.Object, java.lang.Object, java.lang.Object, java.lang.Object, java.lang.Object, java.lang.Object, java.lang.Object, java.lang.Object, java.lang.Object, java.lang.Object, java.lang.Object)'> (0x00000000e9c60e68) 
thrown [t:\workspace\open\src\hotspot\share\interpreter\linkResolver.cpp, line 790]
Event: 5.557 Thread 0x000002857257be10 Exception <a 'java/lang/NoSuchMethodError'{0x00000000e9c66ba8}: 'java.lang.Object java.lang.invoke.DirectMethodHandle$Holder.invokeSpecial(java.lang.Object, java.lang.Object, java.lang.Object, java.lang.Object, java.lang.Object, java.lang.Object, java.lang.Object, java.lang.Object, java.lang.Object, java.lang.Object, java.lang.Object, java.lang.Object)'> (0x00000000e9c66ba8) 
thrown [t:\workspace\open\src\hotspot\share\interpreter\linkResolver.cpp, line 790]
Event: 5.557 Thread 0x000002857257be10 Exception <a 'java/lang/NoSuchMethodError'{0x00000000e9c6c198}: 'java.lang.Object java.lang.invoke.Invokers$Holder.linkToTargetMethod(java.lang.Object, java.lang.Object, java.lang.Object, java.lang.Object, java.lang.Object, java.lang.Object, java.lang.Object, java.lang.Object, java.lang.Object, java.lang.Object, java.lang.Object)'> (0x00000000e9c6c198) 
thrown [t:\workspace\open\src\hotspot\share\interpreter\linkResolver.cpp, line 790]
Event: 5.567 Thread 0x000002857257be10 Exception <a 'java/lang/NoSuchMethodError'{0x00000000e9cfdf98}: 'java.lang.Object java.lang.invoke.DirectMethodHandle$Holder.invokeSpecial(java.lang.Object, java.lang.Object, java.lang.Object, java.lang.Object, java.lang.Object, java.lang.Object, java.lang.Object, java.lang.Object, java.lang.Object, java.lang.Object, java.lang.Object, java.lang.Object, java.lang.Object, java.lang.Object)'> (0x00000000e9cfdf98) 
thrown [t:\workspace\open\src\hotspot\share\interpreter\linkResolver.cpp, line 790]
Event: 5.567 Thread 0x000002857257be10 Exception <a 'java/lang/NoSuchMethodError'{0x00000000e9b12850}: 'java.lang.Object java.lang.invoke.DirectMethodHandle$Holder.newInvokeSpecial(java.lang.Object, java.lang.Object, java.lang.Object, java.lang.Object, java.lang.Object, java.lang.Object, java.lang.Object, java.lang.Object, java.lang.Object, java.lang.Object, java.lang.Object, java.lang.Object)'> (0x00000000e9b12850) 
thrown [t:\workspace\open\src\hotspot\share\interpreter\linkResolver.cpp, line 790]
Event: 5.567 Thread 0x000002857257be10 Exception <a 'java/lang/NoSuchMethodError'{0x00000000e9b18050}: 'java.lang.Object java.lang.invoke.Invokers$Holder.linkToTargetMethod(java.lang.Object, java.lang.Object, java.lang.Object, java.lang.Object, java.lang.Object, java.lang.Object, java.lang.Object, java.lang.Object, java.lang.Object, java.lang.Object, java.lang.Object, java.lang.Object)'> (0x00000000e9b18050) 
thrown [t:\workspace\open\src\hotspot\share\interpreter\linkResolver.cpp, line 790]
Event: 5.592 Thread 0x000002857257be10 Exception <a 'java/lang/NoSuchMethodError'{0x00000000e9b6f6b8}: 'java.lang.Object java.lang.invoke.DirectMethodHandle$Holder.invokeStaticInit(java.lang.Object, java.lang.Object, java.lang.Object, java.lang.Object)'> (0x00000000e9b6f6b8) 
thrown [t:\workspace\open\src\hotspot\share\interpreter\linkResolver.cpp, line 790]
Event: 5.720 Thread 0x000002857257be10 Implicit null exception at 0x000002856598ec13 to 0x000002856598f06c
Event: 7.775 Thread 0x000002857257be10 Exception <a 'java/lang/NoSuchMethodError'{0x00000000ef494ba0}: 'void java.lang.invoke.DirectMethodHandle$Holder.invokeStaticInit(java.lang.Object, java.lang.Object, java.lang.Object, java.lang.Object)'> (0x00000000ef494ba0) 
thrown [t:\workspace\open\src\hotspot\share\interpreter\linkResolver.cpp, line 790]
Event: 8.123 Thread 0x000002857257be10 Exception <a 'java/lang/NoSuchMethodError'{0x00000000ef062040}: 'void java.lang.invoke.DirectMethodHandle$Holder.invokeStaticInit(java.lang.Object, java.lang.Object, java.lang.Object)'> (0x00000000ef062040) 
thrown [t:\workspace\open\src\hotspot\share\interpreter\linkResolver.cpp, line 790]
Event: 8.125 Thread 0x000002857257be10 Exception <a 'java/lang/NoSuchMethodError'{0x00000000ef087bf8}: 'void java.lang.invoke.DirectMethodHandle$Holder.invokeStaticInit(java.lang.Object, java.lang.Object, java.lang.Object, java.lang.Object, java.lang.Object)'> (0x00000000ef087bf8) 
thrown [t:\workspace\open\src\hotspot\share\interpreter\linkResolver.cpp, line 790]
Event: 8.135 Thread 0x000002857257be10 Exception <a 'java/lang/NoSuchMethodError'{0x00000000ef0fab90}: 'int java.lang.invoke.DirectMethodHandle$Holder.invokeStaticInit(java.lang.Object, java.lang.Object, java.lang.Object, java.lang.Object)'> (0x00000000ef0fab90) 
thrown [t:\workspace\open\src\hotspot\share\interpreter\linkResolver.cpp, line 790]
Event: 8.136 Thread 0x000002857257be10 Exception <a 'java/lang/IncompatibleClassChangeError'{0x00000000eef05420}: Found class java.lang.Object, but interface was expected> (0x00000000eef05420) 
thrown [t:\workspace\open\src\hotspot\share\interpreter\linkResolver.cpp, line 857]

Events (20 events):
Event: 8.210 loading class java/util/OptionalLong
Event: 8.210 loading class java/util/OptionalLong done
Event: 8.210 loading class java/util/stream/LongStream
Event: 8.210 loading class java/util/stream/LongStream done
Event: 8.210 loading class java/util/stream/DoubleStream
Event: 8.210 loading class java/util/stream/DoubleStream done
Event: 8.210 loading class java/util/function/DoublePredicate
Event: 8.210 loading class java/util/function/DoublePredicate done
Event: 8.210 loading class java/util/function/LongPredicate
Event: 8.210 loading class java/util/function/LongPredicate done
Event: 8.210 loading class java/util/function/LongFunction
Event: 8.211 loading class java/util/function/LongFunction done
Event: 8.211 loading class java/util/function/DoubleFunction
Event: 8.211 loading class java/util/function/DoubleFunction done
Event: 8.215 loading class java/lang/constant/ClassDesc
Event: 8.215 loading class java/lang/constant/ClassDesc done
Event: 8.216 loading class java/lang/Enum$EnumDesc
Event: 8.216 loading class java/lang/constant/DynamicConstantDesc
Event: 8.216 loading class java/lang/constant/DynamicConstantDesc done
Event: 8.216 loading class java/lang/Enum$EnumDesc done


Dynamic libraries:
0x00007ff729530000 - 0x00007ff72953e000 	D:\JDK\bin\java.exe
0x00007ffbeb7f0000 - 0x00007ffbeb9e5000 	C:\Windows\SYSTEM32\ntdll.dll
0x00007ffbeb6f0000 - 0x00007ffbeb7ad000 	C:\Windows\System32\KERNEL32.DLL
0x00007ffbe9340000 - 0x00007ffbe9608000 	C:\Windows\System32\KERNELBASE.dll
0x00007ffbe9150000 - 0x00007ffbe9250000 	C:\Windows\System32\ucrtbase.dll
0x00007ffbcc210000 - 0x00007ffbcc228000 	D:\JDK\bin\jli.dll
0x00007ffbcbec0000 - 0x00007ffbcbed9000 	D:\JDK\bin\VCRUNTIME140.dll
0x00007ffbea9c0000 - 0x00007ffbeab60000 	C:\Windows\System32\USER32.dll
0x00007ffbe8fc0000 - 0x00007ffbe8fe2000 	C:\Windows\System32\win32u.dll
0x00007ffbd8730000 - 0x00007ffbd89ca000 	C:\Windows\WinSxS\amd64_microsoft.windows.common-controls_6595b64144ccf1df_6.0.19041.1052_none_60b8f8fd71f5e8cb\COMCTL32.dll
0x00007ffbea6c0000 - 0x00007ffbea6ea000 	C:\Windows\System32\GDI32.dll
0x00007ffbe9aa0000 - 0x00007ffbe9b3e000 	C:\Windows\System32\msvcrt.dll
0x00007ffbe9640000 - 0x00007ffbe974b000 	C:\Windows\System32\gdi32full.dll
0x00007ffbe92a0000 - 0x00007ffbe933d000 	C:\Windows\System32\msvcp_win.dll
0x00007ffbe9980000 - 0x00007ffbe99b0000 	C:\Windows\System32\IMM32.DLL
0x00007ffbcf0f0000 - 0x00007ffbcf0fc000 	D:\JDK\bin\vcruntime140_1.dll
0x00007ffbbc1e0000 - 0x00007ffbbc271000 	D:\JDK\bin\msvcp140.dll
0x00007ffbb33a0000 - 0x00007ffbb3f4b000 	D:\JDK\bin\server\jvm.dll
0x00007ffbeb1b0000 - 0x00007ffbeb25c000 	C:\Windows\System32\ADVAPI32.dll
0x00007ffbe9cd0000 - 0x00007ffbe9d6b000 	C:\Windows\System32\sechost.dll
0x00007ffbeafd0000 - 0x00007ffbeb0fb000 	C:\Windows\System32\RPCRT4.dll
0x00007ffbeb380000 - 0x00007ffbeb388000 	C:\Windows\System32\PSAPI.DLL
0x00007ffbe5850000 - 0x00007ffbe5859000 	C:\Windows\SYSTEM32\WSOCK32.dll
0x00007ffbdc600000 - 0x00007ffbdc627000 	C:\Windows\SYSTEM32\WINMM.dll
0x00007ffbe40e0000 - 0x00007ffbe40ea000 	C:\Windows\SYSTEM32\VERSION.dll
0x00007ffbea8f0000 - 0x00007ffbea95b000 	C:\Windows\System32\WS2_32.dll
0x00007ffbe6dc0000 - 0x00007ffbe6dd2000 	C:\Windows\SYSTEM32\kernel.appcore.dll
0x00007ffbcf0c0000 - 0x00007ffbcf0ca000 	D:\JDK\bin\jimage.dll
0x00007ffbda880000 - 0x00007ffbdaa64000 	C:\Windows\SYSTEM32\DBGHELP.DLL
0x00007ffbccd00000 - 0x00007ffbccd2c000 	C:\Windows\SYSTEM32\dbgcore.DLL
0x00007ffbe8f30000 - 0x00007ffbe8fb3000 	C:\Windows\System32\bcryptPrimitives.dll
0x00007ffbc1db0000 - 0x00007ffbc1dd5000 	D:\JDK\bin\java.dll
0x00007ffbe9d70000 - 0x00007ffbea4af000 	C:\Windows\System32\SHELL32.dll
0x00007ffbe70a0000 - 0x00007ffbe7830000 	C:\Windows\SYSTEM32\windows.storage.dll
0x00007ffbeb390000 - 0x00007ffbeb6e5000 	C:\Windows\System32\combase.dll
0x00007ffbe89a0000 - 0x00007ffbe89cc000 	C:\Windows\SYSTEM32\Wldp.dll
0x00007ffbe9b40000 - 0x00007ffbe9bee000 	C:\Windows\System32\SHCORE.dll
0x00007ffbea890000 - 0x00007ffbea8e5000 	C:\Windows\System32\shlwapi.dll
0x00007ffbe8e70000 - 0x00007ffbe8e8f000 	C:\Windows\SYSTEM32\profapi.dll
0x00007ffbc2490000 - 0x00007ffbc24a9000 	D:\JDK\bin\net.dll
0x00007ffbdb940000 - 0x00007ffbdba4b000 	C:\Windows\SYSTEM32\WINHTTP.dll
0x00007ffbe8710000 - 0x00007ffbe877a000 	C:\Windows\system32\mswsock.dll
0x00007ffbc2070000 - 0x00007ffbc2083000 	D:\JDK\bin\nio.dll
0x00007ffbbff50000 - 0x00007ffbbff68000 	D:\JDK\bin\zip.dll
0x00007ffbcc0c0000 - 0x00007ffbcc0d0000 	D:\JDK\bin\verify.dll
0x00007ffbc1e50000 - 0x00007ffbc1e77000 	C:\Users\Alif\.gradle\native\8bec1ad78214c89d9ad589b4d07fe93259594b29d510b10fafb7a158f7737e5d\windows-amd64\native-platform.dll
0x00007ffbb6fa0000 - 0x00007ffbb70dd000 	C:\Users\Alif\.gradle\native\53dbd7edfb1c66fb8903c78663c9afc45aea4f116125fa6feffd364cf09443e8\windows-amd64\native-platform-file-events.dll
0x00007ffbcbf40000 - 0x00007ffbcbf49000 	D:\JDK\bin\management.dll
0x00007ffbcba10000 - 0x00007ffbcba1b000 	D:\JDK\bin\management_ext.dll
0x00007ffbe88f0000 - 0x00007ffbe8908000 	C:\Windows\SYSTEM32\CRYPTSP.dll
0x00007ffbe8040000 - 0x00007ffbe8074000 	C:\Windows\system32\rsaenh.dll
0x00007ffbe9610000 - 0x00007ffbe9637000 	C:\Windows\System32\bcrypt.dll
0x00007ffbe8e30000 - 0x00007ffbe8e5e000 	C:\Windows\SYSTEM32\USERENV.dll
0x00007ffbe88e0000 - 0x00007ffbe88ec000 	C:\Windows\SYSTEM32\CRYPTBASE.dll
0x00007ffbe83b0000 - 0x00007ffbe83eb000 	C:\Windows\SYSTEM32\IPHLPAPI.DLL
0x00007ffbeb370000 - 0x00007ffbeb378000 	C:\Windows\System32\NSI.dll
0x00007ffbdc480000 - 0x00007ffbdc497000 	C:\Windows\SYSTEM32\dhcpcsvc6.DLL
0x00007ffbdc460000 - 0x00007ffbdc47d000 	C:\Windows\SYSTEM32\dhcpcsvc.DLL
0x00007ffbe83f0000 - 0x00007ffbe84bc000 	C:\Windows\SYSTEM32\DNSAPI.dll
0x00007ffbcb8b0000 - 0x00007ffbcb8be000 	D:\JDK\bin\sunmscapi.dll
0x00007ffbe8ff0000 - 0x00007ffbe914f000 	C:\Windows\System32\CRYPT32.dll
0x00007ffbe8a10000 - 0x00007ffbe8a37000 	C:\Windows\SYSTEM32\ncrypt.dll
0x00007ffbe89d0000 - 0x00007ffbe8a0b000 	C:\Windows\SYSTEM32\NTASN1.dll
0x00007ffbcb7b0000 - 0x00007ffbcb7b7000 	C:\Windows\system32\wshunix.dll

dbghelp: loaded successfully - version: 4.0.5 - missing functions: none
symbol engine: initialized successfully - sym options: 0x614 - pdb path: .;D:\JDK\bin;C:\Windows\SYSTEM32;C:\Windows\WinSxS\amd64_microsoft.windows.common-controls_6595b64144ccf1df_6.0.19041.1052_none_60b8f8fd71f5e8cb;D:\JDK\bin\server;C:\Users\Alif\.gradle\native\8bec1ad78214c89d9ad589b4d07fe93259594b29d510b10fafb7a158f7737e5d\windows-amd64;C:\Users\Alif\.gradle\native\53dbd7edfb1c66fb8903c78663c9afc45aea4f116125fa6feffd364cf09443e8\windows-amd64

VM Arguments:
jvm_args: -XX:MaxMetaspaceSize=256m -XX:+HeapDumpOnOutOfMemoryError --add-opens=java.base/java.util=ALL-UNNAMED --add-opens=java.base/java.lang=ALL-UNNAMED --add-opens=java.base/java.lang.invoke=ALL-UNNAMED --add-opens=java.base/java.util=ALL-UNNAMED --add-opens=java.prefs/java.util.prefs=ALL-UNNAMED --add-opens=java.prefs/java.util.prefs=ALL-UNNAMED --add-opens=java.base/java.nio.charset=ALL-UNNAMED --add-opens=java.base/java.net=ALL-UNNAMED --add-opens=java.base/java.util.concurrent.atomic=ALL-UNNAMED -Xms256m -Xmx512m -Dfile.encoding=windows-1252 -Duser.country=US -Duser.language=en -Duser.variant 
java_command: org.gradle.launcher.daemon.bootstrap.GradleDaemon 7.0.2
java_class_path (initial): C:\Users\Alif\.gradle\wrapper\dists\gradle-7.0.2-bin\857tjihv64xamwrf0h14cai3r\gradle-7.0.2\lib\gradle-launcher-7.0.2.jar
Launcher Type: SUN_STANDARD

[Global flags]
     intx CICompilerCount                          = 3                                         {product} {ergonomic}
   size_t CompressedClassSpaceSize                 = 218103808                                 {product} {ergonomic}
     uint ConcGCThreads                            = 1                                         {product} {ergonomic}
     uint G1ConcRefinementThreads                  = 4                                         {product} {ergonomic}
   size_t G1HeapRegionSize                         = 1048576                                   {product} {ergonomic}
    uintx GCDrainStackTargetSize                   = 64                                        {product} {ergonomic}
     bool HeapDumpOnOutOfMemoryError               = true                                   {manageable} {command line}
   size_t InitialHeapSize                          = 268435456                                 {product} {command line}
   size_t MarkStackSize                            = 4194304                                   {product} {ergonomic}
   size_t MaxHeapSize                              = 536870912                                 {product} {command line}
   size_t MaxMetaspaceSize                         = 268435456                                 {product} {command line}
   size_t MaxNewSize                               = 321912832                                 {product} {ergonomic}
   size_t MinHeapDeltaBytes                        = 1048576                                   {product} {ergonomic}
   size_t MinHeapSize                              = 268435456                                 {product} {command line}
    uintx NonNMethodCodeHeapSize                   = 5832780                                {pd product} {ergonomic}
    uintx NonProfiledCodeHeapSize                  = 122912730                              {pd product} {ergonomic}
    uintx ProfiledCodeHeapSize                     = 122912730                              {pd product} {ergonomic}
    uintx ReservedCodeCacheSize                    = 251658240                              {pd product} {ergonomic}
     bool SegmentedCodeCache                       = true                                      {product} {ergonomic}
   size_t SoftMaxHeapSize                          = 536870912                              {manageable} {ergonomic}
     bool UseCompressedClassPointers               = true                           {product lp64_product} {ergonomic}
     bool UseCompressedOops                        = true                           {product lp64_product} {ergonomic}
     bool UseG1GC                                  = true                                      {product} {ergonomic}
     bool UseLargePagesIndividualAllocation        = false                                  {pd product} {ergonomic}

Logging:
Log output configuration:
 #0: stdout all=warning uptime,level,tags
 #1: stderr all=off uptime,level,tags

Environment Variables:
PATH=C:\Program Files\Common Files\Oracle\Java\javapath;C:\Windows\system32;C:\Windows;C:\Windows\System32\Wbem;C:\Windows\System32\WindowsPowerShell\v1.0\;C:\Windows\System32\OpenSSH\;C:\Program Files\Microsoft SQL Server\130\Tools\Binn\;C:\Program Files\Microsoft SQL Server\Client SDK\ODBC\170\Tools\Binn\;C:\Program Files (x86)\Microsoft SQL Server\150\Tools\Binn\;C:\Program Files\Microsoft SQL Server\150\Tools\Binn\;C:\Program Files (x86)\Microsoft SQL Server\150\DTS\Binn\;C:\Program Files\Microsoft SQL Server\150\DTS\Binn\;C:\Program Files\Git\cmd;C:\Program Files\dotnet\;C:\Program Files\nodejs\;C:\Program Files\TortoiseGit\bin;C:\Users\Alif\AppData\Local\Microsoft\WindowsApps;C:\Users\Alif\AppData\Local\Programs\Microsoft VS Code\bin;C:\Users\Alif\.dotnet\tools;C:\Users\Alif\AppData\Roaming\npm;D:\JDK\bin;
USERNAME=Alif
OS=Windows_NT
PROCESSOR_IDENTIFIER=Intel64 Family 6 Model 158 Stepping 9, GenuineIntel



---------------  S Y S T E M  ---------------

OS:
 Windows 10 , 64 bit Build 19041 (10.0.19041.1023)
OS uptime: 1 days 14:20 hours

CPU: total 4 (initial active 4) (4 cores per cpu, 1 threads per core) family 6 model 158 stepping 9 microcode 0xb4, cx8, cmov, fxsr, mmx, 3dnowpref, sse, sse2, sse3, ssse3, sse4.1, sse4.2, popcnt, lzcnt, tsc, tscinvbit, avx, avx2, aes, erms, clmul, bmi1, bmi2, rtm, adx, fma, vzeroupper, clflush, clflushopt

Memory: 4k page, system-wide physical 8083M (762M free)
TotalPageFile size 9989M (AvailPageFile size 5M)
current process WorkingSet (physical memory assigned to process): 277M, peak: 277M
current process commit charge ("private bytes"): 429M, peak: 429M

vm_info: OpenJDK 64-Bit Server VM (16.0.1+9-24) for windows-amd64 JRE (16.0.1+9-24), built on Mar 26 2021 19:30:07 by "mach5one" with MS VC++ 16.7 (VS2019)

END.
