#
# There is insufficient memory for the Java Runtime Environment to continue.
# Native memory allocation (mmap) failed to map 134217728 bytes for G1 virtual space
# Possible reasons:
#   The system is out of physical RAM or swap space
#   The process is running with CompressedOops enabled, and the Java Heap may be blocking the growth of the native heap
# Possible solutions:
#   Reduce memory load on the system
#   Increase physical memory or swap space
#   Check if swap backing store is full
#   Decrease Java heap size (-Xmx/-Xms)
#   Decrease number of Java threads
#   Decrease Java thread stack sizes (-Xss)
#   Set larger code cache with -XX:ReservedCodeCacheSize=
#   JVM is running with Unscaled Compressed Oops mode in which the Java heap is
#     placed in the first 4GB address space. The Java Heap base address is the
#     maximum limit for the native heap growth. Please use -XX:HeapBaseMinAddress
#     to set the Java Heap base and to place the Java Heap above 4GB virtual address.
# This output file may be truncated or incomplete.
#
#  Out of Memory Error (os_windows.cpp:3466), pid=11136, tid=6660
#
# JRE version:  (16.0.1+9) (build )
# Java VM: Java HotSpot(TM) 64-Bit Server VM (16.0.1+9-24, mixed mode, sharing, tiered, compressed oops, compressed class ptrs, g1 gc, windows-amd64)
# No core dump will be written. Minidumps are not enabled by default on client versions of Windows
#

---------------  S U M M A R Y ------------

Command Line: -XX:TieredStopAtLevel=1 -Xverify:none -Dspring.output.ansi.enabled=always -Dcom.sun.management.jmxremote -Dspring.jmx.enabled=true -Dspring.liveBeansView.mbeanDomain -Dspring.application.admin.enabled=true -Didea.launcher.port=54386 -Didea.launcher.bin.path=D:\Software Installer\IntelliJ IDEA\bin -Dfile.encoding=UTF-8 com.intellij.rt.execution.application.AppMainV2 com.example.springdatajpapractice.SpringDataJpaPracticeApplication

Host: Intel(R) Core(TM) i5-7500 CPU @ 3.40GHz, 4 cores, 7G,  Windows 10 , 64 bit Build 19041 (10.0.19041.1023)
Time: Wed Jul  7 15:10:19 2021 Bangladesh Standard Time elapsed time: 0.050173 seconds (0d 0h 0m 0s)

---------------  T H R E A D  ---------------

Current thread (0x0000022edbe6d230):  JavaThread "Unknown thread" [_thread_in_vm, id=6660, stack(0x00000079bde00000,0x00000079bdf00000)]

Stack: [0x00000079bde00000,0x00000079bdf00000]
Native frames: (J=compiled Java code, j=interpreted, Vv=VM code, C=native code)
V  [jvm.dll+0x6687ca]
V  [jvm.dll+0x7ca3c9]
V  [jvm.dll+0x7cbb53]
V  [jvm.dll+0x7cc1b3]
V  [jvm.dll+0x242ea5]
V  [jvm.dll+0x665589]
V  [jvm.dll+0x65a175]
V  [jvm.dll+0x2fc5ab]
V  [jvm.dll+0x3037a6]
V  [jvm.dll+0x352fee]
V  [jvm.dll+0x35321f]
V  [jvm.dll+0x2d3618]
V  [jvm.dll+0x2d4854]
V  [jvm.dll+0x79ccb1]
V  [jvm.dll+0x360de1]
V  [jvm.dll+0x77a990]
V  [jvm.dll+0x3e55af]
V  [jvm.dll+0x3e7081]
C  [jli.dll+0x52fb]
C  [ucrtbase.dll+0x21bb2]
C  [KERNEL32.DLL+0x17034]
C  [ntdll.dll+0x52651]


---------------  P R O C E S S  ---------------

Threads class SMR info:
_java_thread_list=0x00007ffbb09acbb8, length=0, elements={
}

Java Threads: ( => current thread )

Other Threads:
  0x0000022edbeaa0f0 GCTaskThread "GC Thread#0" [stack: 0x00000079bdf00000,0x00000079be000000] [id=12916]
  0x0000022edbebd220 ConcurrentGCThread "G1 Main Marker" [stack: 0x00000079be000000,0x00000079be100000] [id=3752]
  0x0000022edbebe3c0 ConcurrentGCThread "G1 Conc#0" [stack: 0x00000079be100000,0x00000079be200000] [id=1432]

[error occurred during error reporting (printing all threads), id 0xc0000005, EXCEPTION_ACCESS_VIOLATION (0xc0000005) at pc=0x00007ffbb01844d7]

VM state: not at safepoint (not fully initialized)

VM Mutex/Monitor currently owned by a thread:  ([mutex/lock_event])
[0x0000022edbe69650] Heap_lock - owner thread: 0x0000022edbe6d230

Heap address: 0x0000000081a00000, size: 2022 MB, Compressed Oops mode: 32-bit

CDS archive(s) mapped at: [0x0000000000000000-0x0000000000000000-0x0000000000000000), size 0, SharedBaseAddress: 0x0000000800000000, ArchiveRelocationMode: 0.
Narrow klass base: 0x0000000000000000, Narrow klass shift: 0, Narrow klass range: 0x0

GC Precious Log:
<Empty>

Heap:
 garbage-first heap   total 0K, used 0K [0x0000000081a00000, 0x0000000100000000)
  region size 1024K, 0 young (0K), 0 survivors (0K)

[error occurred during error reporting (printing heap information), id 0xc0000005, EXCEPTION_ACCESS_VIOLATION (0xc0000005) at pc=0x00007ffbb05624ed]

GC Heap History (0 events):
No events

Deoptimization events (0 events):
No events

Classes unloaded (0 events):
No events

Classes redefined (0 events):
No events

Internal exceptions (0 events):
No events

Events (1 events):
Event: 0.007 Loaded shared library C:\Program Files\Java\jdk-16.0.1\bin\java.dll


Dynamic libraries:
0x00007ff66d9a0000 - 0x00007ff66d9b0000 	C:\Program Files\Java\jdk-16.0.1\bin\java.exe
0x00007ffbeb7f0000 - 0x00007ffbeb9e5000 	C:\Windows\SYSTEM32\ntdll.dll
0x00007ffbeb6f0000 - 0x00007ffbeb7ad000 	C:\Windows\System32\KERNEL32.DLL
0x00007ffbe9340000 - 0x00007ffbe9608000 	C:\Windows\System32\KERNELBASE.dll
0x00007ffbe9150000 - 0x00007ffbe9250000 	C:\Windows\System32\ucrtbase.dll
0x00007ffbc2dd0000 - 0x00007ffbc2de9000 	C:\Program Files\Java\jdk-16.0.1\bin\VCRUNTIME140.dll
0x00007ffbcb9e0000 - 0x00007ffbcb9f8000 	C:\Program Files\Java\jdk-16.0.1\bin\jli.dll
0x00007ffbeb1b0000 - 0x00007ffbeb25c000 	C:\Windows\System32\ADVAPI32.dll
0x00007ffbe9aa0000 - 0x00007ffbe9b3e000 	C:\Windows\System32\msvcrt.dll
0x00007ffbe9cd0000 - 0x00007ffbe9d6b000 	C:\Windows\System32\sechost.dll
0x00007ffbeafd0000 - 0x00007ffbeb0fb000 	C:\Windows\System32\RPCRT4.dll
0x00007ffbea9c0000 - 0x00007ffbeab60000 	C:\Windows\System32\USER32.dll
0x00007ffbe8fc0000 - 0x00007ffbe8fe2000 	C:\Windows\System32\win32u.dll
0x00007ffbea6c0000 - 0x00007ffbea6ea000 	C:\Windows\System32\GDI32.dll
0x00007ffbd8730000 - 0x00007ffbd89ca000 	C:\Windows\WinSxS\amd64_microsoft.windows.common-controls_6595b64144ccf1df_6.0.19041.1052_none_60b8f8fd71f5e8cb\COMCTL32.dll
0x00007ffbe9640000 - 0x00007ffbe974b000 	C:\Windows\System32\gdi32full.dll
0x00007ffbe92a0000 - 0x00007ffbe933d000 	C:\Windows\System32\msvcp_win.dll
0x00007ffbe40e0000 - 0x00007ffbe40ea000 	C:\Windows\SYSTEM32\VERSION.dll
0x00007ffbe9980000 - 0x00007ffbe99b0000 	C:\Windows\System32\IMM32.DLL
0x00007ffbe6a80000 - 0x00007ffbe6a8c000 	C:\Program Files\Java\jdk-16.0.1\bin\vcruntime140_1.dll
0x00007ffbb64b0000 - 0x00007ffbb6541000 	C:\Program Files\Java\jdk-16.0.1\bin\msvcp140.dll
0x00007ffbafea0000 - 0x00007ffbb0a4b000 	C:\Program Files\Java\jdk-16.0.1\bin\server\jvm.dll
0x00007ffbeb380000 - 0x00007ffbeb388000 	C:\Windows\System32\PSAPI.DLL
0x00007ffbdc600000 - 0x00007ffbdc627000 	C:\Windows\SYSTEM32\WINMM.dll
0x00007ffbe5850000 - 0x00007ffbe5859000 	C:\Windows\SYSTEM32\WSOCK32.dll
0x00007ffbea8f0000 - 0x00007ffbea95b000 	C:\Windows\System32\WS2_32.dll
0x00007ffbe6dc0000 - 0x00007ffbe6dd2000 	C:\Windows\SYSTEM32\kernel.appcore.dll
0x00007ffbcb650000 - 0x00007ffbcb65a000 	C:\Program Files\Java\jdk-16.0.1\bin\jimage.dll
0x00007ffbda880000 - 0x00007ffbdaa64000 	C:\Windows\SYSTEM32\DBGHELP.DLL
0x00007ffbccd00000 - 0x00007ffbccd2c000 	C:\Windows\SYSTEM32\dbgcore.DLL
0x00007ffbe8f30000 - 0x00007ffbe8fb3000 	C:\Windows\System32\bcryptPrimitives.dll
0x00007ffbc0170000 - 0x00007ffbc0195000 	C:\Program Files\Java\jdk-16.0.1\bin\java.dll

dbghelp: loaded successfully - version: 4.0.5 - missing functions: none
symbol engine: initialized successfully - sym options: 0x614 - pdb path: .;C:\Program Files\Java\jdk-16.0.1\bin;C:\Windows\SYSTEM32;C:\Windows\WinSxS\amd64_microsoft.windows.common-controls_6595b64144ccf1df_6.0.19041.1052_none_60b8f8fd71f5e8cb;C:\Program Files\Java\jdk-16.0.1\bin\server

VM Arguments:
jvm_args: -XX:TieredStopAtLevel=1 -Xverify:none -Dspring.output.ansi.enabled=always -Dcom.sun.management.jmxremote -Dspring.jmx.enabled=true -Dspring.liveBeansView.mbeanDomain -Dspring.application.admin.enabled=true -Didea.launcher.port=54386 -Didea.launcher.bin.path=D:\Software Installer\IntelliJ IDEA\bin -Dfile.encoding=UTF-8 
java_command: com.intellij.rt.execution.application.AppMainV2 com.example.springdatajpapractice.SpringDataJpaPracticeApplication
java_class_path (initial): D:\spring-data-jpa-practice\build\classes\java\main;D:\spring-data-jpa-practice\build\resources\main;C:\Users\Alif\.gradle\caches\modules-2\files-2.1\org.springframework.boot\spring-boot-starter-data-jpa\2.5.2\5038e48790990bc137c9a7e1cd97901a1350eb37\spring-boot-starter-data-jpa-2.5.2.jar;C:\Users\Alif\.gradle\caches\modules-2\files-2.1\org.springframework.boot\spring-boot-starter-web\2.5.2\9d68318f6607728e253030aa145e529bae9b0883\spring-boot-starter-web-2.5.2.jar;C:\Users\Alif\.gradle\caches\modules-2\files-2.1\org.springframework.boot\spring-boot-starter-thymeleaf\2.5.2\bbf0322ed2d1e9b6b7e7e46903ceb1bba0dd3ba2\spring-boot-starter-thymeleaf-2.5.2.jar;C:\Users\Alif\.gradle\caches\modules-2\files-2.1\org.springframework.boot\spring-boot-starter-aop\2.5.2\1877448bb875154c2558e385f4590c648ada5f11\spring-boot-starter-aop-2.5.2.jar;C:\Users\Alif\.gradle\caches\modules-2\files-2.1\org.springframework.boot\spring-boot-starter-jdbc\2.5.2\de9142ad6a67d2ec7d58465ab8d2fcf759f24d25\spring-boot-starter-jdbc-2.5.2.jar;C:\Users\Alif\.gradle\caches\modules-2\files-2.1\jakarta.transaction\jakarta.transaction-api\1.3.3\c4179d48720a1e87202115fbed6089bdc4195405\jakarta.transaction-api-1.3.3.jar;C:\Users\Alif\.gradle\caches\modules-2\files-2.1\jakarta.persistence\jakarta.persistence-api\2.2.3\8f6ea5daedc614f07a3654a455660145286f024e\jakarta.persistence-api-2.2.3.jar;C:\Users\Alif\.gradle\caches\modules-2\files-2.1\org.hibernate\hibernate-core\5.4.32.Final\99a5e10bf455337014c190e141ec631e9ff71663\hibernate-core-5.4.32.Final.jar;C:\Users\Alif\.gradle\caches\modules-2\files-2.1\org.springframework.data\spring-data-jpa\2.5.2\37a27171338da87485cdf66a40596195433d1db\spring-data-jpa-2.5.2.jar;C:\Users\Alif\.gradle\caches\modules-2\files-2.1\org.springframework\spring-aspects\5.3.8\863f531cc3ea9d82d391d17c8eb33732e7a864b6\spring-aspects-5.3.8.jar;C:\Users\Alif\.gradle\caches\modules-2\files-2.1\org.springframework.boot\spring-boot-starter-json\2.5.2\6af2e2d4fcf02fcd
Launcher Type: SUN_STANDARD

[Global flags]
     intx CICompilerCount                          = 3                                         {product} {ergonomic}
     uint ConcGCThreads                            = 1                                         {product} {ergonomic}
     uint G1ConcRefinementThreads                  = 4                                         {product} {ergonomic}
   size_t G1HeapRegionSize                         = 1048576                                   {product} {ergonomic}
    uintx GCDrainStackTargetSize                   = 64                                        {product} {ergonomic}
   size_t InitialHeapSize                          = 134217728                                 {product} {ergonomic}
     bool ManagementServer                         = true                                      {product} {command line}
   size_t MarkStackSize                            = 4194304                                   {product} {ergonomic}
   size_t MaxHeapSize                              = 2120220672                                {product} {ergonomic}
   size_t MinHeapDeltaBytes                        = 1048576                                   {product} {ergonomic}
   size_t MinHeapSize                              = 8388608                                   {product} {ergonomic}
    uintx NonNMethodCodeHeapSize                   = 6973028                                {pd product} {ergonomic}
    uintx NonProfiledCodeHeapSize                  = 244685212                              {pd product} {ergonomic}
    uintx ProfiledCodeHeapSize                     = 0                                      {pd product} {ergonomic}
    uintx ReservedCodeCacheSize                    = 251658240                              {pd product} {ergonomic}
     bool SegmentedCodeCache                       = true                                      {product} {ergonomic}
   size_t SoftMaxHeapSize                          = 2120220672                             {manageable} {ergonomic}
     intx TieredStopAtLevel                        = 1                                         {product} {command line}
     bool UseCompressedClassPointers               = true                           {product lp64_product} {ergonomic}
     bool UseCompressedOops                        = true                           {product lp64_product} {ergonomic}
     bool UseG1GC                                  = true                                      {product} {ergonomic}
     bool UseLargePagesIndividualAllocation        = false                                  {pd product} {ergonomic}

Logging:
Log output configuration:
 #0: stdout all=warning uptime,level,tags
 #1: stderr all=off uptime,level,tags

Environment Variables:
PATH=C:\Program Files\Common Files\Oracle\Java\javapath;C:\Windows\system32;C:\Windows;C:\Windows\System32\Wbem;C:\Windows\System32\WindowsPowerShell\v1.0\;C:\Windows\System32\OpenSSH\;C:\Program Files\Microsoft SQL Server\130\Tools\Binn\;C:\Program Files\Microsoft SQL Server\Client SDK\ODBC\170\Tools\Binn\;C:\Program Files (x86)\Microsoft SQL Server\150\Tools\Binn\;C:\Program Files\Microsoft SQL Server\150\Tools\Binn\;C:\Program Files (x86)\Microsoft SQL Server\150\DTS\Binn\;C:\Program Files\Microsoft SQL Server\150\DTS\Binn\;C:\Program Files\Git\cmd;C:\Program Files\dotnet\;C:\Program Files\nodejs\;C:\Program Files\TortoiseGit\bin;C:\Users\Alif\AppData\Local\Microsoft\WindowsApps;C:\Users\Alif\AppData\Local\Programs\Microsoft VS Code\bin;C:\Users\Alif\.dotnet\tools;C:\Users\Alif\AppData\Roaming\npm;D:\JDK\bin;
USERNAME=Alif
OS=Windows_NT
PROCESSOR_IDENTIFIER=Intel64 Family 6 Model 158 Stepping 9, GenuineIntel



---------------  S Y S T E M  ---------------

OS:
 Windows 10 , 64 bit Build 19041 (10.0.19041.1023)
OS uptime: 2 days 1:05 hours

CPU: total 4 (initial active 4) (4 cores per cpu, 1 threads per core) family 6 model 158 stepping 9 microcode 0xb4, cx8, cmov, fxsr, mmx, 3dnowpref, sse, sse2, sse3, ssse3, sse4.1, sse4.2, popcnt, lzcnt, tsc, tscinvbit, avx, avx2, aes, erms, clmul, bmi1, bmi2, rtm, adx, fma, vzeroupper, clflush, clflushopt

Memory: 4k page, system-wide physical 8083M (850M free)
TotalPageFile size 9989M (AvailPageFile size 88M)
current process WorkingSet (physical memory assigned to process): 10M, peak: 10M
current process commit charge ("private bytes"): 49M, peak: 177M

vm_info: Java HotSpot(TM) 64-Bit Server VM (16.0.1+9-24) for windows-amd64 JRE (16.0.1+9-24), built on Mar 26 2021 19:31:42 by "mach5one" with MS VC++ 16.7 (VS2019)

END.
