#
# There is insufficient memory for the Java Runtime Environment to continue.
# Native memory allocation (mmap) failed to map 65536 bytes for Failed to commit metaspace.
# Possible reasons:
#   The system is out of physical RAM or swap space
#   The process is running with CompressedOops enabled, and the Java Heap may be blocking the growth of the native heap
# Possible solutions:
#   Reduce memory load on the system
#   Increase physical memory or swap space
#   Check if swap backing store is full
#   Decrease Java heap size (-Xmx/-Xms)
#   Decrease number of Java threads
#   Decrease Java thread stack sizes (-Xss)
#   Set larger code cache with -XX:ReservedCodeCacheSize=
#   JVM is running with Unscaled Compressed Oops mode in which the Java heap is
#     placed in the first 4GB address space. The Java Heap base address is the
#     maximum limit for the native heap growth. Please use -XX:HeapBaseMinAddress
#     to set the Java Heap base and to place the Java Heap above 4GB virtual address.
# This output file may be truncated or incomplete.
#
#  Out of Memory Error (virtualSpaceNode.cpp:108), pid=1144, tid=1264
#
# JRE version: OpenJDK Runtime Environment (16.0.1+9) (build 16.0.1+9-24)
# Java VM: OpenJDK 64-Bit Server VM (16.0.1+9-24, mixed mode, sharing, tiered, compressed oops, compressed class ptrs, g1 gc, windows-amd64)
# No core dump will be written. Minidumps are not enabled by default on client versions of Windows
#

---------------  S U M M A R Y ------------

Command Line: -XX:TieredStopAtLevel=1 -Xverify:none -Dspring.output.ansi.enabled=always -Dcom.sun.management.jmxremote -Dspring.jmx.enabled=true -Dspring.liveBeansView.mbeanDomain -Dspring.application.admin.enabled=true -Didea.launcher.port=64865 -Didea.launcher.bin.path=D:\Software Installer\IntelliJ IDEA\bin -Dfile.encoding=UTF-8 com.intellij.rt.execution.application.AppMainV2 com.example.thymeleafspringbootpractice.ThymeleafSpringBootPracticeApplication

Host: Intel(R) Core(TM) i5-7500 CPU @ 3.40GHz, 4 cores, 7G,  Windows 10 , 64 bit Build 19041 (10.0.19041.1023)
Time: Mon Jul  5 20:35:48 2021 Bangladesh Standard Time elapsed time: 0.831537 seconds (0d 0h 0m 0s)

---------------  T H R E A D  ---------------

Current thread (0x000001b187015550):  JavaThread "main" [_thread_in_vm, id=1264, stack(0x0000000e61f00000,0x0000000e62000000)]

Stack: [0x0000000e61f00000,0x0000000e62000000]
Native frames: (J=compiled Java code, j=interpreted, Vv=VM code, C=native code)
V  [jvm.dll+0x6687ca]
V  [jvm.dll+0x7ca3c9]
V  [jvm.dll+0x7cbb53]
V  [jvm.dll+0x7cc1b3]
V  [jvm.dll+0x242ea5]
V  [jvm.dll+0x7c6a4b]
V  [jvm.dll+0x60e436]
V  [jvm.dll+0x60e49a]
V  [jvm.dll+0x610aca]
V  [jvm.dll+0x60ed31]
V  [jvm.dll+0x238690]
V  [jvm.dll+0x1ea53f]
V  [jvm.dll+0x1df8a1]
V  [jvm.dll+0x536728]
V  [jvm.dll+0x1f0fa2]
V  [jvm.dll+0x741e03]
V  [jvm.dll+0x7436a8]
V  [jvm.dll+0x7439d3]
V  [jvm.dll+0x23ad74]
V  [jvm.dll+0x375b71]
C  0x000001b18e79c3fb

Java frames: (J=compiled Java code, j=interpreted, Vv=VM code)
j  java.beans.Introspector.getTargetBeanDescriptor()Ljava/beans/BeanDescriptor;+23 java.desktop@16.0.1
j  java.beans.Introspector.getBeanInfo()Ljava/beans/BeanInfo;+1 java.desktop@16.0.1
j  java.beans.Introspector.getBeanInfo(Ljava/lang/Class;Ljava/lang/Class;I)Ljava/beans/BeanInfo;+27 java.desktop@16.0.1
j  java.beans.Introspector.<init>(Ljava/lang/Class;Ljava/lang/Class;I)V+141 java.desktop@16.0.1
j  java.beans.Introspector.getBeanInfo(Ljava/lang/Class;Ljava/lang/Class;I)Ljava/beans/BeanInfo;+24 java.desktop@16.0.1
j  java.beans.Introspector.getBeanInfo(Ljava/lang/Class;I)Ljava/beans/BeanInfo;+3 java.desktop@16.0.1
j  org.springframework.beans.CachedIntrospectionResults.getBeanInfo(Ljava/lang/Class;)Ljava/beans/BeanInfo;+53
j  org.springframework.beans.CachedIntrospectionResults.<init>(Ljava/lang/Class;)V+52
j  org.springframework.beans.CachedIntrospectionResults.forClass(Ljava/lang/Class;)Lorg/springframework/beans/CachedIntrospectionResults;+43
j  org.springframework.beans.BeanWrapperImpl.getCachedIntrospectionResults()Lorg/springframework/beans/CachedIntrospectionResults;+12
j  org.springframework.beans.BeanWrapperImpl.getLocalPropertyHandler(Ljava/lang/String;)Lorg/springframework/beans/BeanWrapperImpl$BeanPropertyHandler;+1
j  org.springframework.beans.BeanWrapperImpl.getLocalPropertyHandler(Ljava/lang/String;)Lorg/springframework/beans/AbstractNestablePropertyAccessor$PropertyHandler;+2
j  org.springframework.beans.AbstractNestablePropertyAccessor.getPropertyHandler(Ljava/lang/String;)Lorg/springframework/beans/AbstractNestablePropertyAccessor$PropertyHandler;+19
j  org.springframework.beans.AbstractNestablePropertyAccessor.isWritableProperty(Ljava/lang/String;)Z+2
j  org.springframework.beans.factory.support.AbstractAutowireCapableBeanFactory.applyPropertyValues(Ljava/lang/String;Lorg/springframework/beans/factory/config/BeanDefinition;Lorg/springframework/beans/BeanWrapper;Lorg/springframework/beans/PropertyValues;)V+320
j  org.springframework.beans.factory.support.AbstractAutowireCapableBeanFactory.populateBean(Ljava/lang/String;Lorg/springframework/beans/factory/support/RootBeanDefinition;Lorg/springframework/beans/BeanWrapper;)V+368
j  org.springframework.beans.factory.support.AbstractAutowireCapableBeanFactory.doCreateBean(Ljava/lang/String;Lorg/springframework/beans/factory/support/RootBeanDefinition;[Ljava/lang/Object;)Ljava/lang/Object;+237
j  org.springframework.beans.factory.support.AbstractAutowireCapableBeanFactory.createBean(Ljava/lang/String;Lorg/springframework/beans/factory/support/RootBeanDefinition;[Ljava/lang/Object;)Ljava/lang/Object;+169
j  org.springframework.beans.factory.support.AbstractBeanFactory.lambda$doGetBean$0(Ljava/lang/String;Lorg/springframework/beans/factory/support/RootBeanDefinition;[Ljava/lang/Object;)Ljava/lang/Object;+4
j  org.springframework.beans.factory.support.AbstractBeanFactory$$Lambda$317+0x0000000800dbb700.getObject()Ljava/lang/Object;+16
j  org.springframework.beans.factory.support.DefaultSingletonBeanRegistry.getSingleton(Ljava/lang/String;Lorg/springframework/beans/factory/ObjectFactory;)Ljava/lang/Object;+132
j  org.springframework.beans.factory.support.AbstractBeanFactory.doGetBean(Ljava/lang/String;Ljava/lang/Class;[Ljava/lang/Object;Z)Ljava/lang/Object;+513
j  org.springframework.beans.factory.support.AbstractBeanFactory.getBean(Ljava/lang/String;Ljava/lang/Class;)Ljava/lang/Object;+5
j  org.springframework.context.support.PostProcessorRegistrationDelegate.invokeBeanFactoryPostProcessors(Lorg/springframework/beans/factory/config/ConfigurableListableBeanFactory;Ljava/util/List;)V+184
j  org.springframework.context.support.AbstractApplicationContext.invokeBeanFactoryPostProcessors(Lorg/springframework/beans/factory/config/ConfigurableListableBeanFactory;)V+5
j  org.springframework.context.support.AbstractApplicationContext.refresh()V+53
j  org.springframework.boot.web.servlet.context.ServletWebServerApplicationContext.refresh()V+1
j  org.springframework.boot.SpringApplication.refresh(Lorg/springframework/context/ConfigurableApplicationContext;)V+1
j  org.springframework.boot.SpringApplication.refreshContext(Lorg/springframework/context/ConfigurableApplicationContext;)V+16
j  org.springframework.boot.SpringApplication.run([Ljava/lang/String;)Lorg/springframework/context/ConfigurableApplicationContext;+111
j  org.springframework.boot.SpringApplication.run([Ljava/lang/Class;[Ljava/lang/String;)Lorg/springframework/context/ConfigurableApplicationContext;+9
j  org.springframework.boot.SpringApplication.run(Ljava/lang/Class;[Ljava/lang/String;)Lorg/springframework/context/ConfigurableApplicationContext;+9
j  com.example.thymeleafspringbootpractice.ThymeleafSpringBootPracticeApplication.main([Ljava/lang/String;)V+3
v  ~StubRoutines::call_stub
j  jdk.internal.reflect.NativeMethodAccessorImpl.invoke0(Ljava/lang/reflect/Method;Ljava/lang/Object;[Ljava/lang/Object;)Ljava/lang/Object;+0 java.base@16.0.1
j  jdk.internal.reflect.NativeMethodAccessorImpl.invoke(Ljava/lang/Object;[Ljava/lang/Object;)Ljava/lang/Object;+146 java.base@16.0.1
j  jdk.internal.reflect.DelegatingMethodAccessorImpl.invoke(Ljava/lang/Object;[Ljava/lang/Object;)Ljava/lang/Object;+6 java.base@16.0.1
j  java.lang.reflect.Method.invoke(Ljava/lang/Object;[Ljava/lang/Object;)Ljava/lang/Object;+59 java.base@16.0.1
j  com.intellij.rt.execution.application.AppMainV2.main([Ljava/lang/String;)V+184
v  ~StubRoutines::call_stub

---------------  P R O C E S S  ---------------

Threads class SMR info:
_java_thread_list=0x000001b1a5c49f40, length=14, elements={
0x000001b187015550, 0x000001b1a47366f0, 0x000001b1a47374c0, 0x000001b1a4749400,
0x000001b1a474ad20, 0x000001b1a474b630, 0x000001b1a474e760, 0x000001b1a4750e70,
0x000001b1a476c500, 0x000001b1a47ed4f0, 0x000001b1a5196ac0, 0x000001b1a54b8970,
0x000001b1a54e1020, 0x000001b1a5c12e50
}

Java Threads: ( => current thread )
=>0x000001b187015550 JavaThread "main" [_thread_in_vm, id=1264, stack(0x0000000e61f00000,0x0000000e62000000)]
  0x000001b1a47366f0 JavaThread "Reference Handler" daemon [_thread_blocked, id=5548, stack(0x0000000e62600000,0x0000000e62700000)]
  0x000001b1a47374c0 JavaThread "Finalizer" daemon [_thread_blocked, id=8048, stack(0x0000000e62700000,0x0000000e62800000)]
  0x000001b1a4749400 JavaThread "Signal Dispatcher" daemon [_thread_blocked, id=6224, stack(0x0000000e62800000,0x0000000e62900000)]
  0x000001b1a474ad20 JavaThread "Attach Listener" daemon [_thread_blocked, id=10036, stack(0x0000000e62900000,0x0000000e62a00000)]
  0x000001b1a474b630 JavaThread "Service Thread" daemon [_thread_blocked, id=11068, stack(0x0000000e62a00000,0x0000000e62b00000)]
  0x000001b1a474e760 JavaThread "Monitor Deflation Thread" daemon [_thread_blocked, id=2832, stack(0x0000000e62b00000,0x0000000e62c00000)]
  0x000001b1a4750e70 JavaThread "C1 CompilerThread0" daemon [_thread_blocked, id=7228, stack(0x0000000e62c00000,0x0000000e62d00000)]
  0x000001b1a476c500 JavaThread "Sweeper thread" daemon [_thread_blocked, id=10080, stack(0x0000000e62d00000,0x0000000e62e00000)]
  0x000001b1a47ed4f0 JavaThread "Common-Cleaner" daemon [_thread_blocked, id=9656, stack(0x0000000e62e00000,0x0000000e62f00000)]
  0x000001b1a5196ac0 JavaThread "Notification Thread" daemon [_thread_blocked, id=6536, stack(0x0000000e62f00000,0x0000000e63000000)]
  0x000001b1a54b8970 JavaThread "RMI TCP Accept-0" daemon [_thread_in_native, id=416, stack(0x0000000e63000000,0x0000000e63100000)]
  0x000001b1a54e1020 JavaThread "Monitor Ctrl-Break" daemon [_thread_in_native, id=2632, stack(0x0000000e63200000,0x0000000e63300000)]
  0x000001b1a5c12e50 JavaThread "background-preinit" [_thread_in_vm, id=1000, stack(0x0000000e63700000,0x0000000e63800000)]

Other Threads:
  0x000001b1a4732b90 VMThread "VM Thread" [stack: 0x0000000e62500000,0x0000000e62600000] [id=9112]
  0x000001b1870164e0 WatcherThread [stack: 0x0000000e63100000,0x0000000e63200000] [id=11052]
  0x000001b187053e80 GCTaskThread "GC Thread#0" [stack: 0x0000000e62000000,0x0000000e62100000] [id=4368]
  0x000001b1a59bb970 GCTaskThread "GC Thread#1" [stack: 0x0000000e63300000,0x0000000e63400000] [id=11164]
  0x000001b1a58afce0 GCTaskThread "GC Thread#2" [stack: 0x0000000e63400000,0x0000000e63500000] [id=9784]
  0x000001b1a5ad7390 GCTaskThread "GC Thread#3" [stack: 0x0000000e63500000,0x0000000e63600000] [id=5880]
  0x000001b187065ba0 ConcurrentGCThread "G1 Main Marker" [stack: 0x0000000e62100000,0x0000000e62200000] [id=128]
  0x000001b187066d40 ConcurrentGCThread "G1 Conc#0" [stack: 0x0000000e62200000,0x0000000e62300000] [id=9624]
  0x000001b1870e0c50 ConcurrentGCThread "G1 Refine#0" [stack: 0x0000000e62300000,0x0000000e62400000] [id=8556]
  0x000001b1a5ad62a0 ConcurrentGCThread "G1 Refine#1" [stack: 0x0000000e63600000,0x0000000e63700000] [id=5080]
  0x000001b1870e2670 ConcurrentGCThread "G1 Service" [stack: 0x0000000e62400000,0x0000000e62500000] [id=10316]

Threads with active compile tasks:

VM state: not at safepoint (normal execution)

VM Mutex/Monitor currently owned by a thread:  ([mutex/lock_event])
[0x000001b187010d80] MetaspaceExpand_lock - owner thread: 0x000001b187015550

Heap address: 0x0000000081a00000, size: 2022 MB, Compressed Oops mode: 32-bit

CDS archive(s) mapped at: [0x0000000800000000-0x0000000800bb0000-0x0000000800bb0000), size 12255232, SharedBaseAddress: 0x0000000800000000, ArchiveRelocationMode: 0.
Compressed class space mapped at: 0x0000000800c00000-0x0000000840c00000, reserved size: 1073741824
Narrow klass base: 0x0000000800000000, Narrow klass shift: 3, Narrow klass range: 0x100000000

GC Precious Log:
 CPUs: 4 total, 4 available
 Memory: 8083M
 Large Page Support: Disabled
 NUMA Support: Disabled
 Compressed Oops: Enabled (32-bit)
 Heap Region Size: 1M
 Heap Min Capacity: 8M
 Heap Initial Capacity: 128M
 Heap Max Capacity: 2022M
 Pre-touch: Disabled
 Parallel Workers: 4
 Concurrent Workers: 1
 Concurrent Refinement Workers: 4
 Periodic GC: Disabled

Heap:
 garbage-first heap   total 131072K, used 27146K [0x0000000081a00000, 0x0000000100000000)
  region size 1024K, 25 young (25600K), 2 survivors (2048K)
 Metaspace       used 13180K, committed 13376K, reserved 1064960K
  class space    used 1715K, committed 1792K, reserved 1048576K

Heap Regions: E=young(eden), S=young(survivor), O=old, HS=humongous(starts), HC=humongous(continues), CS=collection set, F=free, OA=open archive, CA=closed archive, TAMS=top-at-mark-start (previous, next)
|   0|0x0000000081a00000, 0x0000000081b00000, 0x0000000081b00000|100%| O|  |TAMS 0x0000000081a00000, 0x0000000081a00000| Untracked 
|   1|0x0000000081b00000, 0x0000000081c00000, 0x0000000081c00000|100%| O|  |TAMS 0x0000000081b00000, 0x0000000081b00000| Untracked 
|   2|0x0000000081c00000, 0x0000000081d00000, 0x0000000081d00000|100%| O|  |TAMS 0x0000000081c00000, 0x0000000081c00000| Untracked 
|   3|0x0000000081d00000, 0x0000000081e00000, 0x0000000081e00000|100%| O|  |TAMS 0x0000000081d00000, 0x0000000081d00000| Untracked 
|   4|0x0000000081e00000, 0x0000000081e68000, 0x0000000081f00000| 40%| O|  |TAMS 0x0000000081e00000, 0x0000000081e00000| Untracked 
|   5|0x0000000081f00000, 0x0000000081f00000, 0x0000000082000000|  0%| F|  |TAMS 0x0000000081f00000, 0x0000000081f00000| Untracked 
|   6|0x0000000082000000, 0x0000000082000000, 0x0000000082100000|  0%| F|  |TAMS 0x0000000082000000, 0x0000000082000000| Untracked 
|   7|0x0000000082100000, 0x0000000082100000, 0x0000000082200000|  0%| F|  |TAMS 0x0000000082100000, 0x0000000082100000| Untracked 
|   8|0x0000000082200000, 0x0000000082200000, 0x0000000082300000|  0%| F|  |TAMS 0x0000000082200000, 0x0000000082200000| Untracked 
|   9|0x0000000082300000, 0x0000000082300000, 0x0000000082400000|  0%| F|  |TAMS 0x0000000082300000, 0x0000000082300000| Untracked 
|  10|0x0000000082400000, 0x0000000082400000, 0x0000000082500000|  0%| F|  |TAMS 0x0000000082400000, 0x0000000082400000| Untracked 
|  11|0x0000000082500000, 0x0000000082500000, 0x0000000082600000|  0%| F|  |TAMS 0x0000000082500000, 0x0000000082500000| Untracked 
|  12|0x0000000082600000, 0x0000000082600000, 0x0000000082700000|  0%| F|  |TAMS 0x0000000082600000, 0x0000000082600000| Untracked 
|  13|0x0000000082700000, 0x0000000082700000, 0x0000000082800000|  0%| F|  |TAMS 0x0000000082700000, 0x0000000082700000| Untracked 
|  14|0x0000000082800000, 0x0000000082800000, 0x0000000082900000|  0%| F|  |TAMS 0x0000000082800000, 0x0000000082800000| Untracked 
|  15|0x0000000082900000, 0x0000000082900000, 0x0000000082a00000|  0%| F|  |TAMS 0x0000000082900000, 0x0000000082900000| Untracked 
|  16|0x0000000082a00000, 0x0000000082a00000, 0x0000000082b00000|  0%| F|  |TAMS 0x0000000082a00000, 0x0000000082a00000| Untracked 
|  17|0x0000000082b00000, 0x0000000082b00000, 0x0000000082c00000|  0%| F|  |TAMS 0x0000000082b00000, 0x0000000082b00000| Untracked 
|  18|0x0000000082c00000, 0x0000000082c00000, 0x0000000082d00000|  0%| F|  |TAMS 0x0000000082c00000, 0x0000000082c00000| Untracked 
|  19|0x0000000082d00000, 0x0000000082d00000, 0x0000000082e00000|  0%| F|  |TAMS 0x0000000082d00000, 0x0000000082d00000| Untracked 
|  20|0x0000000082e00000, 0x0000000082e00000, 0x0000000082f00000|  0%| F|  |TAMS 0x0000000082e00000, 0x0000000082e00000| Untracked 
|  21|0x0000000082f00000, 0x0000000082f00000, 0x0000000083000000|  0%| F|  |TAMS 0x0000000082f00000, 0x0000000082f00000| Untracked 
|  22|0x0000000083000000, 0x0000000083000000, 0x0000000083100000|  0%| F|  |TAMS 0x0000000083000000, 0x0000000083000000| Untracked 
|  23|0x0000000083100000, 0x0000000083100000, 0x0000000083200000|  0%| F|  |TAMS 0x0000000083100000, 0x0000000083100000| Untracked 
|  24|0x0000000083200000, 0x0000000083200000, 0x0000000083300000|  0%| F|  |TAMS 0x0000000083200000, 0x0000000083200000| Untracked 
|  25|0x0000000083300000, 0x0000000083300000, 0x0000000083400000|  0%| F|  |TAMS 0x0000000083300000, 0x0000000083300000| Untracked 
|  26|0x0000000083400000, 0x0000000083400000, 0x0000000083500000|  0%| F|  |TAMS 0x0000000083400000, 0x0000000083400000| Untracked 
|  27|0x0000000083500000, 0x0000000083500000, 0x0000000083600000|  0%| F|  |TAMS 0x0000000083500000, 0x0000000083500000| Untracked 
|  28|0x0000000083600000, 0x0000000083600000, 0x0000000083700000|  0%| F|  |TAMS 0x0000000083600000, 0x0000000083600000| Untracked 
|  29|0x0000000083700000, 0x0000000083700000, 0x0000000083800000|  0%| F|  |TAMS 0x0000000083700000, 0x0000000083700000| Untracked 
|  30|0x0000000083800000, 0x0000000083800000, 0x0000000083900000|  0%| F|  |TAMS 0x0000000083800000, 0x0000000083800000| Untracked 
|  31|0x0000000083900000, 0x0000000083900000, 0x0000000083a00000|  0%| F|  |TAMS 0x0000000083900000, 0x0000000083900000| Untracked 
|  32|0x0000000083a00000, 0x0000000083a00000, 0x0000000083b00000|  0%| F|  |TAMS 0x0000000083a00000, 0x0000000083a00000| Untracked 
|  33|0x0000000083b00000, 0x0000000083b00000, 0x0000000083c00000|  0%| F|  |TAMS 0x0000000083b00000, 0x0000000083b00000| Untracked 
|  34|0x0000000083c00000, 0x0000000083c00000, 0x0000000083d00000|  0%| F|  |TAMS 0x0000000083c00000, 0x0000000083c00000| Untracked 
|  35|0x0000000083d00000, 0x0000000083d00000, 0x0000000083e00000|  0%| F|  |TAMS 0x0000000083d00000, 0x0000000083d00000| Untracked 
|  36|0x0000000083e00000, 0x0000000083e00000, 0x0000000083f00000|  0%| F|  |TAMS 0x0000000083e00000, 0x0000000083e00000| Untracked 
|  37|0x0000000083f00000, 0x0000000083f00000, 0x0000000084000000|  0%| F|  |TAMS 0x0000000083f00000, 0x0000000083f00000| Untracked 
|  38|0x0000000084000000, 0x0000000084000000, 0x0000000084100000|  0%| F|  |TAMS 0x0000000084000000, 0x0000000084000000| Untracked 
|  39|0x0000000084100000, 0x0000000084100000, 0x0000000084200000|  0%| F|  |TAMS 0x0000000084100000, 0x0000000084100000| Untracked 
|  40|0x0000000084200000, 0x0000000084200000, 0x0000000084300000|  0%| F|  |TAMS 0x0000000084200000, 0x0000000084200000| Untracked 
|  41|0x0000000084300000, 0x0000000084300000, 0x0000000084400000|  0%| F|  |TAMS 0x0000000084300000, 0x0000000084300000| Untracked 
|  42|0x0000000084400000, 0x0000000084400000, 0x0000000084500000|  0%| F|  |TAMS 0x0000000084400000, 0x0000000084400000| Untracked 
|  43|0x0000000084500000, 0x0000000084500000, 0x0000000084600000|  0%| F|  |TAMS 0x0000000084500000, 0x0000000084500000| Untracked 
|  44|0x0000000084600000, 0x0000000084600000, 0x0000000084700000|  0%| F|  |TAMS 0x0000000084600000, 0x0000000084600000| Untracked 
|  45|0x0000000084700000, 0x0000000084700000, 0x0000000084800000|  0%| F|  |TAMS 0x0000000084700000, 0x0000000084700000| Untracked 
|  46|0x0000000084800000, 0x0000000084800000, 0x0000000084900000|  0%| F|  |TAMS 0x0000000084800000, 0x0000000084800000| Untracked 
|  47|0x0000000084900000, 0x0000000084900000, 0x0000000084a00000|  0%| F|  |TAMS 0x0000000084900000, 0x0000000084900000| Untracked 
|  48|0x0000000084a00000, 0x0000000084a00000, 0x0000000084b00000|  0%| F|  |TAMS 0x0000000084a00000, 0x0000000084a00000| Untracked 
|  49|0x0000000084b00000, 0x0000000084b00000, 0x0000000084c00000|  0%| F|  |TAMS 0x0000000084b00000, 0x0000000084b00000| Untracked 
|  50|0x0000000084c00000, 0x0000000084c00000, 0x0000000084d00000|  0%| F|  |TAMS 0x0000000084c00000, 0x0000000084c00000| Untracked 
|  51|0x0000000084d00000, 0x0000000084d00000, 0x0000000084e00000|  0%| F|  |TAMS 0x0000000084d00000, 0x0000000084d00000| Untracked 
|  52|0x0000000084e00000, 0x0000000084e00000, 0x0000000084f00000|  0%| F|  |TAMS 0x0000000084e00000, 0x0000000084e00000| Untracked 
|  53|0x0000000084f00000, 0x0000000084f00000, 0x0000000085000000|  0%| F|  |TAMS 0x0000000084f00000, 0x0000000084f00000| Untracked 
|  54|0x0000000085000000, 0x0000000085000000, 0x0000000085100000|  0%| F|  |TAMS 0x0000000085000000, 0x0000000085000000| Untracked 
|  55|0x0000000085100000, 0x0000000085100000, 0x0000000085200000|  0%| F|  |TAMS 0x0000000085100000, 0x0000000085100000| Untracked 
|  56|0x0000000085200000, 0x0000000085200000, 0x0000000085300000|  0%| F|  |TAMS 0x0000000085200000, 0x0000000085200000| Untracked 
|  57|0x0000000085300000, 0x0000000085300000, 0x0000000085400000|  0%| F|  |TAMS 0x0000000085300000, 0x0000000085300000| Untracked 
|  58|0x0000000085400000, 0x0000000085400000, 0x0000000085500000|  0%| F|  |TAMS 0x0000000085400000, 0x0000000085400000| Untracked 
|  59|0x0000000085500000, 0x0000000085500000, 0x0000000085600000|  0%| F|  |TAMS 0x0000000085500000, 0x0000000085500000| Untracked 
|  60|0x0000000085600000, 0x0000000085600000, 0x0000000085700000|  0%| F|  |TAMS 0x0000000085600000, 0x0000000085600000| Untracked 
|  61|0x0000000085700000, 0x0000000085700000, 0x0000000085800000|  0%| F|  |TAMS 0x0000000085700000, 0x0000000085700000| Untracked 
|  62|0x0000000085800000, 0x0000000085800000, 0x0000000085900000|  0%| F|  |TAMS 0x0000000085800000, 0x0000000085800000| Untracked 
|  63|0x0000000085900000, 0x0000000085900000, 0x0000000085a00000|  0%| F|  |TAMS 0x0000000085900000, 0x0000000085900000| Untracked 
|  64|0x0000000085a00000, 0x0000000085a00000, 0x0000000085b00000|  0%| F|  |TAMS 0x0000000085a00000, 0x0000000085a00000| Untracked 
|  65|0x0000000085b00000, 0x0000000085b00000, 0x0000000085c00000|  0%| F|  |TAMS 0x0000000085b00000, 0x0000000085b00000| Untracked 
|  66|0x0000000085c00000, 0x0000000085c00000, 0x0000000085d00000|  0%| F|  |TAMS 0x0000000085c00000, 0x0000000085c00000| Untracked 
|  67|0x0000000085d00000, 0x0000000085d00000, 0x0000000085e00000|  0%| F|  |TAMS 0x0000000085d00000, 0x0000000085d00000| Untracked 
|  68|0x0000000085e00000, 0x0000000085e00000, 0x0000000085f00000|  0%| F|  |TAMS 0x0000000085e00000, 0x0000000085e00000| Untracked 
|  69|0x0000000085f00000, 0x0000000085f00000, 0x0000000086000000|  0%| F|  |TAMS 0x0000000085f00000, 0x0000000085f00000| Untracked 
|  70|0x0000000086000000, 0x0000000086000000, 0x0000000086100000|  0%| F|  |TAMS 0x0000000086000000, 0x0000000086000000| Untracked 
|  71|0x0000000086100000, 0x0000000086100000, 0x0000000086200000|  0%| F|  |TAMS 0x0000000086100000, 0x0000000086100000| Untracked 
|  72|0x0000000086200000, 0x0000000086200000, 0x0000000086300000|  0%| F|  |TAMS 0x0000000086200000, 0x0000000086200000| Untracked 
|  73|0x0000000086300000, 0x0000000086300000, 0x0000000086400000|  0%| F|  |TAMS 0x0000000086300000, 0x0000000086300000| Untracked 
|  74|0x0000000086400000, 0x0000000086400000, 0x0000000086500000|  0%| F|  |TAMS 0x0000000086400000, 0x0000000086400000| Untracked 
|  75|0x0000000086500000, 0x0000000086500000, 0x0000000086600000|  0%| F|  |TAMS 0x0000000086500000, 0x0000000086500000| Untracked 
|  76|0x0000000086600000, 0x0000000086600000, 0x0000000086700000|  0%| F|  |TAMS 0x0000000086600000, 0x0000000086600000| Untracked 
|  77|0x0000000086700000, 0x0000000086700000, 0x0000000086800000|  0%| F|  |TAMS 0x0000000086700000, 0x0000000086700000| Untracked 
|  78|0x0000000086800000, 0x0000000086800000, 0x0000000086900000|  0%| F|  |TAMS 0x0000000086800000, 0x0000000086800000| Untracked 
|  79|0x0000000086900000, 0x0000000086900000, 0x0000000086a00000|  0%| F|  |TAMS 0x0000000086900000, 0x0000000086900000| Untracked 
|  80|0x0000000086a00000, 0x0000000086a00000, 0x0000000086b00000|  0%| F|  |TAMS 0x0000000086a00000, 0x0000000086a00000| Untracked 
|  81|0x0000000086b00000, 0x0000000086b00000, 0x0000000086c00000|  0%| F|  |TAMS 0x0000000086b00000, 0x0000000086b00000| Untracked 
|  82|0x0000000086c00000, 0x0000000086c00000, 0x0000000086d00000|  0%| F|  |TAMS 0x0000000086c00000, 0x0000000086c00000| Untracked 
|  83|0x0000000086d00000, 0x0000000086d00000, 0x0000000086e00000|  0%| F|  |TAMS 0x0000000086d00000, 0x0000000086d00000| Untracked 
|  84|0x0000000086e00000, 0x0000000086e00000, 0x0000000086f00000|  0%| F|  |TAMS 0x0000000086e00000, 0x0000000086e00000| Untracked 
|  85|0x0000000086f00000, 0x0000000086f00000, 0x0000000087000000|  0%| F|  |TAMS 0x0000000086f00000, 0x0000000086f00000| Untracked 
|  86|0x0000000087000000, 0x0000000087000000, 0x0000000087100000|  0%| F|  |TAMS 0x0000000087000000, 0x0000000087000000| Untracked 
|  87|0x0000000087100000, 0x0000000087100000, 0x0000000087200000|  0%| F|  |TAMS 0x0000000087100000, 0x0000000087100000| Untracked 
|  88|0x0000000087200000, 0x0000000087200000, 0x0000000087300000|  0%| F|  |TAMS 0x0000000087200000, 0x0000000087200000| Untracked 
|  89|0x0000000087300000, 0x0000000087300000, 0x0000000087400000|  0%| F|  |TAMS 0x0000000087300000, 0x0000000087300000| Untracked 
|  90|0x0000000087400000, 0x0000000087400000, 0x0000000087500000|  0%| F|  |TAMS 0x0000000087400000, 0x0000000087400000| Untracked 
|  91|0x0000000087500000, 0x0000000087500000, 0x0000000087600000|  0%| F|  |TAMS 0x0000000087500000, 0x0000000087500000| Untracked 
|  92|0x0000000087600000, 0x0000000087600000, 0x0000000087700000|  0%| F|  |TAMS 0x0000000087600000, 0x0000000087600000| Untracked 
|  93|0x0000000087700000, 0x0000000087700000, 0x0000000087800000|  0%| F|  |TAMS 0x0000000087700000, 0x0000000087700000| Untracked 
|  94|0x0000000087800000, 0x0000000087800000, 0x0000000087900000|  0%| F|  |TAMS 0x0000000087800000, 0x0000000087800000| Untracked 
|  95|0x0000000087900000, 0x0000000087900000, 0x0000000087a00000|  0%| F|  |TAMS 0x0000000087900000, 0x0000000087900000| Untracked 
|  96|0x0000000087a00000, 0x0000000087a00000, 0x0000000087b00000|  0%| F|  |TAMS 0x0000000087a00000, 0x0000000087a00000| Untracked 
|  97|0x0000000087b00000, 0x0000000087b00000, 0x0000000087c00000|  0%| F|  |TAMS 0x0000000087b00000, 0x0000000087b00000| Untracked 
|  98|0x0000000087c00000, 0x0000000087c00000, 0x0000000087d00000|  0%| F|  |TAMS 0x0000000087c00000, 0x0000000087c00000| Untracked 
|  99|0x0000000087d00000, 0x0000000087d00000, 0x0000000087e00000|  0%| F|  |TAMS 0x0000000087d00000, 0x0000000087d00000| Untracked 
| 100|0x0000000087e00000, 0x0000000087e00000, 0x0000000087f00000|  0%| F|  |TAMS 0x0000000087e00000, 0x0000000087e00000| Untracked 
| 101|0x0000000087f00000, 0x0000000087f00000, 0x0000000088000000|  0%| F|  |TAMS 0x0000000087f00000, 0x0000000087f00000| Untracked 
| 102|0x0000000088000000, 0x0000000088000000, 0x0000000088100000|  0%| F|  |TAMS 0x0000000088000000, 0x0000000088000000| Untracked 
| 103|0x0000000088100000, 0x0000000088158d58, 0x0000000088200000| 34%| E|  |TAMS 0x0000000088100000, 0x0000000088100000| Complete 
| 104|0x0000000088200000, 0x0000000088300000, 0x0000000088300000|100%| E|CS|TAMS 0x0000000088200000, 0x0000000088200000| Complete 
| 105|0x0000000088300000, 0x0000000088400000, 0x0000000088400000|100%| E|CS|TAMS 0x0000000088300000, 0x0000000088300000| Complete 
| 106|0x0000000088400000, 0x0000000088500000, 0x0000000088500000|100%| E|CS|TAMS 0x0000000088400000, 0x0000000088400000| Complete 
| 107|0x0000000088500000, 0x0000000088600000, 0x0000000088600000|100%| E|CS|TAMS 0x0000000088500000, 0x0000000088500000| Complete 
| 108|0x0000000088600000, 0x0000000088700000, 0x0000000088700000|100%| E|CS|TAMS 0x0000000088600000, 0x0000000088600000| Complete 
| 109|0x0000000088700000, 0x0000000088800000, 0x0000000088800000|100%| E|CS|TAMS 0x0000000088700000, 0x0000000088700000| Complete 
| 110|0x0000000088800000, 0x0000000088900000, 0x0000000088900000|100%| E|CS|TAMS 0x0000000088800000, 0x0000000088800000| Complete 
| 111|0x0000000088900000, 0x000000008891ab70, 0x0000000088a00000| 10%| S|CS|TAMS 0x0000000088900000, 0x0000000088900000| Complete 
| 112|0x0000000088a00000, 0x0000000088b00000, 0x0000000088b00000|100%| S|CS|TAMS 0x0000000088a00000, 0x0000000088a00000| Complete 
| 113|0x0000000088b00000, 0x0000000088c00000, 0x0000000088c00000|100%| E|CS|TAMS 0x0000000088b00000, 0x0000000088b00000| Complete 
| 114|0x0000000088c00000, 0x0000000088d00000, 0x0000000088d00000|100%| E|CS|TAMS 0x0000000088c00000, 0x0000000088c00000| Complete 
| 115|0x0000000088d00000, 0x0000000088e00000, 0x0000000088e00000|100%| E|CS|TAMS 0x0000000088d00000, 0x0000000088d00000| Complete 
| 116|0x0000000088e00000, 0x0000000088f00000, 0x0000000088f00000|100%| E|CS|TAMS 0x0000000088e00000, 0x0000000088e00000| Complete 
| 117|0x0000000088f00000, 0x0000000089000000, 0x0000000089000000|100%| E|CS|TAMS 0x0000000088f00000, 0x0000000088f00000| Complete 
| 118|0x0000000089000000, 0x0000000089100000, 0x0000000089100000|100%| E|  |TAMS 0x0000000089000000, 0x0000000089000000| Complete 
| 119|0x0000000089100000, 0x0000000089200000, 0x0000000089200000|100%| E|CS|TAMS 0x0000000089100000, 0x0000000089100000| Complete 
| 120|0x0000000089200000, 0x0000000089300000, 0x0000000089300000|100%| E|CS|TAMS 0x0000000089200000, 0x0000000089200000| Complete 
| 121|0x0000000089300000, 0x0000000089400000, 0x0000000089400000|100%| E|CS|TAMS 0x0000000089300000, 0x0000000089300000| Complete 
| 122|0x0000000089400000, 0x0000000089500000, 0x0000000089500000|100%| E|CS|TAMS 0x0000000089400000, 0x0000000089400000| Complete 
| 123|0x0000000089500000, 0x0000000089600000, 0x0000000089600000|100%| E|CS|TAMS 0x0000000089500000, 0x0000000089500000| Complete 
| 124|0x0000000089600000, 0x0000000089700000, 0x0000000089700000|100%| E|CS|TAMS 0x0000000089600000, 0x0000000089600000| Complete 
| 125|0x0000000089700000, 0x0000000089800000, 0x0000000089800000|100%| E|CS|TAMS 0x0000000089700000, 0x0000000089700000| Complete 
| 126|0x0000000089800000, 0x0000000089900000, 0x0000000089900000|100%| E|CS|TAMS 0x0000000089800000, 0x0000000089800000| Complete 
| 127|0x0000000089900000, 0x0000000089a00000, 0x0000000089a00000|100%| E|CS|TAMS 0x0000000089900000, 0x0000000089900000| Complete 

Card table byte_map: [0x000001b19db80000,0x000001b19df80000] _byte_map_base: 0x000001b19d773000

Marking Bits (Prev, Next): (CMBitMap*) 0x000001b187055490, (CMBitMap*) 0x000001b1870554d0
 Prev Bits: [0x000001b19e380000, 0x000001b1a0318000)
 Next Bits: [0x000001b1a0320000, 0x000001b1a22b8000)

Polling page: 0x000001b184ee0000

Metaspace:

Usage:
  Non-class:     11.20 MB used.
      Class:      1.68 MB used.
       Both:     12.87 MB used.

Virtual space:
  Non-class space:       16.00 MB reserved,      11.31 MB ( 71%) committed,  2 nodes.
      Class space:        1.00 GB reserved,       1.75 MB ( <1%) committed,  1 nodes.
              Both:        1.02 GB reserved,      13.06 MB (  1%) committed. 

Chunk freelists:
   Non-Class:  240.00 KB
       Class:  2.19 MB
        Both:  2.43 MB

MaxMetaspaceSize: 17179869184.00 GB
CompressedClassSpaceSize: 1.00 GB
 - commit_granule_bytes: 65536.
 - commit_granule_words: 8192.
 - virtual_space_node_default_size: 1048576.
 - enlarge_chunks_in_place: 1.
 - new_chunks_are_fully_committed: 0.
 - uncommit_free_chunks: 1.
 - use_allocation_guard: 0.
 - handle_deallocations: 1.


Internal statistics:

num_allocs_failed_limit: 0.
num_arena_births: 228.
num_arena_deaths: 0.
num_vsnodes_births: 3.
num_vsnodes_deaths: 0.
num_space_committed: 209.
num_space_uncommitted: 0.
num_chunks_returned_to_freelist: 0.
num_chunks_taken_from_freelist: 594.
num_chunk_merges: 0.
num_chunk_splits: 403.
num_chunks_enlarged: 301.
num_purges: 0.

CodeHeap 'non-profiled nmethods': size=238912Kb used=2629Kb max_used=2629Kb free=236282Kb
 bounds [0x000001b18ee30000, 0x000001b18f0d0000, 0x000001b19d780000]
CodeHeap 'non-nmethods': size=6848Kb used=1200Kb max_used=1200Kb free=5647Kb
 bounds [0x000001b18e780000, 0x000001b18e9f0000, 0x000001b18ee30000]
 total_blobs=2289 nmethods=1792 adapters=424
 compilation: enabled
              stopped_count=0, restarted_count=0
 full_count=0

Compilation events (20 events):
Event: 0.819 Thread 0x000001b1a4750e70 1780       1       java.lang.reflect.AccessibleObject::checkPermission (16 bytes)
Event: 0.819 Thread 0x000001b1a4750e70 nmethod 1780 0x000001b18f0bb390 code [0x000001b18f0bb540, 0x000001b18f0bb628]
Event: 0.819 Thread 0x000001b1a4750e70 1781       1       java.lang.reflect.AccessibleObject::checkCanSetAccessible (9 bytes)
Event: 0.819 Thread 0x000001b1a4750e70 nmethod 1781 0x000001b18f0bb690 code [0x000001b18f0bb820, 0x000001b18f0bb908]
Event: 0.819 Thread 0x000001b1a4750e70 1782       1       java.lang.reflect.AccessibleObject::checkCanSetAccessible (386 bytes)
Event: 0.821 Thread 0x000001b1a4750e70 nmethod 1782 0x000001b18f0bb990 code [0x000001b18f0bbe80, 0x000001b18f0bd768]
Event: 0.821 Thread 0x000001b1a4750e70 1783       1       java.lang.reflect.AccessibleObject::setAccessible0 (7 bytes)
Event: 0.821 Thread 0x000001b1a4750e70 nmethod 1783 0x000001b18f0be410 code [0x000001b18f0be5a0, 0x000001b18f0be678]
Event: 0.821 Thread 0x000001b1a4750e70 1787       1       java.lang.invoke.MethodHandles$Lookup$ClassOption::optionsToFlag (40 bytes)
Event: 0.821 Thread 0x000001b1a4750e70 nmethod 1787 0x000001b18f0bef90 code [0x000001b18f0bf160, 0x000001b18f0bf2e8]
Event: 0.821 Thread 0x000001b1a4750e70 1785       1       java.lang.invoke.MethodHandles$Lookup$ClassFile::<init> (20 bytes)
Event: 0.821 Thread 0x000001b1a4750e70 nmethod 1785 0x000001b18f0bf410 code [0x000001b18f0bf5a0, 0x000001b18f0bf6f8]
Event: 0.821 Thread 0x000001b1a4750e70 1786       1       java.lang.invoke.MethodHandles$Lookup::makeHiddenClassDefiner (42 bytes)
Event: 0.822 Thread 0x000001b1a4750e70 nmethod 1786 0x000001b18f0bf790 code [0x000001b18f0bf980, 0x000001b18f0bfd78]
Event: 0.822 Thread 0x000001b1a4750e70 1788       1       java.lang.invoke.MethodHandles$Lookup$ClassDefiner::<init> (58 bytes)
Event: 0.822 Thread 0x000001b1a4750e70 nmethod 1788 0x000001b18f0c0010 code [0x000001b18f0c01c0, 0x000001b18f0c03b8]
Event: 0.822 Thread 0x000001b1a4750e70 1789       1       java.lang.invoke.MethodHandles$Lookup$ClassDefiner::defineClass (97 bytes)
Event: 0.822 Thread 0x000001b1a4750e70 nmethod 1789 0x000001b18f0c0490 code [0x000001b18f0c0680, 0x000001b18f0c0ad8]
Event: 0.822 Thread 0x000001b1a4750e70 1790       1       java.lang.System$2::defineClass (21 bytes)
Event: 0.822 Thread 0x000001b1a4750e70 nmethod 1790 0x000001b18f0c0e10 code [0x000001b18f0c0fc0, 0x000001b18f0c10e8]

GC Heap History (4 events):
Event: 0.488 GC heap before
{Heap before GC invocations=0 (full 0):
 garbage-first heap   total 131072K, used 12288K [0x0000000081a00000, 0x0000000100000000)
  region size 1024K, 13 young (13312K), 0 survivors (0K)
 Metaspace       used 5285K, committed 5440K, reserved 1056768K
  class space    used 611K, committed 704K, reserved 1048576K
}
Event: 0.492 GC heap after
{Heap after GC invocations=1 (full 0):
 garbage-first heap   total 131072K, used 4398K [0x0000000081a00000, 0x0000000100000000)
  region size 1024K, 2 young (2048K), 2 survivors (2048K)
 Metaspace       used 5285K, committed 5440K, reserved 1056768K
  class space    used 611K, committed 704K, reserved 1048576K
}
Event: 0.659 GC heap before
{Heap before GC invocations=1 (full 0):
 garbage-first heap   total 131072K, used 16686K [0x0000000081a00000, 0x0000000100000000)
  region size 1024K, 15 young (15360K), 2 survivors (2048K)
 Metaspace       used 8209K, committed 8448K, reserved 1056768K
  class space    used 1044K, committed 1152K, reserved 1048576K
}
Event: 0.662 GC heap after
{Heap after GC invocations=2 (full 0):
 garbage-first heap   total 131072K, used 5642K [0x0000000081a00000, 0x0000000100000000)
  region size 1024K, 2 young (2048K), 2 survivors (2048K)
 Metaspace       used 8209K, committed 8448K, reserved 1056768K
  class space    used 1044K, committed 1152K, reserved 1048576K
}

Deoptimization events (0 events):
No events

Classes unloaded (0 events):
No events

Classes redefined (0 events):
No events

Internal exceptions (20 events):
Event: 0.644 Thread 0x000001b187015550 Exception <a 'java/lang/NoSuchMethodError'{0x0000000088ed3028}: 'java.lang.Object java.lang.invoke.DirectMethodHandle$Holder.invokeSpecial(java.lang.Object, java.lang.Object, java.lang.Object, java.lang.Object, java.lang.Object, java.lang.Object, java.lang.Object, int)'> (0x0000000088ed3028) 
thrown [t:\workspace\open\src\hotspot\share\interpreter\linkResolver.cpp, line 790]
Event: 0.669 Thread 0x000001b187015550 Exception <a 'java/lang/NoSuchMethodError'{0x00000000899b0858}: 'java.lang.Object java.lang.invoke.DirectMethodHandle$Holder.invokeSpecial(java.lang.Object, java.lang.Object, java.lang.Object, int, java.lang.Object)'> (0x00000000899b0858) 
thrown [t:\workspace\open\src\hotspot\share\interpreter\linkResolver.cpp, line 790]
Event: 0.669 Thread 0x000001b187015550 Exception <a 'java/lang/NoSuchMethodError'{0x00000000899b9590}: 'java.lang.Object java.lang.invoke.DirectMethodHandle$Holder.newInvokeSpecial(java.lang.Object, java.lang.Object, java.lang.Object, int, java.lang.Object)'> (0x00000000899b9590) 
thrown [t:\workspace\open\src\hotspot\share\interpreter\linkResolver.cpp, line 790]
Event: 0.669 Thread 0x000001b187015550 Exception <a 'java/lang/NoSuchMethodError'{0x00000000899c1278}: 'java.lang.Object java.lang.invoke.Invokers$Holder.linkToTargetMethod(java.lang.Object, java.lang.Object, int, java.lang.Object, java.lang.Object)'> (0x00000000899c1278) 
thrown [t:\workspace\open\src\hotspot\share\interpreter\linkResolver.cpp, line 790]
Event: 0.670 Thread 0x000001b187015550 Exception <a 'java/lang/NoSuchMethodError'{0x00000000899d7238}: 'java.lang.Object java.lang.invoke.DirectMethodHandle$Holder.newInvokeSpecial(java.lang.Object, int, java.lang.Object)'> (0x00000000899d7238) 
thrown [t:\workspace\open\src\hotspot\share\interpreter\linkResolver.cpp, line 790]
Event: 0.671 Thread 0x000001b187015550 Exception <a 'java/lang/NoSuchMethodError'{0x00000000899dbea0}: 'int java.lang.invoke.DirectMethodHandle$Holder.invokeSpecialIFC(java.lang.Object, java.lang.Object, java.lang.Object, java.lang.Object)'> (0x00000000899dbea0) 
thrown [t:\workspace\open\src\hotspot\share\interpreter\linkResolver.cpp, line 790]
Event: 0.679 Thread 0x000001b187015550 Exception <a 'java/lang/NoSuchMethodError'{0x000000008989a898}: 'void java.lang.invoke.DirectMethodHandle$Holder.invokeInterface(java.lang.Object, java.lang.Object, java.lang.Object)'> (0x000000008989a898) 
thrown [t:\workspace\open\src\hotspot\share\interpreter\linkResolver.cpp, line 790]
Event: 0.695 Thread 0x000001b187015550 Exception <a 'java/lang/NoSuchMethodError'{0x00000000897d5a88}: 'void java.lang.invoke.DirectMethodHandle$Holder.invokeStatic(java.lang.Object, java.lang.Object, int)'> (0x00000000897d5a88) 
thrown [t:\workspace\open\src\hotspot\share\interpreter\linkResolver.cpp, line 790]
Event: 0.696 Thread 0x000001b187015550 Exception <a 'java/lang/NoSuchMethodError'{0x00000000897ddb00}: 'void java.lang.invoke.DirectMethodHandle$Holder.invokeStaticInit(java.lang.Object, java.lang.Object)'> (0x00000000897ddb00) 
thrown [t:\workspace\open\src\hotspot\share\interpreter\linkResolver.cpp, line 790]
Event: 0.697 Thread 0x000001b187015550 Exception <a 'java/lang/NoSuchMethodError'{0x00000000897f7ae0}: 'void java.lang.invoke.DirectMethodHandle$Holder.invokeStaticInit(java.lang.Object, java.lang.Object, java.lang.Object)'> (0x00000000897f7ae0) 
thrown [t:\workspace\open\src\hotspot\share\interpreter\linkResolver.cpp, line 790]
Event: 0.705 Thread 0x000001b187015550 Exception <a 'java/lang/NoSuchMethodError'{0x0000000089680960}: 'void java.lang.invoke.DirectMethodHandle$Holder.invokeVirtual(java.lang.Object, java.lang.Object, java.lang.Object, java.lang.Object)'> (0x0000000089680960) 
thrown [t:\workspace\open\src\hotspot\share\interpreter\linkResolver.cpp, line 790]
Event: 0.722 Thread 0x000001b187015550 Exception <a 'java/lang/NoSuchMethodError'{0x00000000895e0b90}: 'void java.lang.invoke.DirectMethodHandle$Holder.invokeSpecial(java.lang.Object, java.lang.Object, java.lang.Object, java.lang.Object, java.lang.Object)'> (0x00000000895e0b90) 
thrown [t:\workspace\open\src\hotspot\share\interpreter\linkResolver.cpp, line 790]
Event: 0.725 Thread 0x000001b1a5c12e50 Exception <a 'java/lang/NoClassDefFoundError'{0x0000000089417910}: javax/validation/Validation> (0x0000000089417910) 
thrown [t:\workspace\open\src\hotspot\share\classfile\systemDictionary.cpp, line 245]
Event: 0.740 Thread 0x000001b1a5c12e50 Exception <a 'java/lang/NoSuchMethodError'{0x000000008910eee8}: 'java.lang.Object java.lang.invoke.DirectMethodHandle$Holder.invokeStaticInit(java.lang.Object, java.lang.Object, java.lang.Object, java.lang.Object, java.lang.Object)'> (0x000000008910eee8) 
thrown [t:\workspace\open\src\hotspot\share\interpreter\linkResolver.cpp, line 790]
Event: 0.769 Thread 0x000001b187015550 Exception <a 'java/lang/NoSuchMethodError'{0x0000000088d5b630}: 'org.slf4j.impl.StaticMDCBinder org.slf4j.impl.StaticMDCBinder.getSingleton()'> (0x0000000088d5b630) 
thrown [t:\workspace\open\src\hotspot\share\interpreter\linkResolver.cpp, line 790]
Event: 0.818 Thread 0x000001b1a5c12e50 Exception <a 'java/lang/NoSuchMethodError'{0x00000000883ae9e0}: 'long java.lang.invoke.DirectMethodHandle$Holder.invokeSpecial(java.lang.Object, java.lang.Object)'> (0x00000000883ae9e0) 
thrown [t:\workspace\open\src\hotspot\share\interpreter\linkResolver.cpp, line 790]
Event: 0.821 Thread 0x000001b1a5c12e50 Exception <a 'java/lang/NoSuchMethodError'{0x000000008822eda8}: 'long java.lang.invoke.DirectMethodHandle$Holder.invokeStatic(java.lang.Object, java.lang.Object)'> (0x000000008822eda8) 
thrown [t:\workspace\open\src\hotspot\share\interpreter\linkResolver.cpp, line 790]
Event: 0.821 Thread 0x000001b1a5c12e50 Exception <a 'java/lang/NoSuchMethodError'{0x0000000088232588}: 'long java.lang.invoke.DirectMethodHandle$Holder.invokeStaticInit(java.lang.Object, java.lang.Object)'> (0x0000000088232588) 
thrown [t:\workspace\open\src\hotspot\share\interpreter\linkResolver.cpp, line 790]
Event: 0.823 Thread 0x000001b1a5c12e50 Exception <a 'java/lang/NoSuchMethodError'{0x00000000882d9c48}: 'long java.lang.invoke.DirectMethodHandle$Holder.invokeInterface(java.lang.Object, java.lang.Object)'> (0x00000000882d9c48) 
thrown [t:\workspace\open\src\hotspot\share\interpreter\linkResolver.cpp, line 790]
Event: 0.823 Thread 0x000001b1a5c12e50 Exception <a 'java/lang/IncompatibleClassChangeError'{0x00000000882dd3a8}: Found class java.lang.Object, but interface was expected> (0x00000000882dd3a8) 
thrown [t:\workspace\open\src\hotspot\share\interpreter\linkResolver.cpp, line 857]

Events (20 events):
Event: 0.784 loading class java/lang/annotation/Repeatable done
Event: 0.797 loading class java/beans/Introspector
Event: 0.797 loading class java/beans/Introspector done
Event: 0.797 loading class java/beans/EventSetDescriptor
Event: 0.798 loading class java/beans/FeatureDescriptor
Event: 0.798 loading class java/beans/FeatureDescriptor done
Event: 0.798 loading class java/beans/EventSetDescriptor done
Event: 0.798 loading class java/beans/Introspector$1
Event: 0.798 loading class jdk/internal/access/JavaBeansAccess
Event: 0.798 loading class jdk/internal/access/JavaBeansAccess done
Event: 0.798 loading class java/beans/Introspector$1 done
Event: 0.810 loading class java/util/regex/Pattern$BnM
Event: 0.810 loading class java/util/regex/Pattern$BnM done
Event: 0.812 Executing  VM operation: HandshakeAllThreads
Event: 0.812 Executing  VM operation: HandshakeAllThreads done
Event: 0.826 loading class java/beans/PropertyDescriptor
Event: 0.826 loading class java/beans/PropertyDescriptor done
Event: 0.827 loading class java/beans/BeanInfo
Event: 0.827 loading class java/beans/BeanInfo done
Event: 0.827 loading class java/beans/BeanDescriptor


Dynamic libraries:
0x00007ff623500000 - 0x00007ff62350e000 	D:\JDK\bin\java.exe
0x00007ffbeb7f0000 - 0x00007ffbeb9e5000 	C:\Windows\SYSTEM32\ntdll.dll
0x00007ffbeb6f0000 - 0x00007ffbeb7ad000 	C:\Windows\System32\KERNEL32.DLL
0x00007ffbe9340000 - 0x00007ffbe9608000 	C:\Windows\System32\KERNELBASE.dll
0x00007ffbe9150000 - 0x00007ffbe9250000 	C:\Windows\System32\ucrtbase.dll
0x00007ffbccb00000 - 0x00007ffbccb19000 	D:\JDK\bin\VCRUNTIME140.dll
0x00007ffbce6b0000 - 0x00007ffbce6c8000 	D:\JDK\bin\jli.dll
0x00007ffbea9c0000 - 0x00007ffbeab60000 	C:\Windows\System32\USER32.dll
0x00007ffbe8fc0000 - 0x00007ffbe8fe2000 	C:\Windows\System32\win32u.dll
0x00007ffbd8730000 - 0x00007ffbd89ca000 	C:\Windows\WinSxS\amd64_microsoft.windows.common-controls_6595b64144ccf1df_6.0.19041.1052_none_60b8f8fd71f5e8cb\COMCTL32.dll
0x00007ffbea6c0000 - 0x00007ffbea6ea000 	C:\Windows\System32\GDI32.dll
0x00007ffbe9aa0000 - 0x00007ffbe9b3e000 	C:\Windows\System32\msvcrt.dll
0x00007ffbe9640000 - 0x00007ffbe974b000 	C:\Windows\System32\gdi32full.dll
0x00007ffbe92a0000 - 0x00007ffbe933d000 	C:\Windows\System32\msvcp_win.dll
0x00007ffbe9980000 - 0x00007ffbe99b0000 	C:\Windows\System32\IMM32.DLL
0x00007ffbd53d0000 - 0x00007ffbd53dc000 	D:\JDK\bin\vcruntime140_1.dll
0x00007ffbc1de0000 - 0x00007ffbc1e71000 	D:\JDK\bin\msvcp140.dll
0x00007ffbb2fb0000 - 0x00007ffbb3b5b000 	D:\JDK\bin\server\jvm.dll
0x00007ffbeb1b0000 - 0x00007ffbeb25c000 	C:\Windows\System32\ADVAPI32.dll
0x00007ffbe9cd0000 - 0x00007ffbe9d6b000 	C:\Windows\System32\sechost.dll
0x00007ffbeafd0000 - 0x00007ffbeb0fb000 	C:\Windows\System32\RPCRT4.dll
0x00007ffbeb380000 - 0x00007ffbeb388000 	C:\Windows\System32\PSAPI.DLL
0x00007ffbdc600000 - 0x00007ffbdc627000 	C:\Windows\SYSTEM32\WINMM.dll
0x00007ffbe40e0000 - 0x00007ffbe40ea000 	C:\Windows\SYSTEM32\VERSION.dll
0x00007ffbe6680000 - 0x00007ffbe6689000 	C:\Windows\SYSTEM32\WSOCK32.dll
0x00007ffbea8f0000 - 0x00007ffbea95b000 	C:\Windows\System32\WS2_32.dll
0x00007ffbe6dc0000 - 0x00007ffbe6dd2000 	C:\Windows\SYSTEM32\kernel.appcore.dll
0x00007ffbd5360000 - 0x00007ffbd536a000 	D:\JDK\bin\jimage.dll
0x00007ffbda880000 - 0x00007ffbdaa64000 	C:\Windows\SYSTEM32\DBGHELP.DLL
0x00007ffbccd00000 - 0x00007ffbccd2c000 	C:\Windows\SYSTEM32\dbgcore.DLL
0x00007ffbe8f30000 - 0x00007ffbe8fb3000 	C:\Windows\System32\bcryptPrimitives.dll
0x00007ffbcc7f0000 - 0x00007ffbcc815000 	D:\JDK\bin\java.dll
0x00007ffbe9d70000 - 0x00007ffbea4af000 	C:\Windows\System32\SHELL32.dll
0x00007ffbe70a0000 - 0x00007ffbe7830000 	C:\Windows\SYSTEM32\windows.storage.dll
0x00007ffbeb390000 - 0x00007ffbeb6e5000 	C:\Windows\System32\combase.dll
0x00007ffbe89a0000 - 0x00007ffbe89cc000 	C:\Windows\SYSTEM32\Wldp.dll
0x00007ffbe9b40000 - 0x00007ffbe9bee000 	C:\Windows\System32\SHCORE.dll
0x00007ffbea890000 - 0x00007ffbea8e5000 	C:\Windows\System32\shlwapi.dll
0x00007ffbe8e70000 - 0x00007ffbe8e8f000 	C:\Windows\SYSTEM32\profapi.dll
0x00007ffbcc7d0000 - 0x00007ffbcc7e9000 	D:\JDK\bin\net.dll
0x00007ffbdb940000 - 0x00007ffbdba4b000 	C:\Windows\SYSTEM32\WINHTTP.dll
0x00007ffbe8710000 - 0x00007ffbe877a000 	C:\Windows\system32\mswsock.dll
0x00007ffbcc7b0000 - 0x00007ffbcc7c3000 	D:\JDK\bin\nio.dll
0x00007ffbcc190000 - 0x00007ffbcc1a8000 	D:\JDK\bin\zip.dll
0x00007ffbe83f0000 - 0x00007ffbe84bc000 	C:\Windows\SYSTEM32\DNSAPI.dll
0x00007ffbe83b0000 - 0x00007ffbe83eb000 	C:\Windows\SYSTEM32\IPHLPAPI.DLL
0x00007ffbeb370000 - 0x00007ffbeb378000 	C:\Windows\System32\NSI.dll
0x00007ffbe0070000 - 0x00007ffbe007a000 	C:\Windows\System32\rasadhlp.dll
0x00007ffbdbb50000 - 0x00007ffbdbbcf000 	C:\Windows\System32\fwpuclnt.dll
0x00007ffbe9610000 - 0x00007ffbe9637000 	C:\Windows\System32\bcrypt.dll
0x00007ffbcde70000 - 0x00007ffbcde79000 	D:\JDK\bin\management.dll
0x00007ffbcca80000 - 0x00007ffbcca8b000 	D:\JDK\bin\management_ext.dll
0x00007ffbe88f0000 - 0x00007ffbe8908000 	C:\Windows\SYSTEM32\CRYPTSP.dll
0x00007ffbe8040000 - 0x00007ffbe8074000 	C:\Windows\system32\rsaenh.dll
0x00007ffbe8e30000 - 0x00007ffbe8e5e000 	C:\Windows\SYSTEM32\USERENV.dll
0x00007ffbe88e0000 - 0x00007ffbe88ec000 	C:\Windows\SYSTEM32\CRYPTBASE.dll
0x00007ffbdc480000 - 0x00007ffbdc497000 	C:\Windows\SYSTEM32\dhcpcsvc6.DLL
0x00007ffbdc460000 - 0x00007ffbdc47d000 	C:\Windows\SYSTEM32\dhcpcsvc.DLL
0x00007ffbe6700000 - 0x00007ffbe6717000 	C:\Windows\system32\napinsp.dll
0x00007ffbe66d0000 - 0x00007ffbe66eb000 	C:\Windows\system32\pnrpnsp.dll
0x00007ffbe3350000 - 0x00007ffbe3365000 	C:\Windows\system32\wshbth.dll
0x00007ffbe4910000 - 0x00007ffbe492d000 	C:\Windows\system32\NLAapi.dll
0x00007ffbe5860000 - 0x00007ffbe5872000 	C:\Windows\System32\winrnr.dll
0x00007ffbe2f90000 - 0x00007ffbe2faa000 	D:\Software Installer\IntelliJ IDEA\bin\breakgen64.dll

dbghelp: loaded successfully - version: 4.0.5 - missing functions: none
symbol engine: initialized successfully - sym options: 0x614 - pdb path: .;D:\JDK\bin;C:\Windows\SYSTEM32;C:\Windows\WinSxS\amd64_microsoft.windows.common-controls_6595b64144ccf1df_6.0.19041.1052_none_60b8f8fd71f5e8cb;D:\JDK\bin\server;D:\Software Installer\IntelliJ IDEA\bin

VM Arguments:
jvm_args: -XX:TieredStopAtLevel=1 -Xverify:none -Dspring.output.ansi.enabled=always -Dcom.sun.management.jmxremote -Dspring.jmx.enabled=true -Dspring.liveBeansView.mbeanDomain -Dspring.application.admin.enabled=true -Didea.launcher.port=64865 -Didea.launcher.bin.path=D:\Software Installer\IntelliJ IDEA\bin -Dfile.encoding=UTF-8 
java_command: com.intellij.rt.execution.application.AppMainV2 com.example.thymeleafspringbootpractice.ThymeleafSpringBootPracticeApplication
java_class_path (initial): D:\thymeleaf-spring-boot-practice\build\classes\java\main;D:\thymeleaf-spring-boot-practice\build\resources\main;C:\Users\Alif\.gradle\caches\modules-2\files-2.1\org.springframework.boot\spring-boot-starter-thymeleaf\2.5.2\bbf0322ed2d1e9b6b7e7e46903ceb1bba0dd3ba2\spring-boot-starter-thymeleaf-2.5.2.jar;C:\Users\Alif\.gradle\caches\modules-2\files-2.1\org.springframework.boot\spring-boot-starter-web\2.5.2\9d68318f6607728e253030aa145e529bae9b0883\spring-boot-starter-web-2.5.2.jar;C:\Users\Alif\.gradle\caches\modules-2\files-2.1\org.springframework.boot\spring-boot-starter\2.5.2\5aa5345f60cd3fbca331c05015e0700553448d66\spring-boot-starter-2.5.2.jar;C:\Users\Alif\.gradle\caches\modules-2\files-2.1\org.thymeleaf\thymeleaf-spring5\3.0.12.RELEASE\aa640b214411978a23cbe271c3fb9569d1bda608\thymeleaf-spring5-3.0.12.RELEASE.jar;C:\Users\Alif\.gradle\caches\modules-2\files-2.1\org.thymeleaf.extras\thymeleaf-extras-java8time\3.0.4.RELEASE\36e7175ddce36c486fff4578b5af7bb32f54f5df\thymeleaf-extras-java8time-3.0.4.RELEASE.jar;C:\Users\Alif\.gradle\caches\modules-2\files-2.1\org.springframework.boot\spring-boot-starter-json\2.5.2\6af2e2d4fcf02fcda700dbbcd4643e78d31bcc8c\spring-boot-starter-json-2.5.2.jar;C:\Users\Alif\.gradle\caches\modules-2\files-2.1\org.springframework.boot\spring-boot-starter-tomcat\2.5.2\ed7d2ef9efef6145bdc8c9c4dd1790f51673f27d\spring-boot-starter-tomcat-2.5.2.jar;C:\Users\Alif\.gradle\caches\modules-2\files-2.1\org.springframework\spring-webmvc\5.3.8\2cfa5e12bf103e2c82db78ce198e455dab456465\spring-webmvc-5.3.8.jar;C:\Users\Alif\.gradle\caches\modules-2\files-2.1\org.springframework\spring-web\5.3.8\daa288e67b0f2e09a033500d5ce8406677c5045c\spring-web-5.3.8.jar;C:\Users\Alif\.gradle\caches\modules-2\files-2.1\org.springframework.boot\spring-boot-autoconfigure\2.5.2\aa924c5d0d375f4b2b66f211704c24d40a7e647b\spring-boot-autoconfigure-2.5.2.jar;C:\Users\Alif\.gradle\caches\modules-2\files-2.1\org.springframework.boot\spring-boot\2.5.2\bd6
Launcher Type: SUN_STANDARD

[Global flags]
     intx CICompilerCount                          = 3                                         {product} {ergonomic}
     uint ConcGCThreads                            = 1                                         {product} {ergonomic}
     uint G1ConcRefinementThreads                  = 4                                         {product} {ergonomic}
   size_t G1HeapRegionSize                         = 1048576                                   {product} {ergonomic}
    uintx GCDrainStackTargetSize                   = 64                                        {product} {ergonomic}
   size_t InitialHeapSize                          = 134217728                                 {product} {ergonomic}
     bool ManagementServer                         = true                                      {product} {command line}
   size_t MarkStackSize                            = 4194304                                   {product} {ergonomic}
   size_t MaxHeapSize                              = 2120220672                                {product} {ergonomic}
   size_t MaxNewSize                               = 1271922688                                {product} {ergonomic}
   size_t MinHeapDeltaBytes                        = 1048576                                   {product} {ergonomic}
   size_t MinHeapSize                              = 8388608                                   {product} {ergonomic}
    uintx NonNMethodCodeHeapSize                   = 6973028                                {pd product} {ergonomic}
    uintx NonProfiledCodeHeapSize                  = 244685212                              {pd product} {ergonomic}
    uintx ProfiledCodeHeapSize                     = 0                                      {pd product} {ergonomic}
    uintx ReservedCodeCacheSize                    = 251658240                              {pd product} {ergonomic}
     bool SegmentedCodeCache                       = true                                      {product} {ergonomic}
   size_t SoftMaxHeapSize                          = 2120220672                             {manageable} {ergonomic}
     intx TieredStopAtLevel                        = 1                                         {product} {command line}
     bool UseCompressedClassPointers               = true                           {product lp64_product} {ergonomic}
     bool UseCompressedOops                        = true                           {product lp64_product} {ergonomic}
     bool UseG1GC                                  = true                                      {product} {ergonomic}
     bool UseLargePagesIndividualAllocation        = false                                  {pd product} {ergonomic}

Logging:
Log output configuration:
 #0: stdout all=warning uptime,level,tags
 #1: stderr all=off uptime,level,tags

Environment Variables:
PATH=C:\Windows\system32;C:\Windows;C:\Windows\System32\Wbem;C:\Windows\System32\WindowsPowerShell\v1.0\;C:\Windows\System32\OpenSSH\;C:\Program Files\Microsoft SQL Server\130\Tools\Binn\;C:\Program Files\Microsoft SQL Server\Client SDK\ODBC\170\Tools\Binn\;C:\Program Files (x86)\Microsoft SQL Server\150\Tools\Binn\;C:\Program Files\Microsoft SQL Server\150\Tools\Binn\;C:\Program Files (x86)\Microsoft SQL Server\150\DTS\Binn\;C:\Program Files\Microsoft SQL Server\150\DTS\Binn\;C:\Program Files\Git\cmd;C:\Program Files\dotnet\;C:\Program Files\nodejs\;C:\Program Files\TortoiseGit\bin;C:\Users\Alif\AppData\Local\Microsoft\WindowsApps;C:\Users\Alif\AppData\Local\Programs\Microsoft VS Code\bin;C:\Users\Alif\.dotnet\tools;C:\Users\Alif\AppData\Roaming\npm
USERNAME=Alif
OS=Windows_NT
PROCESSOR_IDENTIFIER=Intel64 Family 6 Model 158 Stepping 9, GenuineIntel



---------------  S Y S T E M  ---------------

OS:
 Windows 10 , 64 bit Build 19041 (10.0.19041.1023)
OS uptime: 0 days 6:31 hours

CPU: total 4 (initial active 4) (4 cores per cpu, 1 threads per core) family 6 model 158 stepping 9 microcode 0xb4, cx8, cmov, fxsr, mmx, 3dnowpref, sse, sse2, sse3, ssse3, sse4.1, sse4.2, popcnt, lzcnt, tsc, tscinvbit, avx, avx2, aes, erms, clmul, bmi1, bmi2, rtm, adx, fma, vzeroupper, clflush, clflushopt

Memory: 4k page, system-wide physical 8083M (1105M free)
TotalPageFile size 9989M (AvailPageFile size 4M)
current process WorkingSet (physical memory assigned to process): 85M, peak: 85M
current process commit charge ("private bytes"): 221M, peak: 221M

vm_info: OpenJDK 64-Bit Server VM (16.0.1+9-24) for windows-amd64 JRE (16.0.1+9-24), built on Mar 26 2021 19:30:07 by "mach5one" with MS VC++ 16.7 (VS2019)

END.
