#
# There is insufficient memory for the Java Runtime Environment to continue.
# Native memory allocation (mmap) failed to map 65536 bytes for Failed to commit metaspace.
# Possible reasons:
#   The system is out of physical RAM or swap space
#   The process is running with CompressedOops enabled, and the Java Heap may be blocking the growth of the native heap
# Possible solutions:
#   Reduce memory load on the system
#   Increase physical memory or swap space
#   Check if swap backing store is full
#   Decrease Java heap size (-Xmx/-Xms)
#   Decrease number of Java threads
#   Decrease Java thread stack sizes (-Xss)
#   Set larger code cache with -XX:ReservedCodeCacheSize=
#   JVM is running with Unscaled Compressed Oops mode in which the Java heap is
#     placed in the first 4GB address space. The Java Heap base address is the
#     maximum limit for the native heap growth. Please use -XX:HeapBaseMinAddress
#     to set the Java Heap base and to place the Java Heap above 4GB virtual address.
# This output file may be truncated or incomplete.
#
#  Out of Memory Error (virtualSpaceNode.cpp:108), pid=2832, tid=1000
#
# JRE version: OpenJDK Runtime Environment (16.0.1+9) (build 16.0.1+9-24)
# Java VM: OpenJDK 64-Bit Server VM (16.0.1+9-24, mixed mode, sharing, tiered, compressed oops, compressed class ptrs, g1 gc, windows-amd64)
# No core dump will be written. Minidumps are not enabled by default on client versions of Windows
#

---------------  S U M M A R Y ------------

Command Line: -XX:TieredStopAtLevel=1 -Xverify:none -Dspring.output.ansi.enabled=always -Dcom.sun.management.jmxremote -Dspring.jmx.enabled=true -Dspring.liveBeansView.mbeanDomain -Dspring.application.admin.enabled=true -Didea.launcher.port=63264 -Didea.launcher.bin.path=D:\Software Installer\IntelliJ IDEA\bin -Dfile.encoding=UTF-8 com.intellij.rt.execution.application.AppMainV2 com.example.thymeleafspringbootpractice.ThymeleafSpringBootPracticeApplication

Host: Intel(R) Core(TM) i5-7500 CPU @ 3.40GHz, 4 cores, 7G,  Windows 10 , 64 bit Build 19041 (10.0.19041.1023)
Time: Mon Jul  5 20:36:35 2021 Bangladesh Standard Time elapsed time: 0.734825 seconds (0d 0h 0m 0s)

---------------  T H R E A D  ---------------

Current thread (0x0000018e2b389240):  JavaThread "main" [_thread_in_vm, id=1000, stack(0x0000007a8cf00000,0x0000007a8d000000)]

Stack: [0x0000007a8cf00000,0x0000007a8d000000]
Native frames: (J=compiled Java code, j=interpreted, Vv=VM code, C=native code)
V  [jvm.dll+0x6687ca]
V  [jvm.dll+0x7ca3c9]
V  [jvm.dll+0x7cbb53]
V  [jvm.dll+0x7cc1b3]
V  [jvm.dll+0x242ea5]
V  [jvm.dll+0x7c6a4b]
V  [jvm.dll+0x60e436]
V  [jvm.dll+0x1be93e]
V  [jvm.dll+0x610b91]
V  [jvm.dll+0x60ed31]
V  [jvm.dll+0x238646]
V  [jvm.dll+0x1ea53f]
V  [jvm.dll+0x1df8a1]
V  [jvm.dll+0x536728]
V  [jvm.dll+0x7427ce]
V  [jvm.dll+0x407dfa]
V  [jvm.dll+0x41c0d6]
C  [java.dll+0x164d]

Java frames: (J=compiled Java code, j=interpreted, Vv=VM code)
J 1789  java.lang.ClassLoader.defineClass0(Ljava/lang/ClassLoader;Ljava/lang/Class;Ljava/lang/String;[BIILjava/security/ProtectionDomain;ZILjava/lang/Object;)Ljava/lang/Class; java.base@16.0.1 (0 bytes) @ 0x0000018e3342ddb9 [0x0000018e3342dcc0+0x00000000000000f9]
J 1788 c1 java.lang.System$2.defineClass(Ljava/lang/ClassLoader;Ljava/lang/Class;Ljava/lang/String;[BLjava/security/ProtectionDomain;ZILjava/lang/Object;)Ljava/lang/Class; java.base@16.0.1 (21 bytes) @ 0x0000018e3343012c [0x0000018e334300c0+0x000000000000006c]
J 1787 c1 java.lang.invoke.MethodHandles$Lookup$ClassDefiner.defineClass(ZLjava/lang/Object;)Ljava/lang/Class; java.base@16.0.1 (97 bytes) @ 0x0000018e3342fa9c [0x0000018e3342f780+0x000000000000031c]
j  java.lang.invoke.InvokerBytecodeGenerator.loadMethod([B)Ljava/lang/invoke/MemberName;+16 java.base@16.0.1
j  java.lang.invoke.InvokerBytecodeGenerator.generateCustomizedCode(Ljava/lang/invoke/LambdaForm;Ljava/lang/invoke/MethodType;)Ljava/lang/invoke/MemberName;+30 java.base@16.0.1
j  java.lang.invoke.LambdaForm.compileToBytecode()V+69 java.base@16.0.1
j  java.lang.invoke.DirectMethodHandle.makePreparedLambdaForm(Ljava/lang/invoke/MethodType;I)Ljava/lang/invoke/LambdaForm;+792 java.base@16.0.1
J 1273 c1 java.lang.invoke.DirectMethodHandle.preparedLambdaForm(Ljava/lang/invoke/MemberName;Z)Ljava/lang/invoke/LambdaForm; java.base@16.0.1 (248 bytes) @ 0x0000018e3336fc54 [0x0000018e3336f9e0+0x0000000000000274]
J 1185 c1 java.lang.invoke.DirectMethodHandle.make(BLjava/lang/Class;Ljava/lang/invoke/MemberName;Ljava/lang/Class;)Ljava/lang/invoke/DirectMethodHandle; java.base@16.0.1 (268 bytes) @ 0x0000018e33349b04 [0x0000018e33349480+0x0000000000000684]
J 1518 c1 java.lang.invoke.MethodHandles$Lookup.getDirectMethodCommon(BLjava/lang/Class;Ljava/lang/invoke/MemberName;ZZLjava/lang/invoke/MethodHandles$Lookup;)Ljava/lang/invoke/MethodHandle; java.base@16.0.1 (280 bytes) @ 0x0000018e333c8354 [0x0000018e333c7fa0+0x00000000000003b4]
J 1588 c1 java.lang.invoke.MethodHandles$Lookup.getDirectMethodForConstant(BLjava/lang/Class;Ljava/lang/invoke/MemberName;)Ljava/lang/invoke/MethodHandle; java.base@16.0.1 (72 bytes) @ 0x0000018e333e0bec [0x0000018e333e0800+0x00000000000003ec]
J 1292 c1 java.lang.invoke.MethodHandles$Lookup.linkMethodHandleConstant(BLjava/lang/Class;Ljava/lang/String;Ljava/lang/Object;)Ljava/lang/invoke/MethodHandle; java.base@16.0.1 (223 bytes) @ 0x0000018e33377e6c [0x0000018e333778a0+0x00000000000005cc]
J 1291 c1 java.lang.invoke.MethodHandleNatives.linkMethodHandleConstant(Ljava/lang/Class;ILjava/lang/Class;Ljava/lang/String;Ljava/lang/Object;)Ljava/lang/invoke/MethodHandle; java.base@16.0.1 (50 bytes) @ 0x0000018e3337701c [0x0000018e33376fc0+0x000000000000005c]
v  ~StubRoutines::call_stub
j  org.springframework.core.annotation.MergedAnnotationCollectors.lambda$toMultiValueMap$4([Lorg/springframework/core/annotation/MergedAnnotation$Adapt;Lorg/springframework/util/MultiValueMap;Lorg/springframework/core/annotation/MergedAnnotation;)V+13
j  org.springframework.core.annotation.MergedAnnotationCollectors$$Lambda$373+0x0000000800df73b8.accept(Ljava/lang/Object;Ljava/lang/Object;)V+12
J 983 c1 java.util.stream.ReduceOps$3ReducingSink.accept(Ljava/lang/Object;)V java.base@16.0.1 (15 bytes) @ 0x0000018e332fa08c [0x0000018e332fa040+0x000000000000004c]
j  java.util.stream.ReferencePipeline$3$1.accept(Ljava/lang/Object;)V+17 java.base@16.0.1
J 1371 c1 java.util.stream.ReferencePipeline$2$1.accept(Ljava/lang/Object;)V java.base@16.0.1 (27 bytes) @ 0x0000018e33394d3c [0x0000018e33394cc0+0x000000000000007c]
j  org.springframework.core.annotation.MergedAnnotationsCollection$AnnotationsSpliterator.tryAdvance(Ljava/util/function/Consumer;)Z+107
j  java.util.Spliterator.forEachRemaining(Ljava/util/function/Consumer;)V+2 java.base@16.0.1
j  java.util.stream.AbstractPipeline.copyInto(Ljava/util/stream/Sink;Ljava/util/Spliterator;)V+32 java.base@16.0.1
j  java.util.stream.AbstractPipeline.wrapAndCopyInto(Ljava/util/stream/Sink;Ljava/util/Spliterator;)Ljava/util/stream/Sink;+13 java.base@16.0.1
j  java.util.stream.ReduceOps$ReduceOp.evaluateSequential(Ljava/util/stream/PipelineHelper;Ljava/util/Spliterator;)Ljava/lang/Object;+6 java.base@16.0.1
j  java.util.stream.AbstractPipeline.evaluate(Ljava/util/stream/TerminalOp;)Ljava/lang/Object;+88 java.base@16.0.1
j  java.util.stream.ReferencePipeline.collect(Ljava/util/stream/Collector;)Ljava/lang/Object;+86 java.base@16.0.1
j  org.springframework.core.type.AnnotatedTypeMetadata.getAllAnnotationAttributes(Ljava/lang/String;Z)Lorg/springframework/util/MultiValueMap;+50
j  org.springframework.context.annotation.ConditionEvaluator.getConditionClasses(Lorg/springframework/core/type/AnnotatedTypeMetadata;)Ljava/util/List;+7
j  org.springframework.context.annotation.ConditionEvaluator.shouldSkip(Lorg/springframework/core/type/AnnotatedTypeMetadata;Lorg/springframework/context/annotation/ConfigurationCondition$ConfigurationPhase;)Z+69
j  org.springframework.context.annotation.ConfigurationClassParser.processConfigurationClass(Lorg/springframework/context/annotation/ConfigurationClass;Ljava/util/function/Predicate;)V+11
j  org.springframework.context.annotation.ConfigurationClassParser.processImports(Lorg/springframework/context/annotation/ConfigurationClass;Lorg/springframework/context/annotation/ConfigurationClassParser$SourceClass;Ljava/util/Collection;Ljava/util/function/Predicate;Z)V+296
j  org.springframework.context.annotation.ConfigurationClassParser.access$800(Lorg/springframework/context/annotation/ConfigurationClassParser;Lorg/springframework/context/annotation/ConfigurationClass;Lorg/springframework/context/annotation/ConfigurationClassParser$SourceClass;Ljava/util/Collection;Ljava/util/function/Predicate;Z)V+8
j  org.springframework.context.annotation.ConfigurationClassParser$DeferredImportSelectorGroupingHandler.lambda$processGroupImports$1(Ljava/util/function/Predicate;Lorg/springframework/context/annotation/DeferredImportSelector$Group$Entry;)V+48
j  org.springframework.context.annotation.ConfigurationClassParser$DeferredImportSelectorGroupingHandler$$Lambda$368+0x0000000800df5e20.accept(Ljava/lang/Object;)V+12
j  java.util.ArrayList.forEach(Ljava/util/function/Consumer;)V+46 java.base@16.0.1
j  org.springframework.context.annotation.ConfigurationClassParser$DeferredImportSelectorGroupingHandler.processGroupImports()V+50
j  org.springframework.context.annotation.ConfigurationClassParser$DeferredImportSelectorHandler.process()V+54
j  org.springframework.context.annotation.ConfigurationClassParser.parse(Ljava/util/Set;)V+171
j  org.springframework.context.annotation.ConfigurationClassPostProcessor.processConfigBeanDefinitions(Lorg/springframework/beans/factory/support/BeanDefinitionRegistry;)V+308
j  org.springframework.context.annotation.ConfigurationClassPostProcessor.postProcessBeanDefinitionRegistry(Lorg/springframework/beans/factory/support/BeanDefinitionRegistry;)V+107
j  org.springframework.context.support.PostProcessorRegistrationDelegate.invokeBeanDefinitionRegistryPostProcessors(Ljava/util/Collection;Lorg/springframework/beans/factory/support/BeanDefinitionRegistry;Lorg/springframework/core/metrics/ApplicationStartup;)V+59
j  org.springframework.context.support.PostProcessorRegistrationDelegate.invokeBeanFactoryPostProcessors(Lorg/springframework/beans/factory/config/ConfigurableListableBeanFactory;Ljava/util/List;)V+235
j  org.springframework.context.support.AbstractApplicationContext.invokeBeanFactoryPostProcessors(Lorg/springframework/beans/factory/config/ConfigurableListableBeanFactory;)V+5
j  org.springframework.context.support.AbstractApplicationContext.refresh()V+53
j  org.springframework.boot.web.servlet.context.ServletWebServerApplicationContext.refresh()V+1
j  org.springframework.boot.SpringApplication.refresh(Lorg/springframework/context/ConfigurableApplicationContext;)V+1
j  org.springframework.boot.SpringApplication.refreshContext(Lorg/springframework/context/ConfigurableApplicationContext;)V+16
j  org.springframework.boot.SpringApplication.run([Ljava/lang/String;)Lorg/springframework/context/ConfigurableApplicationContext;+111
j  org.springframework.boot.SpringApplication.run([Ljava/lang/Class;[Ljava/lang/String;)Lorg/springframework/context/ConfigurableApplicationContext;+9
j  org.springframework.boot.SpringApplication.run(Ljava/lang/Class;[Ljava/lang/String;)Lorg/springframework/context/ConfigurableApplicationContext;+9
j  com.example.thymeleafspringbootpractice.ThymeleafSpringBootPracticeApplication.main([Ljava/lang/String;)V+3
v  ~StubRoutines::call_stub
j  jdk.internal.reflect.NativeMethodAccessorImpl.invoke0(Ljava/lang/reflect/Method;Ljava/lang/Object;[Ljava/lang/Object;)Ljava/lang/Object;+0 java.base@16.0.1
j  jdk.internal.reflect.NativeMethodAccessorImpl.invoke(Ljava/lang/Object;[Ljava/lang/Object;)Ljava/lang/Object;+146 java.base@16.0.1
j  jdk.internal.reflect.DelegatingMethodAccessorImpl.invoke(Ljava/lang/Object;[Ljava/lang/Object;)Ljava/lang/Object;+6 java.base@16.0.1
j  java.lang.reflect.Method.invoke(Ljava/lang/Object;[Ljava/lang/Object;)Ljava/lang/Object;+59 java.base@16.0.1
j  com.intellij.rt.execution.application.AppMainV2.main([Ljava/lang/String;)V+184
v  ~StubRoutines::call_stub

---------------  P R O C E S S  ---------------

Threads class SMR info:
_java_thread_list=0x0000018e4a2e0370, length=13, elements={
0x0000018e2b389240, 0x0000018e48aa2fd0, 0x0000018e48aa4540, 0x0000018e48ab46b0,
0x0000018e48ab6230, 0x0000018e48ab9900, 0x0000018e48adc230, 0x0000018e48ae1c10,
0x0000018e48ae6a70, 0x0000018e48a82b30, 0x0000018e495a2790, 0x0000018e498bb6c0,
0x0000018e498ca590
}

Java Threads: ( => current thread )
=>0x0000018e2b389240 JavaThread "main" [_thread_in_vm, id=1000, stack(0x0000007a8cf00000,0x0000007a8d000000)]
  0x0000018e48aa2fd0 JavaThread "Reference Handler" daemon [_thread_blocked, id=10236, stack(0x0000007a8d600000,0x0000007a8d700000)]
  0x0000018e48aa4540 JavaThread "Finalizer" daemon [_thread_blocked, id=6516, stack(0x0000007a8d700000,0x0000007a8d800000)]
  0x0000018e48ab46b0 JavaThread "Signal Dispatcher" daemon [_thread_blocked, id=1564, stack(0x0000007a8d800000,0x0000007a8d900000)]
  0x0000018e48ab6230 JavaThread "Attach Listener" daemon [_thread_blocked, id=9248, stack(0x0000007a8d900000,0x0000007a8da00000)]
  0x0000018e48ab9900 JavaThread "Service Thread" daemon [_thread_blocked, id=4240, stack(0x0000007a8da00000,0x0000007a8db00000)]
  0x0000018e48adc230 JavaThread "Monitor Deflation Thread" daemon [_thread_blocked, id=9648, stack(0x0000007a8db00000,0x0000007a8dc00000)]
  0x0000018e48ae1c10 JavaThread "C1 CompilerThread0" daemon [_thread_blocked, id=11236, stack(0x0000007a8dc00000,0x0000007a8dd00000)]
  0x0000018e48ae6a70 JavaThread "Sweeper thread" daemon [_thread_blocked, id=5892, stack(0x0000007a8dd00000,0x0000007a8de00000)]
  0x0000018e48a82b30 JavaThread "Common-Cleaner" daemon [_thread_blocked, id=10152, stack(0x0000007a8de00000,0x0000007a8df00000)]
  0x0000018e495a2790 JavaThread "Notification Thread" daemon [_thread_blocked, id=4896, stack(0x0000007a8df00000,0x0000007a8e000000)]
  0x0000018e498bb6c0 JavaThread "RMI TCP Accept-0" daemon [_thread_in_native, id=9708, stack(0x0000007a8e000000,0x0000007a8e100000)]
  0x0000018e498ca590 JavaThread "Monitor Ctrl-Break" daemon [_thread_in_native, id=10228, stack(0x0000007a8e200000,0x0000007a8e300000)]

Other Threads:
  0x0000018e48a9ecd0 VMThread "VM Thread" [stack: 0x0000007a8d500000,0x0000007a8d600000] [id=10608]
  0x0000018e498c7120 WatcherThread [stack: 0x0000007a8e100000,0x0000007a8e200000] [id=7672]
  0x0000018e2b3c4f70 GCTaskThread "GC Thread#0" [stack: 0x0000007a8d000000,0x0000007a8d100000] [id=6588]
  0x0000018e49cb1270 GCTaskThread "GC Thread#1" [stack: 0x0000007a8e300000,0x0000007a8e400000] [id=9284]
  0x0000018e49cc1660 GCTaskThread "GC Thread#2" [stack: 0x0000007a8e400000,0x0000007a8e500000] [id=8848]
  0x0000018e49efd9f0 GCTaskThread "GC Thread#3" [stack: 0x0000007a8e500000,0x0000007a8e600000] [id=4196]
  0x0000018e2b3d6c90 ConcurrentGCThread "G1 Main Marker" [stack: 0x0000007a8d100000,0x0000007a8d200000] [id=7124]
  0x0000018e2b3d7690 ConcurrentGCThread "G1 Conc#0" [stack: 0x0000007a8d200000,0x0000007a8d300000] [id=1264]
  0x0000018e2b4500d0 ConcurrentGCThread "G1 Refine#0" [stack: 0x0000007a8d300000,0x0000007a8d400000] [id=2384]
  0x0000018e49f00190 ConcurrentGCThread "G1 Refine#1" [stack: 0x0000007a8e600000,0x0000007a8e700000] [id=5332]
  0x0000018e495db870 ConcurrentGCThread "G1 Refine#2" [stack: 0x0000007a8e700000,0x0000007a8e800000] [id=10676]
  0x0000018e2b450ae0 ConcurrentGCThread "G1 Service" [stack: 0x0000007a8d400000,0x0000007a8d500000] [id=1760]

Threads with active compile tasks:

VM state: not at safepoint (normal execution)

VM Mutex/Monitor currently owned by a thread:  ([mutex/lock_event])
[0x0000018e2b384730] MetaspaceExpand_lock - owner thread: 0x0000018e2b389240

Heap address: 0x0000000081a00000, size: 2022 MB, Compressed Oops mode: 32-bit

CDS archive(s) mapped at: [0x0000000800000000-0x0000000800bb0000-0x0000000800bb0000), size 12255232, SharedBaseAddress: 0x0000000800000000, ArchiveRelocationMode: 0.
Compressed class space mapped at: 0x0000000800c00000-0x0000000840c00000, reserved size: 1073741824
Narrow klass base: 0x0000000800000000, Narrow klass shift: 3, Narrow klass range: 0x100000000

GC Precious Log:
 CPUs: 4 total, 4 available
 Memory: 8083M
 Large Page Support: Disabled
 NUMA Support: Disabled
 Compressed Oops: Enabled (32-bit)
 Heap Region Size: 1M
 Heap Min Capacity: 8M
 Heap Initial Capacity: 128M
 Heap Max Capacity: 2022M
 Pre-touch: Disabled
 Parallel Workers: 4
 Concurrent Workers: 1
 Concurrent Refinement Workers: 4
 Periodic GC: Disabled

Heap:
 garbage-first heap   total 131072K, used 12024K [0x0000000081a00000, 0x0000000100000000)
  region size 1024K, 9 young (9216K), 3 survivors (3072K)
 Metaspace       used 14535K, committed 14784K, reserved 1064960K
  class space    used 1891K, committed 2048K, reserved 1048576K

Heap Regions: E=young(eden), S=young(survivor), O=old, HS=humongous(starts), HC=humongous(continues), CS=collection set, F=free, OA=open archive, CA=closed archive, TAMS=top-at-mark-start (previous, next)
|   0|0x0000000081a00000, 0x0000000081b00000, 0x0000000081b00000|100%| O|  |TAMS 0x0000000081a00000, 0x0000000081a00000| Untracked 
|   1|0x0000000081b00000, 0x0000000081c00000, 0x0000000081c00000|100%| O|  |TAMS 0x0000000081b00000, 0x0000000081b00000| Untracked 
|   2|0x0000000081c00000, 0x0000000081d00000, 0x0000000081d00000|100%| O|  |TAMS 0x0000000081c00000, 0x0000000081c00000| Untracked 
|   3|0x0000000081d00000, 0x0000000081e00000, 0x0000000081e00000|100%| O|  |TAMS 0x0000000081d00000, 0x0000000081d00000| Untracked 
|   4|0x0000000081e00000, 0x0000000081e5be00, 0x0000000081f00000| 35%| O|  |TAMS 0x0000000081e00000, 0x0000000081e00000| Untracked 
|   5|0x0000000081f00000, 0x0000000081f00000, 0x0000000082000000|  0%| F|  |TAMS 0x0000000081f00000, 0x0000000081f00000| Untracked 
|   6|0x0000000082000000, 0x0000000082000000, 0x0000000082100000|  0%| F|  |TAMS 0x0000000082000000, 0x0000000082000000| Untracked 
|   7|0x0000000082100000, 0x0000000082100000, 0x0000000082200000|  0%| F|  |TAMS 0x0000000082100000, 0x0000000082100000| Untracked 
|   8|0x0000000082200000, 0x0000000082200000, 0x0000000082300000|  0%| F|  |TAMS 0x0000000082200000, 0x0000000082200000| Untracked 
|   9|0x0000000082300000, 0x0000000082300000, 0x0000000082400000|  0%| F|  |TAMS 0x0000000082300000, 0x0000000082300000| Untracked 
|  10|0x0000000082400000, 0x0000000082400000, 0x0000000082500000|  0%| F|  |TAMS 0x0000000082400000, 0x0000000082400000| Untracked 
|  11|0x0000000082500000, 0x0000000082500000, 0x0000000082600000|  0%| F|  |TAMS 0x0000000082500000, 0x0000000082500000| Untracked 
|  12|0x0000000082600000, 0x0000000082600000, 0x0000000082700000|  0%| F|  |TAMS 0x0000000082600000, 0x0000000082600000| Untracked 
|  13|0x0000000082700000, 0x0000000082700000, 0x0000000082800000|  0%| F|  |TAMS 0x0000000082700000, 0x0000000082700000| Untracked 
|  14|0x0000000082800000, 0x0000000082800000, 0x0000000082900000|  0%| F|  |TAMS 0x0000000082800000, 0x0000000082800000| Untracked 
|  15|0x0000000082900000, 0x0000000082900000, 0x0000000082a00000|  0%| F|  |TAMS 0x0000000082900000, 0x0000000082900000| Untracked 
|  16|0x0000000082a00000, 0x0000000082a00000, 0x0000000082b00000|  0%| F|  |TAMS 0x0000000082a00000, 0x0000000082a00000| Untracked 
|  17|0x0000000082b00000, 0x0000000082b00000, 0x0000000082c00000|  0%| F|  |TAMS 0x0000000082b00000, 0x0000000082b00000| Untracked 
|  18|0x0000000082c00000, 0x0000000082c00000, 0x0000000082d00000|  0%| F|  |TAMS 0x0000000082c00000, 0x0000000082c00000| Untracked 
|  19|0x0000000082d00000, 0x0000000082d00000, 0x0000000082e00000|  0%| F|  |TAMS 0x0000000082d00000, 0x0000000082d00000| Untracked 
|  20|0x0000000082e00000, 0x0000000082e00000, 0x0000000082f00000|  0%| F|  |TAMS 0x0000000082e00000, 0x0000000082e00000| Untracked 
|  21|0x0000000082f00000, 0x0000000082f00000, 0x0000000083000000|  0%| F|  |TAMS 0x0000000082f00000, 0x0000000082f00000| Untracked 
|  22|0x0000000083000000, 0x0000000083000000, 0x0000000083100000|  0%| F|  |TAMS 0x0000000083000000, 0x0000000083000000| Untracked 
|  23|0x0000000083100000, 0x0000000083100000, 0x0000000083200000|  0%| F|  |TAMS 0x0000000083100000, 0x0000000083100000| Untracked 
|  24|0x0000000083200000, 0x0000000083200000, 0x0000000083300000|  0%| F|  |TAMS 0x0000000083200000, 0x0000000083200000| Untracked 
|  25|0x0000000083300000, 0x0000000083300000, 0x0000000083400000|  0%| F|  |TAMS 0x0000000083300000, 0x0000000083300000| Untracked 
|  26|0x0000000083400000, 0x0000000083400000, 0x0000000083500000|  0%| F|  |TAMS 0x0000000083400000, 0x0000000083400000| Untracked 
|  27|0x0000000083500000, 0x0000000083500000, 0x0000000083600000|  0%| F|  |TAMS 0x0000000083500000, 0x0000000083500000| Untracked 
|  28|0x0000000083600000, 0x0000000083600000, 0x0000000083700000|  0%| F|  |TAMS 0x0000000083600000, 0x0000000083600000| Untracked 
|  29|0x0000000083700000, 0x0000000083700000, 0x0000000083800000|  0%| F|  |TAMS 0x0000000083700000, 0x0000000083700000| Untracked 
|  30|0x0000000083800000, 0x0000000083800000, 0x0000000083900000|  0%| F|  |TAMS 0x0000000083800000, 0x0000000083800000| Untracked 
|  31|0x0000000083900000, 0x0000000083900000, 0x0000000083a00000|  0%| F|  |TAMS 0x0000000083900000, 0x0000000083900000| Untracked 
|  32|0x0000000083a00000, 0x0000000083a00000, 0x0000000083b00000|  0%| F|  |TAMS 0x0000000083a00000, 0x0000000083a00000| Untracked 
|  33|0x0000000083b00000, 0x0000000083b00000, 0x0000000083c00000|  0%| F|  |TAMS 0x0000000083b00000, 0x0000000083b00000| Untracked 
|  34|0x0000000083c00000, 0x0000000083c00000, 0x0000000083d00000|  0%| F|  |TAMS 0x0000000083c00000, 0x0000000083c00000| Untracked 
|  35|0x0000000083d00000, 0x0000000083d00000, 0x0000000083e00000|  0%| F|  |TAMS 0x0000000083d00000, 0x0000000083d00000| Untracked 
|  36|0x0000000083e00000, 0x0000000083e00000, 0x0000000083f00000|  0%| F|  |TAMS 0x0000000083e00000, 0x0000000083e00000| Untracked 
|  37|0x0000000083f00000, 0x0000000083f00000, 0x0000000084000000|  0%| F|  |TAMS 0x0000000083f00000, 0x0000000083f00000| Untracked 
|  38|0x0000000084000000, 0x0000000084000000, 0x0000000084100000|  0%| F|  |TAMS 0x0000000084000000, 0x0000000084000000| Untracked 
|  39|0x0000000084100000, 0x0000000084100000, 0x0000000084200000|  0%| F|  |TAMS 0x0000000084100000, 0x0000000084100000| Untracked 
|  40|0x0000000084200000, 0x0000000084200000, 0x0000000084300000|  0%| F|  |TAMS 0x0000000084200000, 0x0000000084200000| Untracked 
|  41|0x0000000084300000, 0x0000000084300000, 0x0000000084400000|  0%| F|  |TAMS 0x0000000084300000, 0x0000000084300000| Untracked 
|  42|0x0000000084400000, 0x0000000084400000, 0x0000000084500000|  0%| F|  |TAMS 0x0000000084400000, 0x0000000084400000| Untracked 
|  43|0x0000000084500000, 0x0000000084500000, 0x0000000084600000|  0%| F|  |TAMS 0x0000000084500000, 0x0000000084500000| Untracked 
|  44|0x0000000084600000, 0x0000000084600000, 0x0000000084700000|  0%| F|  |TAMS 0x0000000084600000, 0x0000000084600000| Untracked 
|  45|0x0000000084700000, 0x0000000084700000, 0x0000000084800000|  0%| F|  |TAMS 0x0000000084700000, 0x0000000084700000| Untracked 
|  46|0x0000000084800000, 0x0000000084800000, 0x0000000084900000|  0%| F|  |TAMS 0x0000000084800000, 0x0000000084800000| Untracked 
|  47|0x0000000084900000, 0x0000000084900000, 0x0000000084a00000|  0%| F|  |TAMS 0x0000000084900000, 0x0000000084900000| Untracked 
|  48|0x0000000084a00000, 0x0000000084a00000, 0x0000000084b00000|  0%| F|  |TAMS 0x0000000084a00000, 0x0000000084a00000| Untracked 
|  49|0x0000000084b00000, 0x0000000084b00000, 0x0000000084c00000|  0%| F|  |TAMS 0x0000000084b00000, 0x0000000084b00000| Untracked 
|  50|0x0000000084c00000, 0x0000000084c00000, 0x0000000084d00000|  0%| F|  |TAMS 0x0000000084c00000, 0x0000000084c00000| Untracked 
|  51|0x0000000084d00000, 0x0000000084d00000, 0x0000000084e00000|  0%| F|  |TAMS 0x0000000084d00000, 0x0000000084d00000| Untracked 
|  52|0x0000000084e00000, 0x0000000084e00000, 0x0000000084f00000|  0%| F|  |TAMS 0x0000000084e00000, 0x0000000084e00000| Untracked 
|  53|0x0000000084f00000, 0x0000000084f00000, 0x0000000085000000|  0%| F|  |TAMS 0x0000000084f00000, 0x0000000084f00000| Untracked 
|  54|0x0000000085000000, 0x0000000085000000, 0x0000000085100000|  0%| F|  |TAMS 0x0000000085000000, 0x0000000085000000| Untracked 
|  55|0x0000000085100000, 0x0000000085100000, 0x0000000085200000|  0%| F|  |TAMS 0x0000000085100000, 0x0000000085100000| Untracked 
|  56|0x0000000085200000, 0x0000000085200000, 0x0000000085300000|  0%| F|  |TAMS 0x0000000085200000, 0x0000000085200000| Untracked 
|  57|0x0000000085300000, 0x0000000085300000, 0x0000000085400000|  0%| F|  |TAMS 0x0000000085300000, 0x0000000085300000| Untracked 
|  58|0x0000000085400000, 0x0000000085400000, 0x0000000085500000|  0%| F|  |TAMS 0x0000000085400000, 0x0000000085400000| Untracked 
|  59|0x0000000085500000, 0x0000000085500000, 0x0000000085600000|  0%| F|  |TAMS 0x0000000085500000, 0x0000000085500000| Untracked 
|  60|0x0000000085600000, 0x0000000085600000, 0x0000000085700000|  0%| F|  |TAMS 0x0000000085600000, 0x0000000085600000| Untracked 
|  61|0x0000000085700000, 0x0000000085700000, 0x0000000085800000|  0%| F|  |TAMS 0x0000000085700000, 0x0000000085700000| Untracked 
|  62|0x0000000085800000, 0x0000000085800000, 0x0000000085900000|  0%| F|  |TAMS 0x0000000085800000, 0x0000000085800000| Untracked 
|  63|0x0000000085900000, 0x0000000085900000, 0x0000000085a00000|  0%| F|  |TAMS 0x0000000085900000, 0x0000000085900000| Untracked 
|  64|0x0000000085a00000, 0x0000000085a00000, 0x0000000085b00000|  0%| F|  |TAMS 0x0000000085a00000, 0x0000000085a00000| Untracked 
|  65|0x0000000085b00000, 0x0000000085b00000, 0x0000000085c00000|  0%| F|  |TAMS 0x0000000085b00000, 0x0000000085b00000| Untracked 
|  66|0x0000000085c00000, 0x0000000085c00000, 0x0000000085d00000|  0%| F|  |TAMS 0x0000000085c00000, 0x0000000085c00000| Untracked 
|  67|0x0000000085d00000, 0x0000000085d00000, 0x0000000085e00000|  0%| F|  |TAMS 0x0000000085d00000, 0x0000000085d00000| Untracked 
|  68|0x0000000085e00000, 0x0000000085e00000, 0x0000000085f00000|  0%| F|  |TAMS 0x0000000085e00000, 0x0000000085e00000| Untracked 
|  69|0x0000000085f00000, 0x0000000085f00000, 0x0000000086000000|  0%| F|  |TAMS 0x0000000085f00000, 0x0000000085f00000| Untracked 
|  70|0x0000000086000000, 0x0000000086000000, 0x0000000086100000|  0%| F|  |TAMS 0x0000000086000000, 0x0000000086000000| Untracked 
|  71|0x0000000086100000, 0x0000000086100000, 0x0000000086200000|  0%| F|  |TAMS 0x0000000086100000, 0x0000000086100000| Untracked 
|  72|0x0000000086200000, 0x0000000086200000, 0x0000000086300000|  0%| F|  |TAMS 0x0000000086200000, 0x0000000086200000| Untracked 
|  73|0x0000000086300000, 0x0000000086300000, 0x0000000086400000|  0%| F|  |TAMS 0x0000000086300000, 0x0000000086300000| Untracked 
|  74|0x0000000086400000, 0x0000000086400000, 0x0000000086500000|  0%| F|  |TAMS 0x0000000086400000, 0x0000000086400000| Untracked 
|  75|0x0000000086500000, 0x0000000086500000, 0x0000000086600000|  0%| F|  |TAMS 0x0000000086500000, 0x0000000086500000| Untracked 
|  76|0x0000000086600000, 0x0000000086600000, 0x0000000086700000|  0%| F|  |TAMS 0x0000000086600000, 0x0000000086600000| Untracked 
|  77|0x0000000086700000, 0x0000000086700000, 0x0000000086800000|  0%| F|  |TAMS 0x0000000086700000, 0x0000000086700000| Untracked 
|  78|0x0000000086800000, 0x0000000086800000, 0x0000000086900000|  0%| F|  |TAMS 0x0000000086800000, 0x0000000086800000| Untracked 
|  79|0x0000000086900000, 0x0000000086900000, 0x0000000086a00000|  0%| F|  |TAMS 0x0000000086900000, 0x0000000086900000| Untracked 
|  80|0x0000000086a00000, 0x0000000086a00000, 0x0000000086b00000|  0%| F|  |TAMS 0x0000000086a00000, 0x0000000086a00000| Untracked 
|  81|0x0000000086b00000, 0x0000000086b00000, 0x0000000086c00000|  0%| F|  |TAMS 0x0000000086b00000, 0x0000000086b00000| Untracked 
|  82|0x0000000086c00000, 0x0000000086c00000, 0x0000000086d00000|  0%| F|  |TAMS 0x0000000086c00000, 0x0000000086c00000| Untracked 
|  83|0x0000000086d00000, 0x0000000086d00000, 0x0000000086e00000|  0%| F|  |TAMS 0x0000000086d00000, 0x0000000086d00000| Untracked 
|  84|0x0000000086e00000, 0x0000000086e00000, 0x0000000086f00000|  0%| F|  |TAMS 0x0000000086e00000, 0x0000000086e00000| Untracked 
|  85|0x0000000086f00000, 0x0000000086f00000, 0x0000000087000000|  0%| F|  |TAMS 0x0000000086f00000, 0x0000000086f00000| Untracked 
|  86|0x0000000087000000, 0x0000000087000000, 0x0000000087100000|  0%| F|  |TAMS 0x0000000087000000, 0x0000000087000000| Untracked 
|  87|0x0000000087100000, 0x0000000087100000, 0x0000000087200000|  0%| F|  |TAMS 0x0000000087100000, 0x0000000087100000| Untracked 
|  88|0x0000000087200000, 0x0000000087200000, 0x0000000087300000|  0%| F|  |TAMS 0x0000000087200000, 0x0000000087200000| Untracked 
|  89|0x0000000087300000, 0x0000000087300000, 0x0000000087400000|  0%| F|  |TAMS 0x0000000087300000, 0x0000000087300000| Untracked 
|  90|0x0000000087400000, 0x0000000087400000, 0x0000000087500000|  0%| F|  |TAMS 0x0000000087400000, 0x0000000087400000| Untracked 
|  91|0x0000000087500000, 0x0000000087500000, 0x0000000087600000|  0%| F|  |TAMS 0x0000000087500000, 0x0000000087500000| Untracked 
|  92|0x0000000087600000, 0x0000000087600000, 0x0000000087700000|  0%| F|  |TAMS 0x0000000087600000, 0x0000000087600000| Untracked 
|  93|0x0000000087700000, 0x0000000087700000, 0x0000000087800000|  0%| F|  |TAMS 0x0000000087700000, 0x0000000087700000| Untracked 
|  94|0x0000000087800000, 0x0000000087800000, 0x0000000087900000|  0%| F|  |TAMS 0x0000000087800000, 0x0000000087800000| Untracked 
|  95|0x0000000087900000, 0x0000000087900000, 0x0000000087a00000|  0%| F|  |TAMS 0x0000000087900000, 0x0000000087900000| Untracked 
|  96|0x0000000087a00000, 0x0000000087a00000, 0x0000000087b00000|  0%| F|  |TAMS 0x0000000087a00000, 0x0000000087a00000| Untracked 
|  97|0x0000000087b00000, 0x0000000087b00000, 0x0000000087c00000|  0%| F|  |TAMS 0x0000000087b00000, 0x0000000087b00000| Untracked 
|  98|0x0000000087c00000, 0x0000000087c622c8, 0x0000000087d00000| 38%| S|CS|TAMS 0x0000000087c00000, 0x0000000087c00000| Complete 
|  99|0x0000000087d00000, 0x0000000087e00000, 0x0000000087e00000|100%| S|CS|TAMS 0x0000000087d00000, 0x0000000087d00000| Complete 
| 100|0x0000000087e00000, 0x0000000087f00000, 0x0000000087f00000|100%| S|CS|TAMS 0x0000000087e00000, 0x0000000087e00000| Complete 
| 101|0x0000000087f00000, 0x0000000087f00000, 0x0000000088000000|  0%| F|  |TAMS 0x0000000087f00000, 0x0000000087f00000| Untracked 
| 102|0x0000000088000000, 0x0000000088000000, 0x0000000088100000|  0%| F|  |TAMS 0x0000000088000000, 0x0000000088000000| Untracked 
| 103|0x0000000088100000, 0x0000000088100000, 0x0000000088200000|  0%| F|  |TAMS 0x0000000088100000, 0x0000000088100000| Untracked 
| 104|0x0000000088200000, 0x0000000088200000, 0x0000000088300000|  0%| F|  |TAMS 0x0000000088200000, 0x0000000088200000| Untracked 
| 105|0x0000000088300000, 0x0000000088300000, 0x0000000088400000|  0%| F|  |TAMS 0x0000000088300000, 0x0000000088300000| Untracked 
| 106|0x0000000088400000, 0x0000000088400000, 0x0000000088500000|  0%| F|  |TAMS 0x0000000088400000, 0x0000000088400000| Untracked 
| 107|0x0000000088500000, 0x0000000088500000, 0x0000000088600000|  0%| F|  |TAMS 0x0000000088500000, 0x0000000088500000| Untracked 
| 108|0x0000000088600000, 0x0000000088600000, 0x0000000088700000|  0%| F|  |TAMS 0x0000000088600000, 0x0000000088600000| Untracked 
| 109|0x0000000088700000, 0x0000000088700000, 0x0000000088800000|  0%| F|  |TAMS 0x0000000088700000, 0x0000000088700000| Untracked 
| 110|0x0000000088800000, 0x0000000088800000, 0x0000000088900000|  0%| F|  |TAMS 0x0000000088800000, 0x0000000088800000| Untracked 
| 111|0x0000000088900000, 0x0000000088900000, 0x0000000088a00000|  0%| F|  |TAMS 0x0000000088900000, 0x0000000088900000| Untracked 
| 112|0x0000000088a00000, 0x0000000088a00000, 0x0000000088b00000|  0%| F|  |TAMS 0x0000000088a00000, 0x0000000088a00000| Untracked 
| 113|0x0000000088b00000, 0x0000000088b00000, 0x0000000088c00000|  0%| F|  |TAMS 0x0000000088b00000, 0x0000000088b00000| Untracked 
| 114|0x0000000088c00000, 0x0000000088c00000, 0x0000000088d00000|  0%| F|  |TAMS 0x0000000088c00000, 0x0000000088c00000| Untracked 
| 115|0x0000000088d00000, 0x0000000088d00000, 0x0000000088e00000|  0%| F|  |TAMS 0x0000000088d00000, 0x0000000088d00000| Untracked 
| 116|0x0000000088e00000, 0x0000000088e00000, 0x0000000088f00000|  0%| F|  |TAMS 0x0000000088e00000, 0x0000000088e00000| Untracked 
| 117|0x0000000088f00000, 0x0000000088f00000, 0x0000000089000000|  0%| F|  |TAMS 0x0000000088f00000, 0x0000000088f00000| Untracked 
| 118|0x0000000089000000, 0x0000000089000000, 0x0000000089100000|  0%| F|  |TAMS 0x0000000089000000, 0x0000000089000000| Untracked 
| 119|0x0000000089100000, 0x0000000089100000, 0x0000000089200000|  0%| F|  |TAMS 0x0000000089100000, 0x0000000089100000| Untracked 
| 120|0x0000000089200000, 0x0000000089200000, 0x0000000089300000|  0%| F|  |TAMS 0x0000000089200000, 0x0000000089200000| Untracked 
| 121|0x0000000089300000, 0x0000000089300000, 0x0000000089400000|  0%| F|  |TAMS 0x0000000089300000, 0x0000000089300000| Untracked 
| 122|0x0000000089400000, 0x0000000089500000, 0x0000000089500000|100%| E|  |TAMS 0x0000000089400000, 0x0000000089400000| Complete 
| 123|0x0000000089500000, 0x0000000089600000, 0x0000000089600000|100%| E|CS|TAMS 0x0000000089500000, 0x0000000089500000| Complete 
| 124|0x0000000089600000, 0x0000000089700000, 0x0000000089700000|100%| E|CS|TAMS 0x0000000089600000, 0x0000000089600000| Complete 
| 125|0x0000000089700000, 0x0000000089800000, 0x0000000089800000|100%| E|CS|TAMS 0x0000000089700000, 0x0000000089700000| Complete 
| 126|0x0000000089800000, 0x0000000089900000, 0x0000000089900000|100%| E|CS|TAMS 0x0000000089800000, 0x0000000089800000| Complete 
| 127|0x0000000089900000, 0x0000000089a00000, 0x0000000089a00000|100%| E|CS|TAMS 0x0000000089900000, 0x0000000089900000| Complete 

Card table byte_map: [0x0000018e41ef0000,0x0000018e422f0000] _byte_map_base: 0x0000018e41ae3000

Marking Bits (Prev, Next): (CMBitMap*) 0x0000018e2b3c6580, (CMBitMap*) 0x0000018e2b3c65c0
 Prev Bits: [0x0000018e426f0000, 0x0000018e44688000)
 Next Bits: [0x0000018e44690000, 0x0000018e46628000)

Polling page: 0x0000018e29260000

Metaspace:

Usage:
  Non-class:     12.35 MB used.
      Class:      1.85 MB used.
       Both:     14.19 MB used.

Virtual space:
  Non-class space:       16.00 MB reserved,      12.44 MB ( 78%) committed,  2 nodes.
      Class space:        1.00 GB reserved,       2.00 MB ( <1%) committed,  1 nodes.
              Both:        1.02 GB reserved,      14.44 MB (  1%) committed. 

Chunk freelists:
   Non-Class:  3.25 MB
       Class:  2.05 MB
        Both:  5.29 MB

MaxMetaspaceSize: 17179869184.00 GB
CompressedClassSpaceSize: 1.00 GB
 - commit_granule_bytes: 65536.
 - commit_granule_words: 8192.
 - virtual_space_node_default_size: 1048576.
 - enlarge_chunks_in_place: 1.
 - new_chunks_are_fully_committed: 0.
 - uncommit_free_chunks: 1.
 - use_allocation_guard: 0.
 - handle_deallocations: 1.


Internal statistics:

num_allocs_failed_limit: 0.
num_arena_births: 240.
num_arena_deaths: 0.
num_vsnodes_births: 3.
num_vsnodes_deaths: 0.
num_space_committed: 231.
num_space_uncommitted: 0.
num_chunks_returned_to_freelist: 0.
num_chunks_taken_from_freelist: 655.
num_chunk_merges: 0.
num_chunk_splits: 448.
num_chunks_enlarged: 339.
num_purges: 0.

CodeHeap 'non-profiled nmethods': size=238912Kb used=2857Kb max_used=2857Kb free=236054Kb
 bounds [0x0000018e331a0000, 0x0000018e33470000, 0x0000018e41af0000]
CodeHeap 'non-nmethods': size=6848Kb used=1202Kb max_used=1202Kb free=5645Kb
 bounds [0x0000018e32af0000, 0x0000018e32d60000, 0x0000018e331a0000]
 total_blobs=2439 nmethods=1939 adapters=427
 compilation: enabled
              stopped_count=0, restarted_count=0
 full_count=0

Compilation events (20 events):
Event: 0.731 Thread 0x0000018e48ae1c10 1929       1       java.util.HashMap::remove (26 bytes)
Event: 0.731 Thread 0x0000018e48ae1c10 nmethod 1929 0x0000018e33467710 code [0x0000018e334678c0, 0x0000018e33467a58]
Event: 0.731 Thread 0x0000018e48ae1c10 1930       1       java.lang.Class::annotationData (44 bytes)
Event: 0.731 Thread 0x0000018e48ae1c10 nmethod 1930 0x0000018e33467b90 code [0x0000018e33467d40, 0x0000018e33467f28]
Event: 0.731 Thread 0x0000018e48ae1c10 1931       1       java.util.concurrent.locks.ReentrantLock$NonfairSync::initialTryLock (58 bytes)
Event: 0.731 Thread 0x0000018e48ae1c10 nmethod 1931 0x0000018e33468010 code [0x0000018e334681c0, 0x0000018e33468448]
Event: 0.731 Thread 0x0000018e48ae1c10 1932       1       java.util.concurrent.locks.ReentrantLock::unlock (10 bytes)
Event: 0.731 Thread 0x0000018e48ae1c10 nmethod 1932 0x0000018e33468510 code [0x0000018e334686c0, 0x0000018e33468818]
Event: 0.731 Thread 0x0000018e48ae1c10 1933       1       java.util.concurrent.locks.ReentrantLock$Sync::tryRelease (51 bytes)
Event: 0.732 Thread 0x0000018e48ae1c10 nmethod 1933 0x0000018e33468910 code [0x0000018e33468ac0, 0x0000018e33468ca8]
Event: 0.732 Thread 0x0000018e48ae1c10 1934       1       sun.reflect.annotation.AnnotationParser::toArray (18 bytes)
Event: 0.732 Thread 0x0000018e48ae1c10 nmethod 1934 0x0000018e33468d90 code [0x0000018e33468f40, 0x0000018e33469098]
Event: 0.732 Thread 0x0000018e48ae1c10 1937       1       org.springframework.core.annotation.RepeatableContainers::standardRepeatables (4 bytes)
Event: 0.732 Thread 0x0000018e48ae1c10 nmethod 1937 0x0000018e33469190 code [0x0000018e33469320, 0x0000018e334693d8]
Event: 0.732 Thread 0x0000018e48ae1c10 1938       1       org.springframework.core.annotation.RepeatableContainers$StandardRepeatableContainers::access$000 (4 bytes)
Event: 0.732 Thread 0x0000018e48ae1c10 nmethod 1938 0x0000018e33469490 code [0x0000018e33469620, 0x0000018e334696d8]
Event: 0.732 Thread 0x0000018e48ae1c10 1935       1       org.springframework.asm.ClassReader::readUTF8 (23 bytes)
Event: 0.732 Thread 0x0000018e48ae1c10 nmethod 1935 0x0000018e33469790 code [0x0000018e33469940, 0x0000018e33469ac8]
Event: 0.732 Thread 0x0000018e48ae1c10 1936       1       org.springframework.asm.ClassReader::readUtf (44 bytes)
Event: 0.732 Thread 0x0000018e48ae1c10 nmethod 1936 0x0000018e33469c10 code [0x0000018e33469de0, 0x0000018e3346a0c8]

GC Heap History (6 events):
Event: 0.322 GC heap before
{Heap before GC invocations=0 (full 0):
 garbage-first heap   total 131072K, used 12288K [0x0000000081a00000, 0x0000000100000000)
  region size 1024K, 13 young (13312K), 0 survivors (0K)
 Metaspace       used 5302K, committed 5504K, reserved 1056768K
  class space    used 611K, committed 704K, reserved 1048576K
}
Event: 0.327 GC heap after
{Heap after GC invocations=1 (full 0):
 garbage-first heap   total 131072K, used 4475K [0x0000000081a00000, 0x0000000100000000)
  region size 1024K, 2 young (2048K), 2 survivors (2048K)
 Metaspace       used 5302K, committed 5504K, reserved 1056768K
  class space    used 611K, committed 704K, reserved 1048576K
}
Event: 0.490 GC heap before
{Heap before GC invocations=1 (full 0):
 garbage-first heap   total 131072K, used 17787K [0x0000000081a00000, 0x0000000100000000)
  region size 1024K, 15 young (15360K), 2 survivors (2048K)
 Metaspace       used 8227K, committed 8448K, reserved 1056768K
  class space    used 1044K, committed 1152K, reserved 1048576K
}
Event: 0.493 GC heap after
{Heap after GC invocations=2 (full 0):
 garbage-first heap   total 131072K, used 5578K [0x0000000081a00000, 0x0000000100000000)
  region size 1024K, 2 young (2048K), 2 survivors (2048K)
 Metaspace       used 8227K, committed 8448K, reserved 1056768K
  class space    used 1044K, committed 1152K, reserved 1048576K
}
Event: 0.680 GC heap before
{Heap before GC invocations=2 (full 0):
 garbage-first heap   total 131072K, used 30154K [0x0000000081a00000, 0x0000000100000000)
  region size 1024K, 27 young (27648K), 2 survivors (2048K)
 Metaspace       used 13896K, committed 14144K, reserved 1064960K
  class space    used 1796K, committed 1920K, reserved 1048576K
}
Event: 0.683 GC heap after
{Heap after GC invocations=3 (full 0):
 garbage-first heap   total 131072K, used 6904K [0x0000000081a00000, 0x0000000100000000)
  region size 1024K, 3 young (3072K), 3 survivors (3072K)
 Metaspace       used 13896K, committed 14144K, reserved 1064960K
  class space    used 1796K, committed 1920K, reserved 1048576K
}

Deoptimization events (0 events):
No events

Classes unloaded (0 events):
No events

Classes redefined (0 events):
No events

Internal exceptions (20 events):
Event: 0.647 Thread 0x0000018e4a01cc40 Exception <a 'java/lang/NoSuchMethodError'{0x000000008810a4a0}: 'long java.lang.invoke.DirectMethodHandle$Holder.invokeInterface(java.lang.Object, java.lang.Object)'> (0x000000008810a4a0) 
thrown [t:\workspace\open\src\hotspot\share\interpreter\linkResolver.cpp, line 790]
Event: 0.647 Thread 0x0000018e4a01cc40 Exception <a 'java/lang/IncompatibleClassChangeError'{0x000000008810dc00}: Found class java.lang.Object, but interface was expected> (0x000000008810dc00) 
thrown [t:\workspace\open\src\hotspot\share\interpreter\linkResolver.cpp, line 857]
Event: 0.649 Thread 0x0000018e2b389240 Exception <a 'java/lang/ClassNotFoundException'{0x00000000882a6cd0}: java/lang/ObjectCustomizer> (0x00000000882a6cd0) 
thrown [t:\workspace\open\src\hotspot\share\classfile\systemDictionary.cpp, line 256]
Event: 0.650 Thread 0x0000018e2b389240 Exception <a 'java/lang/IncompatibleClassChangeError'{0x00000000882aba10}: Found class java.lang.Object, but interface was expected> (0x00000000882aba10) 
thrown [t:\workspace\open\src\hotspot\share\interpreter\linkResolver.cpp, line 857]
Event: 0.652 Thread 0x0000018e2b389240 Exception <a 'java/lang/ClassNotFoundException'{0x00000000882bee58}: org/springframework/context/annotation/ConfigurationClassPostProcessorCustomizer> (0x00000000882bee58) 
thrown [t:\workspace\open\src\hotspot\share\classfile\systemDictionary.cpp, line 256]
Event: 0.653 Thread 0x0000018e4a01cc40 Exception <a 'java/lang/NoSuchMethodError'{0x0000000088185f00}: 'java.lang.Object java.lang.invoke.DirectMethodHandle$Holder.invokeVirtual(java.lang.Object, java.lang.Object, java.lang.Object, java.lang.Object)'> (0x0000000088185f00) 
thrown [t:\workspace\open\src\hotspot\share\interpreter\linkResolver.cpp, line 790]
Event: 0.657 Thread 0x0000018e2b389240 Exception <a 'java/lang/ClassNotFoundException'{0x00000000881ec8d0}: org/springframework/beans/factory/support/BeanDefinitionRegistryPostProcessorCustomizer> (0x00000000881ec8d0) 
thrown [t:\workspace\open\src\hotspot\share\classfile\systemDictionary.cpp, line 256]
Event: 0.657 Thread 0x0000018e2b389240 Exception <a 'java/lang/ClassNotFoundException'{0x00000000881f1138}: org/springframework/beans/factory/config/BeanFactoryPostProcessorCustomizer> (0x00000000881f1138) 
thrown [t:\workspace\open\src\hotspot\share\classfile\systemDictionary.cpp, line 256]
Event: 0.657 Thread 0x0000018e2b389240 Exception <a 'java/lang/ClassNotFoundException'{0x00000000881f58c0}: org/springframework/core/PriorityOrderedCustomizer> (0x00000000881f58c0) 
thrown [t:\workspace\open\src\hotspot\share\classfile\systemDictionary.cpp, line 256]
Event: 0.657 Thread 0x0000018e2b389240 Exception <a 'java/lang/ClassNotFoundException'{0x00000000881f8cf0}: org/springframework/core/OrderedCustomizer> (0x00000000881f8cf0) 
thrown [t:\workspace\open\src\hotspot\share\classfile\systemDictionary.cpp, line 256]
Event: 0.657 Thread 0x0000018e2b389240 Exception <a 'java/lang/ClassNotFoundException'{0x00000000881fd268}: org/springframework/context/ResourceLoaderAwareCustomizer> (0x00000000881fd268) 
thrown [t:\workspace\open\src\hotspot\share\classfile\systemDictionary.cpp, line 256]
Event: 0.658 Thread 0x0000018e2b389240 Exception <a 'java/lang/ClassNotFoundException'{0x0000000088001e90}: org/springframework/beans/factory/AwareCustomizer> (0x0000000088001e90) 
thrown [t:\workspace\open\src\hotspot\share\classfile\systemDictionary.cpp, line 256]
Event: 0.658 Thread 0x0000018e2b389240 Exception <a 'java/lang/ClassNotFoundException'{0x0000000088005558}: org/springframework/context/ApplicationStartupAwareCustomizer> (0x0000000088005558) 
thrown [t:\workspace\open\src\hotspot\share\classfile\systemDictionary.cpp, line 256]
Event: 0.658 Thread 0x0000018e2b389240 Exception <a 'java/lang/ClassNotFoundException'{0x0000000088009eb0}: org/springframework/beans/factory/AwareCustomizer> (0x0000000088009eb0) 
thrown [t:\workspace\open\src\hotspot\share\classfile\systemDictionary.cpp, line 256]
Event: 0.658 Thread 0x0000018e2b389240 Exception <a 'java/lang/ClassNotFoundException'{0x000000008800d510}: org/springframework/beans/factory/BeanClassLoaderAwareCustomizer> (0x000000008800d510) 
thrown [t:\workspace\open\src\hotspot\share\classfile\systemDictionary.cpp, line 256]
Event: 0.659 Thread 0x0000018e2b389240 Exception <a 'java/lang/ClassNotFoundException'{0x0000000088011c08}: org/springframework/beans/factory/AwareCustomizer> (0x0000000088011c08) 
thrown [t:\workspace\open\src\hotspot\share\classfile\systemDictionary.cpp, line 256]
Event: 0.659 Thread 0x0000018e2b389240 Exception <a 'java/lang/ClassNotFoundException'{0x00000000880150c8}: org/springframework/context/EnvironmentAwareCustomizer> (0x00000000880150c8) 
thrown [t:\workspace\open\src\hotspot\share\classfile\systemDictionary.cpp, line 256]
Event: 0.659 Thread 0x0000018e2b389240 Exception <a 'java/lang/ClassNotFoundException'{0x0000000088019738}: org/springframework/beans/factory/AwareCustomizer> (0x0000000088019738) 
thrown [t:\workspace\open\src\hotspot\share\classfile\systemDictionary.cpp, line 256]
Event: 0.719 Thread 0x0000018e2b389240 Exception <a 'java/lang/IncompatibleClassChangeError'{0x00000000895794e8}: Found class java.lang.Object, but interface was expected> (0x00000000895794e8) 
thrown [t:\workspace\open\src\hotspot\share\interpreter\linkResolver.cpp, line 857]
Event: 0.734 Thread 0x0000018e2b389240 Exception <a 'java/lang/NoSuchMethodError'{0x00000000894e5e00}: 'void java.lang.invoke.DirectMethodHandle$Holder.invokeInterface(java.lang.Object, java.lang.Object, java.lang.Object, java.lang.Object)'> (0x00000000894e5e00) 
thrown [t:\workspace\open\src\hotspot\share\interpreter\linkResolver.cpp, line 790]

Events (20 events):
Event: 0.652 loading class java/util/Hashtable$EntrySet done
Event: 0.655 Thread 0x0000018e4a01cc40 Thread exited: 0x0000018e4a01cc40
Event: 0.656 loading class jdk/internal/module/IllegalAccessLogger
Event: 0.656 loading class jdk/internal/module/IllegalAccessLogger done
Event: 0.665 Executing  VM operation: HandshakeAllThreads
Event: 0.665 Executing  VM operation: HandshakeAllThreads done
Event: 0.670 loading class java/util/regex/Pattern$LazyLoop
Event: 0.670 loading class java/util/regex/Pattern$Loop
Event: 0.670 loading class java/util/regex/Pattern$Loop done
Event: 0.670 loading class java/util/regex/Pattern$LazyLoop done
Event: 0.670 loading class java/util/regex/Pattern$Prolog
Event: 0.670 loading class java/util/regex/Pattern$Prolog done
Event: 0.680 Executing  VM operation: G1CollectForAllocation
Event: 0.683 Executing  VM operation: G1CollectForAllocation done
Event: 0.701 Thread 0x0000018e4a203020 Thread added: 0x0000018e4a203020
Event: 0.705 loading class javax/naming/ldap/LdapContext
Event: 0.705 loading class javax/naming/directory/DirContext
Event: 0.705 loading class javax/naming/directory/DirContext done
Event: 0.705 loading class javax/naming/ldap/LdapContext done
Event: 0.709 Thread 0x0000018e4a203020 Thread exited: 0x0000018e4a203020


Dynamic libraries:
0x00007ff623500000 - 0x00007ff62350e000 	D:\JDK\bin\java.exe
0x00007ffbeb7f0000 - 0x00007ffbeb9e5000 	C:\Windows\SYSTEM32\ntdll.dll
0x00007ffbeb6f0000 - 0x00007ffbeb7ad000 	C:\Windows\System32\KERNEL32.DLL
0x00007ffbe9340000 - 0x00007ffbe9608000 	C:\Windows\System32\KERNELBASE.dll
0x00007ffbe9150000 - 0x00007ffbe9250000 	C:\Windows\System32\ucrtbase.dll
0x00007ffbce6b0000 - 0x00007ffbce6c8000 	D:\JDK\bin\jli.dll
0x00007ffbccb00000 - 0x00007ffbccb19000 	D:\JDK\bin\VCRUNTIME140.dll
0x00007ffbea9c0000 - 0x00007ffbeab60000 	C:\Windows\System32\USER32.dll
0x00007ffbe8fc0000 - 0x00007ffbe8fe2000 	C:\Windows\System32\win32u.dll
0x00007ffbd8730000 - 0x00007ffbd89ca000 	C:\Windows\WinSxS\amd64_microsoft.windows.common-controls_6595b64144ccf1df_6.0.19041.1052_none_60b8f8fd71f5e8cb\COMCTL32.dll
0x00007ffbea6c0000 - 0x00007ffbea6ea000 	C:\Windows\System32\GDI32.dll
0x00007ffbe9aa0000 - 0x00007ffbe9b3e000 	C:\Windows\System32\msvcrt.dll
0x00007ffbe9640000 - 0x00007ffbe974b000 	C:\Windows\System32\gdi32full.dll
0x00007ffbe92a0000 - 0x00007ffbe933d000 	C:\Windows\System32\msvcp_win.dll
0x00007ffbe9980000 - 0x00007ffbe99b0000 	C:\Windows\System32\IMM32.DLL
0x00007ffbd53d0000 - 0x00007ffbd53dc000 	D:\JDK\bin\vcruntime140_1.dll
0x00007ffbc1de0000 - 0x00007ffbc1e71000 	D:\JDK\bin\msvcp140.dll
0x00007ffbb2fb0000 - 0x00007ffbb3b5b000 	D:\JDK\bin\server\jvm.dll
0x00007ffbeb1b0000 - 0x00007ffbeb25c000 	C:\Windows\System32\ADVAPI32.dll
0x00007ffbe9cd0000 - 0x00007ffbe9d6b000 	C:\Windows\System32\sechost.dll
0x00007ffbeafd0000 - 0x00007ffbeb0fb000 	C:\Windows\System32\RPCRT4.dll
0x00007ffbeb380000 - 0x00007ffbeb388000 	C:\Windows\System32\PSAPI.DLL
0x00007ffbe6680000 - 0x00007ffbe6689000 	C:\Windows\SYSTEM32\WSOCK32.dll
0x00007ffbdc600000 - 0x00007ffbdc627000 	C:\Windows\SYSTEM32\WINMM.dll
0x00007ffbe40e0000 - 0x00007ffbe40ea000 	C:\Windows\SYSTEM32\VERSION.dll
0x00007ffbea8f0000 - 0x00007ffbea95b000 	C:\Windows\System32\WS2_32.dll
0x00007ffbe6dc0000 - 0x00007ffbe6dd2000 	C:\Windows\SYSTEM32\kernel.appcore.dll
0x00007ffbd5360000 - 0x00007ffbd536a000 	D:\JDK\bin\jimage.dll
0x00007ffbda880000 - 0x00007ffbdaa64000 	C:\Windows\SYSTEM32\DBGHELP.DLL
0x00007ffbccd00000 - 0x00007ffbccd2c000 	C:\Windows\SYSTEM32\dbgcore.DLL
0x00007ffbe8f30000 - 0x00007ffbe8fb3000 	C:\Windows\System32\bcryptPrimitives.dll
0x00007ffbcc7f0000 - 0x00007ffbcc815000 	D:\JDK\bin\java.dll
0x00007ffbe9d70000 - 0x00007ffbea4af000 	C:\Windows\System32\SHELL32.dll
0x00007ffbe70a0000 - 0x00007ffbe7830000 	C:\Windows\SYSTEM32\windows.storage.dll
0x00007ffbeb390000 - 0x00007ffbeb6e5000 	C:\Windows\System32\combase.dll
0x00007ffbe89a0000 - 0x00007ffbe89cc000 	C:\Windows\SYSTEM32\Wldp.dll
0x00007ffbe9b40000 - 0x00007ffbe9bee000 	C:\Windows\System32\SHCORE.dll
0x00007ffbea890000 - 0x00007ffbea8e5000 	C:\Windows\System32\shlwapi.dll
0x00007ffbe8e70000 - 0x00007ffbe8e8f000 	C:\Windows\SYSTEM32\profapi.dll
0x00007ffbcc7d0000 - 0x00007ffbcc7e9000 	D:\JDK\bin\net.dll
0x00007ffbdb940000 - 0x00007ffbdba4b000 	C:\Windows\SYSTEM32\WINHTTP.dll
0x00007ffbe8710000 - 0x00007ffbe877a000 	C:\Windows\system32\mswsock.dll
0x00007ffbcc7b0000 - 0x00007ffbcc7c3000 	D:\JDK\bin\nio.dll
0x00007ffbcc190000 - 0x00007ffbcc1a8000 	D:\JDK\bin\zip.dll
0x00007ffbe83f0000 - 0x00007ffbe84bc000 	C:\Windows\SYSTEM32\DNSAPI.dll
0x00007ffbe83b0000 - 0x00007ffbe83eb000 	C:\Windows\SYSTEM32\IPHLPAPI.DLL
0x00007ffbeb370000 - 0x00007ffbeb378000 	C:\Windows\System32\NSI.dll
0x00007ffbe0070000 - 0x00007ffbe007a000 	C:\Windows\System32\rasadhlp.dll
0x00007ffbdbb50000 - 0x00007ffbdbbcf000 	C:\Windows\System32\fwpuclnt.dll
0x00007ffbe9610000 - 0x00007ffbe9637000 	C:\Windows\System32\bcrypt.dll
0x00007ffbcde70000 - 0x00007ffbcde79000 	D:\JDK\bin\management.dll
0x00007ffbcca80000 - 0x00007ffbcca8b000 	D:\JDK\bin\management_ext.dll
0x00007ffbe88f0000 - 0x00007ffbe8908000 	C:\Windows\SYSTEM32\CRYPTSP.dll
0x00007ffbe8040000 - 0x00007ffbe8074000 	C:\Windows\system32\rsaenh.dll
0x00007ffbe8e30000 - 0x00007ffbe8e5e000 	C:\Windows\SYSTEM32\USERENV.dll
0x00007ffbe88e0000 - 0x00007ffbe88ec000 	C:\Windows\SYSTEM32\CRYPTBASE.dll
0x00007ffbdc480000 - 0x00007ffbdc497000 	C:\Windows\SYSTEM32\dhcpcsvc6.DLL
0x00007ffbdc460000 - 0x00007ffbdc47d000 	C:\Windows\SYSTEM32\dhcpcsvc.DLL
0x00007ffbe6700000 - 0x00007ffbe6717000 	C:\Windows\system32\napinsp.dll
0x00007ffbe66d0000 - 0x00007ffbe66eb000 	C:\Windows\system32\pnrpnsp.dll
0x00007ffbe3350000 - 0x00007ffbe3365000 	C:\Windows\system32\wshbth.dll
0x00007ffbe4910000 - 0x00007ffbe492d000 	C:\Windows\system32\NLAapi.dll
0x00007ffbe5860000 - 0x00007ffbe5872000 	C:\Windows\System32\winrnr.dll
0x00007ffbe49c0000 - 0x00007ffbe49da000 	D:\Software Installer\IntelliJ IDEA\bin\breakgen64.dll

dbghelp: loaded successfully - version: 4.0.5 - missing functions: none
symbol engine: initialized successfully - sym options: 0x614 - pdb path: .;D:\JDK\bin;C:\Windows\SYSTEM32;C:\Windows\WinSxS\amd64_microsoft.windows.common-controls_6595b64144ccf1df_6.0.19041.1052_none_60b8f8fd71f5e8cb;D:\JDK\bin\server;D:\Software Installer\IntelliJ IDEA\bin

VM Arguments:
jvm_args: -XX:TieredStopAtLevel=1 -Xverify:none -Dspring.output.ansi.enabled=always -Dcom.sun.management.jmxremote -Dspring.jmx.enabled=true -Dspring.liveBeansView.mbeanDomain -Dspring.application.admin.enabled=true -Didea.launcher.port=63264 -Didea.launcher.bin.path=D:\Software Installer\IntelliJ IDEA\bin -Dfile.encoding=UTF-8 
java_command: com.intellij.rt.execution.application.AppMainV2 com.example.thymeleafspringbootpractice.ThymeleafSpringBootPracticeApplication
java_class_path (initial): D:\thymeleaf-spring-boot-practice\build\classes\java\main;D:\thymeleaf-spring-boot-practice\build\resources\main;C:\Users\Alif\.gradle\caches\modules-2\files-2.1\org.springframework.boot\spring-boot-starter-thymeleaf\2.5.2\bbf0322ed2d1e9b6b7e7e46903ceb1bba0dd3ba2\spring-boot-starter-thymeleaf-2.5.2.jar;C:\Users\Alif\.gradle\caches\modules-2\files-2.1\org.springframework.boot\spring-boot-starter-web\2.5.2\9d68318f6607728e253030aa145e529bae9b0883\spring-boot-starter-web-2.5.2.jar;C:\Users\Alif\.gradle\caches\modules-2\files-2.1\org.springframework.boot\spring-boot-starter\2.5.2\5aa5345f60cd3fbca331c05015e0700553448d66\spring-boot-starter-2.5.2.jar;C:\Users\Alif\.gradle\caches\modules-2\files-2.1\org.thymeleaf\thymeleaf-spring5\3.0.12.RELEASE\aa640b214411978a23cbe271c3fb9569d1bda608\thymeleaf-spring5-3.0.12.RELEASE.jar;C:\Users\Alif\.gradle\caches\modules-2\files-2.1\org.thymeleaf.extras\thymeleaf-extras-java8time\3.0.4.RELEASE\36e7175ddce36c486fff4578b5af7bb32f54f5df\thymeleaf-extras-java8time-3.0.4.RELEASE.jar;C:\Users\Alif\.gradle\caches\modules-2\files-2.1\org.springframework.boot\spring-boot-starter-json\2.5.2\6af2e2d4fcf02fcda700dbbcd4643e78d31bcc8c\spring-boot-starter-json-2.5.2.jar;C:\Users\Alif\.gradle\caches\modules-2\files-2.1\org.springframework.boot\spring-boot-starter-tomcat\2.5.2\ed7d2ef9efef6145bdc8c9c4dd1790f51673f27d\spring-boot-starter-tomcat-2.5.2.jar;C:\Users\Alif\.gradle\caches\modules-2\files-2.1\org.springframework\spring-webmvc\5.3.8\2cfa5e12bf103e2c82db78ce198e455dab456465\spring-webmvc-5.3.8.jar;C:\Users\Alif\.gradle\caches\modules-2\files-2.1\org.springframework\spring-web\5.3.8\daa288e67b0f2e09a033500d5ce8406677c5045c\spring-web-5.3.8.jar;C:\Users\Alif\.gradle\caches\modules-2\files-2.1\org.springframework.boot\spring-boot-autoconfigure\2.5.2\aa924c5d0d375f4b2b66f211704c24d40a7e647b\spring-boot-autoconfigure-2.5.2.jar;C:\Users\Alif\.gradle\caches\modules-2\files-2.1\org.springframework.boot\spring-boot\2.5.2\bd6
Launcher Type: SUN_STANDARD

[Global flags]
     intx CICompilerCount                          = 3                                         {product} {ergonomic}
     uint ConcGCThreads                            = 1                                         {product} {ergonomic}
     uint G1ConcRefinementThreads                  = 4                                         {product} {ergonomic}
   size_t G1HeapRegionSize                         = 1048576                                   {product} {ergonomic}
    uintx GCDrainStackTargetSize                   = 64                                        {product} {ergonomic}
   size_t InitialHeapSize                          = 134217728                                 {product} {ergonomic}
     bool ManagementServer                         = true                                      {product} {command line}
   size_t MarkStackSize                            = 4194304                                   {product} {ergonomic}
   size_t MaxHeapSize                              = 2120220672                                {product} {ergonomic}
   size_t MaxNewSize                               = 1271922688                                {product} {ergonomic}
   size_t MinHeapDeltaBytes                        = 1048576                                   {product} {ergonomic}
   size_t MinHeapSize                              = 8388608                                   {product} {ergonomic}
    uintx NonNMethodCodeHeapSize                   = 6973028                                {pd product} {ergonomic}
    uintx NonProfiledCodeHeapSize                  = 244685212                              {pd product} {ergonomic}
    uintx ProfiledCodeHeapSize                     = 0                                      {pd product} {ergonomic}
    uintx ReservedCodeCacheSize                    = 251658240                              {pd product} {ergonomic}
     bool SegmentedCodeCache                       = true                                      {product} {ergonomic}
   size_t SoftMaxHeapSize                          = 2120220672                             {manageable} {ergonomic}
     intx TieredStopAtLevel                        = 1                                         {product} {command line}
     bool UseCompressedClassPointers               = true                           {product lp64_product} {ergonomic}
     bool UseCompressedOops                        = true                           {product lp64_product} {ergonomic}
     bool UseG1GC                                  = true                                      {product} {ergonomic}
     bool UseLargePagesIndividualAllocation        = false                                  {pd product} {ergonomic}

Logging:
Log output configuration:
 #0: stdout all=warning uptime,level,tags
 #1: stderr all=off uptime,level,tags

Environment Variables:
PATH=C:\Windows\system32;C:\Windows;C:\Windows\System32\Wbem;C:\Windows\System32\WindowsPowerShell\v1.0\;C:\Windows\System32\OpenSSH\;C:\Program Files\Microsoft SQL Server\130\Tools\Binn\;C:\Program Files\Microsoft SQL Server\Client SDK\ODBC\170\Tools\Binn\;C:\Program Files (x86)\Microsoft SQL Server\150\Tools\Binn\;C:\Program Files\Microsoft SQL Server\150\Tools\Binn\;C:\Program Files (x86)\Microsoft SQL Server\150\DTS\Binn\;C:\Program Files\Microsoft SQL Server\150\DTS\Binn\;C:\Program Files\Git\cmd;C:\Program Files\dotnet\;C:\Program Files\nodejs\;C:\Program Files\TortoiseGit\bin;C:\Users\Alif\AppData\Local\Microsoft\WindowsApps;C:\Users\Alif\AppData\Local\Programs\Microsoft VS Code\bin;C:\Users\Alif\.dotnet\tools;C:\Users\Alif\AppData\Roaming\npm
USERNAME=Alif
OS=Windows_NT
PROCESSOR_IDENTIFIER=Intel64 Family 6 Model 158 Stepping 9, GenuineIntel



---------------  S Y S T E M  ---------------

OS:
 Windows 10 , 64 bit Build 19041 (10.0.19041.1023)
OS uptime: 0 days 6:31 hours

CPU: total 4 (initial active 4) (4 cores per cpu, 1 threads per core) family 6 model 158 stepping 9 microcode 0xb4, cx8, cmov, fxsr, mmx, 3dnowpref, sse, sse2, sse3, ssse3, sse4.1, sse4.2, popcnt, lzcnt, tsc, tscinvbit, avx, avx2, aes, erms, clmul, bmi1, bmi2, rtm, adx, fma, vzeroupper, clflush, clflushopt

Memory: 4k page, system-wide physical 8083M (1052M free)
TotalPageFile size 9989M (AvailPageFile size 3M)
current process WorkingSet (physical memory assigned to process): 92M, peak: 92M
current process commit charge ("private bytes"): 223M, peak: 223M

vm_info: OpenJDK 64-Bit Server VM (16.0.1+9-24) for windows-amd64 JRE (16.0.1+9-24), built on Mar 26 2021 19:30:07 by "mach5one" with MS VC++ 16.7 (VS2019)

END.
