#
# There is insufficient memory for the Java Runtime Environment to continue.
# Native memory allocation (mmap) failed to map 65536 bytes for Failed to commit metaspace.
# Possible reasons:
#   The system is out of physical RAM or swap space
#   The process is running with CompressedOops enabled, and the Java Heap may be blocking the growth of the native heap
# Possible solutions:
#   Reduce memory load on the system
#   Increase physical memory or swap space
#   Check if swap backing store is full
#   Decrease Java heap size (-Xmx/-Xms)
#   Decrease number of Java threads
#   Decrease Java thread stack sizes (-Xss)
#   Set larger code cache with -XX:ReservedCodeCacheSize=
#   JVM is running with Unscaled Compressed Oops mode in which the Java heap is
#     placed in the first 4GB address space. The Java Heap base address is the
#     maximum limit for the native heap growth. Please use -XX:HeapBaseMinAddress
#     to set the Java Heap base and to place the Java Heap above 4GB virtual address.
# This output file may be truncated or incomplete.
#
#  Out of Memory Error (virtualSpaceNode.cpp:108), pid=6912, tid=11436
#
# JRE version: Java(TM) SE Runtime Environment (16.0.1+9) (build 16.0.1+9-24)
# Java VM: Java HotSpot(TM) 64-Bit Server VM (16.0.1+9-24, mixed mode, sharing, tiered, compressed oops, compressed class ptrs, g1 gc, windows-amd64)
# No core dump will be written. Minidumps are not enabled by default on client versions of Windows
#

---------------  S U M M A R Y ------------

Command Line: -XX:TieredStopAtLevel=1 -Xverify:none -Dspring.output.ansi.enabled=always -javaagent:D:\Software Installer\IntelliJ IDEA\lib\idea_rt.jar=65116:D:\Software Installer\IntelliJ IDEA\bin -Dcom.sun.management.jmxremote -Dspring.jmx.enabled=true -Dspring.liveBeansView.mbeanDomain -Dspring.application.admin.enabled=true -Dfile.encoding=UTF-8 com.alif.ApplicationApprovalSystem.ApplicationApprovalSystemApplication

Host: Intel(R) Core(TM) i5-7500 CPU @ 3.40GHz, 4 cores, 7G,  Windows 10 , 64 bit Build 19041 (10.0.19041.1151)
Time: Tue Aug 24 22:13:13 2021 Bangladesh Standard Time elapsed time: 4.154054 seconds (0d 0h 0m 4s)

---------------  T H R E A D  ---------------

Current thread (0x000001548252c930):  JavaThread "restartedMain" [_thread_in_vm, id=11436, stack(0x0000000852b00000,0x0000000852c00000)]

Stack: [0x0000000852b00000,0x0000000852c00000]
Native frames: (J=compiled Java code, j=interpreted, Vv=VM code, C=native code)
V  [jvm.dll+0x6687ca]
V  [jvm.dll+0x7ca3c9]
V  [jvm.dll+0x7cbb53]
V  [jvm.dll+0x7cc1b3]
V  [jvm.dll+0x242ea5]
V  [jvm.dll+0x7c6a4b]
V  [jvm.dll+0x60e436]
V  [jvm.dll+0x1be93e]
V  [jvm.dll+0x610b91]
V  [jvm.dll+0x60ed31]
V  [jvm.dll+0x362f4a]
V  [jvm.dll+0x1e113f]
V  [jvm.dll+0x536752]
V  [jvm.dll+0x743011]
V  [jvm.dll+0x40775f]
V  [jvm.dll+0x40da82]
C  [java.dll+0x17c8]

Java frames: (J=compiled Java code, j=interpreted, Vv=VM code)
J 1158  java.lang.ClassLoader.defineClass1(Ljava/lang/ClassLoader;Ljava/lang/String;[BIILjava/security/ProtectionDomain;Ljava/lang/String;)Ljava/lang/Class; java.base@16.0.1 (0 bytes) @ 0x00000154ecc5d88b [0x00000154ecc5d7c0+0x00000000000000cb]
J 1333 c1 java.lang.ClassLoader.defineClass(Ljava/lang/String;[BIILjava/security/ProtectionDomain;)Ljava/lang/Class; java.base@16.0.1 (43 bytes) @ 0x00000154ecca4a5c [0x00000154ecca4960+0x00000000000000fc]
J 1334 c1 jdk.internal.loader.BuiltinClassLoader.defineClass(Ljava/lang/String;Ljdk/internal/loader/Resource;)Ljava/lang/Class; java.base@16.0.1 (121 bytes) @ 0x00000154ecca3864 [0x00000154ecca33a0+0x00000000000004c4]
J 1160 c1 jdk.internal.loader.BuiltinClassLoader.findClassOnClassPathOrNull(Ljava/lang/String;)Ljava/lang/Class; java.base@16.0.1 (64 bytes) @ 0x00000154ecc5e45c [0x00000154ecc5e1a0+0x00000000000002bc]
J 1011 c1 jdk.internal.loader.BuiltinClassLoader.loadClassOrNull(Ljava/lang/String;Z)Ljava/lang/Class; java.base@16.0.1 (143 bytes) @ 0x00000154ecc16514 [0x00000154ecc160a0+0x0000000000000474]
J 1088 c1 jdk.internal.loader.ClassLoaders$AppClassLoader.loadClass(Ljava/lang/String;Z)Ljava/lang/Class; java.base@16.0.1 (40 bytes) @ 0x00000154ecc3dbc4 [0x00000154ecc3da80+0x0000000000000144]
J 1079 c1 java.lang.ClassLoader.loadClass(Ljava/lang/String;)Ljava/lang/Class; java.base@16.0.1 (7 bytes) @ 0x00000154ecc3a304 [0x00000154ecc3a2c0+0x0000000000000044]
v  ~StubRoutines::call_stub
J 1158  java.lang.ClassLoader.defineClass1(Ljava/lang/ClassLoader;Ljava/lang/String;[BIILjava/security/ProtectionDomain;Ljava/lang/String;)Ljava/lang/Class; java.base@16.0.1 (0 bytes) @ 0x00000154ecc5d88b [0x00000154ecc5d7c0+0x00000000000000cb]
J 1333 c1 java.lang.ClassLoader.defineClass(Ljava/lang/String;[BIILjava/security/ProtectionDomain;)Ljava/lang/Class; java.base@16.0.1 (43 bytes) @ 0x00000154ecca4a5c [0x00000154ecca4960+0x00000000000000fc]
J 1334 c1 jdk.internal.loader.BuiltinClassLoader.defineClass(Ljava/lang/String;Ljdk/internal/loader/Resource;)Ljava/lang/Class; java.base@16.0.1 (121 bytes) @ 0x00000154ecca3864 [0x00000154ecca33a0+0x00000000000004c4]
J 1160 c1 jdk.internal.loader.BuiltinClassLoader.findClassOnClassPathOrNull(Ljava/lang/String;)Ljava/lang/Class; java.base@16.0.1 (64 bytes) @ 0x00000154ecc5e45c [0x00000154ecc5e1a0+0x00000000000002bc]
J 1011 c1 jdk.internal.loader.BuiltinClassLoader.loadClassOrNull(Ljava/lang/String;Z)Ljava/lang/Class; java.base@16.0.1 (143 bytes) @ 0x00000154ecc16514 [0x00000154ecc160a0+0x0000000000000474]
J 1088 c1 jdk.internal.loader.ClassLoaders$AppClassLoader.loadClass(Ljava/lang/String;Z)Ljava/lang/Class; java.base@16.0.1 (40 bytes) @ 0x00000154ecc3dbc4 [0x00000154ecc3da80+0x0000000000000144]
J 1079 c1 java.lang.ClassLoader.loadClass(Ljava/lang/String;)Ljava/lang/Class; java.base@16.0.1 (7 bytes) @ 0x00000154ecc3a304 [0x00000154ecc3a2c0+0x0000000000000044]
v  ~StubRoutines::call_stub
j  org.hibernate.boot.internal.BootstrapContextImpl.<init>(Lorg/hibernate/boot/registry/StandardServiceRegistry;Lorg/hibernate/boot/spi/MetadataBuildingOptions;)V+103
j  org.hibernate.boot.internal.MetadataBuilderImpl.<init>(Lorg/hibernate/boot/MetadataSources;Lorg/hibernate/boot/registry/StandardServiceRegistry;)V+31
j  org.hibernate.boot.MetadataSources.getMetadataBuilder(Lorg/hibernate/boot/registry/StandardServiceRegistry;)Lorg/hibernate/boot/MetadataBuilder;+6
j  org.hibernate.jpa.boot.internal.EntityManagerFactoryBuilderImpl.<init>(Lorg/hibernate/jpa/boot/spi/PersistenceUnitDescriptor;Ljava/util/Map;Ljava/lang/ClassLoader;Lorg/hibernate/boot/registry/classloading/spi/ClassLoaderService;)V+205
j  org.hibernate.jpa.boot.internal.EntityManagerFactoryBuilderImpl.<init>(Lorg/hibernate/jpa/boot/spi/PersistenceUnitDescriptor;Ljava/util/Map;)V+5
j  org.springframework.orm.jpa.vendor.SpringHibernateJpaPersistenceProvider.createContainerEntityManagerFactory(Ljavax/persistence/spi/PersistenceUnitInfo;Ljava/util/Map;)Ljavax/persistence/EntityManagerFactory;+52
j  org.springframework.orm.jpa.LocalContainerEntityManagerFactoryBean.createNativeEntityManagerFactory()Ljavax/persistence/EntityManagerFactory;+129
j  org.springframework.orm.jpa.AbstractEntityManagerFactoryBean.buildNativeEntityManagerFactory()Ljavax/persistence/EntityManagerFactory;+1
j  org.springframework.orm.jpa.AbstractEntityManagerFactoryBean.afterPropertiesSet()V+192
j  org.springframework.orm.jpa.LocalContainerEntityManagerFactoryBean.afterPropertiesSet()V+77
j  org.springframework.beans.factory.support.AbstractAutowireCapableBeanFactory.invokeInitMethods(Ljava/lang/String;Ljava/lang/Object;Lorg/springframework/beans/factory/support/RootBeanDefinition;)V+106
j  org.springframework.beans.factory.support.AbstractAutowireCapableBeanFactory.initializeBean(Ljava/lang/String;Ljava/lang/Object;Lorg/springframework/beans/factory/support/RootBeanDefinition;)Ljava/lang/Object;+59
j  org.springframework.beans.factory.support.AbstractAutowireCapableBeanFactory.doCreateBean(Ljava/lang/String;Lorg/springframework/beans/factory/support/RootBeanDefinition;[Ljava/lang/Object;)Ljava/lang/Object;+245
j  org.springframework.beans.factory.support.AbstractAutowireCapableBeanFactory.createBean(Ljava/lang/String;Lorg/springframework/beans/factory/support/RootBeanDefinition;[Ljava/lang/Object;)Ljava/lang/Object;+169
j  org.springframework.beans.factory.support.AbstractBeanFactory.lambda$doGetBean$0(Ljava/lang/String;Lorg/springframework/beans/factory/support/RootBeanDefinition;[Ljava/lang/Object;)Ljava/lang/Object;+4
j  org.springframework.beans.factory.support.AbstractBeanFactory$$Lambda$344+0x0000000800dc97d8.getObject()Ljava/lang/Object;+16
j  org.springframework.beans.factory.support.DefaultSingletonBeanRegistry.getSingleton(Ljava/lang/String;Lorg/springframework/beans/factory/ObjectFactory;)Ljava/lang/Object;+132
J 2933 c1 org.springframework.beans.factory.support.AbstractBeanFactory.doGetBean(Ljava/lang/String;Ljava/lang/Class;[Ljava/lang/Object;Z)Ljava/lang/Object; (832 bytes) @ 0x00000154ecf3bb5c [0x00000154ecf3b5a0+0x00000000000005bc]
j  org.springframework.beans.factory.support.AbstractBeanFactory.getBean(Ljava/lang/String;)Ljava/lang/Object;+5
j  org.springframework.context.support.AbstractApplicationContext.getBean(Ljava/lang/String;)Ljava/lang/Object;+9
j  org.springframework.context.support.AbstractApplicationContext.finishBeanFactoryInitialization(Lorg/springframework/beans/factory/config/ConfigurableListableBeanFactory;)V+100
j  org.springframework.context.support.AbstractApplicationContext.refresh()V+86
j  org.springframework.boot.web.servlet.context.ServletWebServerApplicationContext.refresh()V+1
j  org.springframework.boot.SpringApplication.refresh(Lorg/springframework/context/ConfigurableApplicationContext;)V+1
j  org.springframework.boot.SpringApplication.refreshContext(Lorg/springframework/context/ConfigurableApplicationContext;)V+16
j  org.springframework.boot.SpringApplication.run([Ljava/lang/String;)Lorg/springframework/context/ConfigurableApplicationContext;+111
j  org.springframework.boot.SpringApplication.run([Ljava/lang/Class;[Ljava/lang/String;)Lorg/springframework/context/ConfigurableApplicationContext;+9
j  org.springframework.boot.SpringApplication.run(Ljava/lang/Class;[Ljava/lang/String;)Lorg/springframework/context/ConfigurableApplicationContext;+9
j  com.alif.ApplicationApprovalSystem.ApplicationApprovalSystemApplication.main([Ljava/lang/String;)V+3
v  ~StubRoutines::call_stub
j  jdk.internal.reflect.NativeMethodAccessorImpl.invoke0(Ljava/lang/reflect/Method;Ljava/lang/Object;[Ljava/lang/Object;)Ljava/lang/Object;+0 java.base@16.0.1
j  jdk.internal.reflect.NativeMethodAccessorImpl.invoke(Ljava/lang/Object;[Ljava/lang/Object;)Ljava/lang/Object;+146 java.base@16.0.1
j  jdk.internal.reflect.DelegatingMethodAccessorImpl.invoke(Ljava/lang/Object;[Ljava/lang/Object;)Ljava/lang/Object;+6 java.base@16.0.1
j  java.lang.reflect.Method.invoke(Ljava/lang/Object;[Ljava/lang/Object;)Ljava/lang/Object;+59 java.base@16.0.1
j  org.springframework.boot.devtools.restart.RestartLauncher.run()V+42
v  ~StubRoutines::call_stub

---------------  P R O C E S S  ---------------

Threads class SMR info:
_java_thread_list=0x0000015484bf4720, length=18, elements={
0x00000154e4c9a760, 0x000001548247a6e0, 0x000001548247b5a0, 0x000001548248b0c0,
0x000001548248e9f0, 0x000001548248f300, 0x0000015482490c20, 0x0000015482491530,
0x0000015482497390, 0x000001548252aea0, 0x000001548252a400, 0x000001548252d3d0,
0x000001548252c3e0, 0x000001548252b3f0, 0x000001548252c930, 0x000001548252ce80,
0x000001548252a950, 0x0000015482529eb0
}

Java Threads: ( => current thread )
  0x00000154e4c9a760 JavaThread "main" [_thread_blocked, id=8080, stack(0x0000000851200000,0x0000000851300000)]
  0x000001548247a6e0 JavaThread "Reference Handler" daemon [_thread_blocked, id=10472, stack(0x0000000851900000,0x0000000851a00000)]
  0x000001548247b5a0 JavaThread "Finalizer" daemon [_thread_blocked, id=12528, stack(0x0000000851a00000,0x0000000851b00000)]
  0x000001548248b0c0 JavaThread "Signal Dispatcher" daemon [_thread_blocked, id=5584, stack(0x0000000851b00000,0x0000000851c00000)]
  0x000001548248e9f0 JavaThread "Attach Listener" daemon [_thread_blocked, id=1104, stack(0x0000000851c00000,0x0000000851d00000)]
  0x000001548248f300 JavaThread "Service Thread" daemon [_thread_blocked, id=12840, stack(0x0000000851d00000,0x0000000851e00000)]
  0x0000015482490c20 JavaThread "Monitor Deflation Thread" daemon [_thread_blocked, id=11952, stack(0x0000000851e00000,0x0000000851f00000)]
  0x0000015482491530 JavaThread "C1 CompilerThread0" daemon [_thread_blocked, id=5772, stack(0x0000000851f00000,0x0000000852000000)]
  0x0000015482497390 JavaThread "Sweeper thread" daemon [_thread_blocked, id=2564, stack(0x0000000852000000,0x0000000852100000)]
  0x000001548252aea0 JavaThread "Common-Cleaner" daemon [_thread_blocked, id=3776, stack(0x0000000852100000,0x0000000852200000)]
  0x000001548252a400 JavaThread "Monitor Ctrl-Break" daemon [_thread_in_native, id=13268, stack(0x0000000852200000,0x0000000852300000)]
  0x000001548252d3d0 JavaThread "Notification Thread" daemon [_thread_blocked, id=9820, stack(0x0000000852300000,0x0000000852400000)]
  0x000001548252c3e0 JavaThread "RMI TCP Accept-0" daemon [_thread_in_native, id=7356, stack(0x0000000852500000,0x0000000852600000)]
  0x000001548252b3f0 JavaThread "Thread-0" [_thread_blocked, id=7784, stack(0x0000000852a00000,0x0000000852b00000)]
=>0x000001548252c930 JavaThread "restartedMain" [_thread_in_vm, id=11436, stack(0x0000000852b00000,0x0000000852c00000)]
  0x000001548252ce80 JavaThread "Catalina-utility-1" [_thread_blocked, id=10060, stack(0x0000000852c00000,0x0000000852d00000)]
  0x000001548252a950 JavaThread "Catalina-utility-2" [_thread_blocked, id=12424, stack(0x0000000852d00000,0x0000000852e00000)]
  0x0000015482529eb0 JavaThread "container-0" [_thread_blocked, id=9740, stack(0x0000000852e00000,0x0000000852f00000)]

Other Threads:
  0x0000015482476a90 VMThread "VM Thread" [stack: 0x0000000851800000,0x0000000851900000] [id=5660]
  0x00000154838af330 WatcherThread [stack: 0x0000000852400000,0x0000000852500000] [id=13184]
  0x00000154e4cd88a0 GCTaskThread "GC Thread#0" [stack: 0x0000000851300000,0x0000000851400000] [id=12728]
  0x0000015483913850 GCTaskThread "GC Thread#1" [stack: 0x0000000852600000,0x0000000852700000] [id=12980]
  0x0000015483913b60 GCTaskThread "GC Thread#2" [stack: 0x0000000852700000,0x0000000852800000] [id=7300]
  0x0000015483949a60 GCTaskThread "GC Thread#3" [stack: 0x0000000852800000,0x0000000852900000] [id=11140]
  0x00000154e4ce95a0 ConcurrentGCThread "G1 Main Marker" [stack: 0x0000000851400000,0x0000000851500000] [id=7640]
  0x00000154e4cea7b0 ConcurrentGCThread "G1 Conc#0" [stack: 0x0000000851500000,0x0000000851600000] [id=11284]
  0x00000154e4d66640 ConcurrentGCThread "G1 Refine#0" [stack: 0x0000000851600000,0x0000000851700000] [id=8580]
  0x000001548393a4e0 ConcurrentGCThread "G1 Refine#1" [stack: 0x0000000852900000,0x0000000852a00000] [id=11528]
  0x00000154e4d670c0 ConcurrentGCThread "G1 Service" [stack: 0x0000000851700000,0x0000000851800000] [id=11852]

Threads with active compile tasks:

VM state: not at safepoint (normal execution)

VM Mutex/Monitor currently owned by a thread:  ([mutex/lock_event])
[0x00000154e4c8b440] MetaspaceExpand_lock - owner thread: 0x000001548252c930

Heap address: 0x0000000081a00000, size: 2022 MB, Compressed Oops mode: 32-bit

CDS archive(s) mapped at: [0x0000000800000000-0x0000000800bb0000-0x0000000800bb0000), size 12255232, SharedBaseAddress: 0x0000000800000000, ArchiveRelocationMode: 0.
Compressed class space mapped at: 0x0000000800c00000-0x0000000840c00000, reserved size: 1073741824
Narrow klass base: 0x0000000800000000, Narrow klass shift: 3, Narrow klass range: 0x100000000

GC Precious Log:
 CPUs: 4 total, 4 available
 Memory: 8083M
 Large Page Support: Disabled
 NUMA Support: Disabled
 Compressed Oops: Enabled (32-bit)
 Heap Region Size: 1M
 Heap Min Capacity: 8M
 Heap Initial Capacity: 128M
 Heap Max Capacity: 2022M
 Pre-touch: Disabled
 Parallel Workers: 4
 Concurrent Workers: 1
 Concurrent Refinement Workers: 4
 Periodic GC: Disabled

Heap:
 garbage-first heap   total 118784K, used 38492K [0x0000000081a00000, 0x0000000100000000)
  region size 1024K, 27 young (27648K), 3 survivors (3072K)
 Metaspace       used 27816K, committed 28160K, reserved 1073152K
  class space    used 3815K, committed 3968K, reserved 1048576K

Heap Regions: E=young(eden), S=young(survivor), O=old, HS=humongous(starts), HC=humongous(continues), CS=collection set, F=free, OA=open archive, CA=closed archive, TAMS=top-at-mark-start (previous, next)
|   0|0x0000000081a00000, 0x0000000081b00000, 0x0000000081b00000|100%|HS|  |TAMS 0x0000000081b00000, 0x0000000081a00000| Complete 
|   1|0x0000000081b00000, 0x0000000081c00000, 0x0000000081c00000|100%| O|  |TAMS 0x0000000081c00000, 0x0000000081b00000| Untracked 
|   2|0x0000000081c00000, 0x0000000081d00000, 0x0000000081d00000|100%| O|  |TAMS 0x0000000081d00000, 0x0000000081c00000| Untracked 
|   3|0x0000000081d00000, 0x0000000081e00000, 0x0000000081e00000|100%| O|  |TAMS 0x0000000081e00000, 0x0000000081d00000| Untracked 
|   4|0x0000000081e00000, 0x0000000081f00000, 0x0000000081f00000|100%| O|  |TAMS 0x0000000081f00000, 0x0000000081e00000| Untracked 
|   5|0x0000000081f00000, 0x0000000082000000, 0x0000000082000000|100%| O|  |TAMS 0x0000000082000000, 0x0000000081f00000| Untracked 
|   6|0x0000000082000000, 0x0000000082100000, 0x0000000082100000|100%| O|  |TAMS 0x00000000820c1a00, 0x0000000082000000| Untracked 
|   7|0x0000000082100000, 0x0000000082200000, 0x0000000082200000|100%| O|  |TAMS 0x0000000082100000, 0x0000000082100000| Untracked 
|   8|0x0000000082200000, 0x0000000082300000, 0x0000000082300000|100%| O|  |TAMS 0x0000000082200000, 0x0000000082200000| Untracked 
|   9|0x0000000082300000, 0x0000000082400000, 0x0000000082400000|100%| O|  |TAMS 0x0000000082300000, 0x0000000082300000| Untracked 
|  10|0x0000000082400000, 0x0000000082423000, 0x0000000082500000| 13%| O|  |TAMS 0x0000000082400000, 0x0000000082400000| Untracked 
|  11|0x0000000082500000, 0x0000000082600000, 0x0000000082600000|100%| O|  |TAMS 0x0000000082500000, 0x0000000082500000| Untracked 
|  12|0x0000000082600000, 0x0000000082700000, 0x0000000082700000|100%| O|  |TAMS 0x0000000082600000, 0x0000000082600000| Untracked 
|  13|0x0000000082700000, 0x0000000082800000, 0x0000000082800000|100%| O|  |TAMS 0x0000000082700000, 0x0000000082700000| Untracked 
|  14|0x0000000082800000, 0x0000000082851e00, 0x0000000082900000| 31%| O|  |TAMS 0x0000000082800000, 0x0000000082800000| Untracked 
|  15|0x0000000082900000, 0x0000000082900000, 0x0000000082a00000|  0%| F|  |TAMS 0x0000000082900000, 0x0000000082900000| Untracked 
|  16|0x0000000082a00000, 0x0000000082a00000, 0x0000000082b00000|  0%| F|  |TAMS 0x0000000082a00000, 0x0000000082a00000| Untracked 
|  17|0x0000000082b00000, 0x0000000082b00000, 0x0000000082c00000|  0%| F|  |TAMS 0x0000000082b00000, 0x0000000082b00000| Untracked 
|  18|0x0000000082c00000, 0x0000000082c00000, 0x0000000082d00000|  0%| F|  |TAMS 0x0000000082c00000, 0x0000000082c00000| Untracked 
|  19|0x0000000082d00000, 0x0000000082d00000, 0x0000000082e00000|  0%| F|  |TAMS 0x0000000082d00000, 0x0000000082d00000| Untracked 
|  20|0x0000000082e00000, 0x0000000082e00000, 0x0000000082f00000|  0%| F|  |TAMS 0x0000000082e00000, 0x0000000082e00000| Untracked 
|  21|0x0000000082f00000, 0x0000000082f00000, 0x0000000083000000|  0%| F|  |TAMS 0x0000000082f00000, 0x0000000082f00000| Untracked 
|  22|0x0000000083000000, 0x0000000083000000, 0x0000000083100000|  0%| F|  |TAMS 0x0000000083000000, 0x0000000083000000| Untracked 
|  23|0x0000000083100000, 0x0000000083100000, 0x0000000083200000|  0%| F|  |TAMS 0x0000000083100000, 0x0000000083100000| Untracked 
|  24|0x0000000083200000, 0x0000000083200000, 0x0000000083300000|  0%| F|  |TAMS 0x0000000083200000, 0x0000000083200000| Untracked 
|  25|0x0000000083300000, 0x0000000083300000, 0x0000000083400000|  0%| F|  |TAMS 0x0000000083300000, 0x0000000083300000| Untracked 
|  26|0x0000000083400000, 0x0000000083400000, 0x0000000083500000|  0%| F|  |TAMS 0x0000000083400000, 0x0000000083400000| Untracked 
|  27|0x0000000083500000, 0x0000000083500000, 0x0000000083600000|  0%| F|  |TAMS 0x0000000083500000, 0x0000000083500000| Untracked 
|  28|0x0000000083600000, 0x0000000083622220, 0x0000000083700000| 13%| S|CS|TAMS 0x0000000083600000, 0x0000000083600000| Complete 
|  29|0x0000000083700000, 0x0000000083800000, 0x0000000083800000|100%| S|CS|TAMS 0x0000000083700000, 0x0000000083700000| Complete 
|  30|0x0000000083800000, 0x0000000083900000, 0x0000000083900000|100%| S|CS|TAMS 0x0000000083800000, 0x0000000083800000| Complete 
|  31|0x0000000083900000, 0x0000000083900000, 0x0000000083a00000|  0%| F|  |TAMS 0x0000000083900000, 0x0000000083900000| Untracked 
|  32|0x0000000083a00000, 0x0000000083a00000, 0x0000000083b00000|  0%| F|  |TAMS 0x0000000083a00000, 0x0000000083a00000| Untracked 
|  33|0x0000000083b00000, 0x0000000083b00000, 0x0000000083c00000|  0%| F|  |TAMS 0x0000000083b00000, 0x0000000083b00000| Untracked 
|  34|0x0000000083c00000, 0x0000000083c00000, 0x0000000083d00000|  0%| F|  |TAMS 0x0000000083c00000, 0x0000000083c00000| Untracked 
|  35|0x0000000083d00000, 0x0000000083d00000, 0x0000000083e00000|  0%| F|  |TAMS 0x0000000083d00000, 0x0000000083d00000| Untracked 
|  36|0x0000000083e00000, 0x0000000083e00000, 0x0000000083f00000|  0%| F|  |TAMS 0x0000000083e00000, 0x0000000083e00000| Untracked 
|  37|0x0000000083f00000, 0x0000000083f00000, 0x0000000084000000|  0%| F|  |TAMS 0x0000000083f00000, 0x0000000083f00000| Untracked 
|  38|0x0000000084000000, 0x0000000084000000, 0x0000000084100000|  0%| F|  |TAMS 0x0000000084000000, 0x0000000084000000| Untracked 
|  39|0x0000000084100000, 0x0000000084100000, 0x0000000084200000|  0%| F|  |TAMS 0x0000000084100000, 0x0000000084100000| Untracked 
|  40|0x0000000084200000, 0x0000000084200000, 0x0000000084300000|  0%| F|  |TAMS 0x0000000084200000, 0x0000000084200000| Untracked 
|  41|0x0000000084300000, 0x0000000084300000, 0x0000000084400000|  0%| F|  |TAMS 0x0000000084300000, 0x0000000084300000| Untracked 
|  42|0x0000000084400000, 0x0000000084400000, 0x0000000084500000|  0%| F|  |TAMS 0x0000000084400000, 0x0000000084400000| Untracked 
|  43|0x0000000084500000, 0x0000000084500000, 0x0000000084600000|  0%| F|  |TAMS 0x0000000084500000, 0x0000000084500000| Untracked 
|  44|0x0000000084600000, 0x0000000084600000, 0x0000000084700000|  0%| F|  |TAMS 0x0000000084600000, 0x0000000084600000| Untracked 
|  45|0x0000000084700000, 0x0000000084700000, 0x0000000084800000|  0%| F|  |TAMS 0x0000000084700000, 0x0000000084700000| Untracked 
|  46|0x0000000084800000, 0x0000000084800000, 0x0000000084900000|  0%| F|  |TAMS 0x0000000084800000, 0x0000000084800000| Untracked 
|  47|0x0000000084900000, 0x0000000084900000, 0x0000000084a00000|  0%| F|  |TAMS 0x0000000084900000, 0x0000000084900000| Untracked 
|  48|0x0000000084a00000, 0x0000000084a00000, 0x0000000084b00000|  0%| F|  |TAMS 0x0000000084a00000, 0x0000000084a00000| Untracked 
|  49|0x0000000084b00000, 0x0000000084b00000, 0x0000000084c00000|  0%| F|  |TAMS 0x0000000084b00000, 0x0000000084b00000| Untracked 
|  50|0x0000000084c00000, 0x0000000084c00000, 0x0000000084d00000|  0%| F|  |TAMS 0x0000000084c00000, 0x0000000084c00000| Untracked 
|  51|0x0000000084d00000, 0x0000000084d00000, 0x0000000084e00000|  0%| F|  |TAMS 0x0000000084d00000, 0x0000000084d00000| Untracked 
|  52|0x0000000084e00000, 0x0000000084e00000, 0x0000000084f00000|  0%| F|  |TAMS 0x0000000084e00000, 0x0000000084e00000| Untracked 
|  53|0x0000000084f00000, 0x0000000084f00000, 0x0000000085000000|  0%| F|  |TAMS 0x0000000084f00000, 0x0000000084f00000| Untracked 
|  54|0x0000000085000000, 0x0000000085000000, 0x0000000085100000|  0%| F|  |TAMS 0x0000000085000000, 0x0000000085000000| Untracked 
|  55|0x0000000085100000, 0x0000000085100000, 0x0000000085200000|  0%| F|  |TAMS 0x0000000085100000, 0x0000000085100000| Untracked 
|  56|0x0000000085200000, 0x0000000085200000, 0x0000000085300000|  0%| F|  |TAMS 0x0000000085200000, 0x0000000085200000| Untracked 
|  57|0x0000000085300000, 0x0000000085300000, 0x0000000085400000|  0%| F|  |TAMS 0x0000000085300000, 0x0000000085300000| Untracked 
|  58|0x0000000085400000, 0x0000000085400000, 0x0000000085500000|  0%| F|  |TAMS 0x0000000085400000, 0x0000000085400000| Untracked 
|  59|0x0000000085500000, 0x0000000085500000, 0x0000000085600000|  0%| F|  |TAMS 0x0000000085500000, 0x0000000085500000| Untracked 
|  60|0x0000000085600000, 0x0000000085600000, 0x0000000085700000|  0%| F|  |TAMS 0x0000000085600000, 0x0000000085600000| Untracked 
|  61|0x0000000085700000, 0x0000000085700000, 0x0000000085800000|  0%| F|  |TAMS 0x0000000085700000, 0x0000000085700000| Untracked 
|  62|0x0000000085800000, 0x0000000085800000, 0x0000000085900000|  0%| F|  |TAMS 0x0000000085800000, 0x0000000085800000| Untracked 
|  63|0x0000000085900000, 0x0000000085900000, 0x0000000085a00000|  0%| F|  |TAMS 0x0000000085900000, 0x0000000085900000| Untracked 
|  64|0x0000000085a00000, 0x0000000085a00000, 0x0000000085b00000|  0%| F|  |TAMS 0x0000000085a00000, 0x0000000085a00000| Untracked 
|  65|0x0000000085b00000, 0x0000000085b00000, 0x0000000085c00000|  0%| F|  |TAMS 0x0000000085b00000, 0x0000000085b00000| Untracked 
|  66|0x0000000085c00000, 0x0000000085c00000, 0x0000000085d00000|  0%| F|  |TAMS 0x0000000085c00000, 0x0000000085c00000| Untracked 
|  67|0x0000000085d00000, 0x0000000085d00000, 0x0000000085e00000|  0%| F|  |TAMS 0x0000000085d00000, 0x0000000085d00000| Untracked 
|  68|0x0000000085e00000, 0x0000000085e00000, 0x0000000085f00000|  0%| F|  |TAMS 0x0000000085e00000, 0x0000000085e00000| Untracked 
|  69|0x0000000085f00000, 0x0000000085f00000, 0x0000000086000000|  0%| F|  |TAMS 0x0000000085f00000, 0x0000000085f00000| Untracked 
|  70|0x0000000086000000, 0x0000000086000000, 0x0000000086100000|  0%| F|  |TAMS 0x0000000086000000, 0x0000000086000000| Untracked 
|  71|0x0000000086100000, 0x0000000086100000, 0x0000000086200000|  0%| F|  |TAMS 0x0000000086100000, 0x0000000086100000| Untracked 
|  72|0x0000000086200000, 0x0000000086200000, 0x0000000086300000|  0%| F|  |TAMS 0x0000000086200000, 0x0000000086200000| Untracked 
|  73|0x0000000086300000, 0x0000000086300000, 0x0000000086400000|  0%| F|  |TAMS 0x0000000086300000, 0x0000000086300000| Untracked 
|  74|0x0000000086400000, 0x0000000086400000, 0x0000000086500000|  0%| F|  |TAMS 0x0000000086400000, 0x0000000086400000| Untracked 
|  75|0x0000000086500000, 0x0000000086500000, 0x0000000086600000|  0%| F|  |TAMS 0x0000000086500000, 0x0000000086500000| Untracked 
|  76|0x0000000086600000, 0x0000000086600000, 0x0000000086700000|  0%| F|  |TAMS 0x0000000086600000, 0x0000000086600000| Untracked 
|  77|0x0000000086700000, 0x0000000086700000, 0x0000000086800000|  0%| F|  |TAMS 0x0000000086700000, 0x0000000086700000| Untracked 
|  78|0x0000000086800000, 0x0000000086800000, 0x0000000086900000|  0%| F|  |TAMS 0x0000000086800000, 0x0000000086800000| Untracked 
|  79|0x0000000086900000, 0x0000000086900000, 0x0000000086a00000|  0%| F|  |TAMS 0x0000000086900000, 0x0000000086900000| Untracked 
|  80|0x0000000086a00000, 0x0000000086a00000, 0x0000000086b00000|  0%| F|  |TAMS 0x0000000086a00000, 0x0000000086a00000| Untracked 
|  81|0x0000000086b00000, 0x0000000086b00000, 0x0000000086c00000|  0%| F|  |TAMS 0x0000000086b00000, 0x0000000086b00000| Untracked 
|  82|0x0000000086c00000, 0x0000000086c00000, 0x0000000086d00000|  0%| F|  |TAMS 0x0000000086c00000, 0x0000000086c00000| Untracked 
|  83|0x0000000086d00000, 0x0000000086d00000, 0x0000000086e00000|  0%| F|  |TAMS 0x0000000086d00000, 0x0000000086d00000| Untracked 
|  84|0x0000000086e00000, 0x0000000086e00000, 0x0000000086f00000|  0%| F|  |TAMS 0x0000000086e00000, 0x0000000086e00000| Untracked 
|  85|0x0000000086f00000, 0x0000000086f00000, 0x0000000087000000|  0%| F|  |TAMS 0x0000000086f00000, 0x0000000086f00000| Untracked 
|  86|0x0000000087000000, 0x0000000087000000, 0x0000000087100000|  0%| F|  |TAMS 0x0000000087000000, 0x0000000087000000| Untracked 
|  87|0x0000000087100000, 0x0000000087100000, 0x0000000087200000|  0%| F|  |TAMS 0x0000000087100000, 0x0000000087100000| Untracked 
|  88|0x0000000087200000, 0x0000000087200000, 0x0000000087300000|  0%| F|  |TAMS 0x0000000087200000, 0x0000000087200000| Untracked 
|  89|0x0000000087300000, 0x0000000087300000, 0x0000000087400000|  0%| F|  |TAMS 0x0000000087300000, 0x0000000087300000| Untracked 
|  90|0x0000000087400000, 0x0000000087400000, 0x0000000087500000|  0%| F|  |TAMS 0x0000000087400000, 0x0000000087400000| Untracked 
|  91|0x0000000087500000, 0x0000000087500000, 0x0000000087600000|  0%| F|  |TAMS 0x0000000087500000, 0x0000000087500000| Untracked 
|  92|0x0000000087600000, 0x0000000087680800, 0x0000000087700000| 50%| E|  |TAMS 0x0000000087600000, 0x0000000087600000| Complete 
|  93|0x0000000087700000, 0x0000000087800000, 0x0000000087800000|100%| E|CS|TAMS 0x0000000087700000, 0x0000000087700000| Complete 
|  94|0x0000000087800000, 0x0000000087900000, 0x0000000087900000|100%| E|CS|TAMS 0x0000000087800000, 0x0000000087800000| Complete 
|  95|0x0000000087900000, 0x0000000087a00000, 0x0000000087a00000|100%| E|CS|TAMS 0x0000000087900000, 0x0000000087900000| Complete 
|  96|0x0000000087a00000, 0x0000000087b00000, 0x0000000087b00000|100%| E|CS|TAMS 0x0000000087a00000, 0x0000000087a00000| Complete 
|  97|0x0000000087b00000, 0x0000000087c00000, 0x0000000087c00000|100%| E|CS|TAMS 0x0000000087b00000, 0x0000000087b00000| Complete 
|  98|0x0000000087c00000, 0x0000000087d00000, 0x0000000087d00000|100%| E|CS|TAMS 0x0000000087c00000, 0x0000000087c00000| Complete 
|  99|0x0000000087d00000, 0x0000000087e00000, 0x0000000087e00000|100%| E|CS|TAMS 0x0000000087d00000, 0x0000000087d00000| Complete 
| 100|0x0000000087e00000, 0x0000000087f00000, 0x0000000087f00000|100%| E|CS|TAMS 0x0000000087e00000, 0x0000000087e00000| Complete 
| 101|0x0000000087f00000, 0x0000000088000000, 0x0000000088000000|100%| E|CS|TAMS 0x0000000087f00000, 0x0000000087f00000| Complete 
| 102|0x0000000088000000, 0x0000000088100000, 0x0000000088100000|100%| E|  |TAMS 0x0000000088000000, 0x0000000088000000| Complete 
| 103|0x0000000088100000, 0x0000000088200000, 0x0000000088200000|100%| E|CS|TAMS 0x0000000088100000, 0x0000000088100000| Complete 
| 104|0x0000000088200000, 0x0000000088300000, 0x0000000088300000|100%| E|CS|TAMS 0x0000000088200000, 0x0000000088200000| Complete 
| 105|0x0000000088300000, 0x0000000088400000, 0x0000000088400000|100%| E|CS|TAMS 0x0000000088300000, 0x0000000088300000| Complete 
| 106|0x0000000088400000, 0x0000000088500000, 0x0000000088500000|100%| E|CS|TAMS 0x0000000088400000, 0x0000000088400000| Complete 
| 107|0x0000000088500000, 0x0000000088600000, 0x0000000088600000|100%| E|CS|TAMS 0x0000000088500000, 0x0000000088500000| Complete 
| 108|0x0000000088600000, 0x0000000088700000, 0x0000000088700000|100%| E|CS|TAMS 0x0000000088600000, 0x0000000088600000| Complete 
| 109|0x0000000088700000, 0x0000000088800000, 0x0000000088800000|100%| E|CS|TAMS 0x0000000088700000, 0x0000000088700000| Complete 
| 110|0x0000000088800000, 0x0000000088900000, 0x0000000088900000|100%| E|CS|TAMS 0x0000000088800000, 0x0000000088800000| Complete 
| 120|0x0000000089200000, 0x0000000089300000, 0x0000000089300000|100%| E|CS|TAMS 0x0000000089200000, 0x0000000089200000| Complete 
| 121|0x0000000089300000, 0x0000000089400000, 0x0000000089400000|100%| E|CS|TAMS 0x0000000089300000, 0x0000000089300000| Complete 
| 122|0x0000000089400000, 0x0000000089500000, 0x0000000089500000|100%| E|CS|TAMS 0x0000000089400000, 0x0000000089400000| Complete 
| 123|0x0000000089500000, 0x0000000089600000, 0x0000000089600000|100%| E|CS|TAMS 0x0000000089500000, 0x0000000089500000| Complete 
| 127|0x0000000089900000, 0x0000000089a00000, 0x0000000089a00000|100%| E|CS|TAMS 0x0000000089900000, 0x0000000089900000| Complete 

Card table byte_map: [0x00000154fb810000,0x00000154fbc10000] _byte_map_base: 0x00000154fb403000

Marking Bits (Prev, Next): (CMBitMap*) 0x00000154e4cd8f50, (CMBitMap*) 0x00000154e4cd8f10
 Prev Bits: [0x00000154fdfb0000, 0x00000154fff48000)
 Next Bits: [0x00000154fc010000, 0x00000154fdfa8000)

Polling page: 0x00000154e4470000

Metaspace:

Usage:
  Non-class:     23.44 MB used.
      Class:      3.73 MB used.
       Both:     27.16 MB used.

Virtual space:
  Non-class space:       24.00 MB reserved,      23.62 MB ( 98%) committed,  3 nodes.
      Class space:        1.00 GB reserved,       3.88 MB ( <1%) committed,  1 nodes.
              Both:        1.02 GB reserved,      27.50 MB (  3%) committed. 

Chunk freelists:
   Non-Class:  144.00 KB
       Class:  3.98 MB
        Both:  4.12 MB

MaxMetaspaceSize: 17179869184.00 GB
CompressedClassSpaceSize: 1.00 GB
 - commit_granule_bytes: 65536.
 - commit_granule_words: 8192.
 - virtual_space_node_default_size: 1048576.
 - enlarge_chunks_in_place: 1.
 - new_chunks_are_fully_committed: 0.
 - uncommit_free_chunks: 1.
 - use_allocation_guard: 0.
 - handle_deallocations: 1.


Internal statistics:

num_allocs_failed_limit: 3.
num_arena_births: 376.
num_arena_deaths: 0.
num_vsnodes_births: 4.
num_vsnodes_deaths: 0.
num_space_committed: 440.
num_space_uncommitted: 0.
num_chunks_returned_to_freelist: 3.
num_chunks_taken_from_freelist: 1358.
num_chunk_merges: 3.
num_chunk_splits: 924.
num_chunks_enlarged: 685.
num_purges: 0.

CodeHeap 'non-profiled nmethods': size=238912Kb used=5709Kb max_used=5709Kb free=233202Kb
 bounds [0x00000154ecac0000, 0x00000154ed060000, 0x00000154fb410000]
CodeHeap 'non-nmethods': size=6848Kb used=1214Kb max_used=1214Kb free=5634Kb
 bounds [0x00000154ec410000, 0x00000154ec680000, 0x00000154ecac0000]
 total_blobs=4081 nmethods=3566 adapters=442
 compilation: enabled
              stopped_count=0, restarted_count=0
 full_count=0

Compilation events (20 events):
Event: 3.858 Thread 0x0000015482491530 3557       1       java.lang.ThreadLocal$ThreadLocalMap::set (133 bytes)
Event: 3.858 Thread 0x0000015482491530 nmethod 3557 0x00000154ed050a90 code [0x00000154ed050cc0, 0x00000154ed0512e8]
Event: 3.887 Thread 0x0000015482491530 3558   !   1       jdk.proxy2.$Proxy34::annotationType (29 bytes)
Event: 3.887 Thread 0x0000015482491530 nmethod 3558 0x00000154ed051610 code [0x00000154ed0517c0, 0x00000154ed051998]
Event: 3.888 Thread 0x0000015482491530 3559       1       java.util.concurrent.locks.AbstractQueuedSynchronizer::signalNext (34 bytes)
Event: 3.888 Thread 0x0000015482491530 nmethod 3559 0x00000154ed051b10 code [0x00000154ed051cc0, 0x00000154ed051e08]
Event: 3.892 Thread 0x0000015482491530 3560       1       java.lang.invoke.DirectMethodHandle$Special::isInvokeSpecial (2 bytes)
Event: 3.893 Thread 0x0000015482491530 nmethod 3560 0x00000154ed051f10 code [0x00000154ed0520a0, 0x00000154ed052178]
Event: 3.931 Thread 0x0000015482491530 3561       1       java.util.Collections$EmptyEnumeration::hasMoreElements (2 bytes)
Event: 3.931 Thread 0x0000015482491530 nmethod 3561 0x00000154ed052210 code [0x00000154ed0523a0, 0x00000154ed052478]
Event: 3.955 Thread 0x0000015482491530 3562       1       jdk.internal.loader.ClassLoaders::bootLoader (4 bytes)
Event: 3.955 Thread 0x0000015482491530 nmethod 3562 0x00000154ed052510 code [0x00000154ed0526a0, 0x00000154ed052758]
Event: 3.955 Thread 0x0000015482491530 3563       1       java.util.Spliterators$1Adapter::hasNext (23 bytes)
Event: 3.955 Thread 0x0000015482491530 nmethod 3563 0x00000154ed052810 code [0x00000154ed0529c0, 0x00000154ed052ac8]
Event: 3.955 Thread 0x0000015482491530 3564       1       java.lang.CompoundEnumeration::hasMoreElements (5 bytes)
Event: 3.955 Thread 0x0000015482491530 nmethod 3564 0x00000154ed052b90 code [0x00000154ed052d20, 0x00000154ed052e08]
Event: 4.083 Thread 0x0000015482491530 3565       1       java.util.jar.JarFile$JarFileEntry::getRealName (5 bytes)
Event: 4.083 Thread 0x0000015482491530 nmethod 3565 0x00000154ed052e90 code [0x00000154ed053020, 0x00000154ed0530f8]
Event: 4.097 Thread 0x0000015482491530 3566       1       java.util.AbstractList$Itr::hasNext (20 bytes)
Event: 4.097 Thread 0x0000015482491530 nmethod 3566 0x00000154ed053190 code [0x00000154ed053340, 0x00000154ed053448]

GC Heap History (18 events):
Event: 0.893 GC heap before
{Heap before GC invocations=0 (full 0):
 garbage-first heap   total 131072K, used 14336K [0x0000000081a00000, 0x0000000100000000)
  region size 1024K, 13 young (13312K), 0 survivors (0K)
 Metaspace       used 5115K, committed 5312K, reserved 1056768K
  class space    used 575K, committed 640K, reserved 1048576K
}
Event: 0.897 GC heap after
{Heap after GC invocations=1 (full 0):
 garbage-first heap   total 131072K, used 6862K [0x0000000081a00000, 0x0000000100000000)
  region size 1024K, 2 young (2048K), 2 survivors (2048K)
 Metaspace       used 5115K, committed 5312K, reserved 1056768K
  class space    used 575K, committed 640K, reserved 1048576K
}
Event: 1.199 GC heap before
{Heap before GC invocations=1 (full 0):
 garbage-first heap   total 131072K, used 17102K [0x0000000081a00000, 0x0000000100000000)
  region size 1024K, 13 young (13312K), 2 survivors (2048K)
 Metaspace       used 6683K, committed 6912K, reserved 1056768K
  class space    used 777K, committed 896K, reserved 1048576K
}
Event: 1.201 GC heap after
{Heap after GC invocations=2 (full 0):
 garbage-first heap   total 131072K, used 8185K [0x0000000081a00000, 0x0000000100000000)
  region size 1024K, 2 young (2048K), 2 survivors (2048K)
 Metaspace       used 6683K, committed 6912K, reserved 1056768K
  class space    used 777K, committed 896K, reserved 1048576K
}
Event: 1.207 GC heap before
{Heap before GC invocations=2 (full 0):
 garbage-first heap   total 131072K, used 26617K [0x0000000081a00000, 0x0000000100000000)
  region size 1024K, 21 young (21504K), 2 survivors (2048K)
 Metaspace       used 6683K, committed 6912K, reserved 1056768K
  class space    used 777K, committed 896K, reserved 1048576K
}
Event: 1.208 GC heap after
{Heap after GC invocations=3 (full 0):
 garbage-first heap   total 131072K, used 8261K [0x0000000081a00000, 0x0000000100000000)
  region size 1024K, 2 young (2048K), 2 survivors (2048K)
 Metaspace       used 6683K, committed 6912K, reserved 1056768K
  class space    used 777K, committed 896K, reserved 1048576K
}
Event: 2.006 GC heap before
{Heap before GC invocations=3 (full 0):
 garbage-first heap   total 131072K, used 83013K [0x0000000081a00000, 0x0000000100000000)
  region size 1024K, 76 young (77824K), 2 survivors (2048K)
 Metaspace       used 14867K, committed 15104K, reserved 1064960K
  class space    used 1931K, committed 2048K, reserved 1048576K
}
Event: 2.012 GC heap after
{Heap after GC invocations=4 (full 0):
 garbage-first heap   total 131072K, used 10802K [0x0000000081a00000, 0x0000000100000000)
  region size 1024K, 4 young (4096K), 4 survivors (4096K)
 Metaspace       used 14867K, committed 15104K, reserved 1064960K
  class space    used 1931K, committed 2048K, reserved 1048576K
}
Event: 3.320 GC heap before
{Heap before GC invocations=4 (full 0):
 garbage-first heap   total 131072K, used 83506K [0x0000000081a00000, 0x0000000100000000)
  region size 1024K, 76 young (77824K), 4 survivors (4096K)
 Metaspace       used 20355K, committed 20672K, reserved 1073152K
  class space    used 2753K, committed 2944K, reserved 1048576K
}
Event: 3.325 GC heap after
{Heap after GC invocations=5 (full 0):
 garbage-first heap   total 131072K, used 13901K [0x0000000081a00000, 0x0000000100000000)
  region size 1024K, 7 young (7168K), 7 survivors (7168K)
 Metaspace       used 20355K, committed 20672K, reserved 1073152K
  class space    used 2753K, committed 2944K, reserved 1048576K
}
Event: 3.424 GC heap before
{Heap before GC invocations=5 (full 0):
 garbage-first heap   total 131072K, used 16973K [0x0000000081a00000, 0x0000000100000000)
  region size 1024K, 11 young (11264K), 7 survivors (7168K)
 Metaspace       used 20967K, committed 21248K, reserved 1073152K
  class space    used 2849K, committed 3008K, reserved 1048576K
}
Event: 3.429 GC heap after
{Heap after GC invocations=6 (full 0):
 garbage-first heap   total 131072K, used 14476K [0x0000000081a00000, 0x0000000100000000)
  region size 1024K, 4 young (4096K), 4 survivors (4096K)
 Metaspace       used 20967K, committed 21248K, reserved 1073152K
  class space    used 2849K, committed 3008K, reserved 1048576K
}
Event: 3.611 GC heap before
{Heap before GC invocations=7 (full 0):
 garbage-first heap   total 55296K, used 53388K [0x0000000081a00000, 0x0000000100000000)
  region size 1024K, 43 young (44032K), 4 survivors (4096K)
 Metaspace       used 22937K, committed 23296K, reserved 1073152K
  class space    used 3123K, committed 3264K, reserved 1048576K
}
Event: 3.615 GC heap after
{Heap after GC invocations=8 (full 0):
 garbage-first heap   total 61440K, used 16148K [0x0000000081a00000, 0x0000000100000000)
  region size 1024K, 6 young (6144K), 6 survivors (6144K)
 Metaspace       used 22937K, committed 23296K, reserved 1073152K
  class space    used 3123K, committed 3264K, reserved 1048576K
}
Event: 3.655 GC heap before
{Heap before GC invocations=8 (full 0):
 garbage-first heap   total 61440K, used 43796K [0x0000000081a00000, 0x0000000100000000)
  region size 1024K, 34 young (34816K), 6 survivors (6144K)
 Metaspace       used 23370K, committed 23680K, reserved 1073152K
  class space    used 3158K, committed 3264K, reserved 1048576K
}
Event: 3.658 GC heap after
{Heap after GC invocations=9 (full 0):
 garbage-first heap   total 61440K, used 16107K [0x0000000081a00000, 0x0000000100000000)
  region size 1024K, 3 young (3072K), 3 survivors (3072K)
 Metaspace       used 23370K, committed 23680K, reserved 1073152K
  class space    used 3158K, committed 3264K, reserved 1048576K
}
Event: 3.715 GC heap before
{Heap before GC invocations=9 (full 0):
 garbage-first heap   total 61440K, used 44779K [0x0000000081a00000, 0x0000000100000000)
  region size 1024K, 32 young (32768K), 3 survivors (3072K)
 Metaspace       used 23503K, committed 23872K, reserved 1073152K
  class space    used 3170K, committed 3328K, reserved 1048576K
}
Event: 3.717 GC heap after
{Heap after GC invocations=10 (full 0):
 garbage-first heap   total 118784K, used 15964K [0x0000000081a00000, 0x0000000100000000)
  region size 1024K, 3 young (3072K), 3 survivors (3072K)
 Metaspace       used 23503K, committed 23872K, reserved 1073152K
  class space    used 3170K, committed 3328K, reserved 1048576K
}

Deoptimization events (6 events):
Event: 3.025 Thread 0x000001548252c930 DEOPT PACKING pc=0x00000154ecda6254 sp=0x0000000852bfd090
Event: 3.025 Thread 0x000001548252c930 DEOPT UNPACKING pc=0x00000154ec45dece sp=0x0000000852bfc5e8 mode 0
Event: 3.757 Thread 0x000001548252a950 DEOPT PACKING pc=0x00000154ecd33217 sp=0x0000000852dfedf0
Event: 3.757 Thread 0x000001548252a950 DEOPT UNPACKING pc=0x00000154ec45dece sp=0x0000000852dfe248 mode 3
Event: 3.757 Thread 0x000001548252c930 DEOPT PACKING pc=0x00000154ecd85981 sp=0x0000000852bfe100
Event: 3.757 Thread 0x000001548252c930 DEOPT UNPACKING pc=0x00000154ec45dece sp=0x0000000852bfd590 mode 3

Classes unloaded (0 events):
No events

Classes redefined (0 events):
No events

Internal exceptions (20 events):
Event: 3.300 Thread 0x000001548252c930 Exception <a 'java/lang/ClassNotFoundException'{0x00000000853d0c58}: org/springframework/beans/factory/AwareCustomizer> (0x00000000853d0c58) 
thrown [t:\workspace\open\src\hotspot\share\classfile\systemDictionary.cpp, line 256]
Event: 3.300 Thread 0x000001548252c930 Exception <a 'java/lang/ClassNotFoundException'{0x00000000853d5068}: org/springframework/core/OrderedCustomizer> (0x00000000853d5068) 
thrown [t:\workspace\open\src\hotspot\share\classfile\systemDictionary.cpp, line 256]
Event: 3.300 Thread 0x000001548252c930 Exception <a 'java/lang/ClassNotFoundException'{0x00000000853da510}: org/springframework/beans/factory/BeanClassLoaderAwareCustomizer> (0x00000000853da510) 
thrown [t:\workspace\open\src\hotspot\share\classfile\systemDictionary.cpp, line 256]
Event: 3.301 Thread 0x000001548252c930 Exception <a 'java/lang/ClassNotFoundException'{0x00000000853df980}: org/springframework/beans/factory/AwareCustomizer> (0x00000000853df980) 
thrown [t:\workspace\open\src\hotspot\share\classfile\systemDictionary.cpp, line 256]
Event: 3.301 Thread 0x000001548252c930 Exception <a 'java/lang/ClassNotFoundException'{0x00000000853e42f0}: org/springframework/aop/framework/AopInfrastructureBeanCustomizer> (0x00000000853e42f0) 
thrown [t:\workspace\open\src\hotspot\share\classfile\systemDictionary.cpp, line 256]
Event: 3.315 Thread 0x000001548252c930 Exception <a 'java/lang/ClassNotFoundException'{0x00000000852a92c0}: java/lang/ObjectCustomizer> (0x00000000852a92c0) 
thrown [t:\workspace\open\src\hotspot\share\classfile\systemDictionary.cpp, line 256]
Event: 3.316 Thread 0x000001548252c930 Exception <a 'java/lang/ClassNotFoundException'{0x00000000852b23b0}: org/springframework/transaction/annotation/AbstractTransactionManagementConfigurationCustomizer> (0x00000000852b23b0) 
thrown [t:\workspace\open\src\hotspot\share\classfile\systemDictionary.cpp, line 256]
Event: 3.316 Thread 0x000001548252c930 Exception <a 'java/lang/ClassNotFoundException'{0x00000000852b9f70}: org/springframework/transaction/annotation/ProxyTransactionManagementConfigurationCustomizer> (0x00000000852b9f70) 
thrown [t:\workspace\open\src\hotspot\share\classfile\systemDictionary.cpp, line 256]
Event: 3.316 Thread 0x000001548252c930 Exception <a 'java/lang/ClassNotFoundException'{0x00000000852c3000}: org/springframework/context/annotation/ImportAwareCustomizer> (0x00000000852c3000) 
thrown [t:\workspace\open\src\hotspot\share\classfile\systemDictionary.cpp, line 256]
Event: 3.317 Thread 0x000001548252c930 Exception <a 'java/lang/ClassNotFoundException'{0x00000000852c9078}: org/springframework/beans/factory/AwareCustomizer> (0x00000000852c9078) 
thrown [t:\workspace\open\src\hotspot\share\classfile\systemDictionary.cpp, line 256]
Event: 3.376 Thread 0x000001548252c930 Exception <a 'java/lang/NoSuchMethodError'{0x0000000089877790}: 'java.lang.Object java.lang.invoke.DirectMethodHandle$Holder.invokeSpecialIFC(java.lang.Object, java.lang.Object, java.lang.Object)'> (0x0000000089877790) 
thrown [t:\workspace\open\src\hotspot\share\interpreter\linkResolver.cpp, line 790]
Event: 3.417 Thread 0x000001548252c930 Exception <a 'java/lang/NoSuchMethodError'{0x000000008979bda0}: 'int java.lang.invoke.DirectMethodHandle$Holder.invokeSpecial(java.lang.Object, java.lang.Object, java.lang.Object, java.lang.Object, java.lang.Object)'> (0x000000008979bda0) 
thrown [t:\workspace\open\src\hotspot\share\interpreter\linkResolver.cpp, line 790]
Event: 3.467 Thread 0x000001548252c930 Exception <a 'java/lang/NoSuchMethodError'{0x00000000849e6870}: 'void java.lang.invoke.DirectMethodHandle$Holder.invokeInterface(java.lang.Object, java.lang.Object, int)'> (0x00000000849e6870) 
thrown [t:\workspace\open\src\hotspot\share\interpreter\linkResolver.cpp, line 790]
Event: 3.468 Thread 0x000001548252c930 Exception <a 'java/lang/NoSuchMethodError'{0x00000000848015e8}: 'int java.lang.invoke.DirectMethodHandle$Holder.invokeVirtual(java.lang.Object, java.lang.Object)'> (0x00000000848015e8) 
thrown [t:\workspace\open\src\hotspot\share\interpreter\linkResolver.cpp, line 790]
Event: 3.470 Thread 0x000001548252c930 Exception <a 'java/lang/IncompatibleClassChangeError'{0x000000008483cbd0}: Found class java.lang.Object, but interface was expected> (0x000000008483cbd0) 
thrown [t:\workspace\open\src\hotspot\share\interpreter\linkResolver.cpp, line 857]
Event: 3.470 Thread 0x000001548252c930 Exception <a 'java/lang/NoSuchMethodError'{0x0000000084842008}: 'void java.lang.invoke.DirectMethodHandle$Holder.invokeStatic(java.lang.Object, int, java.lang.Object)'> (0x0000000084842008) 
thrown [t:\workspace\open\src\hotspot\share\interpreter\linkResolver.cpp, line 790]
Event: 3.471 Thread 0x000001548252c930 Exception <a 'java/lang/NoSuchMethodError'{0x00000000848781f8}: 'int java.lang.invoke.DirectMethodHandle$Holder.invokeSpecial(java.lang.Object, java.lang.Object, int)'> (0x00000000848781f8) 
thrown [t:\workspace\open\src\hotspot\share\interpreter\linkResolver.cpp, line 790]
Event: 3.706 Thread 0x000001548252c930 Exception <a 'java/io/FileNotFoundException'{0x0000000083904e60}> (0x0000000083904e60) 
thrown [t:\workspace\open\src\hotspot\share\prims\jni.cpp, line 579]
Event: 3.724 Thread 0x000001548252c930 Exception <a 'java/lang/NoSuchMethodError'{0x000000008997cea0}: 'int java.lang.invoke.DirectMethodHandle$Holder.invokeInterface(java.lang.Object, java.lang.Object, java.lang.Object, java.lang.Object)'> (0x000000008997cea0) 
thrown [t:\workspace\open\src\hotspot\share\interpreter\linkResolver.cpp, line 790]
Event: 3.752 Thread 0x000001548252c930 Exception <a 'java/io/FileNotFoundException'{0x000000008949d040}> (0x000000008949d040) 
thrown [t:\workspace\open\src\hotspot\share\prims\jni.cpp, line 579]

Events (20 events):
Event: 3.757 loading class java/util/concurrent/ForkJoinPool$ManagedBlocker done
Event: 3.757 loading class java/util/concurrent/locks/AbstractQueuedSynchronizer$Node
Event: 3.757 loading class java/util/concurrent/locks/AbstractQueuedSynchronizer$Node done
Event: 3.757 loading class java/util/concurrent/locks/AbstractQueuedSynchronizer$ConditionNode done
Event: 3.757 loading class java/util/concurrent/locks/AbstractQueuedSynchronizer$ExclusiveNode done
Event: 3.760 Thread 0x0000015482529eb0 Thread added: 0x0000015482529eb0
Event: 3.788 loading class java/io/PrintWriter
Event: 3.788 loading class java/io/PrintWriter done
Event: 3.804 Executing  VM operation: HandshakeAllThreads
Event: 3.804 Executing  VM operation: HandshakeAllThreads done
Event: 3.830 loading class java/util/regex/Pattern$SliceI
Event: 3.831 loading class java/util/regex/Pattern$SliceI done
Event: 3.831 loading class java/util/regex/Pattern$1
Event: 3.831 loading class java/util/regex/Pattern$1 done
Event: 3.857 loading class javax/naming/Referenceable
Event: 3.857 loading class javax/naming/Referenceable done
Event: 3.887 loading class java/io/ObjectStreamException
Event: 3.887 loading class java/io/ObjectStreamException done
Event: 4.023 loading class java/lang/Process
Event: 4.023 loading class java/lang/Process done


Dynamic libraries:
0x00007ff693d60000 - 0x00007ff693d70000 	C:\Program Files\Java\jdk-16.0.1\bin\java.exe
0x00007ffb8e490000 - 0x00007ffb8e685000 	C:\Windows\SYSTEM32\ntdll.dll
0x00007ffb8d590000 - 0x00007ffb8d64d000 	C:\Windows\System32\KERNEL32.DLL
0x00007ffb8bf50000 - 0x00007ffb8c219000 	C:\Windows\System32\KERNELBASE.dll
0x00007ffb8bcc0000 - 0x00007ffb8bdc0000 	C:\Windows\System32\ucrtbase.dll
0x00007ffb89330000 - 0x00007ffb89349000 	C:\Program Files\Java\jdk-16.0.1\bin\VCRUNTIME140.dll
0x00007ffb89310000 - 0x00007ffb89328000 	C:\Program Files\Java\jdk-16.0.1\bin\jli.dll
0x00007ffb8e040000 - 0x00007ffb8e0ec000 	C:\Windows\System32\ADVAPI32.dll
0x00007ffb8e380000 - 0x00007ffb8e41e000 	C:\Windows\System32\msvcrt.dll
0x00007ffb8e2e0000 - 0x00007ffb8e37b000 	C:\Windows\System32\sechost.dll
0x00007ffb8c650000 - 0x00007ffb8c77a000 	C:\Windows\System32\RPCRT4.dll
0x00007ffb8dea0000 - 0x00007ffb8e040000 	C:\Windows\System32\USER32.dll
0x00007ffb8c320000 - 0x00007ffb8c342000 	C:\Windows\System32\win32u.dll
0x00007ffb8d560000 - 0x00007ffb8d58a000 	C:\Windows\System32\GDI32.dll
0x00007ffb7f430000 - 0x00007ffb7f6ca000 	C:\Windows\WinSxS\amd64_microsoft.windows.common-controls_6595b64144ccf1df_6.0.19041.1110_none_60b5254171f9507e\COMCTL32.dll
0x00007ffb8c350000 - 0x00007ffb8c45b000 	C:\Windows\System32\gdi32full.dll
0x00007ffb8bbc0000 - 0x00007ffb8bc5d000 	C:\Windows\System32\msvcp_win.dll
0x00007ffb85870000 - 0x00007ffb8587a000 	C:\Windows\SYSTEM32\VERSION.dll
0x00007ffb8e420000 - 0x00007ffb8e450000 	C:\Windows\System32\IMM32.DLL
0x00007ffb89300000 - 0x00007ffb8930c000 	C:\Program Files\Java\jdk-16.0.1\bin\vcruntime140_1.dll
0x00007ffb5eaf0000 - 0x00007ffb5eb81000 	C:\Program Files\Java\jdk-16.0.1\bin\msvcp140.dll
0x00007ffb50f10000 - 0x00007ffb51abb000 	C:\Program Files\Java\jdk-16.0.1\bin\server\jvm.dll
0x00007ffb8d6b0000 - 0x00007ffb8d6b8000 	C:\Windows\System32\PSAPI.DLL
0x00007ffb77f00000 - 0x00007ffb77f09000 	C:\Windows\SYSTEM32\WSOCK32.dll
0x00007ffb7ed30000 - 0x00007ffb7ed57000 	C:\Windows\SYSTEM32\WINMM.dll
0x00007ffb8e150000 - 0x00007ffb8e1bb000 	C:\Windows\System32\WS2_32.dll
0x00007ffb89af0000 - 0x00007ffb89b02000 	C:\Windows\SYSTEM32\kernel.appcore.dll
0x00007ffb892b0000 - 0x00007ffb892ba000 	C:\Program Files\Java\jdk-16.0.1\bin\jimage.dll
0x00007ffb771a0000 - 0x00007ffb77384000 	C:\Windows\SYSTEM32\DBGHELP.DLL
0x00007ffb77060000 - 0x00007ffb7708c000 	C:\Windows\SYSTEM32\dbgcore.DLL
0x00007ffb8c460000 - 0x00007ffb8c4e3000 	C:\Windows\System32\bcryptPrimitives.dll
0x00007ffb79960000 - 0x00007ffb7996e000 	C:\Program Files\Java\jdk-16.0.1\bin\instrument.dll
0x00007ffb76fb0000 - 0x00007ffb76fd5000 	C:\Program Files\Java\jdk-16.0.1\bin\java.dll
0x00007ffb8cc00000 - 0x00007ffb8d33f000 	C:\Windows\System32\SHELL32.dll
0x00007ffb89cf0000 - 0x00007ffb8a480000 	C:\Windows\SYSTEM32\windows.storage.dll
0x00007ffb8da10000 - 0x00007ffb8dd65000 	C:\Windows\System32\combase.dll
0x00007ffb8b5b0000 - 0x00007ffb8b5dc000 	C:\Windows\SYSTEM32\Wldp.dll
0x00007ffb8d960000 - 0x00007ffb8da0e000 	C:\Windows\System32\SHCORE.dll
0x00007ffb8d6c0000 - 0x00007ffb8d715000 	C:\Windows\System32\shlwapi.dll
0x00007ffb8bb00000 - 0x00007ffb8bb1f000 	C:\Windows\SYSTEM32\profapi.dll
0x00007ffb6cd40000 - 0x00007ffb6cd58000 	C:\Program Files\Java\jdk-16.0.1\bin\zip.dll
0x00007ffb76f60000 - 0x00007ffb76f79000 	C:\Program Files\Java\jdk-16.0.1\bin\net.dll
0x00007ffb85b60000 - 0x00007ffb85c68000 	C:\Windows\SYSTEM32\WINHTTP.dll
0x00007ffb8b2b0000 - 0x00007ffb8b31a000 	C:\Windows\system32\mswsock.dll
0x00007ffb6cd60000 - 0x00007ffb6cd73000 	C:\Program Files\Java\jdk-16.0.1\bin\nio.dll
0x00007ffb5f2e0000 - 0x00007ffb5f2fa000 	D:\Software Installer\IntelliJ IDEA\bin\breakgen64.dll
0x00007ffb8afe0000 - 0x00007ffb8b0ac000 	C:\Windows\SYSTEM32\DNSAPI.dll
0x00007ffb8afa0000 - 0x00007ffb8afdb000 	C:\Windows\SYSTEM32\IPHLPAPI.DLL
0x00007ffb8d550000 - 0x00007ffb8d558000 	C:\Windows\System32\NSI.dll
0x00007ffb848b0000 - 0x00007ffb848ba000 	C:\Windows\System32\rasadhlp.dll
0x00007ffb7f8b0000 - 0x00007ffb7f92f000 	C:\Windows\System32\fwpuclnt.dll
0x00007ffb8bdc0000 - 0x00007ffb8bde7000 	C:\Windows\System32\bcrypt.dll
0x00007ffb76fa0000 - 0x00007ffb76fa9000 	C:\Program Files\Java\jdk-16.0.1\bin\management.dll
0x00007ffb76f50000 - 0x00007ffb76f5b000 	C:\Program Files\Java\jdk-16.0.1\bin\management_ext.dll
0x00007ffb8b4b0000 - 0x00007ffb8b4c8000 	C:\Windows\SYSTEM32\CRYPTSP.dll
0x00007ffb8ac30000 - 0x00007ffb8ac64000 	C:\Windows\system32\rsaenh.dll
0x00007ffb8ba80000 - 0x00007ffb8baae000 	C:\Windows\SYSTEM32\USERENV.dll
0x00007ffb8b4a0000 - 0x00007ffb8b4ac000 	C:\Windows\SYSTEM32\CRYPTBASE.dll
0x00007ffb84d90000 - 0x00007ffb84da7000 	C:\Windows\SYSTEM32\dhcpcsvc6.DLL
0x00007ffb84d70000 - 0x00007ffb84d8d000 	C:\Windows\SYSTEM32\dhcpcsvc.DLL
0x00007ffb892e0000 - 0x00007ffb892f7000 	C:\Windows\system32\napinsp.dll
0x00007ffb7c9d0000 - 0x00007ffb7c9eb000 	C:\Windows\system32\pnrpnsp.dll
0x00007ffb799e0000 - 0x00007ffb799f5000 	C:\Windows\system32\wshbth.dll
0x00007ffb89280000 - 0x00007ffb8929d000 	C:\Windows\system32\NLAapi.dll
0x00007ffb6d160000 - 0x00007ffb6d172000 	C:\Windows\System32\winrnr.dll

dbghelp: loaded successfully - version: 4.0.5 - missing functions: none
symbol engine: initialized successfully - sym options: 0x614 - pdb path: .;C:\Program Files\Java\jdk-16.0.1\bin;C:\Windows\SYSTEM32;C:\Windows\WinSxS\amd64_microsoft.windows.common-controls_6595b64144ccf1df_6.0.19041.1110_none_60b5254171f9507e;C:\Program Files\Java\jdk-16.0.1\bin\server;D:\Software Installer\IntelliJ IDEA\bin

VM Arguments:
jvm_args: -XX:TieredStopAtLevel=1 -Xverify:none -Dspring.output.ansi.enabled=always -javaagent:D:\Software Installer\IntelliJ IDEA\lib\idea_rt.jar=65116:D:\Software Installer\IntelliJ IDEA\bin -Dcom.sun.management.jmxremote -Dspring.jmx.enabled=true -Dspring.liveBeansView.mbeanDomain -Dspring.application.admin.enabled=true -Dfile.encoding=UTF-8 
java_command: com.alif.ApplicationApprovalSystem.ApplicationApprovalSystemApplication
java_class_path (initial): D:\alif-al-amin\Spring\ApplicationApprovalSystem\target\classes;C:\Users\Alif\.m2\repository\org\springframework\boot\spring-boot-starter-data-jpa\2.5.4\spring-boot-starter-data-jpa-2.5.4.jar;C:\Users\Alif\.m2\repository\org\springframework\boot\spring-boot-starter-aop\2.5.4\spring-boot-starter-aop-2.5.4.jar;C:\Users\Alif\.m2\repository\org\aspectj\aspectjweaver\1.9.7\aspectjweaver-1.9.7.jar;C:\Users\Alif\.m2\repository\org\springframework\boot\spring-boot-starter-jdbc\2.5.4\spring-boot-starter-jdbc-2.5.4.jar;C:\Users\Alif\.m2\repository\com\zaxxer\HikariCP\4.0.3\HikariCP-4.0.3.jar;C:\Users\Alif\.m2\repository\org\springframework\spring-jdbc\5.3.9\spring-jdbc-5.3.9.jar;C:\Users\Alif\.m2\repository\jakarta\transaction\jakarta.transaction-api\1.3.3\jakarta.transaction-api-1.3.3.jar;C:\Users\Alif\.m2\repository\jakarta\persistence\jakarta.persistence-api\2.2.3\jakarta.persistence-api-2.2.3.jar;C:\Users\Alif\.m2\repository\org\hibernate\hibernate-core\5.4.32.Final\hibernate-core-5.4.32.Final.jar;C:\Users\Alif\.m2\repository\org\jboss\logging\jboss-logging\3.4.2.Final\jboss-logging-3.4.2.Final.jar;C:\Users\Alif\.m2\repository\org\javassist\javassist\3.27.0-GA\javassist-3.27.0-GA.jar;C:\Users\Alif\.m2\repository\net\bytebuddy\byte-buddy\1.10.22\byte-buddy-1.10.22.jar;C:\Users\Alif\.m2\repository\antlr\antlr\2.7.7\antlr-2.7.7.jar;C:\Users\Alif\.m2\repository\org\jboss\jandex\2.2.3.Final\jandex-2.2.3.Final.jar;C:\Users\Alif\.m2\repository\com\fasterxml\classmate\1.5.1\classmate-1.5.1.jar;C:\Users\Alif\.m2\repository\org\dom4j\dom4j\2.1.3\dom4j-2.1.3.jar;C:\Users\Alif\.m2\repository\org\hibernate\common\hibernate-commons-annotations\5.1.2.Final\hibernate-commons-annotations-5.1.2.Final.jar;C:\Users\Alif\.m2\repository\org\glassfish\jaxb\jaxb-runtime\2.3.5\jaxb-runtime-2.3.5.jar;C:\Users\Alif\.m2\repository\org\glassfish\jaxb\txw2\2.3.5\txw2-2.3.5.jar;C:\Users\Alif\.m2\repository\com\sun\istack\istack-commons-runtime\3.0.12\istack-commons-runtime-
Launcher Type: SUN_STANDARD

[Global flags]
     intx CICompilerCount                          = 3                                         {product} {ergonomic}
     uint ConcGCThreads                            = 1                                         {product} {ergonomic}
     uint G1ConcRefinementThreads                  = 4                                         {product} {ergonomic}
   size_t G1HeapRegionSize                         = 1048576                                   {product} {ergonomic}
    uintx GCDrainStackTargetSize                   = 64                                        {product} {ergonomic}
   size_t InitialHeapSize                          = 134217728                                 {product} {ergonomic}
     bool ManagementServer                         = true                                      {product} {command line}
   size_t MarkStackSize                            = 4194304                                   {product} {ergonomic}
   size_t MaxHeapSize                              = 2120220672                                {product} {ergonomic}
   size_t MaxNewSize                               = 1271922688                                {product} {ergonomic}
   size_t MinHeapDeltaBytes                        = 1048576                                   {product} {ergonomic}
   size_t MinHeapSize                              = 8388608                                   {product} {ergonomic}
    uintx NonNMethodCodeHeapSize                   = 6973028                                {pd product} {ergonomic}
    uintx NonProfiledCodeHeapSize                  = 244685212                              {pd product} {ergonomic}
    uintx ProfiledCodeHeapSize                     = 0                                      {pd product} {ergonomic}
    uintx ReservedCodeCacheSize                    = 251658240                              {pd product} {ergonomic}
     bool SegmentedCodeCache                       = true                                      {product} {ergonomic}
   size_t SoftMaxHeapSize                          = 2120220672                             {manageable} {ergonomic}
     intx TieredStopAtLevel                        = 1                                         {product} {command line}
     bool UseCompressedClassPointers               = true                           {product lp64_product} {ergonomic}
     bool UseCompressedOops                        = true                           {product lp64_product} {ergonomic}
     bool UseG1GC                                  = true                                      {product} {ergonomic}
     bool UseLargePagesIndividualAllocation        = false                                  {pd product} {ergonomic}

Logging:
Log output configuration:
 #0: stdout all=warning uptime,level,tags
 #1: stderr all=off uptime,level,tags

Environment Variables:
JAVA_HOME=C:\Program Files\Java\jdk-16.0.1
PATH=C:\Python39\Scripts\;C:\Python39\;C:\Program Files\Common Files\Oracle\Java\javapath;C:\Windows\system32;C:\Windows;C:\Windows\System32\Wbem;C:\Windows\System32\WindowsPowerShell\v1.0\;C:\Windows\System32\OpenSSH\;C:\Program Files\Microsoft SQL Server\130\Tools\Binn\;C:\Program Files\Microsoft SQL Server\Client SDK\ODBC\170\Tools\Binn\;C:\Program Files (x86)\Microsoft SQL Server\150\Tools\Binn\;C:\Program Files\Microsoft SQL Server\150\Tools\Binn\;C:\Program Files (x86)\Microsoft SQL Server\150\DTS\Binn\;C:\Program Files\Microsoft SQL Server\150\DTS\Binn\;C:\Program Files\Git\cmd;C:\Program Files\dotnet\;C:\Program Files\TortoiseGit\bin;C:\Program Files\Java\jdk-16.0.1\bin;C:\Program Files\TortoiseSVN\bin;C:\Program Files\VisualSVN Server\bin;C:\Program Files\nodejs\;C:\ProgramData\chocolatey\bin;C:\Users\Alif\AppData\Local\Microsoft\WindowsApps;C:\Users\Alif\AppData\Local\Programs\Microsoft VS Code\bin;C:\Users\Alif\.dotnet\tools;D:\JDK\bin;C:\Users\Alif\AppData\Roaming\npm
USERNAME=Alif
OS=Windows_NT
PROCESSOR_IDENTIFIER=Intel64 Family 6 Model 158 Stepping 9, GenuineIntel



---------------  S Y S T E M  ---------------

OS:
 Windows 10 , 64 bit Build 19041 (10.0.19041.1151)
OS uptime: 0 days 7:41 hours

CPU: total 4 (initial active 4) (4 cores per cpu, 1 threads per core) family 6 model 158 stepping 9 microcode 0xb4, cx8, cmov, fxsr, mmx, 3dnowpref, sse, sse2, sse3, ssse3, sse4.1, sse4.2, popcnt, lzcnt, tsc, tscinvbit, avx, avx2, aes, erms, clmul, bmi1, bmi2, rtm, adx, fma, vzeroupper, clflush, clflushopt

Memory: 4k page, system-wide physical 8083M (625M free)
TotalPageFile size 9989M (AvailPageFile size 0M)
current process WorkingSet (physical memory assigned to process): 162M, peak: 165M
current process commit charge ("private bytes"): 238M, peak: 238M

vm_info: Java HotSpot(TM) 64-Bit Server VM (16.0.1+9-24) for windows-amd64 JRE (16.0.1+9-24), built on Mar 26 2021 19:31:42 by "mach5one" with MS VC++ 16.7 (VS2019)

END.
