#
# There is insufficient memory for the Java Runtime Environment to continue.
# Native memory allocation (mmap) failed to map 134217728 bytes for Failed to commit area from 0x00000000c0e00000 to 0x00000000c8e00000 of length 134217728.
# Possible reasons:
#   The system is out of physical RAM or swap space
#   The process is running with CompressedOops enabled, and the Java Heap may be blocking the growth of the native heap
# Possible solutions:
#   Reduce memory load on the system
#   Increase physical memory or swap space
#   Check if swap backing store is full
#   Decrease Java heap size (-Xmx/-Xms)
#   Decrease number of Java threads
#   Decrease Java thread stack sizes (-Xss)
#   Set larger code cache with -XX:ReservedCodeCacheSize=
# This output file may be truncated or incomplete.
#
#  Out of Memory Error (./src/hotspot/os/windows/os_windows.cpp:3301), pid=10796, tid=10440
#
# JRE version:  (11.0.11+9) (build )
# Java VM: OpenJDK 64-Bit Server VM (11.0.11+9-b1341.60, mixed mode, sharing, tiered, compressed oops, g1 gc, windows-amd64)
# No core dump will be written. Minidumps are not enabled by default on client versions of Windows
#

---------------  S U M M A R Y ------------

Command Line: -Djava.rmi.server.hostname=127.0.0.1 -Duser.timezone=UTC -Xmx1010m -Xms128m -Dfile.encoding=UTF-8 com.intellij.database.remote.RemoteJdbcServer org.postgresql.Driver

Host: Intel(R) Core(TM) i5-7500 CPU @ 3.40GHz, 4 cores, 7G,  Windows 10 , 64 bit Build 19041 (10.0.19041.1023)
Time: Thu Aug  5 20:42:24 2021 Bangladesh Standard Time elapsed time: 0.029425 seconds (0d 0h 0m 0s)

---------------  T H R E A D  ---------------

Current thread (0x0000022dbfec8800):  JavaThread "Unknown thread" [_thread_in_vm, id=10440, stack(0x00000058e1100000,0x00000058e1200000)]

Stack: [0x00000058e1100000,0x00000058e1200000]
Native frames: (J=compiled Java code, j=interpreted, Vv=VM code, C=native code)
V  [jvm.dll+0x5f5c8a]
V  [jvm.dll+0x779405]
V  [jvm.dll+0x77aa1d]
V  [jvm.dll+0x77b0d3]
V  [jvm.dll+0x244bc8]
V  [jvm.dll+0x5f3084]
V  [jvm.dll+0x5e7fe5]
V  [jvm.dll+0x30098b]
V  [jvm.dll+0x3008fa]
V  [jvm.dll+0x3007d2]
V  [jvm.dll+0x3056b6]
V  [jvm.dll+0x34e353]
V  [jvm.dll+0x34ea56]
V  [jvm.dll+0x34e453]
V  [jvm.dll+0x2db398]
V  [jvm.dll+0x2dc547]
V  [jvm.dll+0x757bf7]
V  [jvm.dll+0x7593ec]
V  [jvm.dll+0x35b8d9]
V  [jvm.dll+0x73b38e]
V  [jvm.dll+0x3c3cc3]
V  [jvm.dll+0x3c60e1]
C  [jli.dll+0x5373]
C  [ucrtbase.dll+0x21bb2]
C  [KERNEL32.DLL+0x17034]
C  [ntdll.dll+0x52651]


---------------  P R O C E S S  ---------------

Threads class SMR info:
_java_thread_list=0x0000022dbfdd2610, length=0, elements={
}

Java Threads: ( => current thread )

Other Threads:
  0x0000022dbfee2800 GCTaskThread "GC Thread#0" [stack: 0x00000058e1200000,0x00000058e1300000] [id=1176]
  0x0000022dbfefe800 ConcurrentGCThread "G1 Main Marker" [stack: 0x00000058e1300000,0x00000058e1400000] [id=7244]
  0x0000022dbfeff800 ConcurrentGCThread "G1 Conc#0" [stack: 0x00000058e1400000,0x00000058e1500000] [id=5484]

[error occurred during error reporting (printing all threads), id 0xc0000005, EXCEPTION_ACCESS_VIOLATION (0xc0000005) at pc=0x00007fffb744b9f7]

VM state:not at safepoint (not fully initialized)

VM Mutex/Monitor currently owned by a thread:  ([mutex/lock_event])
[0x0000022dbfec7190] Heap_lock - owner thread: 0x0000022dbfec8800

Heap address: 0x00000000c0e00000, size: 1010 MB, Compressed Oops mode: Non-zero based: 0x00000000c0e00000
Narrow klass base: 0x0000000000000000, Narrow klass shift: 0

GC Heap History (0 events):
No events

Deoptimization events (0 events):
No events

Classes redefined (0 events):
No events

Internal exceptions (0 events):
No events

Events (1 events):
Event: 0.005 Loaded shared library D:\Software Installer\IntelliJ IDEA\jbr\bin\zip.dll


Dynamic libraries:
0x00007ff77d010000 - 0x00007ff77d01a000 	D:\Software Installer\IntelliJ IDEA\jbr\bin\java.exe
0x00007ffff3250000 - 0x00007ffff3445000 	C:\Windows\SYSTEM32\ntdll.dll
0x00007ffff18b0000 - 0x00007ffff196d000 	C:\Windows\System32\KERNEL32.DLL
0x00007ffff0b90000 - 0x00007ffff0e59000 	C:\Windows\System32\KERNELBASE.dll
0x00007ffff0e60000 - 0x00007ffff0f60000 	C:\Windows\System32\ucrtbase.dll
0x00007fffd4d60000 - 0x00007fffd4d79000 	D:\Software Installer\IntelliJ IDEA\jbr\bin\jli.dll
0x00007fffd4d40000 - 0x00007fffd4d57000 	D:\Software Installer\IntelliJ IDEA\jbr\bin\VCRUNTIME140.dll
0x00007ffff1510000 - 0x00007ffff16b0000 	C:\Windows\System32\USER32.dll
0x00007ffff0b60000 - 0x00007ffff0b82000 	C:\Windows\System32\win32u.dll
0x00007fffdeaa0000 - 0x00007fffded3a000 	C:\Windows\WinSxS\amd64_microsoft.windows.common-controls_6595b64144ccf1df_6.0.19041.1110_none_60b5254171f9507e\COMCTL32.dll
0x00007ffff28a0000 - 0x00007ffff28ca000 	C:\Windows\System32\GDI32.dll
0x00007ffff1ea0000 - 0x00007ffff1f3e000 	C:\Windows\System32\msvcrt.dll
0x00007ffff1050000 - 0x00007ffff115b000 	C:\Windows\System32\gdi32full.dll
0x00007ffff0990000 - 0x00007ffff0a2d000 	C:\Windows\System32\msvcp_win.dll
0x00007ffff1cc0000 - 0x00007ffff1cf0000 	C:\Windows\System32\IMM32.DLL
0x00007fffc1a30000 - 0x00007fffc1acd000 	D:\Software Installer\IntelliJ IDEA\jbr\bin\msvcp140.dll
0x00007fffb7160000 - 0x00007fffb7ca9000 	D:\Software Installer\IntelliJ IDEA\jbr\bin\server\jvm.dll
0x00007ffff1320000 - 0x00007ffff13cc000 	C:\Windows\System32\ADVAPI32.dll
0x00007ffff28d0000 - 0x00007ffff296b000 	C:\Windows\System32\sechost.dll
0x00007ffff22a0000 - 0x00007ffff23ca000 	C:\Windows\System32\RPCRT4.dll
0x00007ffff13d0000 - 0x00007ffff13d8000 	C:\Windows\System32\PSAPI.DLL
0x00007fffda840000 - 0x00007fffda849000 	C:\Windows\SYSTEM32\WSOCK32.dll
0x00007fffebaf0000 - 0x00007fffebafa000 	C:\Windows\SYSTEM32\VERSION.dll
0x00007fffe40f0000 - 0x00007fffe4117000 	C:\Windows\SYSTEM32\WINMM.dll
0x00007ffff1c50000 - 0x00007ffff1cbb000 	C:\Windows\System32\WS2_32.dll
0x00007fffee800000 - 0x00007fffee812000 	C:\Windows\SYSTEM32\kernel.appcore.dll
0x00007fffed130000 - 0x00007fffed141000 	D:\Software Installer\IntelliJ IDEA\jbr\bin\verify.dll
0x00007fffd9210000 - 0x00007fffd93f4000 	C:\Windows\SYSTEM32\DBGHELP.DLL
0x00007fffd91e0000 - 0x00007fffd920c000 	C:\Windows\SYSTEM32\dbgcore.DLL
0x00007ffff0fc0000 - 0x00007ffff1043000 	C:\Windows\System32\bcryptPrimitives.dll
0x00007fffcbe70000 - 0x00007fffcbe99000 	D:\Software Installer\IntelliJ IDEA\jbr\bin\java.dll
0x00007fffda800000 - 0x00007fffda80b000 	D:\Software Installer\IntelliJ IDEA\jbr\bin\jimage.dll
0x00007fffd9550000 - 0x00007fffd9568000 	D:\Software Installer\IntelliJ IDEA\jbr\bin\zip.dll

dbghelp: loaded successfully - version: 4.0.5 - missing functions: none
symbol engine: initialized successfully - sym options: 0x614 - pdb path: .;D:\Software Installer\IntelliJ IDEA\jbr\bin;C:\Windows\SYSTEM32;C:\Windows\WinSxS\amd64_microsoft.windows.common-controls_6595b64144ccf1df_6.0.19041.1110_none_60b5254171f9507e;D:\Software Installer\IntelliJ IDEA\jbr\bin\server

VM Arguments:
jvm_args: -Djava.rmi.server.hostname=127.0.0.1 -Duser.timezone=UTC -Xmx1010m -Xms128m -Dfile.encoding=UTF-8 
java_command: com.intellij.database.remote.RemoteJdbcServer org.postgresql.Driver
java_class_path (initial): D:\Software Installer\IntelliJ IDEA\lib\util.jar;D:\Software Installer\IntelliJ IDEA\lib\trove4j.jar;D:\Software Installer\IntelliJ IDEA\lib\groovy-2.5.11.jar;D:\Software Installer\IntelliJ IDEA\plugins\DatabaseTools\lib\jdbc-console.jar;C:\Users\Alif\AppData\Roaming\JetBrains\IntelliJIdea2021.1\jdbc-drivers\PostgreSQL\42.2.5\postgresql-42.2.5.jar;C:\Users\Alif\AppData\Roaming\JetBrains\IntelliJIdea2021.1\jdbc-drivers\PostgreSQL\42.2.5\jna-platform-win-4.4.0.jar;C:\Users\Alif\AppData\Roaming\JetBrains\IntelliJIdea2021.1\jdbc-drivers\PostgreSQL\42.2.5\jna-win-4.4.0.jar;C:\Users\Alif\AppData\Roaming\JetBrains\IntelliJIdea2021.1\jdbc-drivers\PostgreSQL\42.2.5\waffle-jna-win-1.8.1.jar
Launcher Type: SUN_STANDARD

[Global flags]
     intx CICompilerCount                          = 3                                         {product} {ergonomic}
     uint ConcGCThreads                            = 1                                         {product} {ergonomic}
     uint G1ConcRefinementThreads                  = 4                                         {product} {ergonomic}
   size_t G1HeapRegionSize                         = 1048576                                   {product} {ergonomic}
    uintx GCDrainStackTargetSize                   = 64                                        {product} {ergonomic}
   size_t InitialHeapSize                          = 134217728                                 {product} {command line}
   size_t MarkStackSize                            = 4194304                                   {product} {ergonomic}
   size_t MaxHeapSize                              = 1059061760                                {product} {command line}
   size_t MinHeapDeltaBytes                        = 1048576                                   {product} {ergonomic}
    uintx NonNMethodCodeHeapSize                   = 5830732                                {pd product} {ergonomic}
    uintx NonProfiledCodeHeapSize                  = 122913754                              {pd product} {ergonomic}
    uintx ProfiledCodeHeapSize                     = 122913754                              {pd product} {ergonomic}
    uintx ReservedCodeCacheSize                    = 251658240                              {pd product} {ergonomic}
     bool SegmentedCodeCache                       = true                                      {product} {ergonomic}
     bool UseCompressedClassPointers               = true                                 {lp64_product} {ergonomic}
     bool UseCompressedOops                        = true                                 {lp64_product} {ergonomic}
     bool UseG1GC                                  = true                                      {product} {ergonomic}
     bool UseLargePagesIndividualAllocation        = false                                  {pd product} {ergonomic}

Logging:
Log output configuration:
 #0: stdout all=warning uptime,level,tags
 #1: stderr all=off uptime,level,tags

Environment Variables:
JAVA_HOME=C:\Program Files\Java\jdk-16.0.1
PATH=C:\Python39\Scripts\;C:\Python39\;C:\Program Files\Common Files\Oracle\Java\javapath;C:\Windows\system32;C:\Windows;C:\Windows\System32\Wbem;C:\Windows\System32\WindowsPowerShell\v1.0\;C:\Windows\System32\OpenSSH\;C:\Program Files\Microsoft SQL Server\130\Tools\Binn\;C:\Program Files\Microsoft SQL Server\Client SDK\ODBC\170\Tools\Binn\;C:\Program Files (x86)\Microsoft SQL Server\150\Tools\Binn\;C:\Program Files\Microsoft SQL Server\150\Tools\Binn\;C:\Program Files (x86)\Microsoft SQL Server\150\DTS\Binn\;C:\Program Files\Microsoft SQL Server\150\DTS\Binn\;C:\Program Files\Git\cmd;C:\Program Files\dotnet\;C:\Program Files\TortoiseGit\bin;C:\Program Files\Java\jdk-16.0.1\bin;C:\Program Files\TortoiseSVN\bin;C:\Program Files\VisualSVN Server\bin;C:\Program Files\nodejs\;C:\ProgramData\chocolatey\bin;C:\Users\Alif\AppData\Local\Microsoft\WindowsApps;C:\Users\Alif\AppData\Local\Programs\Microsoft VS Code\bin;C:\Users\Alif\.dotnet\tools;D:\JDK\bin;C:\Users\Alif\AppData\Roaming\npm
USERNAME=Alif
OS=Windows_NT
PROCESSOR_IDENTIFIER=Intel64 Family 6 Model 158 Stepping 9, GenuineIntel



---------------  S Y S T E M  ---------------

OS: Windows 10 , 64 bit Build 19041 (10.0.19041.1023)
OS uptime: 0 days 21:12 hours

CPU:total 4 (initial active 4) (4 cores per cpu, 1 threads per core) family 6 model 158 stepping 9 microcode 0xb4, cmov, cx8, fxsr, mmx, sse, sse2, sse3, ssse3, sse4.1, sse4.2, popcnt, avx, avx2, aes, clmul, erms, rtm, 3dnowpref, lzcnt, tsc, tscinvbit, bmi1, bmi2, adx, fma

Memory: 4k page, system-wide physical 8083M (853M free)
TotalPageFile size 9989M (AvailPageFile size 83M)
current process WorkingSet (physical memory assigned to process): 9M, peak: 9M
current process commit charge ("private bytes"): 51M, peak: 179M

vm_info: OpenJDK 64-Bit Server VM (11.0.11+9-b1341.60) for windows-amd64 JRE (11.0.11+9-b1341.60), built on Jun  4 2021 08:17:54 by "" with MS VC++ 14.0 (VS2015)

END.
